41.0 APEX_CODE,FINEST;APEX_PROFILING,INFO;CALLOUT,INFO;DB,INFO;SYSTEM,DEBUG;VALIDATION,INFO;VISUALFORCE,INFO;WAVE,INFO;WORKFLOW,INFO
Execute Anonymous: Day3ListsAndLoops.updateAccountTypeOnEveryAccount();
Execute Anonymous: 
Execute Anonymous: 
16:54:13.1 (1184004)|USER_INFO|[EXTERNAL]|0051I000001HhoW|mark.hausknecht@atginfo.com.apexbootcamp|Pacific Standard Time|GMT-07:00
16:54:13.1 (1202129)|EXECUTION_STARTED
16:54:13.1 (1211999)|CODE_UNIT_STARTED|[EXTERNAL]|execute_anonymous_apex
16:54:13.1 (1399114)|HEAP_ALLOCATE|[72]|Bytes:3
16:54:13.1 (1443418)|HEAP_ALLOCATE|[77]|Bytes:152
16:54:13.1 (1458055)|HEAP_ALLOCATE|[342]|Bytes:408
16:54:13.1 (1472389)|HEAP_ALLOCATE|[355]|Bytes:408
16:54:13.1 (1484688)|HEAP_ALLOCATE|[467]|Bytes:48
16:54:13.1 (1515996)|HEAP_ALLOCATE|[139]|Bytes:6
16:54:13.1 (1531508)|HEAP_ALLOCATE|[EXTERNAL]|Bytes:1
16:54:13.1 (1613984)|STATEMENT_EXECUTE|[1]
16:54:13.1 (1616372)|STATEMENT_EXECUTE|[1]
16:54:13.1 (1667515)|HEAP_ALLOCATE|[50]|Bytes:5
16:54:13.1 (1690873)|HEAP_ALLOCATE|[56]|Bytes:5
16:54:13.1 (1698336)|HEAP_ALLOCATE|[64]|Bytes:7
16:54:13.1 (1719813)|SYSTEM_MODE_ENTER|false
16:54:13.1 (1740302)|HEAP_ALLOCATE|[1]|Bytes:5
16:54:13.1 (13961297)|HEAP_ALLOCATE|[1]|Bytes:15
16:54:13.1 (13978513)|HEAP_ALLOCATE|[1]|Bytes:58
16:54:13.1 (13997688)|METHOD_ENTRY|[2]|01p1I000008LWEw|Day3ListsAndLoops.Day3ListsAndLoops()
16:54:13.1 (14003968)|STATEMENT_EXECUTE|[2]
16:54:13.1 (14011297)|STATEMENT_EXECUTE|[2]
16:54:13.1 (14028035)|HEAP_ALLOCATE|[1]|Bytes:5
16:54:13.1 (14045174)|METHOD_EXIT|[2]|Day3ListsAndLoops
16:54:13.1 (14081950)|METHOD_ENTRY|[1]|01p1I000008LWEw|Day3ListsAndLoops.updateAccountTypeOnEveryAccount()
16:54:13.1 (14157985)|HEAP_ALLOCATE|[139]|Bytes:5
16:54:13.1 (14166983)|STATEMENT_EXECUTE|[136]
16:54:13.1 (14168665)|STATEMENT_EXECUTE|[139]
16:54:13.1 (14171268)|HEAP_ALLOCATE|[139]|Bytes:34
16:54:13.1 (14199614)|HEAP_ALLOCATE|[139]|Bytes:4
16:54:13.1 (14405444)|SOQL_EXECUTE_BEGIN|[139]|Aggregations:0|SELECT Id, Name, Type FROM Account
16:54:13.1 (18986178)|SOQL_EXECUTE_END|[139]|Rows:15
16:54:13.1 (19019733)|HEAP_ALLOCATE|[139]|Bytes:64
16:54:13.1 (19064426)|HEAP_ALLOCATE|[139]|Bytes:1135
16:54:13.1 (19172166)|HEAP_ALLOCATE|[139]|Bytes:64
16:54:13.1 (19200016)|VARIABLE_SCOPE_BEGIN|[139]|queriedAccounts|List<Account>|true|false
16:54:13.1 (19247852)|VARIABLE_ASSIGNMENT|[139]|queriedAccounts|"List of size 15 too large to display"|0x4e522880
16:54:13.1 (19255876)|STATEMENT_EXECUTE|[145]
16:54:13.1 (19399980)|USER_DEBUG|[145]|DEBUG|(Account:{Id=0011I000006HajNQAS, Name=GenePoint, Type=Other}, Account:{Id=0011I000006HajLQAS, Name=United Oil & Gas, UK, Type=Customer - Direct}, Account:{Id=0011I000006HajMQAS, Name=United Oil & Gas, Singapore, Type=Customer - Direct}, Account:{Id=0011I000006HajDQAS, Name=Edge Communications, Type=Customer - Direct}, Account:{Id=0011I000006HajEQAS, Name=Burlington Textiles Corp of America, Type=Customer - Direct}, Account:{Id=0011I000006HajFQAS, Name=Pyramid Construction Inc., Type=Customer - Channel}, Account:{Id=0011I000006HajHQAS, Name=Grand Hotels & Resorts Ltd, Type=Customer - Direct}, Account:{Id=0011I000006HajJQAS, Name=Express Logistics and Transport, Type=Customer - Channel}, Account:{Id=0011I000006HajKQAS, Name=University of Arizona, Type=Customer - Direct}, Account:{Id=0011I000006HajIQAS, Name=United Oil & Gas Corp., Type=Customer - Direct}, ...)
16:54:13.1 (19422526)|STATEMENT_EXECUTE|[151]
16:54:13.1 (19427265)|VARIABLE_SCOPE_BEGIN|[151]|i|Integer|false|false
16:54:13.1 (19438595)|HEAP_ALLOCATE|[151]|Bytes:4
16:54:13.1 (19447442)|VARIABLE_ASSIGNMENT|[151]|i|0
16:54:13.1 (19504555)|STATEMENT_EXECUTE|[151]
16:54:13.1 (19505882)|STATEMENT_EXECUTE|[152]
16:54:13.1 (19519923)|HEAP_ALLOCATE|[152]|Bytes:16
16:54:13.1 (19574207)|USER_DEBUG|[152]|DEBUG|Account:{Id=0011I000006HajNQAS, Name=GenePoint, Type=Other}
16:54:13.1 (19588987)|HEAP_ALLOCATE|[151]|Bytes:4
16:54:13.1 (19639103)|VARIABLE_ASSIGNMENT|[151]|i|1
16:54:13.1 (19656724)|STATEMENT_EXECUTE|[151]
16:54:13.1 (19658705)|STATEMENT_EXECUTE|[152]
16:54:13.1 (19665174)|HEAP_ALLOCATE|[152]|Bytes:16
16:54:13.1 (19694210)|USER_DEBUG|[152]|DEBUG|Account:{Id=0011I000006HajLQAS, Name=United Oil & Gas, UK, Type=Customer - Direct}
16:54:13.1 (19701546)|HEAP_ALLOCATE|[151]|Bytes:4
16:54:13.1 (19708348)|VARIABLE_ASSIGNMENT|[151]|i|2
16:54:13.1 (19717679)|STATEMENT_EXECUTE|[151]
16:54:13.1 (19718830)|STATEMENT_EXECUTE|[152]
16:54:13.1 (19721964)|HEAP_ALLOCATE|[152]|Bytes:16
16:54:13.1 (19739699)|USER_DEBUG|[152]|DEBUG|Account:{Id=0011I000006HajMQAS, Name=United Oil & Gas, Singapore, Type=Customer - Direct}
16:54:13.1 (19750773)|HEAP_ALLOCATE|[151]|Bytes:4
16:54:13.1 (19756447)|VARIABLE_ASSIGNMENT|[151]|i|3
16:54:13.1 (19764619)|STATEMENT_EXECUTE|[151]
16:54:13.1 (19765732)|STATEMENT_EXECUTE|[152]
16:54:13.1 (19768111)|HEAP_ALLOCATE|[152]|Bytes:16
16:54:13.1 (19786294)|USER_DEBUG|[152]|DEBUG|Account:{Id=0011I000006HajDQAS, Name=Edge Communications, Type=Customer - Direct}
16:54:13.1 (19792370)|HEAP_ALLOCATE|[151]|Bytes:4
16:54:13.1 (19797093)|VARIABLE_ASSIGNMENT|[151]|i|4
16:54:13.1 (19804877)|STATEMENT_EXECUTE|[151]
16:54:13.1 (19805880)|STATEMENT_EXECUTE|[152]
16:54:13.1 (19808116)|HEAP_ALLOCATE|[152]|Bytes:16
16:54:13.1 (19823557)|USER_DEBUG|[152]|DEBUG|Account:{Id=0011I000006HajEQAS, Name=Burlington Textiles Corp of America, Type=Customer - Direct}
16:54:13.1 (19832816)|HEAP_ALLOCATE|[151]|Bytes:4
16:54:13.1 (19837375)|VARIABLE_ASSIGNMENT|[151]|i|5
16:54:13.1 (19845271)|STATEMENT_EXECUTE|[151]
16:54:13.1 (19846478)|STATEMENT_EXECUTE|[152]
16:54:13.1 (19848842)|HEAP_ALLOCATE|[152]|Bytes:16
16:54:13.1 (19866883)|USER_DEBUG|[152]|DEBUG|Account:{Id=0011I000006HajFQAS, Name=Pyramid Construction Inc., Type=Customer - Channel}
16:54:13.1 (19873054)|HEAP_ALLOCATE|[151]|Bytes:4
16:54:13.1 (19877756)|VARIABLE_ASSIGNMENT|[151]|i|6
16:54:13.1 (19885289)|STATEMENT_EXECUTE|[151]
16:54:13.1 (19886254)|STATEMENT_EXECUTE|[152]
16:54:13.1 (19888902)|HEAP_ALLOCATE|[152]|Bytes:16
16:54:13.1 (19909359)|USER_DEBUG|[152]|DEBUG|Account:{Id=0011I000006HajHQAS, Name=Grand Hotels & Resorts Ltd, Type=Customer - Direct}
16:54:13.1 (19920114)|HEAP_ALLOCATE|[151]|Bytes:4
16:54:13.1 (19927080)|VARIABLE_ASSIGNMENT|[151]|i|7
16:54:13.1 (19940391)|STATEMENT_EXECUTE|[151]
16:54:13.1 (19942152)|STATEMENT_EXECUTE|[152]
16:54:13.1 (19946742)|HEAP_ALLOCATE|[152]|Bytes:16
16:54:13.1 (19976455)|USER_DEBUG|[152]|DEBUG|Account:{Id=0011I000006HajJQAS, Name=Express Logistics and Transport, Type=Customer - Channel}
16:54:13.1 (19987714)|HEAP_ALLOCATE|[151]|Bytes:4
16:54:13.1 (19995259)|VARIABLE_ASSIGNMENT|[151]|i|8
16:54:13.1 (20008969)|STATEMENT_EXECUTE|[151]
16:54:13.1 (20011527)|STATEMENT_EXECUTE|[152]
16:54:13.1 (20016211)|HEAP_ALLOCATE|[152]|Bytes:16
16:54:13.1 (20052282)|USER_DEBUG|[152]|DEBUG|Account:{Id=0011I000006HajKQAS, Name=University of Arizona, Type=Customer - Direct}
16:54:13.1 (20069183)|HEAP_ALLOCATE|[151]|Bytes:4
16:54:13.1 (20077269)|VARIABLE_ASSIGNMENT|[151]|i|9
16:54:13.1 (20091381)|STATEMENT_EXECUTE|[151]
16:54:13.1 (20098163)|STATEMENT_EXECUTE|[152]
16:54:13.1 (20103193)|HEAP_ALLOCATE|[152]|Bytes:16
16:54:13.1 (20135952)|USER_DEBUG|[152]|DEBUG|Account:{Id=0011I000006HajIQAS, Name=United Oil & Gas Corp., Type=Customer - Direct}
16:54:13.1 (20147314)|HEAP_ALLOCATE|[151]|Bytes:4
16:54:13.1 (20155529)|VARIABLE_ASSIGNMENT|[151]|i|10
16:54:13.1 (20168923)|STATEMENT_EXECUTE|[151]
16:54:13.1 (20170451)|STATEMENT_EXECUTE|[152]
16:54:13.1 (20178909)|HEAP_ALLOCATE|[152]|Bytes:12
16:54:13.1 (20213047)|USER_DEBUG|[152]|DEBUG|Account:{Id=0011I000006HajOQAS, Name=sForce}
16:54:13.1 (20223601)|HEAP_ALLOCATE|[151]|Bytes:4
16:54:13.1 (20231382)|VARIABLE_ASSIGNMENT|[151]|i|11
16:54:13.1 (20243816)|STATEMENT_EXECUTE|[151]
16:54:13.1 (20245303)|STATEMENT_EXECUTE|[152]
16:54:13.1 (20254129)|HEAP_ALLOCATE|[152]|Bytes:16
16:54:13.1 (20302618)|USER_DEBUG|[152]|DEBUG|Account:{Id=0011I000006HajGQAS, Name=Dickenson plc, Type=Customer - Channel}
16:54:13.1 (20314532)|HEAP_ALLOCATE|[151]|Bytes:4
16:54:13.1 (20322425)|VARIABLE_ASSIGNMENT|[151]|i|12
16:54:13.1 (20342718)|STATEMENT_EXECUTE|[151]
16:54:13.1 (20344346)|STATEMENT_EXECUTE|[152]
16:54:13.1 (20349221)|HEAP_ALLOCATE|[152]|Bytes:16
16:54:13.1 (20386815)|USER_DEBUG|[152]|DEBUG|Account:{Id=0011I000007SliwQAC, Name=Mark Account, Type=Customer - Direct}
16:54:13.1 (20397937)|HEAP_ALLOCATE|[151]|Bytes:4
16:54:13.1 (20412044)|VARIABLE_ASSIGNMENT|[151]|i|13
16:54:13.1 (20426699)|STATEMENT_EXECUTE|[151]
16:54:13.1 (20428378)|STATEMENT_EXECUTE|[152]
16:54:13.1 (20433317)|HEAP_ALLOCATE|[152]|Bytes:12
16:54:13.1 (20462407)|USER_DEBUG|[152]|DEBUG|Account:{Id=0011I000007SlivQAC, Name=Changed Account Name}
16:54:13.1 (20472227)|HEAP_ALLOCATE|[151]|Bytes:4
16:54:13.1 (20479550)|VARIABLE_ASSIGNMENT|[151]|i|14
16:54:13.1 (20497713)|STATEMENT_EXECUTE|[151]
16:54:13.1 (20499354)|STATEMENT_EXECUTE|[152]
16:54:13.1 (20503753)|HEAP_ALLOCATE|[152]|Bytes:12
16:54:13.1 (20530283)|USER_DEBUG|[152]|DEBUG|Account:{Id=0011I000007SlghQAC, Name=atg}
16:54:13.1 (20542345)|HEAP_ALLOCATE|[151]|Bytes:4
16:54:13.1 (20550147)|VARIABLE_ASSIGNMENT|[151]|i|15
16:54:13.1 (20592947)|STATEMENT_EXECUTE|[155]
16:54:13.1 (20595564)|STATEMENT_EXECUTE|[156]
16:54:13.1 (20602851)|HEAP_ALLOCATE|[156]|Bytes:16
16:54:13.1 (20612437)|VARIABLE_SCOPE_BEGIN|[156]|myAccount|Account|true|false
16:54:13.1 (20638817)|VARIABLE_ASSIGNMENT|[156]|myAccount|{"Id":"0011I000006HajNQAS","Name":"GenePoint","Type":"Other"}|0x59b65e21
16:54:13.1 (20647567)|STATEMENT_EXECUTE|[157]
16:54:13.1 (20651089)|HEAP_ALLOCATE|[157]|Bytes:5
16:54:13.1 (20726297)|VARIABLE_ASSIGNMENT|[157]|this.Type|"Other"|0x59b65e21
16:54:13.1 (20735502)|STATEMENT_EXECUTE|[158]
16:54:13.1 (20769306)|HEAP_ALLOCATE|[158]|Bytes:8
16:54:13.1 (20780180)|DML_BEGIN|[158]|Op:Update|Type:Account|Rows:1
16:54:13.1 (20809751)|HEAP_ALLOCATE|[EXTERNAL]|Bytes:8
16:54:13.1 (38869607)|CODE_UNIT_STARTED|[EXTERNAL]|DuplicateDetector
16:54:13.1 (38894454)|DUPLICATE_DETECTION_BEGIN
16:54:13.1 (39486100)|DUPLICATE_DETECTION_RULE_INVOCATION|DuplicateRuleId:0Bm1I000002PDEh|DuplicateRuleName:Standard Account Duplicate Rule|DmlType:UPDATE
16:54:13.1 (39523377)|DUPLICATE_DETECTION_END
16:54:13.1 (39529609)|CODE_UNIT_FINISHED|DuplicateDetector
16:54:13.1 (59312287)|DML_END|[158]
16:54:13.1 (59337511)|STATEMENT_EXECUTE|[162]
16:54:13.1 (59509301)|USER_DEBUG|[162]|DEBUG|(Account:{Id=0011I000006HajNQAS, Name=GenePoint, Type=Other}, Account:{Id=0011I000006HajLQAS, Name=United Oil & Gas, UK, Type=Customer - Direct}, Account:{Id=0011I000006HajMQAS, Name=United Oil & Gas, Singapore, Type=Customer - Direct}, Account:{Id=0011I000006HajDQAS, Name=Edge Communications, Type=Customer - Direct}, Account:{Id=0011I000006HajEQAS, Name=Burlington Textiles Corp of America, Type=Customer - Direct}, Account:{Id=0011I000006HajFQAS, Name=Pyramid Construction Inc., Type=Customer - Channel}, Account:{Id=0011I000006HajHQAS, Name=Grand Hotels & Resorts Ltd, Type=Customer - Direct}, Account:{Id=0011I000006HajJQAS, Name=Express Logistics and Transport, Type=Customer - Channel}, Account:{Id=0011I000006HajKQAS, Name=University of Arizona, Type=Customer - Direct}, Account:{Id=0011I000006HajIQAS, Name=United Oil & Gas Corp., Type=Customer - Direct}, ...)
16:54:13.1 (59544794)|METHOD_EXIT|[1]|01p1I000008LWEw|Day3ListsAndLoops.updateAccountTypeOnEveryAccount()
16:54:13.1 (59552545)|SYSTEM_MODE_EXIT|false
16:54:13.1 (62308381)|CODE_UNIT_STARTED|[EXTERNAL]|DuplicateDetector
16:54:13.1 (62324353)|DUPLICATE_DETECTION_BEGIN
16:54:13.1 (62366258)|DUPLICATE_DETECTION_RULE_INVOCATION|DuplicateRuleId:0Bm1I000002PDEh|DuplicateRuleName:Standard Account Duplicate Rule|DmlType:UPDATE
16:54:13.1 (74513143)|DUPLICATE_DETECTION_END
16:54:13.1 (74521729)|CODE_UNIT_FINISHED|DuplicateDetector
16:54:13.74 (74563436)|CUMULATIVE_LIMIT_USAGE
16:54:13.74 (74563436)|LIMIT_USAGE_FOR_NS|(default)|
  Number of SOQL queries: 1 out of 100
  Number of query rows: 15 out of 50000
  Number of SOSL queries: 0 out of 20
  Number of DML statements: 1 out of 150
  Number of DML rows: 1 out of 10000
  Maximum CPU time: 0 out of 10000
  Maximum heap size: 0 out of 6000000
  Number of callouts: 0 out of 100
  Number of Email Invocations: 0 out of 10
  Number of future calls: 0 out of 50
  Number of queueable jobs added to the queue: 0 out of 50
  Number of Mobile Apex push calls: 0 out of 10

16:54:13.74 (74563436)|CUMULATIVE_LIMIT_USAGE_END

16:54:13.1 (74598978)|CODE_UNIT_FINISHED|execute_anonymous_apex
16:54:13.1 (75361675)|EXECUTION_FINISHED
