36.0 APEX_CODE,FINEST;APEX_PROFILING,INFO;CALLOUT,INFO;DB,INFO;SYSTEM,DEBUG;VALIDATION,INFO;VISUALFORCE,INFO;WAVE,INFO;WORKFLOW,INFO
14:31:23.0 (388380)|USER_INFO|[EXTERNAL]|0051I000001HhoW|mark.hausknecht@atginfo.com.apexbootcamp|Pacific Standard Time|GMT-08:00
14:31:23.0 (430838)|EXECUTION_STARTED
14:31:23.0 (436660)|CODE_UNIT_STARTED|[EXTERNAL]|01p1I00000AE871|ApexBootcampUnitTest.test_method_one
14:31:23.0 (757527)|HEAP_ALLOCATE|[72]|Bytes:3
14:31:23.0 (806275)|HEAP_ALLOCATE|[77]|Bytes:152
14:31:23.0 (823992)|HEAP_ALLOCATE|[342]|Bytes:408
14:31:23.0 (840164)|HEAP_ALLOCATE|[355]|Bytes:408
14:31:23.0 (854555)|HEAP_ALLOCATE|[467]|Bytes:48
14:31:23.0 (883716)|HEAP_ALLOCATE|[139]|Bytes:6
14:31:23.0 (941877)|HEAP_ALLOCATE|[EXTERNAL]|Bytes:3
14:31:23.0 (953209)|METHOD_ENTRY|[2]|01p1I00000AE871|ApexBootcampUnitTest.ApexBootcampUnitTest()
14:31:23.0 (959921)|STATEMENT_EXECUTE|[2]
14:31:23.0 (965162)|STATEMENT_EXECUTE|[2]
14:31:23.0 (969375)|METHOD_EXIT|[2]|ApexBootcampUnitTest
14:31:23.0 (1008698)|HEAP_ALLOCATE|[50]|Bytes:5
14:31:23.0 (1036389)|HEAP_ALLOCATE|[56]|Bytes:5
14:31:23.0 (1043979)|HEAP_ALLOCATE|[64]|Bytes:7
14:31:23.0 (1081791)|STATEMENT_EXECUTE|[4]
14:31:23.0 (1083500)|STATEMENT_EXECUTE|[6]
14:31:23.0 (1085349)|HEAP_ALLOCATE|[6]|Bytes:40
14:31:23.0 (1109853)|HEAP_ALLOCATE|[6]|Bytes:4
14:31:23.0 (1686071)|SOQL_EXECUTE_BEGIN|[6]|Aggregations:0|SELECT ID FROM Lead WHERE Title = 'King'
14:31:23.0 (4784517)|SOQL_EXECUTE_END|[6]|Rows:0
14:31:23.0 (4807245)|HEAP_ALLOCATE|[6]|Bytes:4
14:31:23.0 (4817303)|HEAP_ALLOCATE|[6]|Bytes:0
14:31:23.0 (4921468)|HEAP_ALLOCATE|[6]|Bytes:4
14:31:23.0 (4935599)|VARIABLE_SCOPE_BEGIN|[6]|leadList|List<Lead>|true|false
14:31:23.0 (5085243)|VARIABLE_ASSIGNMENT|[6]|leadList|[]|0x732a1676
14:31:23.0 (5091866)|STATEMENT_EXECUTE|[7]
14:31:23.5 (5137210)|CUMULATIVE_LIMIT_USAGE
14:31:23.5 (5137210)|LIMIT_USAGE_FOR_NS|(default)|
  Number of SOQL queries: 1 out of 100
  Number of query rows: 0 out of 50000
  Number of SOSL queries: 0 out of 20
  Number of DML statements: 0 out of 150
  Number of DML rows: 0 out of 10000
  Maximum CPU time: 0 out of 10000
  Maximum heap size: 0 out of 6000000
  Number of callouts: 0 out of 100
  Number of Email Invocations: 0 out of 10
  Number of future calls: 0 out of 50
  Number of queueable jobs added to the queue: 0 out of 50
  Number of Mobile Apex push calls: 0 out of 10

14:31:23.5 (5137210)|CUMULATIVE_LIMIT_USAGE_END

14:31:23.0 (5168455)|CODE_UNIT_FINISHED|ApexBootcampUnitTest.test_method_one
14:31:23.0 (5882120)|EXECUTION_FINISHED
14:31:23.18 (18565149)|USER_INFO|[EXTERNAL]|0051I000001HhoW|mark.hausknecht@atginfo.com.apexbootcamp|Pacific Standard Time|GMT-08:00
14:31:23.18 (18578079)|EXECUTION_STARTED
14:31:23.18 (18580618)|CODE_UNIT_STARTED|[EXTERNAL]|01p1I00000AE871|ApexBootcampUnitTest.test_method_two
14:31:23.18 (18631395)|HEAP_ALLOCATE|[72]|Bytes:3
14:31:23.18 (18649034)|HEAP_ALLOCATE|[77]|Bytes:152
14:31:23.18 (18659987)|HEAP_ALLOCATE|[342]|Bytes:408
14:31:23.18 (18674481)|HEAP_ALLOCATE|[355]|Bytes:408
14:31:23.18 (18687854)|HEAP_ALLOCATE|[467]|Bytes:48
14:31:23.18 (18707262)|HEAP_ALLOCATE|[139]|Bytes:6
14:31:23.18 (18727846)|HEAP_ALLOCATE|[EXTERNAL]|Bytes:3
14:31:23.18 (18734902)|METHOD_ENTRY|[2]|01p1I00000AE871|ApexBootcampUnitTest.ApexBootcampUnitTest()
14:31:23.18 (18739273)|STATEMENT_EXECUTE|[2]
14:31:23.18 (18741739)|STATEMENT_EXECUTE|[2]
14:31:23.18 (18744923)|METHOD_EXIT|[2]|ApexBootcampUnitTest
14:31:23.18 (18757327)|HEAP_ALLOCATE|[50]|Bytes:5
14:31:23.18 (18771227)|HEAP_ALLOCATE|[56]|Bytes:5
14:31:23.18 (18777487)|HEAP_ALLOCATE|[64]|Bytes:7
14:31:23.18 (18796031)|STATEMENT_EXECUTE|[11]
14:31:23.18 (18800789)|CUMULATIVE_LIMIT_USAGE
14:31:23.18 (18800789)|LIMIT_USAGE_FOR_NS|(default)|
  Number of SOQL queries: 0 out of 100
  Number of query rows: 0 out of 50000
  Number of SOSL queries: 0 out of 20
  Number of DML statements: 0 out of 150
  Number of DML rows: 0 out of 10000
  Maximum CPU time: 0 out of 10000
  Maximum heap size: 0 out of 6000000
  Number of callouts: 0 out of 100
  Number of Email Invocations: 0 out of 10
  Number of future calls: 0 out of 50
  Number of queueable jobs added to the queue: 0 out of 50
  Number of Mobile Apex push calls: 0 out of 10

14:31:23.18 (18800789)|CUMULATIVE_LIMIT_USAGE_END

14:31:23.18 (18818240)|CODE_UNIT_FINISHED|ApexBootcampUnitTest.test_method_two
14:31:23.18 (19478221)|EXECUTION_FINISHED
