41.0 APEX_CODE,FINEST;APEX_PROFILING,INFO;CALLOUT,INFO;DB,INFO;SYSTEM,DEBUG;VALIDATION,INFO;VISUALFORCE,INFO;WAVE,INFO;WORKFLOW,INFO
Execute Anonymous: Day3ListsAndLoops.execute();
14:56:47.2 (2251346)|USER_INFO|[EXTERNAL]|0051I000001HhoW|mark.hausknecht@atginfo.com.apexbootcamp|Pacific Standard Time|GMT-07:00
14:56:47.2 (2283143)|EXECUTION_STARTED
14:56:47.2 (2288991)|CODE_UNIT_STARTED|[EXTERNAL]|execute_anonymous_apex
14:56:47.2 (2520749)|HEAP_ALLOCATE|[72]|Bytes:3
14:56:47.2 (2564707)|HEAP_ALLOCATE|[77]|Bytes:152
14:56:47.2 (2584799)|HEAP_ALLOCATE|[342]|Bytes:408
14:56:47.2 (2610795)|HEAP_ALLOCATE|[355]|Bytes:408
14:56:47.2 (2636840)|HEAP_ALLOCATE|[467]|Bytes:48
14:56:47.2 (2673237)|HEAP_ALLOCATE|[139]|Bytes:6
14:56:47.2 (2695035)|HEAP_ALLOCATE|[EXTERNAL]|Bytes:1
14:56:47.2 (2766038)|STATEMENT_EXECUTE|[1]
14:56:47.2 (2769374)|STATEMENT_EXECUTE|[1]
14:56:47.2 (2820642)|HEAP_ALLOCATE|[50]|Bytes:5
14:56:47.2 (2844615)|HEAP_ALLOCATE|[56]|Bytes:5
14:56:47.2 (2856176)|HEAP_ALLOCATE|[64]|Bytes:7
14:56:47.2 (2884609)|SYSTEM_MODE_ENTER|false
14:56:47.2 (2905597)|HEAP_ALLOCATE|[1]|Bytes:5
14:56:47.2 (9759538)|HEAP_ALLOCATE|[1]|Bytes:1
14:56:47.2 (9771073)|HEAP_ALLOCATE|[1]|Bytes:2
14:56:47.2 (9788623)|METHOD_ENTRY|[1]|01p1I000008LWEw|Day3ListsAndLoops.Day3ListsAndLoops()
14:56:47.2 (9796863)|STATEMENT_EXECUTE|[1]
14:56:47.2 (9802279)|STATEMENT_EXECUTE|[1]
14:56:47.2 (9814576)|HEAP_ALLOCATE|[1]|Bytes:5
14:56:47.2 (9827280)|METHOD_EXIT|[1]|Day3ListsAndLoops
14:56:47.2 (9854325)|METHOD_ENTRY|[1]|01p1I000008LWEw|Day3ListsAndLoops.execute()
14:56:47.2 (9902942)|HEAP_ALLOCATE|[6]|Bytes:5
14:56:47.2 (9909637)|STATEMENT_EXECUTE|[3]
14:56:47.2 (9911984)|STATEMENT_EXECUTE|[6]
14:56:47.2 (9915120)|HEAP_ALLOCATE|[6]|Bytes:4
14:56:47.2 (9924181)|VARIABLE_SCOPE_BEGIN|[6]|myName|String|false|false
14:56:47.2 (9959651)|VARIABLE_ASSIGNMENT|[6]|myName|"Mark"
14:56:47.2 (9966373)|STATEMENT_EXECUTE|[10]
14:56:47.2 (10005010)|HEAP_ALLOCATE|[10]|Bytes:4
14:56:47.2 (10067376)|VARIABLE_SCOPE_BEGIN|[10]|names|List<String>|true|false
14:56:47.2 (10120908)|HEAP_ALLOCATE|[EXTERNAL]|Bytes:4
14:56:47.2 (10138837)|VARIABLE_ASSIGNMENT|[10]|names|[]|0x7c4c433d
14:56:47.2 (10146702)|STATEMENT_EXECUTE|[13]
14:56:47.2 (10155232)|HEAP_ALLOCATE|[13]|Bytes:4
14:56:47.2 (10175124)|HEAP_ALLOCATE|[13]|Bytes:9
14:56:47.2 (10188015)|HEAP_ALLOCATE|[13]|Bytes:9
14:56:47.2 (10194631)|VARIABLE_SCOPE_BEGIN|[13]|students|List<String>|true|false
14:56:47.2 (10218324)|HEAP_ALLOCATE|[EXTERNAL]|Bytes:12
14:56:47.2 (10230002)|VARIABLE_ASSIGNMENT|[13]|students|["Student 1","Student 2"]|0x4e0cfee9
14:56:47.2 (10237779)|STATEMENT_EXECUTE|[16]
14:56:47.2 (10244793)|HEAP_ALLOCATE|[16]|Bytes:4
14:56:47.2 (10273762)|VARIABLE_SCOPE_BEGIN|[16]|employees|List<String>|true|false
14:56:47.2 (10296270)|HEAP_ALLOCATE|[EXTERNAL]|Bytes:84
14:56:47.2 (10307503)|VARIABLE_ASSIGNMENT|[16]|employees|"List of size 20 too large to display"|0x50c719be
14:56:47.2 (10315221)|STATEMENT_EXECUTE|[18]
14:56:47.2 (10359395)|HEAP_ALLOCATE|[EXTERNAL]|Bytes:4
14:56:47.2 (10370898)|STATEMENT_EXECUTE|[19]
14:56:47.2 (10374474)|HEAP_ALLOCATE|[19]|Bytes:6
14:56:47.2 (10396971)|HEAP_ALLOCATE|[EXTERNAL]|Bytes:4
14:56:47.2 (10404892)|STATEMENT_EXECUTE|[20]
14:56:47.2 (10407361)|HEAP_ALLOCATE|[20]|Bytes:4
14:56:47.2 (10433790)|HEAP_ALLOCATE|[EXTERNAL]|Bytes:4
14:56:47.2 (10441237)|STATEMENT_EXECUTE|[21]
14:56:47.2 (10443777)|HEAP_ALLOCATE|[21]|Bytes:4
14:56:47.2 (10469268)|HEAP_ALLOCATE|[EXTERNAL]|Bytes:4
14:56:47.2 (10476438)|STATEMENT_EXECUTE|[23]
14:56:47.2 (10479163)|HEAP_ALLOCATE|[23]|Bytes:7
14:56:47.2 (10544381)|HEAP_ALLOCATE|[23]|Bytes:26
14:56:47.2 (10572453)|HEAP_ALLOCATE|[23]|Bytes:33
14:56:47.2 (10603530)|USER_DEBUG|[23]|DEBUG|names: (Mark, Mathew, Luke, John)
14:56:47.2 (10621926)|METHOD_EXIT|[1]|01p1I000008LWEw|Day3ListsAndLoops.execute()
14:56:47.2 (10631492)|SYSTEM_MODE_EXIT|false
14:56:47.10 (10658848)|CUMULATIVE_LIMIT_USAGE
14:56:47.10 (10658848)|LIMIT_USAGE_FOR_NS|(default)|
  Number of SOQL queries: 0 out of 100
  Number of query rows: 0 out of 50000
  Number of SOSL queries: 0 out of 20
  Number of DML statements: 0 out of 150
  Number of DML rows: 0 out of 10000
  Maximum CPU time: 0 out of 10000
  Maximum heap size: 0 out of 6000000
  Number of callouts: 0 out of 100
  Number of Email Invocations: 0 out of 10
  Number of future calls: 0 out of 50
  Number of queueable jobs added to the queue: 0 out of 50
  Number of Mobile Apex push calls: 0 out of 10

14:56:47.10 (10658848)|CUMULATIVE_LIMIT_USAGE_END

14:56:47.2 (10707240)|CODE_UNIT_FINISHED|execute_anonymous_apex
14:56:47.2 (12111533)|EXECUTION_FINISHED
