41.0 APEX_CODE,FINEST;APEX_PROFILING,INFO;CALLOUT,INFO;DB,INFO;SYSTEM,DEBUG;VALIDATION,INFO;VISUALFORCE,INFO;WAVE,INFO;WORKFLOW,INFO
Execute Anonymous: Day4CreateAccountsWIthContacts.createAccountsAndContacts(5);
16:15:36.1 (1147499)|USER_INFO|[EXTERNAL]|0051I000001HhoW|mark.hausknecht@atginfo.com.apexbootcamp|Pacific Standard Time|GMT-07:00
16:15:36.1 (1362020)|EXECUTION_STARTED
16:15:36.1 (1366669)|CODE_UNIT_STARTED|[EXTERNAL]|execute_anonymous_apex
16:15:36.1 (1599894)|HEAP_ALLOCATE|[72]|Bytes:3
16:15:36.1 (1683964)|HEAP_ALLOCATE|[77]|Bytes:152
16:15:36.1 (1701485)|HEAP_ALLOCATE|[342]|Bytes:408
16:15:36.1 (1719340)|HEAP_ALLOCATE|[355]|Bytes:408
16:15:36.1 (1736648)|HEAP_ALLOCATE|[467]|Bytes:48
16:15:36.1 (1791242)|HEAP_ALLOCATE|[139]|Bytes:6
16:15:36.1 (1808378)|HEAP_ALLOCATE|[EXTERNAL]|Bytes:1
16:15:36.1 (1916171)|STATEMENT_EXECUTE|[1]
16:15:36.1 (1918978)|STATEMENT_EXECUTE|[1]
16:15:36.1 (1982290)|HEAP_ALLOCATE|[50]|Bytes:5
16:15:36.1 (2006724)|HEAP_ALLOCATE|[56]|Bytes:5
16:15:36.1 (2015440)|HEAP_ALLOCATE|[64]|Bytes:7
16:15:36.1 (2068224)|SYSTEM_MODE_ENTER|false
16:15:36.1 (2176311)|HEAP_ALLOCATE|[1]|Bytes:5
16:15:36.1 (8026237)|HEAP_ALLOCATE|[1]|Bytes:7
16:15:36.1 (8038765)|HEAP_ALLOCATE|[1]|Bytes:8
16:15:36.1 (8078085)|METHOD_ENTRY|[1]|01p1I000008l70a|Day4CreateAccountsWIthContacts.Day4CreateAccountsWIthContacts()
16:15:36.1 (8085316)|STATEMENT_EXECUTE|[1]
16:15:36.1 (8091996)|STATEMENT_EXECUTE|[1]
16:15:36.1 (8105106)|HEAP_ALLOCATE|[1]|Bytes:5
16:15:36.1 (8131262)|METHOD_EXIT|[1]|Day4CreateAccountsWIthContacts
16:15:36.1 (8208566)|METHOD_ENTRY|[1]|01p1I000008l70a|Day4CreateAccountsWIthContacts.createAccountsAndContacts(Integer)
16:15:36.1 (8271402)|VARIABLE_SCOPE_BEGIN|[3]|numAccounts|Integer|false|false
16:15:36.1 (8305598)|VARIABLE_ASSIGNMENT|[3]|numAccounts|5
16:15:36.1 (8327105)|HEAP_ALLOCATE|[16]|Bytes:5
16:15:36.1 (8333268)|STATEMENT_EXECUTE|[3]
16:15:36.1 (8334765)|STATEMENT_EXECUTE|[16]
16:15:36.1 (8440768)|HEAP_ALLOCATE|[16]|Bytes:4
16:15:36.1 (8599459)|VARIABLE_SCOPE_BEGIN|[16]|createdAccounts|List<Account>|true|false
16:15:36.1 (8613588)|HEAP_ALLOCATE|[EXTERNAL]|Bytes:4
16:15:36.1 (8628381)|VARIABLE_ASSIGNMENT|[16]|createdAccounts|[]|0x40360e87
16:15:36.1 (8638489)|STATEMENT_EXECUTE|[17]
16:15:36.1 (8673914)|HEAP_ALLOCATE|[17]|Bytes:4
16:15:36.1 (8715700)|VARIABLE_SCOPE_BEGIN|[17]|createdContacts|List<Contact>|true|false
16:15:36.1 (8728882)|HEAP_ALLOCATE|[EXTERNAL]|Bytes:4
16:15:36.1 (8736827)|VARIABLE_ASSIGNMENT|[17]|createdContacts|[]|0x7b0a4af1
16:15:36.1 (8744470)|STATEMENT_EXECUTE|[20]
16:15:36.1 (8748563)|VARIABLE_SCOPE_BEGIN|[20]|i|Integer|false|false
16:15:36.1 (8758438)|HEAP_ALLOCATE|[20]|Bytes:4
16:15:36.1 (8766982)|VARIABLE_ASSIGNMENT|[20]|i|0
16:15:36.1 (8777234)|STATEMENT_EXECUTE|[20]
16:15:36.1 (8779496)|STATEMENT_EXECUTE|[21]
16:15:36.1 (8783277)|HEAP_ALLOCATE|[21]|Bytes:17
16:15:36.1 (8843350)|HEAP_ALLOCATE|[21]|Bytes:1
16:15:36.1 (8884359)|HEAP_ALLOCATE|[21]|Bytes:18
16:15:36.1 (8912123)|USER_DEBUG|[21]|DEBUG|Creating account 0
16:15:36.1 (8919357)|STATEMENT_EXECUTE|[22]
16:15:36.1 (8929308)|METHOD_ENTRY|[22]|01p1I000008l70a|Day4CreateAccountsWIthContacts.createAccount(Integer)
16:15:36.1 (8945866)|VARIABLE_SCOPE_BEGIN|[33]|accountNameSuffix|Integer|false|false
16:15:36.1 (8954466)|VARIABLE_ASSIGNMENT|[33]|accountNameSuffix|0
16:15:36.1 (8970084)|HEAP_ALLOCATE|[34]|Bytes:5
16:15:36.1 (8979403)|STATEMENT_EXECUTE|[33]
16:15:36.1 (8980391)|STATEMENT_EXECUTE|[34]
16:15:36.1 (8982448)|HEAP_ALLOCATE|[34]|Bytes:10
16:15:36.1 (9006091)|HEAP_ALLOCATE|[34]|Bytes:1
16:15:36.1 (9019228)|HEAP_ALLOCATE|[34]|Bytes:11
16:15:36.1 (9023380)|VARIABLE_SCOPE_BEGIN|[34]|accountName|String|false|false
16:15:36.1 (9035184)|VARIABLE_ASSIGNMENT|[34]|accountName|"myAccount-0"
16:15:36.1 (9039197)|STATEMENT_EXECUTE|[36]
16:15:36.1 (9064550)|HEAP_ALLOCATE|[36]|Bytes:4
16:15:36.1 (9188385)|VARIABLE_ASSIGNMENT|[36]|this.Name|"myAccount-0"|0x2747484b
16:15:36.1 (9218243)|VARIABLE_SCOPE_BEGIN|[36]|myAccount|Account|true|false
16:15:36.1 (9233402)|VARIABLE_ASSIGNMENT|[36]|myAccount|{"Name":"myAccount-0"}|0x2747484b
16:15:36.1 (9238580)|STATEMENT_EXECUTE|[37]
16:15:36.1 (9241035)|HEAP_ALLOCATE|[37]|Bytes:10
16:15:36.1 (9282709)|HEAP_ALLOCATE|[37]|Bytes:26
16:15:36.1 (9294983)|HEAP_ALLOCATE|[37]|Bytes:36
16:15:36.1 (9303475)|USER_DEBUG|[37]|DEBUG|myAccount Account:{Name=myAccount-0}
16:15:36.1 (9316321)|STATEMENT_EXECUTE|[39]
16:15:36.1 (9325656)|METHOD_EXIT|[22]|01p1I000008l70a|Day4CreateAccountsWIthContacts.createAccount(Integer)
16:15:36.1 (9335918)|VARIABLE_SCOPE_BEGIN|[22]|createdAccount|Account|true|false
16:15:36.1 (9352563)|VARIABLE_ASSIGNMENT|[22]|createdAccount|{"Name":"myAccount-0"}|0x2747484b
16:15:36.1 (9359771)|STATEMENT_EXECUTE|[23]
16:15:36.1 (9425125)|HEAP_ALLOCATE|[EXTERNAL]|Bytes:4
16:15:36.1 (9439669)|STATEMENT_EXECUTE|[25]
16:15:36.1 (9464703)|HEAP_ALLOCATE|[25]|Bytes:8
16:15:36.1 (9478433)|DML_BEGIN|[25]|Op:Insert|Type:Account|Rows:1
16:15:36.1 (9504774)|HEAP_ALLOCATE|[EXTERNAL]|Bytes:8
16:15:36.1 (55921467)|CODE_UNIT_STARTED|[EXTERNAL]|DuplicateDetector
16:15:36.1 (55975609)|DUPLICATE_DETECTION_BEGIN
16:15:36.1 (57777281)|DUPLICATE_DETECTION_RULE_INVOCATION|DuplicateRuleId:0Bm1I000002PDEh|DuplicateRuleName:Standard Account Duplicate Rule|DmlType:INSERT
16:15:36.1 (87398829)|DUPLICATE_DETECTION_MATCH_INVOCATION_DETAILS|EntityType:Account|ActionTaken:Allow_[Alert,Report]|DuplicateRecordIds:
16:15:36.1 (87421957)|DUPLICATE_DETECTION_MATCH_INVOCATION_SUMMARY|EntityType:Account|NumRecordsToBeSaved:1|NumRecordsToBeSavedWithDuplicates:0|NumDuplicateRecordsFound:0
16:15:36.1 (87531743)|DUPLICATE_DETECTION_END
16:15:36.1 (87539391)|CODE_UNIT_FINISHED|DuplicateDetector
16:15:36.1 (143632573)|DML_END|[25]
16:15:36.1 (143664848)|STATEMENT_EXECUTE|[26]
16:15:36.1 (143739151)|METHOD_ENTRY|[26]|01p1I000008l70a|Day4CreateAccountsWIthContacts.createContact(Id, Integer)
16:15:36.1 (143789714)|VARIABLE_SCOPE_BEGIN|[42]|accountId|Id|false|false
16:15:36.1 (143908206)|VARIABLE_ASSIGNMENT|[42]|accountId|"0011I000007rfTFQAY"
16:15:36.1 (143918054)|VARIABLE_SCOPE_BEGIN|[42]|contactNumber|Integer|false|false
16:15:36.1 (143929505)|VARIABLE_ASSIGNMENT|[42]|contactNumber|1
16:15:36.1 (143957337)|HEAP_ALLOCATE|[43]|Bytes:5
16:15:36.1 (143965277)|STATEMENT_EXECUTE|[42]
16:15:36.1 (143966713)|STATEMENT_EXECUTE|[43]
16:15:36.1 (143993383)|HEAP_ALLOCATE|[43]|Bytes:4
16:15:36.1 (144098307)|HEAP_ALLOCATE|[44]|Bytes:20
16:15:36.1 (144157457)|HEAP_ALLOCATE|[44]|Bytes:1
16:15:36.1 (144175518)|HEAP_ALLOCATE|[44]|Bytes:21
16:15:36.1 (144222565)|VARIABLE_ASSIGNMENT|[43]|this.FirstName|"Contact First Name:  (1 more) ..."|0x225247de
16:15:36.1 (144231277)|HEAP_ALLOCATE|[45]|Bytes:19
16:15:36.1 (144254541)|HEAP_ALLOCATE|[45]|Bytes:1
16:15:36.1 (144266118)|HEAP_ALLOCATE|[45]|Bytes:20
16:15:36.1 (144287742)|VARIABLE_ASSIGNMENT|[43]|this.LastName|"Contact Last Name: 1"|0x225247de
16:15:36.1 (144317691)|VARIABLE_ASSIGNMENT|[43]|this.AccountId|"0011I000007rfTFQAY"|0x225247de
16:15:36.1 (144348668)|VARIABLE_SCOPE_BEGIN|[43]|newContact|Contact|true|false
16:15:36.1 (144368959)|VARIABLE_ASSIGNMENT|[43]|newContact|{"FirstName":"Contact First Name:  (1 more) ...","LastName":"Contact Last Name: 1","AccountId":"0011I000007rfTFQAY"}|0x225247de
16:15:36.1 (144374998)|STATEMENT_EXECUTE|[48]
16:15:36.1 (144378305)|HEAP_ALLOCATE|[48]|Bytes:11
16:15:36.1 (144422482)|HEAP_ALLOCATE|[48]|Bytes:102
16:15:36.1 (144437550)|HEAP_ALLOCATE|[48]|Bytes:113
16:15:36.1 (144455279)|USER_DEBUG|[48]|DEBUG|newContact Contact:{FirstName=Contact First Name: 1, LastName=Contact Last Name: 1, AccountId=0011I000007rfTFQAY}
16:15:36.1 (144467527)|STATEMENT_EXECUTE|[50]
16:15:36.1 (144477795)|METHOD_EXIT|[26]|01p1I000008l70a|Day4CreateAccountsWIthContacts.createContact(Id, Integer)
16:15:36.1 (144500760)|HEAP_ALLOCATE|[EXTERNAL]|Bytes:4
16:15:36.1 (144507394)|STATEMENT_EXECUTE|[27]
16:15:36.1 (144518816)|METHOD_ENTRY|[27]|01p1I000008l70a|Day4CreateAccountsWIthContacts.createContact(Id, Integer)
16:15:36.1 (144532071)|VARIABLE_SCOPE_BEGIN|[42]|accountId|Id|false|false
16:15:36.1 (144586710)|VARIABLE_ASSIGNMENT|[42]|accountId|"0011I000007rfTFQAY"
16:15:36.1 (144592624)|VARIABLE_SCOPE_BEGIN|[42]|contactNumber|Integer|false|false
16:15:36.1 (144602705)|VARIABLE_ASSIGNMENT|[42]|contactNumber|2
16:15:36.1 (144618279)|HEAP_ALLOCATE|[43]|Bytes:5
16:15:36.1 (144623195)|STATEMENT_EXECUTE|[42]
16:15:36.1 (144627707)|STATEMENT_EXECUTE|[43]
16:15:36.1 (144642153)|HEAP_ALLOCATE|[43]|Bytes:4
16:15:36.1 (144661261)|HEAP_ALLOCATE|[44]|Bytes:1
16:15:36.1 (144671037)|HEAP_ALLOCATE|[44]|Bytes:21
16:15:36.1 (144694234)|VARIABLE_ASSIGNMENT|[43]|this.FirstName|"Contact First Name:  (1 more) ..."|0x69109a0b
16:15:36.1 (144712971)|HEAP_ALLOCATE|[45]|Bytes:1
16:15:36.1 (144722033)|HEAP_ALLOCATE|[45]|Bytes:20
16:15:36.1 (144734873)|VARIABLE_ASSIGNMENT|[43]|this.LastName|"Contact Last Name: 2"|0x69109a0b
16:15:36.1 (144748784)|VARIABLE_ASSIGNMENT|[43]|this.AccountId|"0011I000007rfTFQAY"|0x69109a0b
16:15:36.1 (144759962)|VARIABLE_SCOPE_BEGIN|[43]|newContact|Contact|true|false
16:15:36.1 (144773682)|VARIABLE_ASSIGNMENT|[43]|newContact|{"FirstName":"Contact First Name:  (1 more) ...","LastName":"Contact Last Name: 2","AccountId":"0011I000007rfTFQAY"}|0x69109a0b
16:15:36.1 (144779798)|STATEMENT_EXECUTE|[48]
16:15:36.1 (144802725)|HEAP_ALLOCATE|[48]|Bytes:102
16:15:36.1 (144813411)|HEAP_ALLOCATE|[48]|Bytes:113
16:15:36.1 (144820686)|USER_DEBUG|[48]|DEBUG|newContact Contact:{FirstName=Contact First Name: 2, LastName=Contact Last Name: 2, AccountId=0011I000007rfTFQAY}
16:15:36.1 (144826881)|STATEMENT_EXECUTE|[50]
16:15:36.1 (144832837)|METHOD_EXIT|[27]|01p1I000008l70a|Day4CreateAccountsWIthContacts.createContact(Id, Integer)
16:15:36.1 (144843570)|HEAP_ALLOCATE|[EXTERNAL]|Bytes:4
16:15:36.1 (144850713)|HEAP_ALLOCATE|[20]|Bytes:4
16:15:36.1 (144858236)|VARIABLE_ASSIGNMENT|[20]|i|1
16:15:36.1 (144867565)|STATEMENT_EXECUTE|[20]
16:15:36.1 (144868597)|STATEMENT_EXECUTE|[21]
16:15:36.1 (144878047)|HEAP_ALLOCATE|[21]|Bytes:1
16:15:36.1 (144886748)|HEAP_ALLOCATE|[21]|Bytes:18
16:15:36.1 (144896179)|USER_DEBUG|[21]|DEBUG|Creating account 1
16:15:36.1 (144902262)|STATEMENT_EXECUTE|[22]
16:15:36.1 (144907334)|METHOD_ENTRY|[22]|01p1I000008l70a|Day4CreateAccountsWIthContacts.createAccount(Integer)
16:15:36.1 (144912835)|VARIABLE_SCOPE_BEGIN|[33]|accountNameSuffix|Integer|false|false
16:15:36.1 (144920706)|VARIABLE_ASSIGNMENT|[33]|accountNameSuffix|1
16:15:36.1 (144934274)|HEAP_ALLOCATE|[34]|Bytes:5
16:15:36.1 (144939729)|STATEMENT_EXECUTE|[33]
16:15:36.1 (144941491)|STATEMENT_EXECUTE|[34]
16:15:36.1 (144951255)|HEAP_ALLOCATE|[34]|Bytes:1
16:15:36.1 (144959325)|HEAP_ALLOCATE|[34]|Bytes:11
16:15:36.1 (144963275)|VARIABLE_SCOPE_BEGIN|[34]|accountName|String|false|false
16:15:36.1 (144976823)|VARIABLE_ASSIGNMENT|[34]|accountName|"myAccount-1"
16:15:36.1 (144980922)|STATEMENT_EXECUTE|[36]
16:15:36.1 (144994885)|HEAP_ALLOCATE|[36]|Bytes:4
16:15:36.1 (145019325)|VARIABLE_ASSIGNMENT|[36]|this.Name|"myAccount-1"|0x2775cd9c
16:15:36.1 (145032721)|VARIABLE_SCOPE_BEGIN|[36]|myAccount|Account|true|false
16:15:36.1 (145043259)|VARIABLE_ASSIGNMENT|[36]|myAccount|{"Name":"myAccount-1"}|0x2775cd9c
16:15:36.1 (145048208)|STATEMENT_EXECUTE|[37]
16:15:36.1 (145075467)|HEAP_ALLOCATE|[37]|Bytes:26
16:15:36.1 (145087303)|HEAP_ALLOCATE|[37]|Bytes:36
16:15:36.1 (145094100)|USER_DEBUG|[37]|DEBUG|myAccount Account:{Name=myAccount-1}
16:15:36.1 (145100209)|STATEMENT_EXECUTE|[39]
16:15:36.1 (145107281)|METHOD_EXIT|[22]|01p1I000008l70a|Day4CreateAccountsWIthContacts.createAccount(Integer)
16:15:36.1 (145113547)|VARIABLE_SCOPE_BEGIN|[22]|createdAccount|Account|true|false
16:15:36.1 (145123552)|VARIABLE_ASSIGNMENT|[22]|createdAccount|{"Name":"myAccount-1"}|0x2775cd9c
16:15:36.1 (145128552)|STATEMENT_EXECUTE|[23]
16:15:36.1 (145139074)|HEAP_ALLOCATE|[EXTERNAL]|Bytes:4
16:15:36.1 (145145198)|STATEMENT_EXECUTE|[25]
16:15:36.1 (145157459)|HEAP_ALLOCATE|[25]|Bytes:8
16:15:36.1 (145165045)|DML_BEGIN|[25]|Op:Insert|Type:Account|Rows:1
16:15:36.1 (145195758)|HEAP_ALLOCATE|[EXTERNAL]|Bytes:8
16:15:36.1 (146588716)|CODE_UNIT_STARTED|[EXTERNAL]|DuplicateDetector
16:15:36.1 (146606485)|DUPLICATE_DETECTION_BEGIN
16:15:36.1 (146639099)|DUPLICATE_DETECTION_RULE_INVOCATION|DuplicateRuleId:0Bm1I000002PDEh|DuplicateRuleName:Standard Account Duplicate Rule|DmlType:INSERT
16:15:36.1 (156927262)|DUPLICATE_DETECTION_MATCH_INVOCATION_DETAILS|EntityType:Account|ActionTaken:Allow_[Alert,Report]|DuplicateRecordIds:
16:15:36.1 (156943378)|DUPLICATE_DETECTION_MATCH_INVOCATION_SUMMARY|EntityType:Account|NumRecordsToBeSaved:1|NumRecordsToBeSavedWithDuplicates:0|NumDuplicateRecordsFound:0
16:15:36.1 (157045594)|DUPLICATE_DETECTION_END
16:15:36.1 (157052768)|CODE_UNIT_FINISHED|DuplicateDetector
16:15:36.1 (169653531)|DML_END|[25]
16:15:36.1 (169666102)|STATEMENT_EXECUTE|[26]
16:15:36.1 (169679584)|METHOD_ENTRY|[26]|01p1I000008l70a|Day4CreateAccountsWIthContacts.createContact(Id, Integer)
16:15:36.1 (169689809)|VARIABLE_SCOPE_BEGIN|[42]|accountId|Id|false|false
16:15:36.1 (169743747)|VARIABLE_ASSIGNMENT|[42]|accountId|"0011I000007rfTGQAY"
16:15:36.1 (169750381)|VARIABLE_SCOPE_BEGIN|[42]|contactNumber|Integer|false|false
16:15:36.1 (169758231)|VARIABLE_ASSIGNMENT|[42]|contactNumber|1
16:15:36.1 (169775504)|HEAP_ALLOCATE|[43]|Bytes:5
16:15:36.1 (169781238)|STATEMENT_EXECUTE|[42]
16:15:36.1 (169782390)|STATEMENT_EXECUTE|[43]
16:15:36.1 (169797966)|HEAP_ALLOCATE|[43]|Bytes:4
16:15:36.1 (170024812)|HEAP_ALLOCATE|[44]|Bytes:1
16:15:36.1 (170041335)|HEAP_ALLOCATE|[44]|Bytes:21
16:15:36.1 (170073583)|VARIABLE_ASSIGNMENT|[43]|this.FirstName|"Contact First Name:  (1 more) ..."|0x37b8ece7
16:15:36.1 (170089980)|HEAP_ALLOCATE|[45]|Bytes:1
16:15:36.1 (170101680)|HEAP_ALLOCATE|[45]|Bytes:20
16:15:36.1 (170116741)|VARIABLE_ASSIGNMENT|[43]|this.LastName|"Contact Last Name: 1"|0x37b8ece7
16:15:36.1 (170138500)|VARIABLE_ASSIGNMENT|[43]|this.AccountId|"0011I000007rfTGQAY"|0x37b8ece7
16:15:36.1 (170151367)|VARIABLE_SCOPE_BEGIN|[43]|newContact|Contact|true|false
16:15:36.1 (170166492)|VARIABLE_ASSIGNMENT|[43]|newContact|{"FirstName":"Contact First Name:  (1 more) ...","LastName":"Contact Last Name: 1","AccountId":"0011I000007rfTGQAY"}|0x37b8ece7
16:15:36.1 (170173794)|STATEMENT_EXECUTE|[48]
16:15:36.1 (170200004)|HEAP_ALLOCATE|[48]|Bytes:102
16:15:36.1 (170215767)|HEAP_ALLOCATE|[48]|Bytes:113
16:15:36.1 (170223050)|USER_DEBUG|[48]|DEBUG|newContact Contact:{FirstName=Contact First Name: 1, LastName=Contact Last Name: 1, AccountId=0011I000007rfTGQAY}
16:15:36.1 (170230375)|STATEMENT_EXECUTE|[50]
16:15:36.1 (170237072)|METHOD_EXIT|[26]|01p1I000008l70a|Day4CreateAccountsWIthContacts.createContact(Id, Integer)
16:15:36.1 (170247071)|HEAP_ALLOCATE|[EXTERNAL]|Bytes:4
16:15:36.1 (170252828)|STATEMENT_EXECUTE|[27]
16:15:36.1 (170262044)|METHOD_ENTRY|[27]|01p1I000008l70a|Day4CreateAccountsWIthContacts.createContact(Id, Integer)
16:15:36.1 (170267533)|VARIABLE_SCOPE_BEGIN|[42]|accountId|Id|false|false
16:15:36.1 (170321146)|VARIABLE_ASSIGNMENT|[42]|accountId|"0011I000007rfTGQAY"
16:15:36.1 (170326855)|VARIABLE_SCOPE_BEGIN|[42]|contactNumber|Integer|false|false
16:15:36.1 (170336385)|VARIABLE_ASSIGNMENT|[42]|contactNumber|2
16:15:36.1 (170351622)|HEAP_ALLOCATE|[43]|Bytes:5
16:15:36.1 (170355967)|STATEMENT_EXECUTE|[42]
16:15:36.1 (170357117)|STATEMENT_EXECUTE|[43]
16:15:36.1 (170374453)|HEAP_ALLOCATE|[43]|Bytes:4
16:15:36.1 (170392712)|HEAP_ALLOCATE|[44]|Bytes:1
16:15:36.1 (170401542)|HEAP_ALLOCATE|[44]|Bytes:21
16:15:36.1 (170421452)|VARIABLE_ASSIGNMENT|[43]|this.FirstName|"Contact First Name:  (1 more) ..."|0x269b4a9
16:15:36.1 (170434683)|HEAP_ALLOCATE|[45]|Bytes:1
16:15:36.1 (170442628)|HEAP_ALLOCATE|[45]|Bytes:20
16:15:36.1 (170455217)|VARIABLE_ASSIGNMENT|[43]|this.LastName|"Contact Last Name: 2"|0x269b4a9
16:15:36.1 (170469305)|VARIABLE_ASSIGNMENT|[43]|this.AccountId|"0011I000007rfTGQAY"|0x269b4a9
16:15:36.1 (170479816)|VARIABLE_SCOPE_BEGIN|[43]|newContact|Contact|true|false
16:15:36.1 (170493411)|VARIABLE_ASSIGNMENT|[43]|newContact|{"FirstName":"Contact First Name:  (1 more) ...","LastName":"Contact Last Name: 2","AccountId":"0011I000007rfTGQAY"}|0x269b4a9
16:15:36.1 (170498819)|STATEMENT_EXECUTE|[48]
16:15:36.1 (170520952)|HEAP_ALLOCATE|[48]|Bytes:102
16:15:36.1 (170531097)|HEAP_ALLOCATE|[48]|Bytes:113
16:15:36.1 (170538018)|USER_DEBUG|[48]|DEBUG|newContact Contact:{FirstName=Contact First Name: 2, LastName=Contact Last Name: 2, AccountId=0011I000007rfTGQAY}
16:15:36.1 (170544660)|STATEMENT_EXECUTE|[50]
16:15:36.1 (170550607)|METHOD_EXIT|[27]|01p1I000008l70a|Day4CreateAccountsWIthContacts.createContact(Id, Integer)
16:15:36.1 (170559910)|HEAP_ALLOCATE|[EXTERNAL]|Bytes:4
16:15:36.1 (170567335)|HEAP_ALLOCATE|[20]|Bytes:4
16:15:36.1 (170573571)|VARIABLE_ASSIGNMENT|[20]|i|2
16:15:36.1 (170580745)|STATEMENT_EXECUTE|[20]
16:15:36.1 (170581954)|STATEMENT_EXECUTE|[21]
16:15:36.1 (170595268)|HEAP_ALLOCATE|[21]|Bytes:1
16:15:36.1 (170604469)|HEAP_ALLOCATE|[21]|Bytes:18
16:15:36.1 (170610304)|USER_DEBUG|[21]|DEBUG|Creating account 2
16:15:36.1 (170615340)|STATEMENT_EXECUTE|[22]
16:15:36.1 (170619387)|METHOD_ENTRY|[22]|01p1I000008l70a|Day4CreateAccountsWIthContacts.createAccount(Integer)
16:15:36.1 (170624096)|VARIABLE_SCOPE_BEGIN|[33]|accountNameSuffix|Integer|false|false
16:15:36.1 (170631583)|VARIABLE_ASSIGNMENT|[33]|accountNameSuffix|2
16:15:36.1 (170646358)|HEAP_ALLOCATE|[34]|Bytes:5
16:15:36.1 (170650449)|STATEMENT_EXECUTE|[33]
16:15:36.1 (170651505)|STATEMENT_EXECUTE|[34]
16:15:36.1 (170660708)|HEAP_ALLOCATE|[34]|Bytes:1
16:15:36.1 (170674797)|HEAP_ALLOCATE|[34]|Bytes:11
16:15:36.1 (170679060)|VARIABLE_SCOPE_BEGIN|[34]|accountName|String|false|false
16:15:36.1 (170687388)|VARIABLE_ASSIGNMENT|[34]|accountName|"myAccount-2"
16:15:36.1 (170691037)|STATEMENT_EXECUTE|[36]
16:15:36.1 (170703598)|HEAP_ALLOCATE|[36]|Bytes:4
16:15:36.1 (170726659)|VARIABLE_ASSIGNMENT|[36]|this.Name|"myAccount-2"|0x548dc679
16:15:36.1 (170737283)|VARIABLE_SCOPE_BEGIN|[36]|myAccount|Account|true|false
16:15:36.1 (170748119)|VARIABLE_ASSIGNMENT|[36]|myAccount|{"Name":"myAccount-2"}|0x548dc679
16:15:36.1 (170756410)|STATEMENT_EXECUTE|[37]
16:15:36.1 (170775487)|HEAP_ALLOCATE|[37]|Bytes:26
16:15:36.1 (170786506)|HEAP_ALLOCATE|[37]|Bytes:36
16:15:36.1 (170792920)|USER_DEBUG|[37]|DEBUG|myAccount Account:{Name=myAccount-2}
16:15:36.1 (170799630)|STATEMENT_EXECUTE|[39]
16:15:36.1 (170805874)|METHOD_EXIT|[22]|01p1I000008l70a|Day4CreateAccountsWIthContacts.createAccount(Integer)
16:15:36.1 (170811231)|VARIABLE_SCOPE_BEGIN|[22]|createdAccount|Account|true|false
16:15:36.1 (170822012)|VARIABLE_ASSIGNMENT|[22]|createdAccount|{"Name":"myAccount-2"}|0x548dc679
16:15:36.1 (170831483)|STATEMENT_EXECUTE|[23]
16:15:36.1 (170837756)|HEAP_ALLOCATE|[EXTERNAL]|Bytes:4
16:15:36.1 (170842976)|STATEMENT_EXECUTE|[25]
16:15:36.1 (170850672)|HEAP_ALLOCATE|[25]|Bytes:8
16:15:36.1 (170855633)|DML_BEGIN|[25]|Op:Insert|Type:Account|Rows:1
16:15:36.1 (170874363)|HEAP_ALLOCATE|[EXTERNAL]|Bytes:8
16:15:36.1 (171917761)|CODE_UNIT_STARTED|[EXTERNAL]|DuplicateDetector
16:15:36.1 (171927193)|DUPLICATE_DETECTION_BEGIN
16:15:36.1 (171946894)|DUPLICATE_DETECTION_RULE_INVOCATION|DuplicateRuleId:0Bm1I000002PDEh|DuplicateRuleName:Standard Account Duplicate Rule|DmlType:INSERT
16:15:36.1 (181306018)|DUPLICATE_DETECTION_MATCH_INVOCATION_DETAILS|EntityType:Account|ActionTaken:Allow_[Alert,Report]|DuplicateRecordIds:
16:15:36.1 (181318912)|DUPLICATE_DETECTION_MATCH_INVOCATION_SUMMARY|EntityType:Account|NumRecordsToBeSaved:1|NumRecordsToBeSavedWithDuplicates:0|NumDuplicateRecordsFound:0
16:15:36.1 (181391815)|DUPLICATE_DETECTION_END
16:15:36.1 (181395689)|CODE_UNIT_FINISHED|DuplicateDetector
16:15:36.1 (198054096)|DML_END|[25]
16:15:36.1 (198069595)|STATEMENT_EXECUTE|[26]
16:15:36.1 (198083692)|METHOD_ENTRY|[26]|01p1I000008l70a|Day4CreateAccountsWIthContacts.createContact(Id, Integer)
16:15:36.1 (198093495)|VARIABLE_SCOPE_BEGIN|[42]|accountId|Id|false|false
16:15:36.1 (198152122)|VARIABLE_ASSIGNMENT|[42]|accountId|"0011I000007rfTHQAY"
16:15:36.1 (198159310)|VARIABLE_SCOPE_BEGIN|[42]|contactNumber|Integer|false|false
16:15:36.1 (198167831)|VARIABLE_ASSIGNMENT|[42]|contactNumber|1
16:15:36.1 (198184973)|HEAP_ALLOCATE|[43]|Bytes:5
16:15:36.1 (198192269)|STATEMENT_EXECUTE|[42]
16:15:36.1 (198193518)|STATEMENT_EXECUTE|[43]
16:15:36.1 (198209619)|HEAP_ALLOCATE|[43]|Bytes:4
16:15:36.1 (198237903)|HEAP_ALLOCATE|[44]|Bytes:1
16:15:36.1 (198249594)|HEAP_ALLOCATE|[44]|Bytes:21
16:15:36.1 (198278551)|VARIABLE_ASSIGNMENT|[43]|this.FirstName|"Contact First Name:  (1 more) ..."|0x43e7eac5
16:15:36.1 (198294629)|HEAP_ALLOCATE|[45]|Bytes:1
16:15:36.1 (198308131)|HEAP_ALLOCATE|[45]|Bytes:20
16:15:36.1 (198324048)|VARIABLE_ASSIGNMENT|[43]|this.LastName|"Contact Last Name: 1"|0x43e7eac5
16:15:36.1 (198340163)|VARIABLE_ASSIGNMENT|[43]|this.AccountId|"0011I000007rfTHQAY"|0x43e7eac5
16:15:36.1 (198352825)|VARIABLE_SCOPE_BEGIN|[43]|newContact|Contact|true|false
16:15:36.1 (198368838)|VARIABLE_ASSIGNMENT|[43]|newContact|{"FirstName":"Contact First Name:  (1 more) ...","LastName":"Contact Last Name: 1","AccountId":"0011I000007rfTHQAY"}|0x43e7eac5
16:15:36.1 (198380576)|STATEMENT_EXECUTE|[48]
16:15:36.1 (198406911)|HEAP_ALLOCATE|[48]|Bytes:102
16:15:36.1 (198418140)|HEAP_ALLOCATE|[48]|Bytes:113
16:15:36.1 (198425458)|USER_DEBUG|[48]|DEBUG|newContact Contact:{FirstName=Contact First Name: 1, LastName=Contact Last Name: 1, AccountId=0011I000007rfTHQAY}
16:15:36.1 (198432251)|STATEMENT_EXECUTE|[50]
16:15:36.1 (198439662)|METHOD_EXIT|[26]|01p1I000008l70a|Day4CreateAccountsWIthContacts.createContact(Id, Integer)
16:15:36.1 (198450156)|HEAP_ALLOCATE|[EXTERNAL]|Bytes:4
16:15:36.1 (198455598)|STATEMENT_EXECUTE|[27]
16:15:36.1 (198463774)|METHOD_ENTRY|[27]|01p1I000008l70a|Day4CreateAccountsWIthContacts.createContact(Id, Integer)
16:15:36.1 (198469221)|VARIABLE_SCOPE_BEGIN|[42]|accountId|Id|false|false
16:15:36.1 (198516563)|VARIABLE_ASSIGNMENT|[42]|accountId|"0011I000007rfTHQAY"
16:15:36.1 (198522893)|VARIABLE_SCOPE_BEGIN|[42]|contactNumber|Integer|false|false
16:15:36.1 (198530660)|VARIABLE_ASSIGNMENT|[42]|contactNumber|2
16:15:36.1 (198546885)|HEAP_ALLOCATE|[43]|Bytes:5
16:15:36.1 (198551661)|STATEMENT_EXECUTE|[42]
16:15:36.1 (198552902)|STATEMENT_EXECUTE|[43]
16:15:36.1 (198570272)|HEAP_ALLOCATE|[43]|Bytes:4
16:15:36.1 (198588026)|HEAP_ALLOCATE|[44]|Bytes:1
16:15:36.1 (198597107)|HEAP_ALLOCATE|[44]|Bytes:21
16:15:36.1 (198618886)|VARIABLE_ASSIGNMENT|[43]|this.FirstName|"Contact First Name:  (1 more) ..."|0x1e3af480
16:15:36.1 (198633278)|HEAP_ALLOCATE|[45]|Bytes:1
16:15:36.1 (198646228)|HEAP_ALLOCATE|[45]|Bytes:20
16:15:36.1 (198660014)|VARIABLE_ASSIGNMENT|[43]|this.LastName|"Contact Last Name: 2"|0x1e3af480
16:15:36.1 (198674173)|VARIABLE_ASSIGNMENT|[43]|this.AccountId|"0011I000007rfTHQAY"|0x1e3af480
16:15:36.1 (198685072)|VARIABLE_SCOPE_BEGIN|[43]|newContact|Contact|true|false
16:15:36.1 (198700436)|VARIABLE_ASSIGNMENT|[43]|newContact|{"FirstName":"Contact First Name:  (1 more) ...","LastName":"Contact Last Name: 2","AccountId":"0011I000007rfTHQAY"}|0x1e3af480
16:15:36.1 (198706322)|STATEMENT_EXECUTE|[48]
16:15:36.1 (198733784)|HEAP_ALLOCATE|[48]|Bytes:102
16:15:36.1 (198744718)|HEAP_ALLOCATE|[48]|Bytes:113
16:15:36.1 (198751705)|USER_DEBUG|[48]|DEBUG|newContact Contact:{FirstName=Contact First Name: 2, LastName=Contact Last Name: 2, AccountId=0011I000007rfTHQAY}
16:15:36.1 (198758007)|STATEMENT_EXECUTE|[50]
16:15:36.1 (198764128)|METHOD_EXIT|[27]|01p1I000008l70a|Day4CreateAccountsWIthContacts.createContact(Id, Integer)
16:15:36.1 (198774250)|HEAP_ALLOCATE|[EXTERNAL]|Bytes:4
16:15:36.1 (198780931)|HEAP_ALLOCATE|[20]|Bytes:4
16:15:36.1 (198787336)|VARIABLE_ASSIGNMENT|[20]|i|3
16:15:36.1 (198793359)|STATEMENT_EXECUTE|[20]
16:15:36.1 (198794364)|STATEMENT_EXECUTE|[21]
16:15:36.1 (198807819)|HEAP_ALLOCATE|[21]|Bytes:1
16:15:36.1 (198816815)|HEAP_ALLOCATE|[21]|Bytes:18
16:15:36.1 (198822679)|USER_DEBUG|[21]|DEBUG|Creating account 3
16:15:36.1 (198827792)|STATEMENT_EXECUTE|[22]
16:15:36.1 (198831625)|METHOD_ENTRY|[22]|01p1I000008l70a|Day4CreateAccountsWIthContacts.createAccount(Integer)
16:15:36.1 (198837334)|VARIABLE_SCOPE_BEGIN|[33]|accountNameSuffix|Integer|false|false
16:15:36.1 (198845032)|VARIABLE_ASSIGNMENT|[33]|accountNameSuffix|3
16:15:36.1 (198858245)|HEAP_ALLOCATE|[34]|Bytes:5
16:15:36.1 (198861724)|STATEMENT_EXECUTE|[33]
16:15:36.1 (198862669)|STATEMENT_EXECUTE|[34]
16:15:36.1 (198870913)|HEAP_ALLOCATE|[34]|Bytes:1
16:15:36.1 (198879336)|HEAP_ALLOCATE|[34]|Bytes:11
16:15:36.1 (198883769)|VARIABLE_SCOPE_BEGIN|[34]|accountName|String|false|false
16:15:36.1 (198893114)|VARIABLE_ASSIGNMENT|[34]|accountName|"myAccount-3"
16:15:36.1 (198896769)|STATEMENT_EXECUTE|[36]
16:15:36.1 (198908196)|HEAP_ALLOCATE|[36]|Bytes:4
16:15:36.1 (198929722)|VARIABLE_ASSIGNMENT|[36]|this.Name|"myAccount-3"|0xc396d9c
16:15:36.1 (198940196)|VARIABLE_SCOPE_BEGIN|[36]|myAccount|Account|true|false
16:15:36.1 (198950687)|VARIABLE_ASSIGNMENT|[36]|myAccount|{"Name":"myAccount-3"}|0xc396d9c
16:15:36.1 (198955310)|STATEMENT_EXECUTE|[37]
16:15:36.1 (198975056)|HEAP_ALLOCATE|[37]|Bytes:26
16:15:36.1 (198985722)|HEAP_ALLOCATE|[37]|Bytes:36
16:15:36.1 (198996975)|USER_DEBUG|[37]|DEBUG|myAccount Account:{Name=myAccount-3}
16:15:36.1 (199003129)|STATEMENT_EXECUTE|[39]
16:15:36.1 (199009317)|METHOD_EXIT|[22]|01p1I000008l70a|Day4CreateAccountsWIthContacts.createAccount(Integer)
16:15:36.1 (199015477)|VARIABLE_SCOPE_BEGIN|[22]|createdAccount|Account|true|false
16:15:36.1 (199026191)|VARIABLE_ASSIGNMENT|[22]|createdAccount|{"Name":"myAccount-3"}|0xc396d9c
16:15:36.1 (199031351)|STATEMENT_EXECUTE|[23]
16:15:36.1 (199037514)|HEAP_ALLOCATE|[EXTERNAL]|Bytes:4
16:15:36.1 (199044726)|STATEMENT_EXECUTE|[25]
16:15:36.1 (199052772)|HEAP_ALLOCATE|[25]|Bytes:8
16:15:36.1 (199057551)|DML_BEGIN|[25]|Op:Insert|Type:Account|Rows:1
16:15:36.1 (199082494)|HEAP_ALLOCATE|[EXTERNAL]|Bytes:8
16:15:36.1 (200126819)|CODE_UNIT_STARTED|[EXTERNAL]|DuplicateDetector
16:15:36.1 (200140833)|DUPLICATE_DETECTION_BEGIN
16:15:36.1 (200161445)|DUPLICATE_DETECTION_RULE_INVOCATION|DuplicateRuleId:0Bm1I000002PDEh|DuplicateRuleName:Standard Account Duplicate Rule|DmlType:INSERT
16:15:36.1 (209574518)|DUPLICATE_DETECTION_MATCH_INVOCATION_DETAILS|EntityType:Account|ActionTaken:Allow_[Alert,Report]|DuplicateRecordIds:
16:15:36.1 (209592295)|DUPLICATE_DETECTION_MATCH_INVOCATION_SUMMARY|EntityType:Account|NumRecordsToBeSaved:1|NumRecordsToBeSavedWithDuplicates:0|NumDuplicateRecordsFound:0
16:15:36.1 (209673991)|DUPLICATE_DETECTION_END
16:15:36.1 (209678376)|CODE_UNIT_FINISHED|DuplicateDetector
16:15:36.1 (230310163)|DML_END|[25]
16:15:36.1 (230322601)|STATEMENT_EXECUTE|[26]
16:15:36.1 (230336815)|METHOD_ENTRY|[26]|01p1I000008l70a|Day4CreateAccountsWIthContacts.createContact(Id, Integer)
16:15:36.1 (230346695)|VARIABLE_SCOPE_BEGIN|[42]|accountId|Id|false|false
16:15:36.1 (230408416)|VARIABLE_ASSIGNMENT|[42]|accountId|"0011I000007rfTIQAY"
16:15:36.1 (230415261)|VARIABLE_SCOPE_BEGIN|[42]|contactNumber|Integer|false|false
16:15:36.1 (230423030)|VARIABLE_ASSIGNMENT|[42]|contactNumber|1
16:15:36.1 (230440329)|HEAP_ALLOCATE|[43]|Bytes:5
16:15:36.1 (230445669)|STATEMENT_EXECUTE|[42]
16:15:36.1 (230446854)|STATEMENT_EXECUTE|[43]
16:15:36.1 (230461693)|HEAP_ALLOCATE|[43]|Bytes:4
16:15:36.1 (230499512)|HEAP_ALLOCATE|[44]|Bytes:1
16:15:36.1 (230519403)|HEAP_ALLOCATE|[44]|Bytes:21
16:15:36.1 (230552819)|VARIABLE_ASSIGNMENT|[43]|this.FirstName|"Contact First Name:  (1 more) ..."|0xa648f09
16:15:36.1 (230622518)|HEAP_ALLOCATE|[45]|Bytes:1
16:15:36.1 (230638227)|HEAP_ALLOCATE|[45]|Bytes:20
16:15:36.1 (230657616)|VARIABLE_ASSIGNMENT|[43]|this.LastName|"Contact Last Name: 1"|0xa648f09
16:15:36.1 (230734229)|VARIABLE_ASSIGNMENT|[43]|this.AccountId|"0011I000007rfTIQAY"|0xa648f09
16:15:36.1 (230749670)|VARIABLE_SCOPE_BEGIN|[43]|newContact|Contact|true|false
16:15:36.1 (230787432)|VARIABLE_ASSIGNMENT|[43]|newContact|{"FirstName":"Contact First Name:  (1 more) ...","LastName":"Contact Last Name: 1","AccountId":"0011I000007rfTIQAY"}|0xa648f09
16:15:36.1 (230799638)|STATEMENT_EXECUTE|[48]
16:15:36.1 (230847863)|HEAP_ALLOCATE|[48]|Bytes:102
16:15:36.1 (230866434)|HEAP_ALLOCATE|[48]|Bytes:113
16:15:36.1 (230877067)|USER_DEBUG|[48]|DEBUG|newContact Contact:{FirstName=Contact First Name: 1, LastName=Contact Last Name: 1, AccountId=0011I000007rfTIQAY}
16:15:36.1 (230887058)|STATEMENT_EXECUTE|[50]
16:15:36.1 (230895898)|METHOD_EXIT|[26]|01p1I000008l70a|Day4CreateAccountsWIthContacts.createContact(Id, Integer)
16:15:36.1 (230909715)|HEAP_ALLOCATE|[EXTERNAL]|Bytes:4
16:15:36.1 (230924540)|STATEMENT_EXECUTE|[27]
16:15:36.1 (230936913)|METHOD_ENTRY|[27]|01p1I000008l70a|Day4CreateAccountsWIthContacts.createContact(Id, Integer)
16:15:36.1 (230946546)|VARIABLE_SCOPE_BEGIN|[42]|accountId|Id|false|false
16:15:36.1 (231024466)|VARIABLE_ASSIGNMENT|[42]|accountId|"0011I000007rfTIQAY"
16:15:36.1 (231035248)|VARIABLE_SCOPE_BEGIN|[42]|contactNumber|Integer|false|false
16:15:36.1 (231047625)|VARIABLE_ASSIGNMENT|[42]|contactNumber|2
16:15:36.1 (231075035)|HEAP_ALLOCATE|[43]|Bytes:5
16:15:36.1 (231081814)|STATEMENT_EXECUTE|[42]
16:15:36.1 (231083585)|STATEMENT_EXECUTE|[43]
16:15:36.1 (231102075)|HEAP_ALLOCATE|[43]|Bytes:4
16:15:36.1 (231127987)|HEAP_ALLOCATE|[44]|Bytes:1
16:15:36.1 (231142815)|HEAP_ALLOCATE|[44]|Bytes:21
16:15:36.1 (231177157)|VARIABLE_ASSIGNMENT|[43]|this.FirstName|"Contact First Name:  (1 more) ..."|0x69ee2d
16:15:36.1 (231200897)|HEAP_ALLOCATE|[45]|Bytes:1
16:15:36.1 (231215383)|HEAP_ALLOCATE|[45]|Bytes:20
16:15:36.1 (231247079)|VARIABLE_ASSIGNMENT|[43]|this.LastName|"Contact Last Name: 2"|0x69ee2d
16:15:36.1 (231272483)|VARIABLE_ASSIGNMENT|[43]|this.AccountId|"0011I000007rfTIQAY"|0x69ee2d
16:15:36.1 (231305161)|VARIABLE_SCOPE_BEGIN|[43]|newContact|Contact|true|false
16:15:36.1 (231334795)|VARIABLE_ASSIGNMENT|[43]|newContact|{"FirstName":"Contact First Name:  (1 more) ...","LastName":"Contact Last Name: 2","AccountId":"0011I000007rfTIQAY"}|0x69ee2d
16:15:36.1 (231344402)|STATEMENT_EXECUTE|[48]
16:15:36.1 (231383439)|HEAP_ALLOCATE|[48]|Bytes:102
16:15:36.1 (231409359)|HEAP_ALLOCATE|[48]|Bytes:113
16:15:36.1 (231421414)|USER_DEBUG|[48]|DEBUG|newContact Contact:{FirstName=Contact First Name: 2, LastName=Contact Last Name: 2, AccountId=0011I000007rfTIQAY}
16:15:36.1 (231432025)|STATEMENT_EXECUTE|[50]
16:15:36.1 (231440520)|METHOD_EXIT|[27]|01p1I000008l70a|Day4CreateAccountsWIthContacts.createContact(Id, Integer)
16:15:36.1 (231469259)|HEAP_ALLOCATE|[EXTERNAL]|Bytes:4
16:15:36.1 (231485634)|HEAP_ALLOCATE|[20]|Bytes:4
16:15:36.1 (231495742)|VARIABLE_ASSIGNMENT|[20]|i|4
16:15:36.1 (231503848)|STATEMENT_EXECUTE|[20]
16:15:36.1 (231505269)|STATEMENT_EXECUTE|[21]
16:15:36.1 (231521036)|HEAP_ALLOCATE|[21]|Bytes:1
16:15:36.1 (231537535)|HEAP_ALLOCATE|[21]|Bytes:18
16:15:36.1 (231547857)|USER_DEBUG|[21]|DEBUG|Creating account 4
16:15:36.1 (231558296)|STATEMENT_EXECUTE|[22]
16:15:36.1 (231564236)|METHOD_ENTRY|[22]|01p1I000008l70a|Day4CreateAccountsWIthContacts.createAccount(Integer)
16:15:36.1 (231572449)|VARIABLE_SCOPE_BEGIN|[33]|accountNameSuffix|Integer|false|false
16:15:36.1 (231586346)|VARIABLE_ASSIGNMENT|[33]|accountNameSuffix|4
16:15:36.1 (231608095)|HEAP_ALLOCATE|[34]|Bytes:5
16:15:36.1 (231614083)|STATEMENT_EXECUTE|[33]
16:15:36.1 (231615662)|STATEMENT_EXECUTE|[34]
16:15:36.1 (231629518)|HEAP_ALLOCATE|[34]|Bytes:1
16:15:36.1 (231644798)|HEAP_ALLOCATE|[34]|Bytes:11
16:15:36.1 (231652537)|VARIABLE_SCOPE_BEGIN|[34]|accountName|String|false|false
16:15:36.1 (231666626)|VARIABLE_ASSIGNMENT|[34]|accountName|"myAccount-4"
16:15:36.1 (231673118)|STATEMENT_EXECUTE|[36]
16:15:36.1 (231691792)|HEAP_ALLOCATE|[36]|Bytes:4
16:15:36.1 (231723368)|VARIABLE_ASSIGNMENT|[36]|this.Name|"myAccount-4"|0x3616ca50
16:15:36.1 (231741162)|VARIABLE_SCOPE_BEGIN|[36]|myAccount|Account|true|false
16:15:36.1 (231758727)|VARIABLE_ASSIGNMENT|[36]|myAccount|{"Name":"myAccount-4"}|0x3616ca50
16:15:36.1 (231766570)|STATEMENT_EXECUTE|[37]
16:15:36.1 (231801291)|HEAP_ALLOCATE|[37]|Bytes:26
16:15:36.1 (231819717)|HEAP_ALLOCATE|[37]|Bytes:36
16:15:36.1 (231831475)|USER_DEBUG|[37]|DEBUG|myAccount Account:{Name=myAccount-4}
16:15:36.1 (231857398)|STATEMENT_EXECUTE|[39]
16:15:36.1 (231866091)|METHOD_EXIT|[22]|01p1I000008l70a|Day4CreateAccountsWIthContacts.createAccount(Integer)
16:15:36.1 (231880616)|VARIABLE_SCOPE_BEGIN|[22]|createdAccount|Account|true|false
16:15:36.1 (231897444)|VARIABLE_ASSIGNMENT|[22]|createdAccount|{"Name":"myAccount-4"}|0x3616ca50
16:15:36.1 (231905558)|STATEMENT_EXECUTE|[23]
16:15:36.1 (231916208)|HEAP_ALLOCATE|[EXTERNAL]|Bytes:4
16:15:36.1 (231924619)|STATEMENT_EXECUTE|[25]
16:15:36.1 (231935535)|HEAP_ALLOCATE|[25]|Bytes:8
16:15:36.1 (231941370)|DML_BEGIN|[25]|Op:Insert|Type:Account|Rows:1
16:15:36.1 (231965358)|HEAP_ALLOCATE|[EXTERNAL]|Bytes:8
16:15:36.1 (233505171)|CODE_UNIT_STARTED|[EXTERNAL]|DuplicateDetector
16:15:36.1 (233517651)|DUPLICATE_DETECTION_BEGIN
16:15:36.1 (233550341)|DUPLICATE_DETECTION_RULE_INVOCATION|DuplicateRuleId:0Bm1I000002PDEh|DuplicateRuleName:Standard Account Duplicate Rule|DmlType:INSERT
16:15:36.1 (243266627)|DUPLICATE_DETECTION_MATCH_INVOCATION_DETAILS|EntityType:Account|ActionTaken:Allow_[Alert,Report]|DuplicateRecordIds:
16:15:36.1 (243278163)|DUPLICATE_DETECTION_MATCH_INVOCATION_SUMMARY|EntityType:Account|NumRecordsToBeSaved:1|NumRecordsToBeSavedWithDuplicates:0|NumDuplicateRecordsFound:0
16:15:36.1 (243352244)|DUPLICATE_DETECTION_END
16:15:36.1 (243356118)|CODE_UNIT_FINISHED|DuplicateDetector
16:15:36.1 (256277225)|DML_END|[25]
16:15:36.1 (256292373)|STATEMENT_EXECUTE|[26]
16:15:36.1 (256310241)|METHOD_ENTRY|[26]|01p1I000008l70a|Day4CreateAccountsWIthContacts.createContact(Id, Integer)
16:15:36.1 (256323450)|VARIABLE_SCOPE_BEGIN|[42]|accountId|Id|false|false
16:15:36.1 (256390814)|VARIABLE_ASSIGNMENT|[42]|accountId|"0011I000007rfTJQAY"
16:15:36.1 (256398305)|VARIABLE_SCOPE_BEGIN|[42]|contactNumber|Integer|false|false
16:15:36.1 (256407345)|VARIABLE_ASSIGNMENT|[42]|contactNumber|1
16:15:36.1 (256424074)|HEAP_ALLOCATE|[43]|Bytes:5
16:15:36.1 (256429926)|STATEMENT_EXECUTE|[42]
16:15:36.1 (256431090)|STATEMENT_EXECUTE|[43]
16:15:36.1 (256448721)|HEAP_ALLOCATE|[43]|Bytes:4
16:15:36.1 (256486883)|HEAP_ALLOCATE|[44]|Bytes:1
16:15:36.1 (256506111)|HEAP_ALLOCATE|[44]|Bytes:21
16:15:36.1 (256573876)|VARIABLE_ASSIGNMENT|[43]|this.FirstName|"Contact First Name:  (1 more) ..."|0x6056a214
16:15:36.1 (256616930)|HEAP_ALLOCATE|[45]|Bytes:1
16:15:36.1 (256661452)|HEAP_ALLOCATE|[45]|Bytes:20
16:15:36.1 (256709027)|VARIABLE_ASSIGNMENT|[43]|this.LastName|"Contact Last Name: 1"|0x6056a214
16:15:36.1 (256758867)|VARIABLE_ASSIGNMENT|[43]|this.AccountId|"0011I000007rfTJQAY"|0x6056a214
16:15:36.1 (256778143)|VARIABLE_SCOPE_BEGIN|[43]|newContact|Contact|true|false
16:15:36.1 (256803306)|VARIABLE_ASSIGNMENT|[43]|newContact|{"FirstName":"Contact First Name:  (1 more) ...","LastName":"Contact Last Name: 1","AccountId":"0011I000007rfTJQAY"}|0x6056a214
16:15:36.1 (256818775)|STATEMENT_EXECUTE|[48]
16:15:36.1 (256855308)|HEAP_ALLOCATE|[48]|Bytes:102
16:15:36.1 (256868982)|HEAP_ALLOCATE|[48]|Bytes:113
16:15:36.1 (256877286)|USER_DEBUG|[48]|DEBUG|newContact Contact:{FirstName=Contact First Name: 1, LastName=Contact Last Name: 1, AccountId=0011I000007rfTJQAY}
16:15:36.1 (256884700)|STATEMENT_EXECUTE|[50]
16:15:36.1 (256893679)|METHOD_EXIT|[26]|01p1I000008l70a|Day4CreateAccountsWIthContacts.createContact(Id, Integer)
16:15:36.1 (256914183)|HEAP_ALLOCATE|[EXTERNAL]|Bytes:4
16:15:36.1 (256923581)|STATEMENT_EXECUTE|[27]
16:15:36.1 (256935339)|METHOD_ENTRY|[27]|01p1I000008l70a|Day4CreateAccountsWIthContacts.createContact(Id, Integer)
16:15:36.1 (256944941)|VARIABLE_SCOPE_BEGIN|[42]|accountId|Id|false|false
16:15:36.1 (257021508)|VARIABLE_ASSIGNMENT|[42]|accountId|"0011I000007rfTJQAY"
16:15:36.1 (257032494)|VARIABLE_SCOPE_BEGIN|[42]|contactNumber|Integer|false|false
16:15:36.1 (257042641)|VARIABLE_ASSIGNMENT|[42]|contactNumber|2
16:15:36.1 (257060656)|HEAP_ALLOCATE|[43]|Bytes:5
16:15:36.1 (257065583)|STATEMENT_EXECUTE|[42]
16:15:36.1 (257066632)|STATEMENT_EXECUTE|[43]
16:15:36.1 (257082173)|HEAP_ALLOCATE|[43]|Bytes:4
16:15:36.1 (257106734)|HEAP_ALLOCATE|[44]|Bytes:1
16:15:36.1 (257117727)|HEAP_ALLOCATE|[44]|Bytes:21
16:15:36.1 (257143461)|VARIABLE_ASSIGNMENT|[43]|this.FirstName|"Contact First Name:  (1 more) ..."|0x3c2e8660
16:15:36.1 (257158064)|HEAP_ALLOCATE|[45]|Bytes:1
16:15:36.1 (257171607)|HEAP_ALLOCATE|[45]|Bytes:20
16:15:36.1 (257186428)|VARIABLE_ASSIGNMENT|[43]|this.LastName|"Contact Last Name: 2"|0x3c2e8660
16:15:36.1 (257204571)|VARIABLE_ASSIGNMENT|[43]|this.AccountId|"0011I000007rfTJQAY"|0x3c2e8660
16:15:36.1 (257217195)|VARIABLE_SCOPE_BEGIN|[43]|newContact|Contact|true|false
16:15:36.1 (257231306)|VARIABLE_ASSIGNMENT|[43]|newContact|{"FirstName":"Contact First Name:  (1 more) ...","LastName":"Contact Last Name: 2","AccountId":"0011I000007rfTJQAY"}|0x3c2e8660
16:15:36.1 (257237467)|STATEMENT_EXECUTE|[48]
16:15:36.1 (257261181)|HEAP_ALLOCATE|[48]|Bytes:102
16:15:36.1 (257271959)|HEAP_ALLOCATE|[48]|Bytes:113
16:15:36.1 (257279327)|USER_DEBUG|[48]|DEBUG|newContact Contact:{FirstName=Contact First Name: 2, LastName=Contact Last Name: 2, AccountId=0011I000007rfTJQAY}
16:15:36.1 (257285942)|STATEMENT_EXECUTE|[50]
16:15:36.1 (257292119)|METHOD_EXIT|[27]|01p1I000008l70a|Day4CreateAccountsWIthContacts.createContact(Id, Integer)
16:15:36.1 (257301416)|HEAP_ALLOCATE|[EXTERNAL]|Bytes:4
16:15:36.1 (257306699)|HEAP_ALLOCATE|[20]|Bytes:4
16:15:36.1 (257312703)|VARIABLE_ASSIGNMENT|[20]|i|5
16:15:36.1 (257319775)|STATEMENT_EXECUTE|[30]
16:15:36.1 (257384000)|DML_BEGIN|[30]|Op:Insert|Type:Contact|Rows:10
16:15:36.1 (257412526)|HEAP_ALLOCATE|[EXTERNAL]|Bytes:44
16:15:36.1 (282673445)|CODE_UNIT_STARTED|[EXTERNAL]|DuplicateDetector
16:15:36.1 (282689666)|DUPLICATE_DETECTION_BEGIN
16:15:36.1 (282742441)|DUPLICATE_DETECTION_RULE_INVOCATION|DuplicateRuleId:0Bm1I000002PDEi|DuplicateRuleName:Standard Contact Duplicate Rule|DmlType:INSERT
16:15:36.1 (361906057)|DUPLICATE_DETECTION_MATCH_INVOCATION_DETAILS|EntityType:Contact|ActionTaken:Allow_[Alert,Report]|DuplicateRecordIds:
16:15:36.1 (361922406)|DUPLICATE_DETECTION_MATCH_INVOCATION_DETAILS|EntityType:Contact|ActionTaken:Allow_[Alert,Report]|DuplicateRecordIds:
16:15:36.1 (361927685)|DUPLICATE_DETECTION_MATCH_INVOCATION_DETAILS|EntityType:Contact|ActionTaken:Allow_[Alert,Report]|DuplicateRecordIds:
16:15:36.1 (361931878)|DUPLICATE_DETECTION_MATCH_INVOCATION_DETAILS|EntityType:Contact|ActionTaken:Allow_[Alert,Report]|DuplicateRecordIds:
16:15:36.1 (361936466)|DUPLICATE_DETECTION_MATCH_INVOCATION_DETAILS|EntityType:Contact|ActionTaken:Allow_[Alert,Report]|DuplicateRecordIds:
16:15:36.1 (361940899)|DUPLICATE_DETECTION_MATCH_INVOCATION_DETAILS|EntityType:Contact|ActionTaken:Allow_[Alert,Report]|DuplicateRecordIds:
16:15:36.1 (361944639)|DUPLICATE_DETECTION_MATCH_INVOCATION_DETAILS|EntityType:Contact|ActionTaken:Allow_[Alert,Report]|DuplicateRecordIds:
16:15:36.1 (361949545)|DUPLICATE_DETECTION_MATCH_INVOCATION_DETAILS|EntityType:Contact|ActionTaken:Allow_[Alert,Report]|DuplicateRecordIds:
16:15:36.1 (361954633)|DUPLICATE_DETECTION_MATCH_INVOCATION_DETAILS|EntityType:Contact|ActionTaken:Allow_[Alert,Report]|DuplicateRecordIds:
16:15:36.1 (361958435)|DUPLICATE_DETECTION_MATCH_INVOCATION_DETAILS|EntityType:Contact|ActionTaken:Allow_[Alert,Report]|DuplicateRecordIds:
16:15:36.1 (361964275)|DUPLICATE_DETECTION_MATCH_INVOCATION_SUMMARY|EntityType:Contact|NumRecordsToBeSaved:10|NumRecordsToBeSavedWithDuplicates:0|NumDuplicateRecordsFound:0
16:15:36.1 (361972663)|DUPLICATE_DETECTION_MATCH_INVOCATION_DETAILS|EntityType:Contact|ActionTaken:Allow_[Alert,Report]|DuplicateRecordIds:
16:15:36.1 (361976936)|DUPLICATE_DETECTION_MATCH_INVOCATION_DETAILS|EntityType:Contact|ActionTaken:Allow_[Alert,Report]|DuplicateRecordIds:
16:15:36.1 (361981494)|DUPLICATE_DETECTION_MATCH_INVOCATION_DETAILS|EntityType:Contact|ActionTaken:Allow_[Alert,Report]|DuplicateRecordIds:
16:15:36.1 (361985720)|DUPLICATE_DETECTION_MATCH_INVOCATION_DETAILS|EntityType:Contact|ActionTaken:Allow_[Alert,Report]|DuplicateRecordIds:
16:15:36.1 (361996116)|DUPLICATE_DETECTION_MATCH_INVOCATION_DETAILS|EntityType:Contact|ActionTaken:Allow_[Alert,Report]|DuplicateRecordIds:
16:15:36.1 (362000985)|DUPLICATE_DETECTION_MATCH_INVOCATION_DETAILS|EntityType:Contact|ActionTaken:Allow_[Alert,Report]|DuplicateRecordIds:
16:15:36.1 (362005862)|DUPLICATE_DETECTION_MATCH_INVOCATION_DETAILS|EntityType:Contact|ActionTaken:Allow_[Alert,Report]|DuplicateRecordIds:
16:15:36.1 (362009874)|DUPLICATE_DETECTION_MATCH_INVOCATION_DETAILS|EntityType:Contact|ActionTaken:Allow_[Alert,Report]|DuplicateRecordIds:
16:15:36.1 (362014516)|DUPLICATE_DETECTION_MATCH_INVOCATION_DETAILS|EntityType:Contact|ActionTaken:Allow_[Alert,Report]|DuplicateRecordIds:
16:15:36.1 (362018749)|DUPLICATE_DETECTION_MATCH_INVOCATION_DETAILS|EntityType:Contact|ActionTaken:Allow_[Alert,Report]|DuplicateRecordIds:
16:15:36.1 (362022884)|DUPLICATE_DETECTION_MATCH_INVOCATION_SUMMARY|EntityType:Contact|NumRecordsToBeSaved:10|NumRecordsToBeSavedWithDuplicates:0|NumDuplicateRecordsFound:0
16:15:36.1 (362139112)|DUPLICATE_DETECTION_END
16:15:36.1 (362147000)|CODE_UNIT_FINISHED|DuplicateDetector
16:15:36.1 (434549894)|DML_END|[30]
16:15:36.1 (434610231)|HEAP_ALLOCATE|[EXTERNAL]|Bytes:44
16:15:36.1 (434646714)|METHOD_EXIT|[1]|01p1I000008l70a|Day4CreateAccountsWIthContacts.createAccountsAndContacts(Integer)
16:15:36.1 (434660269)|SYSTEM_MODE_EXIT|false
16:15:36.1 (462606633)|CODE_UNIT_STARTED|[EXTERNAL]|DuplicateDetector
16:15:36.1 (462627374)|DUPLICATE_DETECTION_BEGIN
16:15:36.1 (462750596)|DUPLICATE_DETECTION_RULE_INVOCATION|DuplicateRuleId:0Bm1I000002PDEi|DuplicateRuleName:Standard Contact Duplicate Rule|DmlType:INSERT
16:15:36.1 (475078963)|DUPLICATE_DETECTION_END
16:15:36.1 (475093871)|CODE_UNIT_FINISHED|DuplicateDetector
16:15:36.1 (475180740)|CODE_UNIT_STARTED|[EXTERNAL]|DuplicateDetector
16:15:36.1 (475189088)|DUPLICATE_DETECTION_BEGIN
16:15:36.1 (475229070)|DUPLICATE_DETECTION_RULE_INVOCATION|DuplicateRuleId:0Bm1I000002PDEh|DuplicateRuleName:Standard Account Duplicate Rule|DmlType:INSERT
16:15:36.1 (482555255)|DUPLICATE_DETECTION_END
16:15:36.1 (482567252)|CODE_UNIT_FINISHED|DuplicateDetector
16:15:36.482 (482622732)|CUMULATIVE_LIMIT_USAGE
16:15:36.482 (482622732)|LIMIT_USAGE_FOR_NS|(default)|
  Number of SOQL queries: 0 out of 100
  Number of query rows: 0 out of 50000
  Number of SOSL queries: 0 out of 20
  Number of DML statements: 6 out of 150
  Number of DML rows: 15 out of 10000
  Maximum CPU time: 0 out of 10000
  Maximum heap size: 0 out of 6000000
  Number of callouts: 0 out of 100
  Number of Email Invocations: 0 out of 10
  Number of future calls: 0 out of 50
  Number of queueable jobs added to the queue: 0 out of 50
  Number of Mobile Apex push calls: 0 out of 10

16:15:36.482 (482622732)|CUMULATIVE_LIMIT_USAGE_END

16:15:36.1 (482667740)|CODE_UNIT_FINISHED|execute_anonymous_apex
16:15:36.1 (483724701)|EXECUTION_FINISHED
