41.0 APEX_CODE,FINEST;APEX_PROFILING,INFO;CALLOUT,INFO;DB,INFO;SYSTEM,DEBUG;VALIDATION,INFO;VISUALFORCE,INFO;WAVE,INFO;WORKFLOW,INFO
Execute Anonymous: 
Execute Anonymous: Person fred = new Person('Freddy');
Execute Anonymous: fred.email = 'fred@email.com';
Execute Anonymous: fred.print();
Execute Anonymous: 
Execute Anonymous: Person betty = new Person('Betty Boop');
Execute Anonymous: betty.print();
15:54:52.1 (1281595)|USER_INFO|[EXTERNAL]|0051I000001HhoW|mark.hausknecht@atginfo.com.apexbootcamp|Pacific Standard Time|GMT-08:00
15:54:52.1 (1428975)|EXECUTION_STARTED
15:54:52.1 (1435111)|CODE_UNIT_STARTED|[EXTERNAL]|execute_anonymous_apex
15:54:52.1 (2849897)|VARIABLE_SCOPE_BEGIN|[12]|Person.isHuman|Boolean|false|true
15:54:52.1 (3040775)|VARIABLE_SCOPE_BEGIN|[6]|betty|Person|true|false
15:54:52.1 (3058620)|VARIABLE_SCOPE_BEGIN|[2]|fred|Person|true|false
15:54:52.1 (3206581)|HEAP_ALLOCATE|[72]|Bytes:3
15:54:52.1 (3271374)|HEAP_ALLOCATE|[77]|Bytes:152
15:54:52.1 (3288204)|HEAP_ALLOCATE|[342]|Bytes:408
15:54:52.1 (3304951)|HEAP_ALLOCATE|[355]|Bytes:408
15:54:52.1 (3319316)|HEAP_ALLOCATE|[467]|Bytes:48
15:54:52.1 (3371742)|HEAP_ALLOCATE|[139]|Bytes:6
15:54:52.1 (3388984)|HEAP_ALLOCATE|[EXTERNAL]|Bytes:9
15:54:52.1 (3491261)|STATEMENT_EXECUTE|[1]
15:54:52.1 (3493907)|STATEMENT_EXECUTE|[2]
15:54:52.1 (3498300)|HEAP_ALLOCATE|[2]|Bytes:5
15:54:52.1 (3505544)|HEAP_ALLOCATE|[2]|Bytes:20
15:54:52.1 (3581348)|METHOD_ENTRY|[10]|01p1I00000AyVFl|Person.Person()
15:54:52.1 (3591029)|STATEMENT_EXECUTE|[10]
15:54:52.1 (3595346)|STATEMENT_EXECUTE|[10]
15:54:52.1 (3596932)|STATEMENT_EXECUTE|[12]
15:54:52.1 (3645551)|HEAP_ALLOCATE|[50]|Bytes:5
15:54:52.1 (3691555)|HEAP_ALLOCATE|[56]|Bytes:5
15:54:52.1 (3701093)|HEAP_ALLOCATE|[64]|Bytes:7
15:54:52.1 (3734157)|HEAP_ALLOCATE|[12]|Bytes:5
15:54:52.1 (3782355)|VARIABLE_ASSIGNMENT|[12]|Person.isHuman|true
15:54:52.1 (3804012)|METHOD_EXIT|[10]|Person
15:54:52.1 (3821714)|HEAP_ALLOCATE|[2]|Bytes:28
15:54:52.1 (3832116)|HEAP_ALLOCATE|[2]|Bytes:6
15:54:52.1 (3919637)|SYSTEM_MODE_ENTER|false
15:54:52.1 (3930988)|HEAP_ALLOCATE|[2]|Bytes:5
15:54:52.1 (3961103)|CONSTRUCTOR_ENTRY|[2]|01p1I00000AyVFl|<init>(String)
15:54:52.1 (3991875)|VARIABLE_SCOPE_BEGIN|[21]|this|Person|true|false
15:54:52.1 (4045773)|VARIABLE_ASSIGNMENT|[21]|this|{}|0x46c208c5
15:54:52.1 (4054167)|VARIABLE_SCOPE_BEGIN|[21]|defaultName|String|false|false
15:54:52.1 (4065082)|VARIABLE_ASSIGNMENT|[21]|defaultName|"Freddy"
15:54:52.1 (4071895)|STATEMENT_EXECUTE|[10]
15:54:52.1 (4073128)|STATEMENT_EXECUTE|[14]
15:54:52.1 (4074449)|STATEMENT_EXECUTE|[15]
15:54:52.1 (4075665)|STATEMENT_EXECUTE|[16]
15:54:52.1 (4077483)|STATEMENT_EXECUTE|[17]
15:54:52.1 (4078859)|STATEMENT_EXECUTE|[18]
15:54:52.1 (4080126)|STATEMENT_EXECUTE|[19]
15:54:52.1 (4084906)|HEAP_ALLOCATE|[19]|Bytes:5
15:54:52.1 (4101706)|VARIABLE_ASSIGNMENT|[19]|this.isDead|false|0x46c208c5
15:54:52.1 (4111596)|HEAP_ALLOCATE|[19]|Bytes:6
15:54:52.1 (4145170)|STATEMENT_EXECUTE|[21]
15:54:52.1 (4146587)|STATEMENT_EXECUTE|[22]
15:54:52.1 (4153246)|VARIABLE_ASSIGNMENT|[22]|this.name|"Freddy"|0x46c208c5
15:54:52.1 (4178418)|CONSTRUCTOR_EXIT|[2]|01p1I00000AyVFl|<init>(String)
15:54:52.1 (4422509)|SYSTEM_MODE_EXIT|false
15:54:52.1 (4454811)|VARIABLE_ASSIGNMENT|[2]|fred|{"isDead":false,"name":"Freddy"}|0x46c208c5
15:54:52.1 (4462053)|STATEMENT_EXECUTE|[3]
15:54:52.1 (4465253)|HEAP_ALLOCATE|[3]|Bytes:14
15:54:52.1 (4475745)|VARIABLE_ASSIGNMENT|[3]|this.email|"fred@email.com"|0x46c208c5
15:54:52.1 (4480311)|STATEMENT_EXECUTE|[4]
15:54:52.1 (4516588)|SYSTEM_MODE_ENTER|false
15:54:52.1 (4526911)|HEAP_ALLOCATE|[4]|Bytes:5
15:54:52.1 (29005663)|METHOD_ENTRY|[4]|01p1I00000AyVFl|Person.print()
15:54:52.1 (29094560)|VARIABLE_SCOPE_BEGIN|[28]|this|Person|true|false
15:54:52.1 (29152288)|VARIABLE_ASSIGNMENT|[28]|this|{"email":"fred@email.com","isDead":false,"name":"Freddy"}|0x46c208c5
15:54:52.1 (29168404)|STATEMENT_EXECUTE|[28]
15:54:52.1 (29170366)|STATEMENT_EXECUTE|[29]
15:54:52.1 (29177221)|HEAP_ALLOCATE|[29]|Bytes:13
15:54:52.1 (29209116)|HEAP_ALLOCATE|[29]|Bytes:19
15:54:52.1 (29572874)|USER_DEBUG|[29]|DEBUG|Person name: Freddy
15:54:52.1 (29636721)|STATEMENT_EXECUTE|[30]
15:54:52.1 (29642233)|HEAP_ALLOCATE|[30]|Bytes:14
15:54:52.1 (29657050)|HEAP_ALLOCATE|[30]|Bytes:28
15:54:52.1 (29681251)|USER_DEBUG|[30]|DEBUG|Person email: fred@email.com
15:54:52.1 (29693959)|STATEMENT_EXECUTE|[31]
15:54:52.1 (29697374)|HEAP_ALLOCATE|[31]|Bytes:15
15:54:52.1 (29708542)|HEAP_ALLOCATE|[31]|Bytes:19
15:54:52.1 (29725349)|USER_DEBUG|[31]|DEBUG|Person gender: null
15:54:52.1 (29735935)|STATEMENT_EXECUTE|[32]
15:54:52.1 (29739205)|HEAP_ALLOCATE|[32]|Bytes:15
15:54:52.1 (29842940)|HEAP_ALLOCATE|[32]|Bytes:19
15:54:52.1 (29857773)|USER_DEBUG|[32]|DEBUG|Person weight: null
15:54:52.1 (29867515)|STATEMENT_EXECUTE|[33]
15:54:52.1 (29871291)|HEAP_ALLOCATE|[33]|Bytes:12
15:54:52.1 (29910796)|HEAP_ALLOCATE|[33]|Bytes:16
15:54:52.1 (29923072)|USER_DEBUG|[33]|DEBUG|Person age: null
15:54:52.1 (29932993)|STATEMENT_EXECUTE|[34]
15:54:52.1 (29936114)|HEAP_ALLOCATE|[34]|Bytes:15
15:54:52.1 (30523259)|HEAP_ALLOCATE|[34]|Bytes:5
15:54:52.1 (30550179)|HEAP_ALLOCATE|[34]|Bytes:20
15:54:52.1 (30564948)|USER_DEBUG|[34]|DEBUG|Person isDead: false
15:54:52.1 (30576195)|STATEMENT_EXECUTE|[35]
15:54:52.1 (30579964)|HEAP_ALLOCATE|[35]|Bytes:16
15:54:52.1 (30619910)|HEAP_ALLOCATE|[35]|Bytes:4
15:54:52.1 (30632650)|HEAP_ALLOCATE|[35]|Bytes:20
15:54:52.1 (30640957)|USER_DEBUG|[35]|DEBUG|Person isHuman: true
15:54:52.1 (30652600)|METHOD_EXIT|[4]|01p1I00000AyVFl|Person.print()
15:54:52.1 (30663688)|SYSTEM_MODE_EXIT|false
15:54:52.1 (30670407)|STATEMENT_EXECUTE|[6]
15:54:52.1 (30676943)|HEAP_ALLOCATE|[6]|Bytes:28
15:54:52.1 (30682686)|HEAP_ALLOCATE|[6]|Bytes:10
15:54:52.1 (30731568)|SYSTEM_MODE_ENTER|false
15:54:52.1 (30743322)|HEAP_ALLOCATE|[6]|Bytes:5
15:54:52.1 (30755829)|CONSTRUCTOR_ENTRY|[6]|01p1I00000AyVFl|<init>(String)
15:54:52.1 (30771787)|VARIABLE_SCOPE_BEGIN|[21]|this|Person|true|false
15:54:52.1 (30796264)|VARIABLE_ASSIGNMENT|[21]|this|{}|0x733c7c71
15:54:52.1 (30806530)|VARIABLE_SCOPE_BEGIN|[21]|defaultName|String|false|false
15:54:52.1 (30823063)|VARIABLE_ASSIGNMENT|[21]|defaultName|"Betty Boop"
15:54:52.1 (30834319)|STATEMENT_EXECUTE|[10]
15:54:52.1 (30835630)|STATEMENT_EXECUTE|[14]
15:54:52.1 (30836621)|STATEMENT_EXECUTE|[15]
15:54:52.1 (30837483)|STATEMENT_EXECUTE|[16]
15:54:52.1 (30838423)|STATEMENT_EXECUTE|[17]
15:54:52.1 (30839344)|STATEMENT_EXECUTE|[18]
15:54:52.1 (30840218)|STATEMENT_EXECUTE|[19]
15:54:52.1 (30845031)|HEAP_ALLOCATE|[19]|Bytes:5
15:54:52.1 (30855623)|VARIABLE_ASSIGNMENT|[19]|this.isDead|false|0x733c7c71
15:54:52.1 (30880736)|STATEMENT_EXECUTE|[21]
15:54:52.1 (30882863)|STATEMENT_EXECUTE|[22]
15:54:52.1 (30891038)|VARIABLE_ASSIGNMENT|[22]|this.name|"Betty Boop"|0x733c7c71
15:54:52.1 (30909705)|CONSTRUCTOR_EXIT|[6]|01p1I00000AyVFl|<init>(String)
15:54:52.1 (30922211)|SYSTEM_MODE_EXIT|false
15:54:52.1 (30951396)|VARIABLE_ASSIGNMENT|[6]|betty|{"isDead":false,"name":"Betty Boop"}|0x733c7c71
15:54:52.1 (30961368)|STATEMENT_EXECUTE|[7]
15:54:52.1 (30996217)|SYSTEM_MODE_ENTER|false
15:54:52.1 (31004352)|HEAP_ALLOCATE|[7]|Bytes:5
15:54:52.1 (31018816)|METHOD_ENTRY|[7]|01p1I00000AyVFl|Person.print()
15:54:52.1 (31035770)|VARIABLE_SCOPE_BEGIN|[28]|this|Person|true|false
15:54:52.1 (31060736)|VARIABLE_ASSIGNMENT|[28]|this|{"isDead":false,"name":"Betty Boop"}|0x733c7c71
15:54:52.1 (31068720)|STATEMENT_EXECUTE|[28]
15:54:52.1 (31070296)|STATEMENT_EXECUTE|[29]
15:54:52.1 (31077771)|HEAP_ALLOCATE|[29]|Bytes:23
15:54:52.1 (31091498)|USER_DEBUG|[29]|DEBUG|Person name: Betty Boop
15:54:52.1 (31102432)|STATEMENT_EXECUTE|[30]
15:54:52.1 (31107976)|HEAP_ALLOCATE|[30]|Bytes:18
15:54:52.1 (31117643)|USER_DEBUG|[30]|DEBUG|Person email: null
15:54:52.1 (31125593)|STATEMENT_EXECUTE|[31]
15:54:52.1 (31128473)|HEAP_ALLOCATE|[31]|Bytes:19
15:54:52.1 (31133650)|USER_DEBUG|[31]|DEBUG|Person gender: null
15:54:52.1 (31139737)|STATEMENT_EXECUTE|[32]
15:54:52.1 (31163574)|HEAP_ALLOCATE|[32]|Bytes:19
15:54:52.1 (31174135)|USER_DEBUG|[32]|DEBUG|Person weight: null
15:54:52.1 (31183579)|STATEMENT_EXECUTE|[33]
15:54:52.1 (31195146)|HEAP_ALLOCATE|[33]|Bytes:16
15:54:52.1 (31201119)|USER_DEBUG|[33]|DEBUG|Person age: null
15:54:52.1 (31206315)|STATEMENT_EXECUTE|[34]
15:54:52.1 (31213329)|HEAP_ALLOCATE|[34]|Bytes:5
15:54:52.1 (31221106)|HEAP_ALLOCATE|[34]|Bytes:20
15:54:52.1 (31225829)|USER_DEBUG|[34]|DEBUG|Person isDead: false
15:54:52.1 (31230635)|STATEMENT_EXECUTE|[35]
15:54:52.1 (31237313)|HEAP_ALLOCATE|[35]|Bytes:4
15:54:52.1 (31244812)|HEAP_ALLOCATE|[35]|Bytes:20
15:54:52.1 (31249484)|USER_DEBUG|[35]|DEBUG|Person isHuman: true
15:54:52.1 (31260490)|METHOD_EXIT|[7]|01p1I00000AyVFl|Person.print()
15:54:52.1 (31268887)|SYSTEM_MODE_EXIT|false
15:54:52.31 (31315199)|CUMULATIVE_LIMIT_USAGE
15:54:52.31 (31315199)|LIMIT_USAGE_FOR_NS|(default)|
  Number of SOQL queries: 0 out of 100
  Number of query rows: 0 out of 50000
  Number of SOSL queries: 0 out of 20
  Number of DML statements: 0 out of 150
  Number of DML rows: 0 out of 10000
  Maximum CPU time: 0 out of 10000
  Maximum heap size: 0 out of 6000000
  Number of callouts: 0 out of 100
  Number of Email Invocations: 0 out of 10
  Number of future calls: 0 out of 50
  Number of queueable jobs added to the queue: 0 out of 50
  Number of Mobile Apex push calls: 0 out of 10

15:54:52.31 (31315199)|CUMULATIVE_LIMIT_USAGE_END

15:54:52.1 (31361887)|CODE_UNIT_FINISHED|execute_anonymous_apex
15:54:52.1 (32438820)|EXECUTION_FINISHED
