41.0 APEX_CODE,FINEST;APEX_PROFILING,INFO;CALLOUT,INFO;DB,INFO;SYSTEM,DEBUG;VALIDATION,INFO;VISUALFORCE,INFO;WAVE,INFO;WORKFLOW,INFO
Execute Anonymous: 
Execute Anonymous: Person fred = new Person('Freddy', 'fred@email.com');
Execute Anonymous: fred.setisHuman(false);
Execute Anonymous: fred.print();
Execute Anonymous: 
Execute Anonymous: Person betty = new Person('Betty Boop');
Execute Anonymous: betty.print();
Execute Anonymous: 
Execute Anonymous: Person johnny = new Person('Johnny 5');
Execute Anonymous: johnny.print();
16:41:29.1 (1050156)|USER_INFO|[EXTERNAL]|0051I000001HhoW|mark.hausknecht@atginfo.com.apexbootcamp|Pacific Standard Time|GMT-08:00
16:41:29.1 (1078060)|EXECUTION_STARTED
16:41:29.1 (1083429)|CODE_UNIT_STARTED|[EXTERNAL]|execute_anonymous_apex
16:41:29.1 (2369124)|VARIABLE_SCOPE_BEGIN|[12]|Person.isHuman|Boolean|false|true
16:41:29.1 (2418027)|VARIABLE_SCOPE_BEGIN|[6]|betty|Person|true|false
16:41:29.1 (2427777)|VARIABLE_SCOPE_BEGIN|[2]|fred|Person|true|false
16:41:29.1 (2438315)|VARIABLE_SCOPE_BEGIN|[9]|johnny|Person|true|false
16:41:29.1 (2575410)|HEAP_ALLOCATE|[72]|Bytes:3
16:41:29.1 (2619908)|HEAP_ALLOCATE|[77]|Bytes:152
16:41:29.1 (2634753)|HEAP_ALLOCATE|[342]|Bytes:408
16:41:29.1 (2652306)|HEAP_ALLOCATE|[355]|Bytes:408
16:41:29.1 (2674907)|HEAP_ALLOCATE|[467]|Bytes:48
16:41:29.1 (2709948)|HEAP_ALLOCATE|[139]|Bytes:6
16:41:29.1 (2727410)|HEAP_ALLOCATE|[EXTERNAL]|Bytes:14
16:41:29.1 (2769382)|STATEMENT_EXECUTE|[1]
16:41:29.1 (2771418)|STATEMENT_EXECUTE|[2]
16:41:29.1 (2774387)|HEAP_ALLOCATE|[2]|Bytes:14
16:41:29.1 (2779724)|HEAP_ALLOCATE|[2]|Bytes:20
16:41:29.1 (2816207)|METHOD_ENTRY|[10]|01p1I00000AyVFl|Person.Person()
16:41:29.1 (2821955)|STATEMENT_EXECUTE|[10]
16:41:29.1 (2824112)|STATEMENT_EXECUTE|[10]
16:41:29.1 (2824993)|STATEMENT_EXECUTE|[12]
16:41:29.1 (2855061)|HEAP_ALLOCATE|[50]|Bytes:5
16:41:29.1 (2878879)|HEAP_ALLOCATE|[56]|Bytes:5
16:41:29.1 (2885366)|HEAP_ALLOCATE|[64]|Bytes:7
16:41:29.1 (2904193)|HEAP_ALLOCATE|[12]|Bytes:5
16:41:29.1 (2925772)|VARIABLE_ASSIGNMENT|[12]|Person.isHuman|true
16:41:29.1 (2933747)|METHOD_EXIT|[10]|Person
16:41:29.1 (2948976)|HEAP_ALLOCATE|[2]|Bytes:28
16:41:29.1 (2952974)|HEAP_ALLOCATE|[2]|Bytes:6
16:41:29.1 (2955726)|HEAP_ALLOCATE|[2]|Bytes:14
16:41:29.1 (2991291)|SYSTEM_MODE_ENTER|false
16:41:29.1 (3003124)|HEAP_ALLOCATE|[2]|Bytes:5
16:41:29.1 (3020233)|CONSTRUCTOR_ENTRY|[2]|01p1I00000AyVFl|<init>(String,String)
16:41:29.1 (3046059)|VARIABLE_SCOPE_BEGIN|[32]|this|Person|true|false
16:41:29.1 (3087167)|VARIABLE_ASSIGNMENT|[32]|this|{}|0x4271b795
16:41:29.1 (3093815)|VARIABLE_SCOPE_BEGIN|[32]|defaultName|String|false|false
16:41:29.1 (3104663)|VARIABLE_ASSIGNMENT|[32]|defaultName|"Freddy"
16:41:29.1 (3108812)|VARIABLE_SCOPE_BEGIN|[32]|defaultEmail|String|false|false
16:41:29.1 (3115217)|VARIABLE_ASSIGNMENT|[32]|defaultEmail|"fred@email.com"
16:41:29.1 (3125037)|STATEMENT_EXECUTE|[10]
16:41:29.1 (3126169)|STATEMENT_EXECUTE|[14]
16:41:29.1 (3127132)|STATEMENT_EXECUTE|[15]
16:41:29.1 (3127920)|STATEMENT_EXECUTE|[16]
16:41:29.1 (3128764)|STATEMENT_EXECUTE|[17]
16:41:29.1 (3129550)|STATEMENT_EXECUTE|[18]
16:41:29.1 (3130336)|STATEMENT_EXECUTE|[19]
16:41:29.1 (3135898)|HEAP_ALLOCATE|[33]|Bytes:6
16:41:29.1 (3164491)|STATEMENT_EXECUTE|[32]
16:41:29.1 (3165750)|STATEMENT_EXECUTE|[33]
16:41:29.1 (3175513)|VARIABLE_ASSIGNMENT|[33]|this.name|"Freddy"|0x4271b795
16:41:29.1 (3181067)|STATEMENT_EXECUTE|[34]
16:41:29.1 (3184854)|VARIABLE_ASSIGNMENT|[34]|this.email|"fred@email.com"|0x4271b795
16:41:29.1 (3195701)|CONSTRUCTOR_EXIT|[2]|01p1I00000AyVFl|<init>(String,String)
16:41:29.1 (3205187)|SYSTEM_MODE_EXIT|false
16:41:29.1 (3224962)|VARIABLE_ASSIGNMENT|[2]|fred|{"email":"fred@email.com","name":"Freddy"}|0x4271b795
16:41:29.1 (3230678)|STATEMENT_EXECUTE|[3]
16:41:29.1 (3256106)|SYSTEM_MODE_ENTER|false
16:41:29.1 (3264583)|HEAP_ALLOCATE|[3]|Bytes:5
16:41:29.1 (3289875)|METHOD_ENTRY|[3]|01p1I00000AyVFl|Person.setIsHuman(Boolean)
16:41:29.1 (3312823)|VARIABLE_SCOPE_BEGIN|[54]|this|Person|true|false
16:41:29.1 (3330148)|VARIABLE_ASSIGNMENT|[54]|this|{"email":"fred@email.com","name":"Freddy"}|0x4271b795
16:41:29.1 (3337833)|VARIABLE_SCOPE_BEGIN|[54]|isHumanVal|Boolean|false|false
16:41:29.1 (3344462)|VARIABLE_ASSIGNMENT|[54]|isHumanVal|false
16:41:29.1 (3351446)|STATEMENT_EXECUTE|[54]
16:41:29.1 (3352408)|STATEMENT_EXECUTE|[55]
16:41:29.1 (3355473)|HEAP_ALLOCATE|[55]|Bytes:5
16:41:29.1 (3362018)|VARIABLE_ASSIGNMENT|[55]|Person.isHuman|false
16:41:29.1 (3368749)|METHOD_EXIT|[3]|01p1I00000AyVFl|Person.setIsHuman(Boolean)
16:41:29.1 (3375389)|SYSTEM_MODE_EXIT|false
16:41:29.1 (3379518)|STATEMENT_EXECUTE|[4]
16:41:29.1 (3398458)|SYSTEM_MODE_ENTER|false
16:41:29.1 (3405242)|HEAP_ALLOCATE|[4]|Bytes:5
16:41:29.1 (3414749)|METHOD_ENTRY|[4]|01p1I00000AyVFl|Person.print()
16:41:29.1 (3431233)|VARIABLE_SCOPE_BEGIN|[43]|this|Person|true|false
16:41:29.1 (3447797)|VARIABLE_ASSIGNMENT|[43]|this|{"email":"fred@email.com","name":"Freddy"}|0x4271b795
16:41:29.1 (3455297)|STATEMENT_EXECUTE|[43]
16:41:29.1 (3456777)|STATEMENT_EXECUTE|[44]
16:41:29.1 (3459317)|HEAP_ALLOCATE|[44]|Bytes:13
16:41:29.1 (3481078)|HEAP_ALLOCATE|[44]|Bytes:19
16:41:29.1 (3540235)|USER_DEBUG|[44]|DEBUG|Person name: Freddy
16:41:29.1 (3551348)|STATEMENT_EXECUTE|[45]
16:41:29.1 (3553862)|HEAP_ALLOCATE|[45]|Bytes:14
16:41:29.1 (3561235)|HEAP_ALLOCATE|[45]|Bytes:28
16:41:29.1 (3572876)|USER_DEBUG|[45]|DEBUG|Person email: fred@email.com
16:41:29.1 (3578919)|STATEMENT_EXECUTE|[46]
16:41:29.1 (3580515)|HEAP_ALLOCATE|[46]|Bytes:15
16:41:29.1 (3585854)|HEAP_ALLOCATE|[46]|Bytes:19
16:41:29.1 (3593203)|USER_DEBUG|[46]|DEBUG|Person gender: null
16:41:29.1 (3598612)|STATEMENT_EXECUTE|[47]
16:41:29.1 (3599909)|HEAP_ALLOCATE|[47]|Bytes:15
16:41:29.1 (3646427)|HEAP_ALLOCATE|[47]|Bytes:19
16:41:29.1 (3654141)|USER_DEBUG|[47]|DEBUG|Person weight: null
16:41:29.1 (3658540)|STATEMENT_EXECUTE|[48]
16:41:29.1 (3659925)|HEAP_ALLOCATE|[48]|Bytes:12
16:41:29.1 (3681525)|HEAP_ALLOCATE|[48]|Bytes:16
16:41:29.1 (3687362)|USER_DEBUG|[48]|DEBUG|Person age: null
16:41:29.1 (3692598)|STATEMENT_EXECUTE|[49]
16:41:29.1 (3694368)|HEAP_ALLOCATE|[49]|Bytes:15
16:41:29.1 (3713303)|HEAP_ALLOCATE|[49]|Bytes:19
16:41:29.1 (3719333)|USER_DEBUG|[49]|DEBUG|Person isDead: null
16:41:29.1 (3723773)|STATEMENT_EXECUTE|[50]
16:41:29.1 (3725016)|HEAP_ALLOCATE|[50]|Bytes:16
16:41:29.1 (3741313)|HEAP_ALLOCATE|[50]|Bytes:5
16:41:29.1 (3750231)|HEAP_ALLOCATE|[50]|Bytes:21
16:41:29.1 (3755470)|USER_DEBUG|[50]|DEBUG|Person isHuman: false
16:41:29.1 (3761693)|METHOD_EXIT|[4]|01p1I00000AyVFl|Person.print()
16:41:29.1 (3768166)|SYSTEM_MODE_EXIT|false
16:41:29.1 (3772781)|STATEMENT_EXECUTE|[6]
16:41:29.1 (3776724)|HEAP_ALLOCATE|[6]|Bytes:28
16:41:29.1 (3780967)|HEAP_ALLOCATE|[6]|Bytes:10
16:41:29.1 (3805581)|SYSTEM_MODE_ENTER|false
16:41:29.1 (3814154)|HEAP_ALLOCATE|[6]|Bytes:5
16:41:29.1 (3824202)|CONSTRUCTOR_ENTRY|[6]|01p1I00000AyVFl|<init>(String)
16:41:29.1 (3837956)|VARIABLE_SCOPE_BEGIN|[21]|this|Person|true|false
16:41:29.1 (3854922)|VARIABLE_ASSIGNMENT|[21]|this|{}|0x3b0dc4b8
16:41:29.1 (3861345)|VARIABLE_SCOPE_BEGIN|[21]|defaultName|String|false|false
16:41:29.1 (3869446)|VARIABLE_ASSIGNMENT|[21]|defaultName|"Betty Boop"
16:41:29.1 (3874070)|STATEMENT_EXECUTE|[10]
16:41:29.1 (3875261)|STATEMENT_EXECUTE|[14]
16:41:29.1 (3876170)|STATEMENT_EXECUTE|[15]
16:41:29.1 (3876935)|STATEMENT_EXECUTE|[16]
16:41:29.1 (3877717)|STATEMENT_EXECUTE|[17]
16:41:29.1 (3878496)|STATEMENT_EXECUTE|[18]
16:41:29.1 (3879303)|STATEMENT_EXECUTE|[19]
16:41:29.1 (3888915)|STATEMENT_EXECUTE|[21]
16:41:29.1 (3889913)|STATEMENT_EXECUTE|[22]
16:41:29.1 (3895906)|VARIABLE_ASSIGNMENT|[22]|this.name|"Betty Boop"|0x3b0dc4b8
16:41:29.1 (3901186)|STATEMENT_EXECUTE|[25]
16:41:29.1 (3913236)|HEAP_ALLOCATE|[25]|Bytes:5
16:41:29.1 (3919163)|VARIABLE_ASSIGNMENT|[25]|this.IS_DEAD|false|0x3b0dc4b8
16:41:29.1 (3926676)|CONSTRUCTOR_EXIT|[6]|01p1I00000AyVFl|<init>(String)
16:41:29.1 (3932523)|SYSTEM_MODE_EXIT|false
16:41:29.1 (3948224)|VARIABLE_ASSIGNMENT|[6]|betty|{"IS_DEAD":false,"name":"Betty Boop"}|0x3b0dc4b8
16:41:29.1 (3953821)|STATEMENT_EXECUTE|[7]
16:41:29.1 (3973326)|SYSTEM_MODE_ENTER|false
16:41:29.1 (3980610)|HEAP_ALLOCATE|[7]|Bytes:5
16:41:29.1 (3988345)|METHOD_ENTRY|[7]|01p1I00000AyVFl|Person.print()
16:41:29.1 (3998256)|VARIABLE_SCOPE_BEGIN|[43]|this|Person|true|false
16:41:29.1 (4014330)|VARIABLE_ASSIGNMENT|[43]|this|{"IS_DEAD":false,"name":"Betty Boop"}|0x3b0dc4b8
16:41:29.1 (4022039)|STATEMENT_EXECUTE|[43]
16:41:29.1 (4023324)|STATEMENT_EXECUTE|[44]
16:41:29.1 (4027658)|HEAP_ALLOCATE|[44]|Bytes:23
16:41:29.1 (4036877)|USER_DEBUG|[44]|DEBUG|Person name: Betty Boop
16:41:29.1 (4045980)|STATEMENT_EXECUTE|[45]
16:41:29.1 (4050552)|HEAP_ALLOCATE|[45]|Bytes:18
16:41:29.1 (4058720)|USER_DEBUG|[45]|DEBUG|Person email: null
16:41:29.1 (4066329)|STATEMENT_EXECUTE|[46]
16:41:29.1 (4070414)|HEAP_ALLOCATE|[46]|Bytes:19
16:41:29.1 (4077273)|USER_DEBUG|[46]|DEBUG|Person gender: null
16:41:29.1 (4081553)|STATEMENT_EXECUTE|[47]
16:41:29.1 (4099050)|HEAP_ALLOCATE|[47]|Bytes:19
16:41:29.1 (4104644)|USER_DEBUG|[47]|DEBUG|Person weight: null
16:41:29.1 (4108738)|STATEMENT_EXECUTE|[48]
16:41:29.1 (4118638)|HEAP_ALLOCATE|[48]|Bytes:16
16:41:29.1 (4123495)|USER_DEBUG|[48]|DEBUG|Person age: null
16:41:29.1 (4128229)|STATEMENT_EXECUTE|[49]
16:41:29.1 (4134553)|HEAP_ALLOCATE|[49]|Bytes:5
16:41:29.1 (4142013)|HEAP_ALLOCATE|[49]|Bytes:20
16:41:29.1 (4146534)|USER_DEBUG|[49]|DEBUG|Person isDead: false
16:41:29.1 (4150897)|STATEMENT_EXECUTE|[50]
16:41:29.1 (4157208)|HEAP_ALLOCATE|[50]|Bytes:5
16:41:29.1 (4164174)|HEAP_ALLOCATE|[50]|Bytes:21
16:41:29.1 (4168369)|USER_DEBUG|[50]|DEBUG|Person isHuman: false
16:41:29.1 (4174219)|METHOD_EXIT|[7]|01p1I00000AyVFl|Person.print()
16:41:29.1 (4180856)|SYSTEM_MODE_EXIT|false
16:41:29.1 (4184778)|STATEMENT_EXECUTE|[9]
16:41:29.1 (4188585)|HEAP_ALLOCATE|[9]|Bytes:28
16:41:29.1 (4192657)|HEAP_ALLOCATE|[9]|Bytes:8
16:41:29.1 (4214833)|SYSTEM_MODE_ENTER|false
16:41:29.1 (4221986)|HEAP_ALLOCATE|[9]|Bytes:5
16:41:29.1 (4230121)|CONSTRUCTOR_ENTRY|[9]|01p1I00000AyVFl|<init>(String)
16:41:29.1 (4240301)|VARIABLE_SCOPE_BEGIN|[21]|this|Person|true|false
16:41:29.1 (4256344)|VARIABLE_ASSIGNMENT|[21]|this|{}|0x6ad01069
16:41:29.1 (4261162)|VARIABLE_SCOPE_BEGIN|[21]|defaultName|String|false|false
16:41:29.1 (4268877)|VARIABLE_ASSIGNMENT|[21]|defaultName|"Johnny 5"
16:41:29.1 (4273408)|STATEMENT_EXECUTE|[10]
16:41:29.1 (4274348)|STATEMENT_EXECUTE|[14]
16:41:29.1 (4275313)|STATEMENT_EXECUTE|[15]
16:41:29.1 (4276121)|STATEMENT_EXECUTE|[16]
16:41:29.1 (4277299)|STATEMENT_EXECUTE|[17]
16:41:29.1 (4278141)|STATEMENT_EXECUTE|[18]
16:41:29.1 (4278943)|STATEMENT_EXECUTE|[19]
16:41:29.1 (4287413)|STATEMENT_EXECUTE|[21]
16:41:29.1 (4288357)|STATEMENT_EXECUTE|[22]
16:41:29.1 (4293060)|VARIABLE_ASSIGNMENT|[22]|this.name|"Johnny 5"|0x6ad01069
16:41:29.1 (4298000)|STATEMENT_EXECUTE|[25]
16:41:29.1 (4303917)|HEAP_ALLOCATE|[25]|Bytes:5
16:41:29.1 (4309431)|VARIABLE_ASSIGNMENT|[25]|this.IS_DEAD|false|0x6ad01069
16:41:29.1 (4317139)|CONSTRUCTOR_EXIT|[9]|01p1I00000AyVFl|<init>(String)
16:41:29.1 (4323255)|SYSTEM_MODE_EXIT|false
16:41:29.1 (4338142)|VARIABLE_ASSIGNMENT|[9]|johnny|{"IS_DEAD":false,"name":"Johnny 5"}|0x6ad01069
16:41:29.1 (4343822)|STATEMENT_EXECUTE|[10]
16:41:29.1 (4362564)|SYSTEM_MODE_ENTER|false
16:41:29.1 (4369184)|HEAP_ALLOCATE|[10]|Bytes:5
16:41:29.1 (4376591)|METHOD_ENTRY|[10]|01p1I00000AyVFl|Person.print()
16:41:29.1 (4390132)|VARIABLE_SCOPE_BEGIN|[43]|this|Person|true|false
16:41:29.1 (4405926)|VARIABLE_ASSIGNMENT|[43]|this|{"IS_DEAD":false,"name":"Johnny 5"}|0x6ad01069
16:41:29.1 (4412515)|STATEMENT_EXECUTE|[43]
16:41:29.1 (4413435)|STATEMENT_EXECUTE|[44]
16:41:29.1 (4417775)|HEAP_ALLOCATE|[44]|Bytes:21
16:41:29.1 (4426086)|USER_DEBUG|[44]|DEBUG|Person name: Johnny 5
16:41:29.1 (4431133)|STATEMENT_EXECUTE|[45]
16:41:29.1 (4433486)|HEAP_ALLOCATE|[45]|Bytes:18
16:41:29.1 (4437439)|USER_DEBUG|[45]|DEBUG|Person email: null
16:41:29.1 (4441193)|STATEMENT_EXECUTE|[46]
16:41:29.1 (4443054)|HEAP_ALLOCATE|[46]|Bytes:19
16:41:29.1 (4446737)|USER_DEBUG|[46]|DEBUG|Person gender: null
16:41:29.1 (4451215)|STATEMENT_EXECUTE|[47]
16:41:29.1 (4465861)|HEAP_ALLOCATE|[47]|Bytes:19
16:41:29.1 (4470801)|USER_DEBUG|[47]|DEBUG|Person weight: null
16:41:29.1 (4475807)|STATEMENT_EXECUTE|[48]
16:41:29.1 (4485239)|HEAP_ALLOCATE|[48]|Bytes:16
16:41:29.1 (4489883)|USER_DEBUG|[48]|DEBUG|Person age: null
16:41:29.1 (4494093)|STATEMENT_EXECUTE|[49]
16:41:29.1 (4500170)|HEAP_ALLOCATE|[49]|Bytes:5
16:41:29.1 (4507989)|HEAP_ALLOCATE|[49]|Bytes:20
16:41:29.1 (4511994)|USER_DEBUG|[49]|DEBUG|Person isDead: false
16:41:29.1 (4516075)|STATEMENT_EXECUTE|[50]
16:41:29.1 (4522131)|HEAP_ALLOCATE|[50]|Bytes:5
16:41:29.1 (4529545)|HEAP_ALLOCATE|[50]|Bytes:21
16:41:29.1 (4533988)|USER_DEBUG|[50]|DEBUG|Person isHuman: false
16:41:29.1 (4540758)|METHOD_EXIT|[10]|01p1I00000AyVFl|Person.print()
16:41:29.1 (4547515)|SYSTEM_MODE_EXIT|false
16:41:29.4 (4569720)|CUMULATIVE_LIMIT_USAGE
16:41:29.4 (4569720)|LIMIT_USAGE_FOR_NS|(default)|
  Number of SOQL queries: 0 out of 100
  Number of query rows: 0 out of 50000
  Number of SOSL queries: 0 out of 20
  Number of DML statements: 0 out of 150
  Number of DML rows: 0 out of 10000
  Maximum CPU time: 0 out of 10000
  Maximum heap size: 0 out of 6000000
  Number of callouts: 0 out of 100
  Number of Email Invocations: 0 out of 10
  Number of future calls: 0 out of 50
  Number of queueable jobs added to the queue: 0 out of 50
  Number of Mobile Apex push calls: 0 out of 10

16:41:29.4 (4569720)|CUMULATIVE_LIMIT_USAGE_END

16:41:29.1 (4604032)|CODE_UNIT_FINISHED|execute_anonymous_apex
16:41:29.1 (5388288)|EXECUTION_FINISHED
