36.0 APEX_CODE,FINEST;APEX_PROFILING,INFO;CALLOUT,INFO;DB,INFO;SYSTEM,DEBUG;VALIDATION,INFO;VISUALFORCE,INFO;WAVE,INFO;WORKFLOW,INFO
14:31:38.0 (664960)|USER_INFO|[EXTERNAL]|0051I000001HhoW|mark.hausknecht@atginfo.com.apexbootcamp|Pacific Standard Time|GMT-08:00
14:31:38.0 (702298)|EXECUTION_STARTED
14:31:38.0 (706045)|CODE_UNIT_STARTED|[EXTERNAL]|01p1I00000AE871|ApexBootcampUnitTest.test_method_one
14:31:38.0 (1467288)|HEAP_ALLOCATE|[72]|Bytes:3
14:31:38.0 (1514547)|HEAP_ALLOCATE|[77]|Bytes:152
14:31:38.0 (1533252)|HEAP_ALLOCATE|[342]|Bytes:408
14:31:38.0 (1550538)|HEAP_ALLOCATE|[355]|Bytes:408
14:31:38.0 (1564085)|HEAP_ALLOCATE|[467]|Bytes:48
14:31:38.0 (1595146)|HEAP_ALLOCATE|[139]|Bytes:6
14:31:38.0 (1611600)|HEAP_ALLOCATE|[EXTERNAL]|Bytes:3
14:31:38.0 (1622626)|METHOD_ENTRY|[2]|01p1I00000AE871|ApexBootcampUnitTest.ApexBootcampUnitTest()
14:31:38.0 (1628251)|STATEMENT_EXECUTE|[2]
14:31:38.0 (1633062)|STATEMENT_EXECUTE|[2]
14:31:38.0 (1637413)|METHOD_EXIT|[2]|ApexBootcampUnitTest
14:31:38.0 (1674932)|HEAP_ALLOCATE|[50]|Bytes:5
14:31:38.0 (1700332)|HEAP_ALLOCATE|[56]|Bytes:5
14:31:38.0 (1707947)|HEAP_ALLOCATE|[64]|Bytes:7
14:31:38.0 (1751355)|STATEMENT_EXECUTE|[4]
14:31:38.0 (1753131)|STATEMENT_EXECUTE|[6]
14:31:38.0 (1755835)|HEAP_ALLOCATE|[6]|Bytes:40
14:31:38.0 (1778604)|HEAP_ALLOCATE|[6]|Bytes:4
14:31:38.0 (3344944)|SOQL_EXECUTE_BEGIN|[6]|Aggregations:0|SELECT ID FROM Lead WHERE Title = 'King'
14:31:38.0 (5351564)|SOQL_EXECUTE_END|[6]|Rows:0
14:31:38.0 (5372932)|HEAP_ALLOCATE|[6]|Bytes:4
14:31:38.0 (5384461)|HEAP_ALLOCATE|[6]|Bytes:0
14:31:38.0 (5501347)|HEAP_ALLOCATE|[6]|Bytes:4
14:31:38.0 (5516329)|VARIABLE_SCOPE_BEGIN|[6]|leadList|List<Lead>|true|false
14:31:38.0 (5546343)|VARIABLE_ASSIGNMENT|[6]|leadList|[]|0x10372f56
14:31:38.0 (5553041)|STATEMENT_EXECUTE|[7]
14:31:38.5 (5602358)|CUMULATIVE_LIMIT_USAGE
14:31:38.5 (5602358)|LIMIT_USAGE_FOR_NS|(default)|
  Number of SOQL queries: 1 out of 100
  Number of query rows: 0 out of 50000
  Number of SOSL queries: 0 out of 20
  Number of DML statements: 0 out of 150
  Number of DML rows: 0 out of 10000
  Maximum CPU time: 0 out of 10000
  Maximum heap size: 0 out of 6000000
  Number of callouts: 0 out of 100
  Number of Email Invocations: 0 out of 10
  Number of future calls: 0 out of 50
  Number of queueable jobs added to the queue: 0 out of 50
  Number of Mobile Apex push calls: 0 out of 10

14:31:38.5 (5602358)|CUMULATIVE_LIMIT_USAGE_END

14:31:38.0 (5631056)|CODE_UNIT_FINISHED|ApexBootcampUnitTest.test_method_one
14:31:38.0 (6373039)|EXECUTION_FINISHED
14:31:38.24 (24240413)|USER_INFO|[EXTERNAL]|0051I000001HhoW|mark.hausknecht@atginfo.com.apexbootcamp|Pacific Standard Time|GMT-08:00
14:31:38.24 (24256713)|EXECUTION_STARTED
14:31:38.24 (24260542)|CODE_UNIT_STARTED|[EXTERNAL]|01p1I00000AE871|ApexBootcampUnitTest.test_method_two
14:31:38.24 (24394562)|HEAP_ALLOCATE|[72]|Bytes:3
14:31:38.24 (24433399)|HEAP_ALLOCATE|[77]|Bytes:152
14:31:38.24 (24451412)|HEAP_ALLOCATE|[342]|Bytes:408
14:31:38.24 (24468227)|HEAP_ALLOCATE|[355]|Bytes:408
14:31:38.24 (24481755)|HEAP_ALLOCATE|[467]|Bytes:48
14:31:38.24 (24510404)|HEAP_ALLOCATE|[139]|Bytes:6
14:31:38.24 (24525544)|HEAP_ALLOCATE|[EXTERNAL]|Bytes:3
14:31:38.24 (24537187)|METHOD_ENTRY|[2]|01p1I00000AE871|ApexBootcampUnitTest.ApexBootcampUnitTest()
14:31:38.24 (24542357)|STATEMENT_EXECUTE|[2]
14:31:38.24 (24546866)|STATEMENT_EXECUTE|[2]
14:31:38.24 (24550886)|METHOD_EXIT|[2]|ApexBootcampUnitTest
14:31:38.24 (24573274)|HEAP_ALLOCATE|[50]|Bytes:5
14:31:38.24 (24595719)|HEAP_ALLOCATE|[56]|Bytes:5
14:31:38.24 (24603072)|HEAP_ALLOCATE|[64]|Bytes:7
14:31:38.24 (24640892)|STATEMENT_EXECUTE|[11]
14:31:38.24 (24647059)|CUMULATIVE_LIMIT_USAGE
14:31:38.24 (24647059)|LIMIT_USAGE_FOR_NS|(default)|
  Number of SOQL queries: 0 out of 100
  Number of query rows: 0 out of 50000
  Number of SOSL queries: 0 out of 20
  Number of DML statements: 0 out of 150
  Number of DML rows: 0 out of 10000
  Maximum CPU time: 0 out of 10000
  Maximum heap size: 0 out of 6000000
  Number of callouts: 0 out of 100
  Number of Email Invocations: 0 out of 10
  Number of future calls: 0 out of 50
  Number of queueable jobs added to the queue: 0 out of 50
  Number of Mobile Apex push calls: 0 out of 10

14:31:38.24 (24647059)|CUMULATIVE_LIMIT_USAGE_END

14:31:38.24 (24673874)|CODE_UNIT_FINISHED|ApexBootcampUnitTest.test_method_two
14:31:38.24 (25396732)|EXECUTION_FINISHED
