36.0 APEX_CODE,FINEST;APEX_PROFILING,INFO;CALLOUT,INFO;DB,INFO;SYSTEM,DEBUG;VALIDATION,INFO;VISUALFORCE,INFO;WAVE,INFO;WORKFLOW,INFO
14:30:51.0 (404702)|USER_INFO|[EXTERNAL]|0051I000001HhoW|mark.hausknecht@atginfo.com.apexbootcamp|Pacific Standard Time|GMT-08:00
14:30:51.0 (446121)|EXECUTION_STARTED
14:30:51.0 (451279)|CODE_UNIT_STARTED|[EXTERNAL]|01p1I00000AE871|ApexBootcampUnitTest.test_method_one
14:30:51.0 (835839)|HEAP_ALLOCATE|[72]|Bytes:3
14:30:51.0 (882956)|HEAP_ALLOCATE|[77]|Bytes:152
14:30:51.0 (899913)|HEAP_ALLOCATE|[342]|Bytes:408
14:30:51.0 (916611)|HEAP_ALLOCATE|[355]|Bytes:408
14:30:51.0 (931361)|HEAP_ALLOCATE|[467]|Bytes:48
14:30:51.0 (961605)|HEAP_ALLOCATE|[139]|Bytes:6
14:30:51.0 (977832)|HEAP_ALLOCATE|[EXTERNAL]|Bytes:3
14:30:51.0 (987903)|METHOD_ENTRY|[2]|01p1I00000AE871|ApexBootcampUnitTest.ApexBootcampUnitTest()
14:30:51.0 (994996)|STATEMENT_EXECUTE|[2]
14:30:51.0 (1000286)|STATEMENT_EXECUTE|[2]
14:30:51.0 (1005001)|METHOD_EXIT|[2]|ApexBootcampUnitTest
14:30:51.0 (1041892)|HEAP_ALLOCATE|[50]|Bytes:5
14:30:51.0 (1067559)|HEAP_ALLOCATE|[56]|Bytes:5
14:30:51.0 (1075237)|HEAP_ALLOCATE|[64]|Bytes:7
14:30:51.0 (1112789)|STATEMENT_EXECUTE|[4]
14:30:51.0 (1114238)|STATEMENT_EXECUTE|[6]
14:30:51.0 (1116218)|HEAP_ALLOCATE|[6]|Bytes:40
14:30:51.0 (1139237)|HEAP_ALLOCATE|[6]|Bytes:4
14:30:51.0 (2821401)|SOQL_EXECUTE_BEGIN|[6]|Aggregations:0|SELECT ID FROM Lead WHERE Title = 'King'
14:30:51.0 (9686479)|SOQL_EXECUTE_END|[6]|Rows:0
14:30:51.0 (9709866)|HEAP_ALLOCATE|[6]|Bytes:4
14:30:51.0 (9721156)|HEAP_ALLOCATE|[6]|Bytes:0
14:30:51.0 (9843787)|HEAP_ALLOCATE|[6]|Bytes:4
14:30:51.0 (9862725)|VARIABLE_SCOPE_BEGIN|[6]|leadList|List<Lead>|true|false
14:30:51.0 (9893115)|VARIABLE_ASSIGNMENT|[6]|leadList|[]|0x532e7bb0
14:30:51.0 (9898573)|STATEMENT_EXECUTE|[7]
14:30:51.9 (9942180)|CUMULATIVE_LIMIT_USAGE
14:30:51.9 (9942180)|LIMIT_USAGE_FOR_NS|(default)|
  Number of SOQL queries: 1 out of 100
  Number of query rows: 0 out of 50000
  Number of SOSL queries: 0 out of 20
  Number of DML statements: 0 out of 150
  Number of DML rows: 0 out of 10000
  Maximum CPU time: 0 out of 10000
  Maximum heap size: 0 out of 6000000
  Number of callouts: 0 out of 100
  Number of Email Invocations: 0 out of 10
  Number of future calls: 0 out of 50
  Number of queueable jobs added to the queue: 0 out of 50
  Number of Mobile Apex push calls: 0 out of 10

14:30:51.9 (9942180)|CUMULATIVE_LIMIT_USAGE_END

14:30:51.0 (9970960)|CODE_UNIT_FINISHED|ApexBootcampUnitTest.test_method_one
14:30:51.0 (10688821)|EXECUTION_FINISHED
14:30:51.38 (38781199)|USER_INFO|[EXTERNAL]|0051I000001HhoW|mark.hausknecht@atginfo.com.apexbootcamp|Pacific Standard Time|GMT-08:00
14:30:51.38 (38799262)|EXECUTION_STARTED
14:30:51.38 (38806913)|CODE_UNIT_STARTED|[EXTERNAL]|01p1I00000AE871|ApexBootcampUnitTest.test_method_two
14:30:51.38 (38898051)|HEAP_ALLOCATE|[72]|Bytes:3
14:30:51.38 (38921078)|HEAP_ALLOCATE|[77]|Bytes:152
14:30:51.38 (38934069)|HEAP_ALLOCATE|[342]|Bytes:408
14:30:51.38 (38948826)|HEAP_ALLOCATE|[355]|Bytes:408
14:30:51.38 (38963394)|HEAP_ALLOCATE|[467]|Bytes:48
14:30:51.38 (38986698)|HEAP_ALLOCATE|[139]|Bytes:6
14:30:51.38 (38999903)|HEAP_ALLOCATE|[EXTERNAL]|Bytes:3
14:30:51.38 (39008904)|METHOD_ENTRY|[2]|01p1I00000AE871|ApexBootcampUnitTest.ApexBootcampUnitTest()
14:30:51.38 (39014909)|STATEMENT_EXECUTE|[2]
14:30:51.38 (39018985)|STATEMENT_EXECUTE|[2]
14:30:51.38 (39022570)|METHOD_EXIT|[2]|ApexBootcampUnitTest
14:30:51.38 (39038589)|HEAP_ALLOCATE|[50]|Bytes:5
14:30:51.38 (39054197)|HEAP_ALLOCATE|[56]|Bytes:5
14:30:51.38 (39061011)|HEAP_ALLOCATE|[64]|Bytes:7
14:30:51.38 (39087798)|STATEMENT_EXECUTE|[11]
14:30:51.39 (39093474)|CUMULATIVE_LIMIT_USAGE
14:30:51.39 (39093474)|LIMIT_USAGE_FOR_NS|(default)|
  Number of SOQL queries: 0 out of 100
  Number of query rows: 0 out of 50000
  Number of SOSL queries: 0 out of 20
  Number of DML statements: 0 out of 150
  Number of DML rows: 0 out of 10000
  Maximum CPU time: 0 out of 10000
  Maximum heap size: 0 out of 6000000
  Number of callouts: 0 out of 100
  Number of Email Invocations: 0 out of 10
  Number of future calls: 0 out of 50
  Number of queueable jobs added to the queue: 0 out of 50
  Number of Mobile Apex push calls: 0 out of 10

14:30:51.39 (39093474)|CUMULATIVE_LIMIT_USAGE_END

14:30:51.38 (39120248)|CODE_UNIT_FINISHED|ApexBootcampUnitTest.test_method_two
14:30:51.38 (39794308)|EXECUTION_FINISHED
