41.0 APEX_CODE,FINEST;APEX_PROFILING,INFO;CALLOUT,INFO;DB,INFO;SYSTEM,DEBUG;VALIDATION,INFO;VISUALFORCE,INFO;WAVE,INFO;WORKFLOW,INFO
Execute Anonymous: Day3ListsAndLoops.updateAccountTypeOnEveryAccount();
Execute Anonymous: 
Execute Anonymous: 
16:47:04.0 (972286)|USER_INFO|[EXTERNAL]|0051I000001HhoW|mark.hausknecht@atginfo.com.apexbootcamp|Pacific Standard Time|GMT-07:00
16:47:04.0 (994517)|EXECUTION_STARTED
16:47:04.0 (998619)|CODE_UNIT_STARTED|[EXTERNAL]|execute_anonymous_apex
16:47:04.0 (1138140)|HEAP_ALLOCATE|[72]|Bytes:3
16:47:04.0 (1161947)|HEAP_ALLOCATE|[77]|Bytes:152
16:47:04.0 (1173940)|HEAP_ALLOCATE|[342]|Bytes:408
16:47:04.0 (1187591)|HEAP_ALLOCATE|[355]|Bytes:408
16:47:04.0 (1200123)|HEAP_ALLOCATE|[467]|Bytes:48
16:47:04.0 (1220295)|HEAP_ALLOCATE|[139]|Bytes:6
16:47:04.0 (1233231)|HEAP_ALLOCATE|[EXTERNAL]|Bytes:1
16:47:04.0 (1307523)|STATEMENT_EXECUTE|[1]
16:47:04.0 (1309781)|STATEMENT_EXECUTE|[1]
16:47:04.0 (1348437)|HEAP_ALLOCATE|[50]|Bytes:5
16:47:04.0 (1363187)|HEAP_ALLOCATE|[56]|Bytes:5
16:47:04.0 (1369594)|HEAP_ALLOCATE|[64]|Bytes:7
16:47:04.0 (1389642)|SYSTEM_MODE_ENTER|false
16:47:04.0 (1403052)|HEAP_ALLOCATE|[1]|Bytes:5
16:47:04.0 (9670049)|HEAP_ALLOCATE|[1]|Bytes:15
16:47:04.0 (9680668)|HEAP_ALLOCATE|[1]|Bytes:54
16:47:04.0 (9694233)|METHOD_ENTRY|[2]|01p1I000008LWEw|Day3ListsAndLoops.Day3ListsAndLoops()
16:47:04.0 (9699934)|STATEMENT_EXECUTE|[2]
16:47:04.0 (9703667)|STATEMENT_EXECUTE|[2]
16:47:04.0 (9714861)|HEAP_ALLOCATE|[1]|Bytes:5
16:47:04.0 (9723745)|METHOD_EXIT|[2]|Day3ListsAndLoops
16:47:04.0 (9743184)|METHOD_ENTRY|[1]|01p1I000008LWEw|Day3ListsAndLoops.updateAccountTypeOnEveryAccount()
16:47:04.0 (9776796)|HEAP_ALLOCATE|[139]|Bytes:5
16:47:04.0 (9781925)|STATEMENT_EXECUTE|[136]
16:47:04.0 (9783150)|STATEMENT_EXECUTE|[139]
16:47:04.0 (9785525)|HEAP_ALLOCATE|[139]|Bytes:34
16:47:04.0 (9798469)|HEAP_ALLOCATE|[139]|Bytes:4
16:47:04.0 (9965879)|SOQL_EXECUTE_BEGIN|[139]|Aggregations:0|SELECT Id, Name, Type FROM Account
16:47:04.0 (19770947)|SOQL_EXECUTE_END|[139]|Rows:15
16:47:04.0 (19790688)|HEAP_ALLOCATE|[139]|Bytes:64
16:47:04.0 (19818311)|HEAP_ALLOCATE|[139]|Bytes:1148
16:47:04.0 (19912238)|HEAP_ALLOCATE|[139]|Bytes:64
16:47:04.0 (19926925)|VARIABLE_SCOPE_BEGIN|[139]|queriedAccounts|List<Account>|true|false
16:47:04.0 (19958570)|VARIABLE_ASSIGNMENT|[139]|queriedAccounts|"List of size 15 too large to display"|0x1c7d6aa
16:47:04.0 (19965359)|STATEMENT_EXECUTE|[145]
16:47:04.0 (20265078)|USER_DEBUG|[145]|DEBUG|(Account:{Id=0011I000006HajNQAS, Name=GenePoint, Type=Customer - Channel}, Account:{Id=0011I000006HajLQAS, Name=United Oil & Gas, UK, Type=Customer - Direct}, Account:{Id=0011I000006HajMQAS, Name=United Oil & Gas, Singapore, Type=Customer - Direct}, Account:{Id=0011I000006HajDQAS, Name=Edge Communications, Type=Customer - Direct}, Account:{Id=0011I000006HajEQAS, Name=Burlington Textiles Corp of America, Type=Customer - Direct}, Account:{Id=0011I000006HajFQAS, Name=Pyramid Construction Inc., Type=Customer - Channel}, Account:{Id=0011I000006HajHQAS, Name=Grand Hotels & Resorts Ltd, Type=Customer - Direct}, Account:{Id=0011I000006HajJQAS, Name=Express Logistics and Transport, Type=Customer - Channel}, Account:{Id=0011I000006HajKQAS, Name=University of Arizona, Type=Customer - Direct}, Account:{Id=0011I000006HajIQAS, Name=United Oil & Gas Corp., Type=Customer - Direct}, ...)
16:47:04.0 (20348611)|STATEMENT_EXECUTE|[151]
16:47:04.0 (20350260)|STATEMENT_EXECUTE|[152]
16:47:04.0 (20358726)|HEAP_ALLOCATE|[152]|Bytes:16
16:47:04.0 (20366239)|VARIABLE_SCOPE_BEGIN|[152]|myAccount|Account|true|false
16:47:04.0 (20389004)|VARIABLE_ASSIGNMENT|[152]|myAccount|{"Id":"0011I000006HajNQAS","Name":"GenePoint","Type":"Customer - Channel"}|0x733bc056
16:47:04.0 (20394488)|STATEMENT_EXECUTE|[153]
16:47:04.0 (20397452)|HEAP_ALLOCATE|[153]|Bytes:5
16:47:04.0 (20447470)|VARIABLE_ASSIGNMENT|[153]|this.Type|"Other"|0x733bc056
16:47:04.0 (20453742)|STATEMENT_EXECUTE|[154]
16:47:04.0 (20477833)|HEAP_ALLOCATE|[154]|Bytes:8
16:47:04.0 (20485481)|DML_BEGIN|[154]|Op:Update|Type:Account|Rows:1
16:47:04.0 (20505491)|HEAP_ALLOCATE|[EXTERNAL]|Bytes:8
16:47:04.0 (35185081)|CODE_UNIT_STARTED|[EXTERNAL]|DuplicateDetector
16:47:04.0 (35204613)|DUPLICATE_DETECTION_BEGIN
16:47:04.0 (35807869)|DUPLICATE_DETECTION_RULE_INVOCATION|DuplicateRuleId:0Bm1I000002PDEh|DuplicateRuleName:Standard Account Duplicate Rule|DmlType:UPDATE
16:47:04.0 (35839547)|DUPLICATE_DETECTION_END
16:47:04.0 (35845024)|CODE_UNIT_FINISHED|DuplicateDetector
16:47:04.0 (49523436)|DML_END|[154]
16:47:04.0 (49541059)|STATEMENT_EXECUTE|[157]
16:47:04.0 (49676380)|USER_DEBUG|[157]|DEBUG|(Account:{Id=0011I000006HajNQAS, Name=GenePoint, Type=Other}, Account:{Id=0011I000006HajLQAS, Name=United Oil & Gas, UK, Type=Customer - Direct}, Account:{Id=0011I000006HajMQAS, Name=United Oil & Gas, Singapore, Type=Customer - Direct}, Account:{Id=0011I000006HajDQAS, Name=Edge Communications, Type=Customer - Direct}, Account:{Id=0011I000006HajEQAS, Name=Burlington Textiles Corp of America, Type=Customer - Direct}, Account:{Id=0011I000006HajFQAS, Name=Pyramid Construction Inc., Type=Customer - Channel}, Account:{Id=0011I000006HajHQAS, Name=Grand Hotels & Resorts Ltd, Type=Customer - Direct}, Account:{Id=0011I000006HajJQAS, Name=Express Logistics and Transport, Type=Customer - Channel}, Account:{Id=0011I000006HajKQAS, Name=University of Arizona, Type=Customer - Direct}, Account:{Id=0011I000006HajIQAS, Name=United Oil & Gas Corp., Type=Customer - Direct}, ...)
16:47:04.0 (49707690)|METHOD_EXIT|[1]|01p1I000008LWEw|Day3ListsAndLoops.updateAccountTypeOnEveryAccount()
16:47:04.0 (49714886)|SYSTEM_MODE_EXIT|false
16:47:04.0 (52314436)|CODE_UNIT_STARTED|[EXTERNAL]|DuplicateDetector
16:47:04.0 (52326097)|DUPLICATE_DETECTION_BEGIN
16:47:04.0 (52354872)|DUPLICATE_DETECTION_RULE_INVOCATION|DuplicateRuleId:0Bm1I000002PDEh|DuplicateRuleName:Standard Account Duplicate Rule|DmlType:UPDATE
16:47:04.0 (63301660)|DUPLICATE_DETECTION_END
16:47:04.0 (63309097)|CODE_UNIT_FINISHED|DuplicateDetector
16:47:04.63 (63336381)|CUMULATIVE_LIMIT_USAGE
16:47:04.63 (63336381)|LIMIT_USAGE_FOR_NS|(default)|
  Number of SOQL queries: 1 out of 100
  Number of query rows: 15 out of 50000
  Number of SOSL queries: 0 out of 20
  Number of DML statements: 1 out of 150
  Number of DML rows: 1 out of 10000
  Maximum CPU time: 0 out of 10000
  Maximum heap size: 0 out of 6000000
  Number of callouts: 0 out of 100
  Number of Email Invocations: 0 out of 10
  Number of future calls: 0 out of 50
  Number of queueable jobs added to the queue: 0 out of 50
  Number of Mobile Apex push calls: 0 out of 10

16:47:04.63 (63336381)|CUMULATIVE_LIMIT_USAGE_END

16:47:04.0 (63367404)|CODE_UNIT_FINISHED|execute_anonymous_apex
16:47:04.0 (64192752)|EXECUTION_FINISHED
