41.0 APEX_CODE,FINEST;APEX_PROFILING,INFO;CALLOUT,INFO;DB,INFO;SYSTEM,DEBUG;VALIDATION,INFO;VISUALFORCE,INFO;WAVE,INFO;WORKFLOW,INFO
Execute Anonymous: Day3ListsAndLoops.executeLoops();
Execute Anonymous: 
Execute Anonymous: 
15:45:00.1 (1226364)|USER_INFO|[EXTERNAL]|0051I000001HhoW|mark.hausknecht@atginfo.com.apexbootcamp|Pacific Standard Time|GMT-07:00
15:45:00.1 (1258842)|EXECUTION_STARTED
15:45:00.1 (1264228)|CODE_UNIT_STARTED|[EXTERNAL]|execute_anonymous_apex
15:45:00.1 (1479862)|HEAP_ALLOCATE|[72]|Bytes:3
15:45:00.1 (1524922)|HEAP_ALLOCATE|[77]|Bytes:152
15:45:00.1 (1547279)|HEAP_ALLOCATE|[342]|Bytes:408
15:45:00.1 (1573858)|HEAP_ALLOCATE|[355]|Bytes:408
15:45:00.1 (1600141)|HEAP_ALLOCATE|[467]|Bytes:48
15:45:00.1 (1640490)|HEAP_ALLOCATE|[139]|Bytes:6
15:45:00.1 (1667760)|HEAP_ALLOCATE|[EXTERNAL]|Bytes:1
15:45:00.1 (1749912)|STATEMENT_EXECUTE|[1]
15:45:00.1 (1753736)|STATEMENT_EXECUTE|[1]
15:45:00.1 (1813607)|HEAP_ALLOCATE|[50]|Bytes:5
15:45:00.1 (1842210)|HEAP_ALLOCATE|[56]|Bytes:5
15:45:00.1 (1860370)|HEAP_ALLOCATE|[64]|Bytes:7
15:45:00.1 (2115825)|SYSTEM_MODE_ENTER|false
15:45:00.1 (2143316)|HEAP_ALLOCATE|[1]|Bytes:5
15:45:00.1 (10050689)|HEAP_ALLOCATE|[1]|Bytes:4
15:45:00.1 (10081083)|HEAP_ALLOCATE|[1]|Bytes:20
15:45:00.1 (10107891)|METHOD_ENTRY|[2]|01p1I000008LWEw|Day3ListsAndLoops.Day3ListsAndLoops()
15:45:00.1 (10117913)|STATEMENT_EXECUTE|[2]
15:45:00.1 (10128358)|STATEMENT_EXECUTE|[2]
15:45:00.1 (10145489)|HEAP_ALLOCATE|[1]|Bytes:5
15:45:00.1 (10161766)|METHOD_EXIT|[2]|Day3ListsAndLoops
15:45:00.1 (10202684)|METHOD_ENTRY|[1]|01p1I000008LWEw|Day3ListsAndLoops.executeLoops()
15:45:00.1 (10270034)|HEAP_ALLOCATE|[66]|Bytes:5
15:45:00.1 (10279019)|STATEMENT_EXECUTE|[58]
15:45:00.1 (10281858)|STATEMENT_EXECUTE|[66]
15:45:00.1 (10289148)|VARIABLE_SCOPE_BEGIN|[66]|i|Integer|false|false
15:45:00.1 (10309156)|HEAP_ALLOCATE|[66]|Bytes:4
15:45:00.1 (10339996)|VARIABLE_ASSIGNMENT|[66]|i|0
15:45:00.1 (10352026)|STATEMENT_EXECUTE|[66]
15:45:00.1 (10353765)|STATEMENT_EXECUTE|[67]
15:45:00.1 (10357182)|HEAP_ALLOCATE|[67]|Bytes:3
15:45:00.1 (10450159)|HEAP_ALLOCATE|[67]|Bytes:1
15:45:00.1 (10481732)|HEAP_ALLOCATE|[67]|Bytes:4
15:45:00.1 (10509140)|USER_DEBUG|[67]|DEBUG|i: 0
15:45:00.1 (10522942)|HEAP_ALLOCATE|[66]|Bytes:4
15:45:00.1 (10534129)|VARIABLE_ASSIGNMENT|[66]|i|1
15:45:00.1 (10544564)|STATEMENT_EXECUTE|[66]
15:45:00.1 (10546233)|STATEMENT_EXECUTE|[67]
15:45:00.1 (10563080)|HEAP_ALLOCATE|[67]|Bytes:1
15:45:00.1 (10580168)|HEAP_ALLOCATE|[67]|Bytes:4
15:45:00.1 (10590251)|USER_DEBUG|[67]|DEBUG|i: 1
15:45:00.1 (10598896)|HEAP_ALLOCATE|[66]|Bytes:4
15:45:00.1 (10607440)|VARIABLE_ASSIGNMENT|[66]|i|2
15:45:00.1 (10616036)|STATEMENT_EXECUTE|[66]
15:45:00.1 (10617953)|STATEMENT_EXECUTE|[67]
15:45:00.1 (10631076)|HEAP_ALLOCATE|[67]|Bytes:1
15:45:00.1 (10646419)|HEAP_ALLOCATE|[67]|Bytes:4
15:45:00.1 (10656287)|USER_DEBUG|[67]|DEBUG|i: 2
15:45:00.1 (10665575)|HEAP_ALLOCATE|[66]|Bytes:4
15:45:00.1 (10673571)|VARIABLE_ASSIGNMENT|[66]|i|3
15:45:00.1 (10681825)|STATEMENT_EXECUTE|[66]
15:45:00.1 (10683386)|STATEMENT_EXECUTE|[67]
15:45:00.1 (10695796)|HEAP_ALLOCATE|[67]|Bytes:1
15:45:00.1 (10710957)|HEAP_ALLOCATE|[67]|Bytes:4
15:45:00.1 (10719912)|USER_DEBUG|[67]|DEBUG|i: 3
15:45:00.1 (10728740)|HEAP_ALLOCATE|[66]|Bytes:4
15:45:00.1 (10736005)|VARIABLE_ASSIGNMENT|[66]|i|4
15:45:00.1 (10743865)|STATEMENT_EXECUTE|[66]
15:45:00.1 (10745920)|STATEMENT_EXECUTE|[67]
15:45:00.1 (10758025)|HEAP_ALLOCATE|[67]|Bytes:1
15:45:00.1 (10773139)|HEAP_ALLOCATE|[67]|Bytes:4
15:45:00.1 (10782383)|USER_DEBUG|[67]|DEBUG|i: 4
15:45:00.1 (10791320)|HEAP_ALLOCATE|[66]|Bytes:4
15:45:00.1 (10799380)|VARIABLE_ASSIGNMENT|[66]|i|5
15:45:00.1 (10808127)|STATEMENT_EXECUTE|[66]
15:45:00.1 (10810128)|STATEMENT_EXECUTE|[67]
15:45:00.1 (10822526)|HEAP_ALLOCATE|[67]|Bytes:1
15:45:00.1 (10836406)|HEAP_ALLOCATE|[67]|Bytes:4
15:45:00.1 (10845526)|USER_DEBUG|[67]|DEBUG|i: 5
15:45:00.1 (10854700)|HEAP_ALLOCATE|[66]|Bytes:4
15:45:00.1 (10861964)|VARIABLE_ASSIGNMENT|[66]|i|6
15:45:00.1 (10869760)|STATEMENT_EXECUTE|[66]
15:45:00.1 (10871116)|STATEMENT_EXECUTE|[67]
15:45:00.1 (10883382)|HEAP_ALLOCATE|[67]|Bytes:1
15:45:00.1 (10898073)|HEAP_ALLOCATE|[67]|Bytes:4
15:45:00.1 (10907303)|USER_DEBUG|[67]|DEBUG|i: 6
15:45:00.1 (10916605)|HEAP_ALLOCATE|[66]|Bytes:4
15:45:00.1 (10923612)|VARIABLE_ASSIGNMENT|[66]|i|7
15:45:00.1 (10930538)|STATEMENT_EXECUTE|[66]
15:45:00.1 (10931943)|STATEMENT_EXECUTE|[67]
15:45:00.1 (10943785)|HEAP_ALLOCATE|[67]|Bytes:1
15:45:00.1 (10957989)|HEAP_ALLOCATE|[67]|Bytes:4
15:45:00.1 (10966917)|USER_DEBUG|[67]|DEBUG|i: 7
15:45:00.1 (10976195)|HEAP_ALLOCATE|[66]|Bytes:4
15:45:00.1 (10983617)|VARIABLE_ASSIGNMENT|[66]|i|8
15:45:00.1 (10991494)|STATEMENT_EXECUTE|[66]
15:45:00.1 (10993384)|STATEMENT_EXECUTE|[67]
15:45:00.1 (11005571)|HEAP_ALLOCATE|[67]|Bytes:1
15:45:00.1 (11021250)|HEAP_ALLOCATE|[67]|Bytes:4
15:45:00.1 (11030453)|USER_DEBUG|[67]|DEBUG|i: 8
15:45:00.1 (11038997)|HEAP_ALLOCATE|[66]|Bytes:4
15:45:00.1 (11046757)|VARIABLE_ASSIGNMENT|[66]|i|9
15:45:00.1 (11053585)|STATEMENT_EXECUTE|[66]
15:45:00.1 (11055055)|STATEMENT_EXECUTE|[67]
15:45:00.1 (11067147)|HEAP_ALLOCATE|[67]|Bytes:1
15:45:00.1 (11081344)|HEAP_ALLOCATE|[67]|Bytes:4
15:45:00.1 (11090825)|USER_DEBUG|[67]|DEBUG|i: 9
15:45:00.1 (11099829)|HEAP_ALLOCATE|[66]|Bytes:4
15:45:00.1 (11108024)|VARIABLE_ASSIGNMENT|[66]|i|10
15:45:00.1 (11116127)|STATEMENT_EXECUTE|[71]
15:45:00.1 (11158622)|HEAP_ALLOCATE|[71]|Bytes:4
15:45:00.1 (11200894)|VARIABLE_SCOPE_BEGIN|[71]|names|List<String>|true|false
15:45:00.1 (11243262)|HEAP_ALLOCATE|[EXTERNAL]|Bytes:4
15:45:00.1 (11261217)|VARIABLE_ASSIGNMENT|[71]|names|[]|0x386fbbd9
15:45:00.1 (11271708)|STATEMENT_EXECUTE|[73]
15:45:00.1 (11276042)|HEAP_ALLOCATE|[73]|Bytes:4
15:45:00.1 (11326053)|HEAP_ALLOCATE|[EXTERNAL]|Bytes:4
15:45:00.1 (11338651)|STATEMENT_EXECUTE|[74]
15:45:00.1 (11342893)|HEAP_ALLOCATE|[74]|Bytes:6
15:45:00.1 (11370765)|HEAP_ALLOCATE|[EXTERNAL]|Bytes:4
15:45:00.1 (11381034)|STATEMENT_EXECUTE|[75]
15:45:00.1 (11384452)|HEAP_ALLOCATE|[75]|Bytes:4
15:45:00.1 (11409118)|HEAP_ALLOCATE|[EXTERNAL]|Bytes:4
15:45:00.1 (11418503)|STATEMENT_EXECUTE|[76]
15:45:00.1 (11421588)|HEAP_ALLOCATE|[76]|Bytes:4
15:45:00.1 (11445081)|HEAP_ALLOCATE|[EXTERNAL]|Bytes:4
15:45:00.1 (11456047)|STATEMENT_EXECUTE|[79]
15:45:00.1 (11460488)|VARIABLE_SCOPE_BEGIN|[79]|i|Integer|false|false
15:45:00.1 (11473386)|HEAP_ALLOCATE|[79]|Bytes:4
15:45:00.1 (11483116)|VARIABLE_ASSIGNMENT|[79]|i|0
15:45:00.1 (11510378)|STATEMENT_EXECUTE|[79]
15:45:00.1 (11512491)|STATEMENT_EXECUTE|[80]
15:45:00.1 (11534119)|HEAP_ALLOCATE|[80]|Bytes:4
15:45:00.1 (11553441)|USER_DEBUG|[80]|DEBUG|Mark
15:45:00.1 (11563923)|HEAP_ALLOCATE|[79]|Bytes:4
15:45:00.1 (11573127)|VARIABLE_ASSIGNMENT|[79]|i|1
15:45:00.1 (11588329)|STATEMENT_EXECUTE|[79]
15:45:00.1 (11590505)|STATEMENT_EXECUTE|[80]
15:45:00.1 (11596413)|HEAP_ALLOCATE|[80]|Bytes:6
15:45:00.1 (11607931)|USER_DEBUG|[80]|DEBUG|Mathew
15:45:00.1 (11616755)|HEAP_ALLOCATE|[79]|Bytes:4
15:45:00.1 (11624593)|VARIABLE_ASSIGNMENT|[79]|i|2
15:45:00.1 (11637340)|STATEMENT_EXECUTE|[79]
15:45:00.1 (11638937)|STATEMENT_EXECUTE|[80]
15:45:00.1 (11644054)|HEAP_ALLOCATE|[80]|Bytes:4
15:45:00.1 (11654950)|USER_DEBUG|[80]|DEBUG|Luke
15:45:00.1 (11664256)|HEAP_ALLOCATE|[79]|Bytes:4
15:45:00.1 (11672644)|VARIABLE_ASSIGNMENT|[79]|i|3
15:45:00.1 (11685677)|STATEMENT_EXECUTE|[79]
15:45:00.1 (11687266)|STATEMENT_EXECUTE|[80]
15:45:00.1 (11692054)|HEAP_ALLOCATE|[80]|Bytes:4
15:45:00.1 (11702559)|USER_DEBUG|[80]|DEBUG|John
15:45:00.1 (11711460)|HEAP_ALLOCATE|[79]|Bytes:4
15:45:00.1 (11718461)|VARIABLE_ASSIGNMENT|[79]|i|4
15:45:00.1 (11739520)|METHOD_EXIT|[1]|01p1I000008LWEw|Day3ListsAndLoops.executeLoops()
15:45:00.1 (11751692)|SYSTEM_MODE_EXIT|false
15:45:00.11 (11789307)|CUMULATIVE_LIMIT_USAGE
15:45:00.11 (11789307)|LIMIT_USAGE_FOR_NS|(default)|
  Number of SOQL queries: 0 out of 100
  Number of query rows: 0 out of 50000
  Number of SOSL queries: 0 out of 20
  Number of DML statements: 0 out of 150
  Number of DML rows: 0 out of 10000
  Maximum CPU time: 0 out of 10000
  Maximum heap size: 0 out of 6000000
  Number of callouts: 0 out of 100
  Number of Email Invocations: 0 out of 10
  Number of future calls: 0 out of 50
  Number of queueable jobs added to the queue: 0 out of 50
  Number of Mobile Apex push calls: 0 out of 10

15:45:00.11 (11789307)|CUMULATIVE_LIMIT_USAGE_END

15:45:00.1 (11904117)|CODE_UNIT_FINISHED|execute_anonymous_apex
15:45:00.1 (13837436)|EXECUTION_FINISHED
