41.0 APEX_CODE,FINEST;APEX_PROFILING,INFO;CALLOUT,INFO;DB,INFO;SYSTEM,DEBUG;VALIDATION,INFO;VISUALFORCE,INFO;WAVE,INFO;WORKFLOW,INFO
Execute Anonymous: 
Execute Anonymous: Person fred = new Person('Freddy', 'fred@email.com');
Execute Anonymous: fred.print();
Execute Anonymous: 
Execute Anonymous: Person betty = new Person('Betty Boop');
Execute Anonymous: betty.print();
16:03:11.1 (1124283)|USER_INFO|[EXTERNAL]|0051I000001HhoW|mark.hausknecht@atginfo.com.apexbootcamp|Pacific Standard Time|GMT-08:00
16:03:11.1 (1145822)|EXECUTION_STARTED
16:03:11.1 (1150506)|CODE_UNIT_STARTED|[EXTERNAL]|execute_anonymous_apex
16:03:11.1 (6902159)|VARIABLE_SCOPE_BEGIN|[12]|Person.isHuman|Boolean|false|true
16:03:11.1 (6955807)|VARIABLE_SCOPE_BEGIN|[5]|betty|Person|true|false
16:03:11.1 (6964369)|VARIABLE_SCOPE_BEGIN|[2]|fred|Person|true|false
16:03:11.1 (7081283)|HEAP_ALLOCATE|[72]|Bytes:3
16:03:11.1 (7114633)|HEAP_ALLOCATE|[77]|Bytes:152
16:03:11.1 (7128528)|HEAP_ALLOCATE|[342]|Bytes:408
16:03:11.1 (7142851)|HEAP_ALLOCATE|[355]|Bytes:408
16:03:11.1 (7154846)|HEAP_ALLOCATE|[467]|Bytes:48
16:03:11.1 (7180410)|HEAP_ALLOCATE|[139]|Bytes:6
16:03:11.1 (7196191)|HEAP_ALLOCATE|[EXTERNAL]|Bytes:7
16:03:11.1 (7231964)|STATEMENT_EXECUTE|[1]
16:03:11.1 (7234357)|STATEMENT_EXECUTE|[2]
16:03:11.1 (7237436)|HEAP_ALLOCATE|[2]|Bytes:8
16:03:11.1 (7242705)|HEAP_ALLOCATE|[2]|Bytes:20
16:03:11.1 (7269998)|METHOD_ENTRY|[10]|01p1I00000AyVFl|Person.Person()
16:03:11.1 (7276015)|STATEMENT_EXECUTE|[10]
16:03:11.1 (7279150)|STATEMENT_EXECUTE|[10]
16:03:11.1 (7280156)|STATEMENT_EXECUTE|[12]
16:03:11.1 (7303967)|HEAP_ALLOCATE|[50]|Bytes:5
16:03:11.1 (7321729)|HEAP_ALLOCATE|[56]|Bytes:5
16:03:11.1 (7328056)|HEAP_ALLOCATE|[64]|Bytes:7
16:03:11.1 (7343059)|HEAP_ALLOCATE|[12]|Bytes:5
16:03:11.1 (7365110)|VARIABLE_ASSIGNMENT|[12]|Person.isHuman|true
16:03:11.1 (7372965)|METHOD_EXIT|[10]|Person
16:03:11.1 (7388760)|HEAP_ALLOCATE|[2]|Bytes:28
16:03:11.1 (7393260)|HEAP_ALLOCATE|[2]|Bytes:6
16:03:11.1 (7395887)|HEAP_ALLOCATE|[2]|Bytes:14
16:03:11.1 (7429146)|SYSTEM_MODE_ENTER|false
16:03:11.1 (7438996)|HEAP_ALLOCATE|[2]|Bytes:5
16:03:11.1 (7453604)|CONSTRUCTOR_ENTRY|[2]|01p1I00000AyVFl|<init>(String,String)
16:03:11.1 (7481609)|VARIABLE_SCOPE_BEGIN|[31]|this|Person|true|false
16:03:11.1 (7527797)|VARIABLE_ASSIGNMENT|[31]|this|{}|0x5ec97103
16:03:11.1 (7533820)|VARIABLE_SCOPE_BEGIN|[31]|defaultName|String|false|false
16:03:11.1 (7544275)|VARIABLE_ASSIGNMENT|[31]|defaultName|"Freddy"
16:03:11.1 (7547633)|VARIABLE_SCOPE_BEGIN|[31]|defaultEmail|String|false|false
16:03:11.1 (7554125)|VARIABLE_ASSIGNMENT|[31]|defaultEmail|"fred@email.com"
16:03:11.1 (7559370)|STATEMENT_EXECUTE|[10]
16:03:11.1 (7560476)|STATEMENT_EXECUTE|[14]
16:03:11.1 (7561396)|STATEMENT_EXECUTE|[15]
16:03:11.1 (7562209)|STATEMENT_EXECUTE|[16]
16:03:11.1 (7563008)|STATEMENT_EXECUTE|[17]
16:03:11.1 (7563790)|STATEMENT_EXECUTE|[18]
16:03:11.1 (7564585)|STATEMENT_EXECUTE|[19]
16:03:11.1 (7568333)|HEAP_ALLOCATE|[19]|Bytes:5
16:03:11.1 (7577575)|VARIABLE_ASSIGNMENT|[19]|this.isDead|false|0x5ec97103
16:03:11.1 (7585860)|HEAP_ALLOCATE|[19]|Bytes:6
16:03:11.1 (7615402)|STATEMENT_EXECUTE|[31]
16:03:11.1 (7616753)|STATEMENT_EXECUTE|[32]
16:03:11.1 (7622943)|VARIABLE_ASSIGNMENT|[32]|this.name|"Freddy"|0x5ec97103
16:03:11.1 (7627849)|STATEMENT_EXECUTE|[33]
16:03:11.1 (7631110)|VARIABLE_ASSIGNMENT|[33]|this.email|"fred@email.com"|0x5ec97103
16:03:11.1 (7641356)|CONSTRUCTOR_EXIT|[2]|01p1I00000AyVFl|<init>(String,String)
16:03:11.1 (7649840)|SYSTEM_MODE_EXIT|false
16:03:11.1 (7669721)|VARIABLE_ASSIGNMENT|[2]|fred|{"email":"fred@email.com","isDead":false,"name":"Freddy"}|0x5ec97103
16:03:11.1 (7675044)|STATEMENT_EXECUTE|[3]
16:03:11.1 (7699131)|SYSTEM_MODE_ENTER|false
16:03:11.1 (7706297)|HEAP_ALLOCATE|[3]|Bytes:5
16:03:11.1 (7732788)|METHOD_ENTRY|[3]|01p1I00000AyVFl|Person.print()
16:03:11.1 (7759477)|VARIABLE_SCOPE_BEGIN|[37]|this|Person|true|false
16:03:11.1 (7779502)|VARIABLE_ASSIGNMENT|[37]|this|{"email":"fred@email.com","isDead":false,"name":"Freddy"}|0x5ec97103
16:03:11.1 (7787613)|STATEMENT_EXECUTE|[37]
16:03:11.1 (7788830)|STATEMENT_EXECUTE|[38]
16:03:11.1 (7791431)|HEAP_ALLOCATE|[38]|Bytes:13
16:03:11.1 (7808433)|HEAP_ALLOCATE|[38]|Bytes:19
16:03:11.1 (7864623)|USER_DEBUG|[38]|DEBUG|Person name: Freddy
16:03:11.1 (7874437)|STATEMENT_EXECUTE|[39]
16:03:11.1 (7876928)|HEAP_ALLOCATE|[39]|Bytes:14
16:03:11.1 (7883491)|HEAP_ALLOCATE|[39]|Bytes:28
16:03:11.1 (7895238)|USER_DEBUG|[39]|DEBUG|Person email: fred@email.com
16:03:11.1 (7900779)|STATEMENT_EXECUTE|[40]
16:03:11.1 (7902584)|HEAP_ALLOCATE|[40]|Bytes:15
16:03:11.1 (7908045)|HEAP_ALLOCATE|[40]|Bytes:19
16:03:11.1 (7916485)|USER_DEBUG|[40]|DEBUG|Person gender: null
16:03:11.1 (7921605)|STATEMENT_EXECUTE|[41]
16:03:11.1 (7923174)|HEAP_ALLOCATE|[41]|Bytes:15
16:03:11.1 (7967046)|HEAP_ALLOCATE|[41]|Bytes:19
16:03:11.1 (7974815)|USER_DEBUG|[41]|DEBUG|Person weight: null
16:03:11.1 (7979555)|STATEMENT_EXECUTE|[42]
16:03:11.1 (7981233)|HEAP_ALLOCATE|[42]|Bytes:12
16:03:11.1 (8002405)|HEAP_ALLOCATE|[42]|Bytes:16
16:03:11.1 (8009856)|USER_DEBUG|[42]|DEBUG|Person age: null
16:03:11.1 (8014659)|STATEMENT_EXECUTE|[43]
16:03:11.1 (8016339)|HEAP_ALLOCATE|[43]|Bytes:15
16:03:11.1 (8031588)|HEAP_ALLOCATE|[43]|Bytes:5
16:03:11.1 (8039628)|HEAP_ALLOCATE|[43]|Bytes:20
16:03:11.1 (8045022)|USER_DEBUG|[43]|DEBUG|Person isDead: false
16:03:11.1 (8049542)|STATEMENT_EXECUTE|[44]
16:03:11.1 (8051817)|HEAP_ALLOCATE|[44]|Bytes:16
16:03:11.1 (8069420)|HEAP_ALLOCATE|[44]|Bytes:4
16:03:11.1 (8081982)|HEAP_ALLOCATE|[44]|Bytes:20
16:03:11.1 (8088192)|USER_DEBUG|[44]|DEBUG|Person isHuman: true
16:03:11.1 (8095630)|METHOD_EXIT|[3]|01p1I00000AyVFl|Person.print()
16:03:11.1 (8103752)|SYSTEM_MODE_EXIT|false
16:03:11.1 (8108327)|STATEMENT_EXECUTE|[5]
16:03:11.1 (8112172)|HEAP_ALLOCATE|[5]|Bytes:28
16:03:11.1 (8116679)|HEAP_ALLOCATE|[5]|Bytes:10
16:03:11.1 (8140121)|SYSTEM_MODE_ENTER|false
16:03:11.1 (8147524)|HEAP_ALLOCATE|[5]|Bytes:5
16:03:11.1 (8157778)|CONSTRUCTOR_ENTRY|[5]|01p1I00000AyVFl|<init>(String)
16:03:11.1 (8172476)|VARIABLE_SCOPE_BEGIN|[21]|this|Person|true|false
16:03:11.1 (8189986)|VARIABLE_ASSIGNMENT|[21]|this|{}|0x8f40087
16:03:11.1 (8195961)|VARIABLE_SCOPE_BEGIN|[21]|defaultName|String|false|false
16:03:11.1 (8203418)|VARIABLE_ASSIGNMENT|[21]|defaultName|"Betty Boop"
16:03:11.1 (8208038)|STATEMENT_EXECUTE|[10]
16:03:11.1 (8209152)|STATEMENT_EXECUTE|[14]
16:03:11.1 (8210037)|STATEMENT_EXECUTE|[15]
16:03:11.1 (8210858)|STATEMENT_EXECUTE|[16]
16:03:11.1 (8211684)|STATEMENT_EXECUTE|[17]
16:03:11.1 (8212499)|STATEMENT_EXECUTE|[18]
16:03:11.1 (8213309)|STATEMENT_EXECUTE|[19]
16:03:11.1 (8216954)|HEAP_ALLOCATE|[19]|Bytes:5
16:03:11.1 (8223711)|VARIABLE_ASSIGNMENT|[19]|this.isDead|false|0x8f40087
16:03:11.1 (8237356)|STATEMENT_EXECUTE|[21]
16:03:11.1 (8238400)|STATEMENT_EXECUTE|[22]
16:03:11.1 (8243608)|VARIABLE_ASSIGNMENT|[22]|this.name|"Betty Boop"|0x8f40087
16:03:11.1 (8251560)|CONSTRUCTOR_EXIT|[5]|01p1I00000AyVFl|<init>(String)
16:03:11.1 (8258454)|SYSTEM_MODE_EXIT|false
16:03:11.1 (8274805)|VARIABLE_ASSIGNMENT|[5]|betty|{"isDead":false,"name":"Betty Boop"}|0x8f40087
16:03:11.1 (8280076)|STATEMENT_EXECUTE|[6]
16:03:11.1 (8301829)|SYSTEM_MODE_ENTER|false
16:03:11.1 (8308293)|HEAP_ALLOCATE|[6]|Bytes:5
16:03:11.1 (8316127)|METHOD_ENTRY|[6]|01p1I00000AyVFl|Person.print()
16:03:11.1 (8326316)|VARIABLE_SCOPE_BEGIN|[37]|this|Person|true|false
16:03:11.1 (8341881)|VARIABLE_ASSIGNMENT|[37]|this|{"isDead":false,"name":"Betty Boop"}|0x8f40087
16:03:11.1 (8348659)|STATEMENT_EXECUTE|[37]
16:03:11.1 (8349763)|STATEMENT_EXECUTE|[38]
16:03:11.1 (8354488)|HEAP_ALLOCATE|[38]|Bytes:23
16:03:11.1 (8361929)|USER_DEBUG|[38]|DEBUG|Person name: Betty Boop
16:03:11.1 (8367135)|STATEMENT_EXECUTE|[39]
16:03:11.1 (8369810)|HEAP_ALLOCATE|[39]|Bytes:18
16:03:11.1 (8374122)|USER_DEBUG|[39]|DEBUG|Person email: null
16:03:11.1 (8378128)|STATEMENT_EXECUTE|[40]
16:03:11.1 (8380271)|HEAP_ALLOCATE|[40]|Bytes:19
16:03:11.1 (8383727)|USER_DEBUG|[40]|DEBUG|Person gender: null
16:03:11.1 (8387481)|STATEMENT_EXECUTE|[41]
16:03:11.1 (8400429)|HEAP_ALLOCATE|[41]|Bytes:19
16:03:11.1 (8405288)|USER_DEBUG|[41]|DEBUG|Person weight: null
16:03:11.1 (8409791)|STATEMENT_EXECUTE|[42]
16:03:11.1 (8418649)|HEAP_ALLOCATE|[42]|Bytes:16
16:03:11.1 (8422428)|USER_DEBUG|[42]|DEBUG|Person age: null
16:03:11.1 (8426556)|STATEMENT_EXECUTE|[43]
16:03:11.1 (8432779)|HEAP_ALLOCATE|[43]|Bytes:5
16:03:11.1 (8439609)|HEAP_ALLOCATE|[43]|Bytes:20
16:03:11.1 (8443742)|USER_DEBUG|[43]|DEBUG|Person isDead: false
16:03:11.1 (8448325)|STATEMENT_EXECUTE|[44]
16:03:11.1 (8454581)|HEAP_ALLOCATE|[44]|Bytes:4
16:03:11.1 (8460818)|HEAP_ALLOCATE|[44]|Bytes:20
16:03:11.1 (8464793)|USER_DEBUG|[44]|DEBUG|Person isHuman: true
16:03:11.1 (8470812)|METHOD_EXIT|[6]|01p1I00000AyVFl|Person.print()
16:03:11.1 (8477612)|SYSTEM_MODE_EXIT|false
16:03:11.8 (8507935)|CUMULATIVE_LIMIT_USAGE
16:03:11.8 (8507935)|LIMIT_USAGE_FOR_NS|(default)|
  Number of SOQL queries: 0 out of 100
  Number of query rows: 0 out of 50000
  Number of SOSL queries: 0 out of 20
  Number of DML statements: 0 out of 150
  Number of DML rows: 0 out of 10000
  Maximum CPU time: 0 out of 10000
  Maximum heap size: 0 out of 6000000
  Number of callouts: 0 out of 100
  Number of Email Invocations: 0 out of 10
  Number of future calls: 0 out of 50
  Number of queueable jobs added to the queue: 0 out of 50
  Number of Mobile Apex push calls: 0 out of 10

16:03:11.8 (8507935)|CUMULATIVE_LIMIT_USAGE_END

16:03:11.1 (8545077)|CODE_UNIT_FINISHED|execute_anonymous_apex
16:03:11.1 (9531443)|EXECUTION_FINISHED
