41.0 APEX_CODE,FINEST;APEX_PROFILING,INFO;CALLOUT,INFO;DB,INFO;SYSTEM,DEBUG;VALIDATION,INFO;VISUALFORCE,INFO;WAVE,INFO;WORKFLOW,INFO
Execute Anonymous: Day3ListsAndLoops.execute();
15:02:15.1 (1044187)|USER_INFO|[EXTERNAL]|0051I000001HhoW|mark.hausknecht@atginfo.com.apexbootcamp|Pacific Standard Time|GMT-07:00
15:02:15.1 (1071608)|EXECUTION_STARTED
15:02:15.1 (1075602)|CODE_UNIT_STARTED|[EXTERNAL]|execute_anonymous_apex
15:02:15.1 (1285713)|HEAP_ALLOCATE|[72]|Bytes:3
15:02:15.1 (1331606)|HEAP_ALLOCATE|[77]|Bytes:152
15:02:15.1 (1351319)|HEAP_ALLOCATE|[342]|Bytes:408
15:02:15.1 (1369113)|HEAP_ALLOCATE|[355]|Bytes:408
15:02:15.1 (1385375)|HEAP_ALLOCATE|[467]|Bytes:48
15:02:15.1 (1422550)|HEAP_ALLOCATE|[139]|Bytes:6
15:02:15.1 (1438714)|HEAP_ALLOCATE|[EXTERNAL]|Bytes:1
15:02:15.1 (1545414)|STATEMENT_EXECUTE|[1]
15:02:15.1 (1547536)|STATEMENT_EXECUTE|[1]
15:02:15.1 (1595146)|HEAP_ALLOCATE|[50]|Bytes:5
15:02:15.1 (1620022)|HEAP_ALLOCATE|[56]|Bytes:5
15:02:15.1 (1626585)|HEAP_ALLOCATE|[64]|Bytes:7
15:02:15.1 (1648912)|SYSTEM_MODE_ENTER|false
15:02:15.1 (1667075)|HEAP_ALLOCATE|[1]|Bytes:5
15:02:15.1 (6645563)|HEAP_ALLOCATE|[1]|Bytes:1
15:02:15.1 (6656560)|HEAP_ALLOCATE|[1]|Bytes:5
15:02:15.1 (6671478)|METHOD_ENTRY|[2]|01p1I000008LWEw|Day3ListsAndLoops.Day3ListsAndLoops()
15:02:15.1 (6677617)|STATEMENT_EXECUTE|[2]
15:02:15.1 (6682262)|STATEMENT_EXECUTE|[2]
15:02:15.1 (6694033)|HEAP_ALLOCATE|[1]|Bytes:5
15:02:15.1 (6706342)|METHOD_EXIT|[2]|Day3ListsAndLoops
15:02:15.1 (6726841)|METHOD_ENTRY|[1]|01p1I000008LWEw|Day3ListsAndLoops.execute()
15:02:15.1 (6768515)|HEAP_ALLOCATE|[7]|Bytes:5
15:02:15.1 (6773436)|STATEMENT_EXECUTE|[4]
15:02:15.1 (6775179)|STATEMENT_EXECUTE|[7]
15:02:15.1 (6777248)|HEAP_ALLOCATE|[7]|Bytes:4
15:02:15.1 (6784525)|VARIABLE_SCOPE_BEGIN|[7]|myName|String|false|false
15:02:15.1 (6810654)|VARIABLE_ASSIGNMENT|[7]|myName|"Mark"
15:02:15.1 (6814485)|STATEMENT_EXECUTE|[11]
15:02:15.1 (6853619)|HEAP_ALLOCATE|[11]|Bytes:4
15:02:15.1 (6907574)|VARIABLE_SCOPE_BEGIN|[11]|names|List<String>|true|false
15:02:15.1 (6943666)|HEAP_ALLOCATE|[EXTERNAL]|Bytes:4
15:02:15.1 (6956732)|VARIABLE_ASSIGNMENT|[11]|names|[]|0x48ad2f8e
15:02:15.1 (6961612)|STATEMENT_EXECUTE|[14]
15:02:15.1 (6967508)|HEAP_ALLOCATE|[14]|Bytes:4
15:02:15.1 (6981043)|HEAP_ALLOCATE|[14]|Bytes:9
15:02:15.1 (6991882)|HEAP_ALLOCATE|[14]|Bytes:9
15:02:15.1 (6996600)|VARIABLE_SCOPE_BEGIN|[14]|students|List<String>|true|false
15:02:15.1 (7013326)|HEAP_ALLOCATE|[EXTERNAL]|Bytes:12
15:02:15.1 (7022042)|VARIABLE_ASSIGNMENT|[14]|students|["Student 1","Student 2"]|0x37b5681f
15:02:15.1 (7026945)|STATEMENT_EXECUTE|[17]
15:02:15.1 (7031639)|HEAP_ALLOCATE|[17]|Bytes:4
15:02:15.1 (7053103)|VARIABLE_SCOPE_BEGIN|[17]|employees|List<String>|true|false
15:02:15.1 (7067963)|HEAP_ALLOCATE|[EXTERNAL]|Bytes:84
15:02:15.1 (7076442)|VARIABLE_ASSIGNMENT|[17]|employees|"List of size 20 too large to display"|0x600e7483
15:02:15.1 (7080834)|STATEMENT_EXECUTE|[19]
15:02:15.1 (7108874)|HEAP_ALLOCATE|[EXTERNAL]|Bytes:4
15:02:15.1 (7117096)|STATEMENT_EXECUTE|[20]
15:02:15.1 (7119397)|HEAP_ALLOCATE|[20]|Bytes:6
15:02:15.1 (7133254)|HEAP_ALLOCATE|[EXTERNAL]|Bytes:4
15:02:15.1 (7138157)|STATEMENT_EXECUTE|[21]
15:02:15.1 (7139679)|HEAP_ALLOCATE|[21]|Bytes:4
15:02:15.1 (7151668)|HEAP_ALLOCATE|[EXTERNAL]|Bytes:4
15:02:15.1 (7156027)|STATEMENT_EXECUTE|[22]
15:02:15.1 (7157524)|HEAP_ALLOCATE|[22]|Bytes:4
15:02:15.1 (7168326)|HEAP_ALLOCATE|[EXTERNAL]|Bytes:4
15:02:15.1 (7172636)|STATEMENT_EXECUTE|[24]
15:02:15.1 (7174115)|HEAP_ALLOCATE|[24]|Bytes:7
15:02:15.1 (7219539)|HEAP_ALLOCATE|[24]|Bytes:26
15:02:15.1 (7235056)|HEAP_ALLOCATE|[24]|Bytes:33
15:02:15.1 (7259465)|USER_DEBUG|[24]|DEBUG|names: (Mark, Mathew, Luke, John)
15:02:15.1 (7266648)|STATEMENT_EXECUTE|[27]
15:02:15.1 (7306708)|HEAP_ALLOCATE|[27]|Bytes:4
15:02:15.1 (7313598)|STATEMENT_EXECUTE|[29]
15:02:15.1 (7315522)|HEAP_ALLOCATE|[29]|Bytes:34
15:02:15.1 (7336320)|HEAP_ALLOCATE|[29]|Bytes:20
15:02:15.1 (7345817)|HEAP_ALLOCATE|[29]|Bytes:54
15:02:15.1 (7352634)|USER_DEBUG|[29]|DEBUG|names after last element removed: (Mark, Mathew, Luke)
15:02:15.1 (7363398)|METHOD_EXIT|[1]|01p1I000008LWEw|Day3ListsAndLoops.execute()
15:02:15.1 (7369043)|SYSTEM_MODE_EXIT|false
15:02:15.7 (7389269)|CUMULATIVE_LIMIT_USAGE
15:02:15.7 (7389269)|LIMIT_USAGE_FOR_NS|(default)|
  Number of SOQL queries: 0 out of 100
  Number of query rows: 0 out of 50000
  Number of SOSL queries: 0 out of 20
  Number of DML statements: 0 out of 150
  Number of DML rows: 0 out of 10000
  Maximum CPU time: 0 out of 10000
  Maximum heap size: 0 out of 6000000
  Number of callouts: 0 out of 100
  Number of Email Invocations: 0 out of 10
  Number of future calls: 0 out of 50
  Number of queueable jobs added to the queue: 0 out of 50
  Number of Mobile Apex push calls: 0 out of 10

15:02:15.7 (7389269)|CUMULATIVE_LIMIT_USAGE_END

15:02:15.1 (7421391)|CODE_UNIT_FINISHED|execute_anonymous_apex
15:02:15.1 (8713260)|EXECUTION_FINISHED
