41.0 APEX_CODE,FINEST;APEX_PROFILING,INFO;CALLOUT,INFO;DB,INFO;SYSTEM,DEBUG;VALIDATION,INFO;VISUALFORCE,INFO;WAVE,INFO;WORKFLOW,INFO
Execute Anonymous: Day3ListsAndLoops.updateExistingAccount();
Execute Anonymous: 
Execute Anonymous: 
16:37:26.1 (1798847)|USER_INFO|[EXTERNAL]|0051I000001HhoW|mark.hausknecht@atginfo.com.apexbootcamp|Pacific Standard Time|GMT-07:00
16:37:26.1 (1818404)|EXECUTION_STARTED
16:37:26.1 (1822795)|CODE_UNIT_STARTED|[EXTERNAL]|execute_anonymous_apex
16:37:26.1 (2033292)|HEAP_ALLOCATE|[72]|Bytes:3
16:37:26.1 (2078021)|HEAP_ALLOCATE|[77]|Bytes:152
16:37:26.1 (2095646)|HEAP_ALLOCATE|[342]|Bytes:408
16:37:26.1 (2110333)|HEAP_ALLOCATE|[355]|Bytes:408
16:37:26.1 (2123467)|HEAP_ALLOCATE|[467]|Bytes:48
16:37:26.1 (2150900)|HEAP_ALLOCATE|[139]|Bytes:6
16:37:26.1 (2167857)|HEAP_ALLOCATE|[EXTERNAL]|Bytes:1
16:37:26.1 (2249227)|STATEMENT_EXECUTE|[1]
16:37:26.1 (2251834)|STATEMENT_EXECUTE|[1]
16:37:26.1 (2304328)|HEAP_ALLOCATE|[50]|Bytes:5
16:37:26.1 (2328137)|HEAP_ALLOCATE|[56]|Bytes:5
16:37:26.1 (2334871)|HEAP_ALLOCATE|[64]|Bytes:7
16:37:26.1 (2358822)|SYSTEM_MODE_ENTER|false
16:37:26.1 (2379728)|HEAP_ALLOCATE|[1]|Bytes:5
16:37:26.1 (12775794)|HEAP_ALLOCATE|[1]|Bytes:11
16:37:26.1 (12785406)|HEAP_ALLOCATE|[1]|Bytes:46
16:37:26.1 (12799571)|METHOD_ENTRY|[2]|01p1I000008LWEw|Day3ListsAndLoops.Day3ListsAndLoops()
16:37:26.1 (12806115)|STATEMENT_EXECUTE|[2]
16:37:26.1 (12811505)|STATEMENT_EXECUTE|[2]
16:37:26.1 (12823145)|HEAP_ALLOCATE|[1]|Bytes:5
16:37:26.1 (12834811)|METHOD_EXIT|[2]|Day3ListsAndLoops
16:37:26.1 (12861375)|METHOD_ENTRY|[1]|01p1I000008LWEw|Day3ListsAndLoops.updateExistingAccount()
16:37:26.1 (12902591)|HEAP_ALLOCATE|[119]|Bytes:5
16:37:26.1 (12908967)|STATEMENT_EXECUTE|[118]
16:37:26.1 (12910246)|STATEMENT_EXECUTE|[119]
16:37:26.1 (12912755)|HEAP_ALLOCATE|[119]|Bytes:61
16:37:26.1 (12936120)|HEAP_ALLOCATE|[119]|Bytes:4
16:37:26.1 (13178787)|SOQL_EXECUTE_BEGIN|[119]|Aggregations:0|SELECT Id, Name, Type FROM Account WHERE Name = 'atg' LIMIT 1
16:37:26.1 (18853153)|SOQL_EXECUTE_END|[119]|Rows:1
16:37:26.1 (18874851)|HEAP_ALLOCATE|[119]|Bytes:8
16:37:26.1 (18892487)|HEAP_ALLOCATE|[119]|Bytes:40
16:37:26.1 (18993691)|HEAP_ALLOCATE|[119]|Bytes:8
16:37:26.1 (19007987)|VARIABLE_SCOPE_BEGIN|[119]|queriedAccounts|List<Account>|true|false
16:37:26.1 (19049546)|VARIABLE_ASSIGNMENT|[119]|queriedAccounts|[{"Id":"0011I000007SlivQAC","Name":"atg"}]|0x33a3ec4e
16:37:26.1 (19055404)|STATEMENT_EXECUTE|[126]
16:37:26.1 (19127055)|USER_DEBUG|[126]|DEBUG|(Account:{Id=0011I000007SlivQAC, Name=atg})
16:37:26.1 (19192398)|STATEMENT_EXECUTE|[128]
16:37:26.1 (19194106)|STATEMENT_EXECUTE|[129]
16:37:26.1 (19205305)|HEAP_ALLOCATE|[129]|Bytes:12
16:37:26.1 (19212731)|VARIABLE_SCOPE_BEGIN|[129]|myAccount|Account|true|false
16:37:26.1 (19226717)|VARIABLE_ASSIGNMENT|[129]|myAccount|{"Id":"0011I000007SlivQAC","Name":"atg"}|0x6caddbe4
16:37:26.1 (19231975)|STATEMENT_EXECUTE|[130]
16:37:26.1 (19234579)|HEAP_ALLOCATE|[130]|Bytes:20
16:37:26.1 (19282574)|VARIABLE_ASSIGNMENT|[130]|this.Name|"Changed Account Name"|0x6caddbe4
16:37:26.1 (19288268)|STATEMENT_EXECUTE|[131]
16:37:26.1 (19311813)|HEAP_ALLOCATE|[131]|Bytes:8
16:37:26.1 (19319957)|DML_BEGIN|[131]|Op:Update|Type:Account|Rows:1
16:37:26.1 (19344834)|HEAP_ALLOCATE|[EXTERNAL]|Bytes:8
16:37:26.1 (34745331)|CODE_UNIT_STARTED|[EXTERNAL]|DuplicateDetector
16:37:26.1 (34760847)|DUPLICATE_DETECTION_BEGIN
16:37:26.1 (35380657)|DUPLICATE_DETECTION_RULE_INVOCATION|DuplicateRuleId:0Bm1I000002PDEh|DuplicateRuleName:Standard Account Duplicate Rule|DmlType:UPDATE
16:37:26.1 (35414329)|DUPLICATE_DETECTION_END
16:37:26.1 (35420370)|CODE_UNIT_FINISHED|DuplicateDetector
16:37:26.1 (55245192)|DML_END|[131]
16:37:26.1 (55290993)|METHOD_EXIT|[1]|01p1I000008LWEw|Day3ListsAndLoops.updateExistingAccount()
16:37:26.1 (55307052)|SYSTEM_MODE_EXIT|false
16:37:26.1 (120503985)|CODE_UNIT_STARTED|[EXTERNAL]|DuplicateDetector
16:37:26.1 (120522456)|DUPLICATE_DETECTION_BEGIN
16:37:26.1 (120567557)|DUPLICATE_DETECTION_RULE_INVOCATION|DuplicateRuleId:0Bm1I000002PDEh|DuplicateRuleName:Standard Account Duplicate Rule|DmlType:UPDATE
16:37:26.1 (152427609)|DUPLICATE_DETECTION_MATCH_INVOCATION_DETAILS|EntityId:0011I000007Sliv|ActionTaken:Allow_[Report]|DuplicateRecordIds:
16:37:26.1 (152445300)|DUPLICATE_DETECTION_MATCH_INVOCATION_SUMMARY|EntityType:Account|NumRecordsToBeSaved:1|NumRecordsToBeSavedWithDuplicates:0|NumDuplicateRecordsFound:0
16:37:26.1 (152541432)|DUPLICATE_DETECTION_END
16:37:26.1 (152548776)|CODE_UNIT_FINISHED|DuplicateDetector
16:37:26.152 (152590532)|CUMULATIVE_LIMIT_USAGE
16:37:26.152 (152590532)|LIMIT_USAGE_FOR_NS|(default)|
  Number of SOQL queries: 1 out of 100
  Number of query rows: 1 out of 50000
  Number of SOSL queries: 0 out of 20
  Number of DML statements: 1 out of 150
  Number of DML rows: 1 out of 10000
  Maximum CPU time: 0 out of 10000
  Maximum heap size: 0 out of 6000000
  Number of callouts: 0 out of 100
  Number of Email Invocations: 0 out of 10
  Number of future calls: 0 out of 50
  Number of queueable jobs added to the queue: 0 out of 50
  Number of Mobile Apex push calls: 0 out of 10

16:37:26.152 (152590532)|CUMULATIVE_LIMIT_USAGE_END

16:37:26.1 (152634670)|CODE_UNIT_FINISHED|execute_anonymous_apex
16:37:26.1 (153868856)|EXECUTION_FINISHED
