41.0 APEX_CODE,FINEST;APEX_PROFILING,INFO;CALLOUT,INFO;DB,INFO;SYSTEM,DEBUG;VALIDATION,INFO;VISUALFORCE,INFO;WAVE,INFO;WORKFLOW,INFO
Execute Anonymous: Day3ListsAndLoops.execute();
15:07:59.1 (1070118)|USER_INFO|[EXTERNAL]|0051I000001HhoW|mark.hausknecht@atginfo.com.apexbootcamp|Pacific Standard Time|GMT-07:00
15:07:59.1 (1097038)|EXECUTION_STARTED
15:07:59.1 (1104533)|CODE_UNIT_STARTED|[EXTERNAL]|execute_anonymous_apex
15:07:59.1 (1299409)|HEAP_ALLOCATE|[72]|Bytes:3
15:07:59.1 (1343052)|HEAP_ALLOCATE|[77]|Bytes:152
15:07:59.1 (1360801)|HEAP_ALLOCATE|[342]|Bytes:408
15:07:59.1 (1375283)|HEAP_ALLOCATE|[355]|Bytes:408
15:07:59.1 (1388952)|HEAP_ALLOCATE|[467]|Bytes:48
15:07:59.1 (1416229)|HEAP_ALLOCATE|[139]|Bytes:6
15:07:59.1 (1430734)|HEAP_ALLOCATE|[EXTERNAL]|Bytes:1
15:07:59.1 (1502711)|STATEMENT_EXECUTE|[1]
15:07:59.1 (1504607)|STATEMENT_EXECUTE|[1]
15:07:59.1 (1554051)|HEAP_ALLOCATE|[50]|Bytes:5
15:07:59.1 (1576398)|HEAP_ALLOCATE|[56]|Bytes:5
15:07:59.1 (1583774)|HEAP_ALLOCATE|[64]|Bytes:7
15:07:59.1 (1605685)|SYSTEM_MODE_ENTER|false
15:07:59.1 (1623035)|HEAP_ALLOCATE|[1]|Bytes:5
15:07:59.1 (2583001)|HEAP_ALLOCATE|[1]|Bytes:1
15:07:59.1 (2592497)|HEAP_ALLOCATE|[1]|Bytes:8
15:07:59.1 (2609463)|METHOD_ENTRY|[2]|01p1I000008LWEw|Day3ListsAndLoops.Day3ListsAndLoops()
15:07:59.1 (2615022)|STATEMENT_EXECUTE|[2]
15:07:59.1 (2619456)|STATEMENT_EXECUTE|[2]
15:07:59.1 (2629566)|HEAP_ALLOCATE|[1]|Bytes:5
15:07:59.1 (2641893)|METHOD_EXIT|[2]|Day3ListsAndLoops
15:07:59.1 (2663031)|METHOD_ENTRY|[1]|01p1I000008LWEw|Day3ListsAndLoops.execute()
15:07:59.1 (2702295)|HEAP_ALLOCATE|[7]|Bytes:5
15:07:59.1 (2707226)|STATEMENT_EXECUTE|[4]
15:07:59.1 (2708656)|STATEMENT_EXECUTE|[7]
15:07:59.1 (2710910)|HEAP_ALLOCATE|[7]|Bytes:4
15:07:59.1 (2717326)|VARIABLE_SCOPE_BEGIN|[7]|myName|String|false|false
15:07:59.1 (2741768)|VARIABLE_ASSIGNMENT|[7]|myName|"Mark"
15:07:59.1 (2746092)|STATEMENT_EXECUTE|[11]
15:07:59.1 (2785150)|HEAP_ALLOCATE|[11]|Bytes:4
15:07:59.1 (2833940)|VARIABLE_SCOPE_BEGIN|[11]|names|List<String>|true|false
15:07:59.1 (2867901)|HEAP_ALLOCATE|[EXTERNAL]|Bytes:4
15:07:59.1 (2881230)|VARIABLE_ASSIGNMENT|[11]|names|[]|0x6a9023ee
15:07:59.1 (2886462)|STATEMENT_EXECUTE|[14]
15:07:59.1 (2892473)|HEAP_ALLOCATE|[14]|Bytes:4
15:07:59.1 (2911664)|HEAP_ALLOCATE|[14]|Bytes:9
15:07:59.1 (2921006)|HEAP_ALLOCATE|[14]|Bytes:9
15:07:59.1 (2925401)|VARIABLE_SCOPE_BEGIN|[14]|students|List<String>|true|false
15:07:59.1 (2943395)|HEAP_ALLOCATE|[EXTERNAL]|Bytes:12
15:07:59.1 (2952620)|VARIABLE_ASSIGNMENT|[14]|students|["Student 1","Student 2"]|0x2587236c
15:07:59.1 (2958214)|STATEMENT_EXECUTE|[17]
15:07:59.1 (2963437)|HEAP_ALLOCATE|[17]|Bytes:4
15:07:59.1 (2986391)|VARIABLE_SCOPE_BEGIN|[17]|employees|List<String>|true|false
15:07:59.1 (3002542)|HEAP_ALLOCATE|[EXTERNAL]|Bytes:84
15:07:59.1 (3011787)|VARIABLE_ASSIGNMENT|[17]|employees|"List of size 20 too large to display"|0x4e63fb61
15:07:59.1 (3016571)|STATEMENT_EXECUTE|[19]
15:07:59.1 (3044179)|HEAP_ALLOCATE|[EXTERNAL]|Bytes:4
15:07:59.1 (3051911)|STATEMENT_EXECUTE|[20]
15:07:59.1 (3054295)|HEAP_ALLOCATE|[20]|Bytes:6
15:07:59.1 (3067318)|HEAP_ALLOCATE|[EXTERNAL]|Bytes:4
15:07:59.1 (3072054)|STATEMENT_EXECUTE|[21]
15:07:59.1 (3073731)|HEAP_ALLOCATE|[21]|Bytes:4
15:07:59.1 (3084373)|HEAP_ALLOCATE|[EXTERNAL]|Bytes:4
15:07:59.1 (3088906)|STATEMENT_EXECUTE|[22]
15:07:59.1 (3090352)|HEAP_ALLOCATE|[22]|Bytes:4
15:07:59.1 (3100433)|HEAP_ALLOCATE|[EXTERNAL]|Bytes:4
15:07:59.1 (3105097)|STATEMENT_EXECUTE|[24]
15:07:59.1 (3106531)|HEAP_ALLOCATE|[24]|Bytes:7
15:07:59.1 (3148792)|HEAP_ALLOCATE|[24]|Bytes:26
15:07:59.1 (3163754)|HEAP_ALLOCATE|[24]|Bytes:33
15:07:59.1 (3185005)|USER_DEBUG|[24]|DEBUG|names: (Mark, Mathew, Luke, John)
15:07:59.1 (3192526)|STATEMENT_EXECUTE|[27]
15:07:59.1 (3210914)|HEAP_ALLOCATE|[27]|Bytes:4
15:07:59.1 (3216106)|STATEMENT_EXECUTE|[29]
15:07:59.1 (3217934)|HEAP_ALLOCATE|[29]|Bytes:34
15:07:59.1 (3234302)|HEAP_ALLOCATE|[29]|Bytes:20
15:07:59.1 (3243246)|HEAP_ALLOCATE|[29]|Bytes:54
15:07:59.1 (3250039)|USER_DEBUG|[29]|DEBUG|names after last element removed: (Mark, Mathew, Luke)
15:07:59.1 (3255768)|STATEMENT_EXECUTE|[31]
15:07:59.1 (3399982)|HEAP_ALLOCATE|[31]|Bytes:31
15:07:59.1 (3418601)|METHOD_EXIT|[1]|01p1I000008LWEw|Day3ListsAndLoops.execute()
15:07:59.1 (3425665)|SYSTEM_MODE_EXIT|false
15:07:59.1 (3526348)|FATAL_ERROR|System.ListException: List index out of bounds: 3

Class.Day3ListsAndLoops.execute: line 31, column 1
AnonymousBlock: line 1, column 1
AnonymousBlock: line 1, column 1
15:07:59.3 (3564628)|CUMULATIVE_LIMIT_USAGE
15:07:59.3 (3564628)|LIMIT_USAGE_FOR_NS|(default)|
  Number of SOQL queries: 0 out of 100
  Number of query rows: 0 out of 50000
  Number of SOSL queries: 0 out of 20
  Number of DML statements: 0 out of 150
  Number of DML rows: 0 out of 10000
  Maximum CPU time: 0 out of 10000
  Maximum heap size: 0 out of 6000000
  Number of callouts: 0 out of 100
  Number of Email Invocations: 0 out of 10
  Number of future calls: 0 out of 50
  Number of queueable jobs added to the queue: 0 out of 50
  Number of Mobile Apex push calls: 0 out of 10

15:07:59.3 (3564628)|CUMULATIVE_LIMIT_USAGE_END

15:07:59.1 (3599789)|CODE_UNIT_FINISHED|execute_anonymous_apex
15:07:59.1 (4363837)|EXECUTION_FINISHED
