41.0 APEX_CODE,FINEST;APEX_PROFILING,INFO;CALLOUT,INFO;DB,INFO;SYSTEM,DEBUG;VALIDATION,INFO;VISUALFORCE,INFO;WAVE,INFO;WORKFLOW,INFO
Execute Anonymous: Day3ListsAndLoops.querySobjects();
Execute Anonymous: 
Execute Anonymous: 
16:14:46.1 (1200870)|USER_INFO|[EXTERNAL]|0051I000001HhoW|mark.hausknecht@atginfo.com.apexbootcamp|Pacific Standard Time|GMT-07:00
16:14:46.1 (1222833)|EXECUTION_STARTED
16:14:46.1 (1227101)|CODE_UNIT_STARTED|[EXTERNAL]|execute_anonymous_apex
16:14:46.1 (1455161)|HEAP_ALLOCATE|[72]|Bytes:3
16:14:46.1 (1515189)|HEAP_ALLOCATE|[77]|Bytes:152
16:14:46.1 (1533774)|HEAP_ALLOCATE|[342]|Bytes:408
16:14:46.1 (1549423)|HEAP_ALLOCATE|[355]|Bytes:408
16:14:46.1 (1562186)|HEAP_ALLOCATE|[467]|Bytes:48
16:14:46.1 (1618487)|HEAP_ALLOCATE|[139]|Bytes:6
16:14:46.1 (1634270)|HEAP_ALLOCATE|[EXTERNAL]|Bytes:1
16:14:46.1 (1743964)|STATEMENT_EXECUTE|[1]
16:14:46.1 (1747884)|STATEMENT_EXECUTE|[1]
16:14:46.1 (1817079)|HEAP_ALLOCATE|[50]|Bytes:5
16:14:46.1 (1849863)|HEAP_ALLOCATE|[56]|Bytes:5
16:14:46.1 (1859013)|HEAP_ALLOCATE|[64]|Bytes:7
16:14:46.1 (1902206)|SYSTEM_MODE_ENTER|false
16:14:46.1 (2098992)|HEAP_ALLOCATE|[1]|Bytes:5
16:14:46.1 (8194754)|HEAP_ALLOCATE|[1]|Bytes:7
16:14:46.1 (8204640)|HEAP_ALLOCATE|[1]|Bytes:34
16:14:46.1 (8236351)|METHOD_ENTRY|[2]|01p1I000008LWEw|Day3ListsAndLoops.Day3ListsAndLoops()
16:14:46.1 (8243207)|STATEMENT_EXECUTE|[2]
16:14:46.1 (8246968)|STATEMENT_EXECUTE|[2]
16:14:46.1 (8259038)|HEAP_ALLOCATE|[1]|Bytes:5
16:14:46.1 (8280260)|METHOD_EXIT|[2]|Day3ListsAndLoops
16:14:46.1 (8314217)|METHOD_ENTRY|[1]|01p1I000008LWEw|Day3ListsAndLoops.querySobjects()
16:14:46.1 (8360406)|HEAP_ALLOCATE|[97]|Bytes:5
16:14:46.1 (8365446)|STATEMENT_EXECUTE|[95]
16:14:46.1 (8366700)|STATEMENT_EXECUTE|[97]
16:14:46.1 (8418083)|HEAP_ALLOCATE|[97]|Bytes:4
16:14:46.1 (8534504)|VARIABLE_SCOPE_BEGIN|[97]|myAccount|Account|true|false
16:14:46.1 (8649017)|VARIABLE_ASSIGNMENT|[97]|myAccount|{}|0x57493744
16:14:46.1 (8655308)|STATEMENT_EXECUTE|[98]
16:14:46.1 (8658029)|HEAP_ALLOCATE|[98]|Bytes:3
16:14:46.1 (8746576)|VARIABLE_ASSIGNMENT|[98]|this.Name|"atg"|0x57493744
16:14:46.1 (8753824)|STATEMENT_EXECUTE|[100]
16:14:46.1 (8756499)|HEAP_ALLOCATE|[100]|Bytes:25
16:14:46.1 (8852341)|HEAP_ALLOCATE|[100]|Bytes:18
16:14:46.1 (8896427)|HEAP_ALLOCATE|[100]|Bytes:43
16:14:46.1 (8919455)|USER_DEBUG|[100]|DEBUG|myAccount before insert: Account:{Name=atg}
16:14:46.1 (8927856)|STATEMENT_EXECUTE|[102]
16:14:46.1 (8947046)|HEAP_ALLOCATE|[102]|Bytes:8
16:14:46.1 (8954952)|DML_BEGIN|[102]|Op:Insert|Type:Account|Rows:1
16:14:46.1 (8985053)|HEAP_ALLOCATE|[EXTERNAL]|Bytes:8
16:14:46.1 (57134099)|CODE_UNIT_STARTED|[EXTERNAL]|DuplicateDetector
16:14:46.1 (57168047)|DUPLICATE_DETECTION_BEGIN
16:14:46.1 (58806616)|DUPLICATE_DETECTION_RULE_INVOCATION|DuplicateRuleId:0Bm1I000002PDEh|DuplicateRuleName:Standard Account Duplicate Rule|DmlType:INSERT
16:14:46.1 (87471331)|DUPLICATE_DETECTION_MATCH_INVOCATION_DETAILS|EntityType:Account|ActionTaken:Allow_[Alert,Report]|DuplicateRecordIds:
16:14:46.1 (87492217)|DUPLICATE_DETECTION_MATCH_INVOCATION_SUMMARY|EntityType:Account|NumRecordsToBeSaved:1|NumRecordsToBeSavedWithDuplicates:0|NumDuplicateRecordsFound:0
16:14:46.1 (87612129)|DUPLICATE_DETECTION_END
16:14:46.1 (87619934)|CODE_UNIT_FINISHED|DuplicateDetector
16:14:46.1 (128372669)|DML_END|[102]
16:14:46.1 (128407248)|STATEMENT_EXECUTE|[104]
16:14:46.1 (128419317)|HEAP_ALLOCATE|[104]|Bytes:24
16:14:46.1 (128547093)|HEAP_ALLOCATE|[104]|Bytes:41
16:14:46.1 (128567920)|HEAP_ALLOCATE|[104]|Bytes:65
16:14:46.1 (128587344)|USER_DEBUG|[104]|DEBUG|myAccount after insert: Account:{Name=atg, Id=0011I000007SlghQAC}
16:14:46.1 (128609425)|METHOD_EXIT|[1]|01p1I000008LWEw|Day3ListsAndLoops.querySobjects()
16:14:46.1 (128616660)|SYSTEM_MODE_EXIT|false
16:14:46.1 (146925915)|CODE_UNIT_STARTED|[EXTERNAL]|DuplicateDetector
16:14:46.1 (146947158)|DUPLICATE_DETECTION_BEGIN
16:14:46.1 (146994490)|DUPLICATE_DETECTION_RULE_INVOCATION|DuplicateRuleId:0Bm1I000002PDEh|DuplicateRuleName:Standard Account Duplicate Rule|DmlType:INSERT
16:14:46.1 (155136159)|DUPLICATE_DETECTION_END
16:14:46.1 (155147250)|CODE_UNIT_FINISHED|DuplicateDetector
16:14:46.155 (155185140)|CUMULATIVE_LIMIT_USAGE
16:14:46.155 (155185140)|LIMIT_USAGE_FOR_NS|(default)|
  Number of SOQL queries: 0 out of 100
  Number of query rows: 0 out of 50000
  Number of SOSL queries: 0 out of 20
  Number of DML statements: 1 out of 150
  Number of DML rows: 1 out of 10000
  Maximum CPU time: 0 out of 10000
  Maximum heap size: 0 out of 6000000
  Number of callouts: 0 out of 100
  Number of Email Invocations: 0 out of 10
  Number of future calls: 0 out of 50
  Number of queueable jobs added to the queue: 0 out of 50
  Number of Mobile Apex push calls: 0 out of 10

16:14:46.155 (155185140)|CUMULATIVE_LIMIT_USAGE_END

16:14:46.1 (155232217)|CODE_UNIT_FINISHED|execute_anonymous_apex
16:14:46.1 (156177886)|EXECUTION_FINISHED
