41.0 APEX_CODE,FINEST;APEX_PROFILING,INFO;CALLOUT,INFO;DB,INFO;SYSTEM,DEBUG;VALIDATION,INFO;VISUALFORCE,INFO;WAVE,INFO;WORKFLOW,INFO
Execute Anonymous: Day3ListsAndLoops.execute();
15:07:50.1 (1103209)|USER_INFO|[EXTERNAL]|0051I000001HhoW|mark.hausknecht@atginfo.com.apexbootcamp|Pacific Standard Time|GMT-07:00
15:07:50.1 (1123991)|EXECUTION_STARTED
15:07:50.1 (1128577)|CODE_UNIT_STARTED|[EXTERNAL]|execute_anonymous_apex
15:07:50.1 (1325572)|HEAP_ALLOCATE|[72]|Bytes:3
15:07:50.1 (1367707)|HEAP_ALLOCATE|[77]|Bytes:152
15:07:50.1 (1384706)|HEAP_ALLOCATE|[342]|Bytes:408
15:07:50.1 (1399586)|HEAP_ALLOCATE|[355]|Bytes:408
15:07:50.1 (1412617)|HEAP_ALLOCATE|[467]|Bytes:48
15:07:50.1 (1441131)|HEAP_ALLOCATE|[139]|Bytes:6
15:07:50.1 (1456516)|HEAP_ALLOCATE|[EXTERNAL]|Bytes:1
15:07:50.1 (1538520)|STATEMENT_EXECUTE|[1]
15:07:50.1 (1540941)|STATEMENT_EXECUTE|[1]
15:07:50.1 (1593127)|HEAP_ALLOCATE|[50]|Bytes:5
15:07:50.1 (1617566)|HEAP_ALLOCATE|[56]|Bytes:5
15:07:50.1 (1628905)|HEAP_ALLOCATE|[64]|Bytes:7
15:07:50.1 (1654291)|SYSTEM_MODE_ENTER|false
15:07:50.1 (1673080)|HEAP_ALLOCATE|[1]|Bytes:5
15:07:50.1 (6639082)|HEAP_ALLOCATE|[1]|Bytes:1
15:07:50.1 (6649550)|HEAP_ALLOCATE|[1]|Bytes:8
15:07:50.1 (6665611)|METHOD_ENTRY|[2]|01p1I000008LWEw|Day3ListsAndLoops.Day3ListsAndLoops()
15:07:50.1 (6671994)|STATEMENT_EXECUTE|[2]
15:07:50.1 (6676147)|STATEMENT_EXECUTE|[2]
15:07:50.1 (6688517)|HEAP_ALLOCATE|[1]|Bytes:5
15:07:50.1 (6699264)|METHOD_EXIT|[2]|Day3ListsAndLoops
15:07:50.1 (6719738)|METHOD_ENTRY|[1]|01p1I000008LWEw|Day3ListsAndLoops.execute()
15:07:50.1 (6757649)|HEAP_ALLOCATE|[7]|Bytes:5
15:07:50.1 (6762354)|STATEMENT_EXECUTE|[4]
15:07:50.1 (6763741)|STATEMENT_EXECUTE|[7]
15:07:50.1 (6766121)|HEAP_ALLOCATE|[7]|Bytes:4
15:07:50.1 (6773759)|VARIABLE_SCOPE_BEGIN|[7]|myName|String|false|false
15:07:50.1 (6796192)|VARIABLE_ASSIGNMENT|[7]|myName|"Mark"
15:07:50.1 (6800213)|STATEMENT_EXECUTE|[11]
15:07:50.1 (6842715)|HEAP_ALLOCATE|[11]|Bytes:4
15:07:50.1 (6895244)|VARIABLE_SCOPE_BEGIN|[11]|names|List<String>|true|false
15:07:50.1 (6926705)|HEAP_ALLOCATE|[EXTERNAL]|Bytes:4
15:07:50.1 (6940036)|VARIABLE_ASSIGNMENT|[11]|names|[]|0x7f4d2f3e
15:07:50.1 (6945291)|STATEMENT_EXECUTE|[14]
15:07:50.1 (6951544)|HEAP_ALLOCATE|[14]|Bytes:4
15:07:50.1 (6965868)|HEAP_ALLOCATE|[14]|Bytes:9
15:07:50.1 (6976643)|HEAP_ALLOCATE|[14]|Bytes:9
15:07:50.1 (6981460)|VARIABLE_SCOPE_BEGIN|[14]|students|List<String>|true|false
15:07:50.1 (6998992)|HEAP_ALLOCATE|[EXTERNAL]|Bytes:12
15:07:50.1 (7007180)|VARIABLE_ASSIGNMENT|[14]|students|["Student 1","Student 2"]|0x7cf2b61c
15:07:50.1 (7012628)|STATEMENT_EXECUTE|[17]
15:07:50.1 (7017507)|HEAP_ALLOCATE|[17]|Bytes:4
15:07:50.1 (7039425)|VARIABLE_SCOPE_BEGIN|[17]|employees|List<String>|true|false
15:07:50.1 (7055616)|HEAP_ALLOCATE|[EXTERNAL]|Bytes:84
15:07:50.1 (7064559)|VARIABLE_ASSIGNMENT|[17]|employees|"List of size 20 too large to display"|0x6ad05263
15:07:50.1 (7069828)|STATEMENT_EXECUTE|[19]
15:07:50.1 (7100389)|HEAP_ALLOCATE|[EXTERNAL]|Bytes:4
15:07:50.1 (7108971)|STATEMENT_EXECUTE|[20]
15:07:50.1 (7111017)|HEAP_ALLOCATE|[20]|Bytes:6
15:07:50.1 (7125639)|HEAP_ALLOCATE|[EXTERNAL]|Bytes:4
15:07:50.1 (7131403)|STATEMENT_EXECUTE|[21]
15:07:50.1 (7133142)|HEAP_ALLOCATE|[21]|Bytes:4
15:07:50.1 (7144977)|HEAP_ALLOCATE|[EXTERNAL]|Bytes:4
15:07:50.1 (7150053)|STATEMENT_EXECUTE|[22]
15:07:50.1 (7151567)|HEAP_ALLOCATE|[22]|Bytes:4
15:07:50.1 (7163586)|HEAP_ALLOCATE|[EXTERNAL]|Bytes:4
15:07:50.1 (7168500)|STATEMENT_EXECUTE|[24]
15:07:50.1 (7170365)|HEAP_ALLOCATE|[24]|Bytes:7
15:07:50.1 (7213536)|HEAP_ALLOCATE|[24]|Bytes:26
15:07:50.1 (7230711)|HEAP_ALLOCATE|[24]|Bytes:33
15:07:50.1 (7253183)|USER_DEBUG|[24]|DEBUG|names: (Mark, Mathew, Luke, John)
15:07:50.1 (7261730)|STATEMENT_EXECUTE|[27]
15:07:50.1 (7313860)|HEAP_ALLOCATE|[27]|Bytes:4
15:07:50.1 (7321001)|STATEMENT_EXECUTE|[29]
15:07:50.1 (7322984)|HEAP_ALLOCATE|[29]|Bytes:34
15:07:50.1 (7344042)|HEAP_ALLOCATE|[29]|Bytes:20
15:07:50.1 (7354807)|HEAP_ALLOCATE|[29]|Bytes:54
15:07:50.1 (7361928)|USER_DEBUG|[29]|DEBUG|names after last element removed: (Mark, Mathew, Luke)
15:07:50.1 (7367389)|STATEMENT_EXECUTE|[31]
15:07:50.1 (7947977)|HEAP_ALLOCATE|[31]|Bytes:31
15:07:50.1 (7969732)|METHOD_EXIT|[1]|01p1I000008LWEw|Day3ListsAndLoops.execute()
15:07:50.1 (7976626)|SYSTEM_MODE_EXIT|false
15:07:50.1 (8096357)|FATAL_ERROR|System.ListException: List index out of bounds: 3

Class.Day3ListsAndLoops.execute: line 31, column 1
AnonymousBlock: line 1, column 1
AnonymousBlock: line 1, column 1
15:07:50.8 (8136905)|CUMULATIVE_LIMIT_USAGE
15:07:50.8 (8136905)|LIMIT_USAGE_FOR_NS|(default)|
  Number of SOQL queries: 0 out of 100
  Number of query rows: 0 out of 50000
  Number of SOSL queries: 0 out of 20
  Number of DML statements: 0 out of 150
  Number of DML rows: 0 out of 10000
  Maximum CPU time: 0 out of 10000
  Maximum heap size: 0 out of 6000000
  Number of callouts: 0 out of 100
  Number of Email Invocations: 0 out of 10
  Number of future calls: 0 out of 50
  Number of queueable jobs added to the queue: 0 out of 50
  Number of Mobile Apex push calls: 0 out of 10

15:07:50.8 (8136905)|CUMULATIVE_LIMIT_USAGE_END

15:07:50.1 (8173447)|CODE_UNIT_FINISHED|execute_anonymous_apex
15:07:50.1 (9428721)|EXECUTION_FINISHED
