41.0 APEX_CODE,FINEST;APEX_PROFILING,INFO;CALLOUT,INFO;DB,INFO;SYSTEM,DEBUG;VALIDATION,INFO;VISUALFORCE,INFO;WAVE,INFO;WORKFLOW,INFO
Execute Anonymous: Day3ListsAndLoops.querySobjects();
Execute Anonymous: 
Execute Anonymous: 
16:22:31.1 (1231186)|USER_INFO|[EXTERNAL]|0051I000001HhoW|mark.hausknecht@atginfo.com.apexbootcamp|Pacific Standard Time|GMT-07:00
16:22:31.1 (1390452)|EXECUTION_STARTED
16:22:31.1 (1395517)|CODE_UNIT_STARTED|[EXTERNAL]|execute_anonymous_apex
16:22:31.1 (1561354)|HEAP_ALLOCATE|[72]|Bytes:3
16:22:31.1 (1602333)|HEAP_ALLOCATE|[77]|Bytes:152
16:22:31.1 (1616458)|HEAP_ALLOCATE|[342]|Bytes:408
16:22:31.1 (1631752)|HEAP_ALLOCATE|[355]|Bytes:408
16:22:31.1 (1645156)|HEAP_ALLOCATE|[467]|Bytes:48
16:22:31.1 (1702918)|HEAP_ALLOCATE|[139]|Bytes:6
16:22:31.1 (1718295)|HEAP_ALLOCATE|[EXTERNAL]|Bytes:1
16:22:31.1 (1800805)|STATEMENT_EXECUTE|[1]
16:22:31.1 (1803156)|STATEMENT_EXECUTE|[1]
16:22:31.1 (1848002)|HEAP_ALLOCATE|[50]|Bytes:5
16:22:31.1 (1865667)|HEAP_ALLOCATE|[56]|Bytes:5
16:22:31.1 (1872671)|HEAP_ALLOCATE|[64]|Bytes:7
16:22:31.1 (1909602)|SYSTEM_MODE_ENTER|false
16:22:31.1 (2003044)|HEAP_ALLOCATE|[1]|Bytes:5
16:22:31.1 (6902408)|HEAP_ALLOCATE|[1]|Bytes:7
16:22:31.1 (6912837)|HEAP_ALLOCATE|[1]|Bytes:42
16:22:31.1 (6945395)|METHOD_ENTRY|[2]|01p1I000008LWEw|Day3ListsAndLoops.Day3ListsAndLoops()
16:22:31.1 (6951827)|STATEMENT_EXECUTE|[2]
16:22:31.1 (6956447)|STATEMENT_EXECUTE|[2]
16:22:31.1 (6967208)|HEAP_ALLOCATE|[1]|Bytes:5
16:22:31.1 (6987633)|METHOD_EXIT|[2]|Day3ListsAndLoops
16:22:31.1 (7008497)|METHOD_ENTRY|[1]|01p1I000008LWEw|Day3ListsAndLoops.querySobjects()
16:22:31.1 (7045759)|HEAP_ALLOCATE|[97]|Bytes:5
16:22:31.1 (7051120)|STATEMENT_EXECUTE|[95]
16:22:31.1 (7052304)|STATEMENT_EXECUTE|[97]
16:22:31.1 (7089116)|HEAP_ALLOCATE|[97]|Bytes:4
16:22:31.1 (7178833)|VARIABLE_SCOPE_BEGIN|[97]|myAccount|Account|true|false
16:22:31.1 (7206588)|VARIABLE_ASSIGNMENT|[97]|myAccount|{}|0x5206fb72
16:22:31.1 (7219859)|STATEMENT_EXECUTE|[98]
16:22:31.1 (7222577)|HEAP_ALLOCATE|[98]|Bytes:3
16:22:31.1 (7280606)|VARIABLE_ASSIGNMENT|[98]|this.Name|"atg"|0x5206fb72
16:22:31.1 (7285843)|STATEMENT_EXECUTE|[100]
16:22:31.1 (7288062)|HEAP_ALLOCATE|[100]|Bytes:25
16:22:31.1 (7374354)|HEAP_ALLOCATE|[100]|Bytes:18
16:22:31.1 (7395152)|HEAP_ALLOCATE|[100]|Bytes:43
16:22:31.1 (7414079)|USER_DEBUG|[100]|DEBUG|myAccount before insert: Account:{Name=atg}
16:22:31.1 (7421273)|STATEMENT_EXECUTE|[102]
16:22:31.1 (7437524)|HEAP_ALLOCATE|[102]|Bytes:8
16:22:31.1 (7445421)|DML_BEGIN|[102]|Op:Insert|Type:Account|Rows:1
16:22:31.1 (7469681)|HEAP_ALLOCATE|[EXTERNAL]|Bytes:8
16:22:31.1 (52483042)|CODE_UNIT_STARTED|[EXTERNAL]|DuplicateDetector
16:22:31.1 (52497995)|DUPLICATE_DETECTION_BEGIN
16:22:31.1 (53127430)|DUPLICATE_DETECTION_RULE_INVOCATION|DuplicateRuleId:0Bm1I000002PDEh|DuplicateRuleName:Standard Account Duplicate Rule|DmlType:INSERT
16:22:31.1 (71555059)|DUPLICATE_DETECTION_MATCH_INVOCATION_DETAILS|EntityType:Account|ActionTaken:Allow_[Alert,Report]|DuplicateRecordIds:
16:22:31.1 (71583905)|DUPLICATE_DETECTION_MATCH_INVOCATION_SUMMARY|EntityType:Account|NumRecordsToBeSaved:1|NumRecordsToBeSavedWithDuplicates:0|NumDuplicateRecordsFound:0
16:22:31.1 (71717006)|DUPLICATE_DETECTION_END
16:22:31.1 (71723765)|CODE_UNIT_FINISHED|DuplicateDetector
16:22:31.1 (105628632)|DML_END|[102]
16:22:31.1 (105658872)|STATEMENT_EXECUTE|[104]
16:22:31.1 (105669592)|HEAP_ALLOCATE|[104]|Bytes:24
16:22:31.1 (105780317)|HEAP_ALLOCATE|[104]|Bytes:41
16:22:31.1 (105798419)|HEAP_ALLOCATE|[104]|Bytes:65
16:22:31.1 (105812696)|USER_DEBUG|[104]|DEBUG|myAccount after insert: Account:{Name=atg, Id=0011I000007SlivQAC}
16:22:31.1 (105819464)|STATEMENT_EXECUTE|[106]
16:22:31.1 (105841201)|HEAP_ALLOCATE|[106]|Bytes:4
16:22:31.1 (105877311)|VARIABLE_SCOPE_BEGIN|[106]|myAccountMark|Account|true|false
16:22:31.1 (105900844)|VARIABLE_ASSIGNMENT|[106]|myAccountMark|{}|0x3fb8de33
16:22:31.1 (105906303)|STATEMENT_EXECUTE|[107]
16:22:31.1 (105909762)|HEAP_ALLOCATE|[107]|Bytes:12
16:22:31.1 (105953849)|VARIABLE_ASSIGNMENT|[107]|this.Name|"Mark Account"|0x3fb8de33
16:22:31.1 (105959426)|STATEMENT_EXECUTE|[108]
16:22:31.1 (105962223)|HEAP_ALLOCATE|[108]|Bytes:17
16:22:31.1 (105983243)|VARIABLE_ASSIGNMENT|[108]|this.Type|"Customer - Direct"|0x3fb8de33
16:22:31.1 (105988135)|STATEMENT_EXECUTE|[110]
16:22:31.1 (106026162)|HEAP_ALLOCATE|[110]|Bytes:41
16:22:31.1 (106038964)|HEAP_ALLOCATE|[110]|Bytes:66
16:22:31.1 (106046670)|USER_DEBUG|[110]|DEBUG|myAccount before insert: Account:{Name=atg, Id=0011I000007SlivQAC}
16:22:31.1 (106052357)|STATEMENT_EXECUTE|[112]
16:22:31.1 (106064378)|HEAP_ALLOCATE|[112]|Bytes:8
16:22:31.1 (106071347)|DML_BEGIN|[112]|Op:Insert|Type:Account|Rows:1
16:22:31.1 (106095515)|HEAP_ALLOCATE|[EXTERNAL]|Bytes:8
16:22:31.1 (109841462)|CODE_UNIT_STARTED|[EXTERNAL]|DuplicateDetector
16:22:31.1 (109852904)|DUPLICATE_DETECTION_BEGIN
16:22:31.1 (109885696)|DUPLICATE_DETECTION_RULE_INVOCATION|DuplicateRuleId:0Bm1I000002PDEh|DuplicateRuleName:Standard Account Duplicate Rule|DmlType:INSERT
16:22:31.1 (118885007)|DUPLICATE_DETECTION_MATCH_INVOCATION_DETAILS|EntityType:Account|ActionTaken:Allow_[Alert,Report]|DuplicateRecordIds:
16:22:31.1 (118916407)|DUPLICATE_DETECTION_MATCH_INVOCATION_SUMMARY|EntityType:Account|NumRecordsToBeSaved:1|NumRecordsToBeSavedWithDuplicates:0|NumDuplicateRecordsFound:0
16:22:31.1 (119051566)|DUPLICATE_DETECTION_END
16:22:31.1 (119058846)|CODE_UNIT_FINISHED|DuplicateDetector
16:22:31.1 (130429360)|DML_END|[112]
16:22:31.1 (130444968)|STATEMENT_EXECUTE|[114]
16:22:31.1 (130523118)|HEAP_ALLOCATE|[114]|Bytes:41
16:22:31.1 (130549993)|HEAP_ALLOCATE|[114]|Bytes:65
16:22:31.1 (130566036)|USER_DEBUG|[114]|DEBUG|myAccount after insert: Account:{Name=atg, Id=0011I000007SlivQAC}
16:22:31.1 (130584458)|METHOD_EXIT|[1]|01p1I000008LWEw|Day3ListsAndLoops.querySobjects()
16:22:31.1 (130595138)|SYSTEM_MODE_EXIT|false
16:22:31.1 (146895520)|CODE_UNIT_STARTED|[EXTERNAL]|DuplicateDetector
16:22:31.1 (146931948)|DUPLICATE_DETECTION_BEGIN
16:22:31.1 (147015523)|DUPLICATE_DETECTION_RULE_INVOCATION|DuplicateRuleId:0Bm1I000002PDEh|DuplicateRuleName:Standard Account Duplicate Rule|DmlType:INSERT
16:22:31.1 (154790977)|DUPLICATE_DETECTION_END
16:22:31.1 (154803857)|CODE_UNIT_FINISHED|DuplicateDetector
16:22:31.154 (154861091)|CUMULATIVE_LIMIT_USAGE
16:22:31.154 (154861091)|LIMIT_USAGE_FOR_NS|(default)|
  Number of SOQL queries: 0 out of 100
  Number of query rows: 0 out of 50000
  Number of SOSL queries: 0 out of 20
  Number of DML statements: 2 out of 150
  Number of DML rows: 2 out of 10000
  Maximum CPU time: 0 out of 10000
  Maximum heap size: 0 out of 6000000
  Number of callouts: 0 out of 100
  Number of Email Invocations: 0 out of 10
  Number of future calls: 0 out of 50
  Number of queueable jobs added to the queue: 0 out of 50
  Number of Mobile Apex push calls: 0 out of 10

16:22:31.154 (154861091)|CUMULATIVE_LIMIT_USAGE_END

16:22:31.1 (154909747)|CODE_UNIT_FINISHED|execute_anonymous_apex
16:22:31.1 (155772705)|EXECUTION_FINISHED
