41.0 APEX_CODE,FINEST;APEX_PROFILING,INFO;CALLOUT,INFO;DB,INFO;SYSTEM,DEBUG;VALIDATION,INFO;VISUALFORCE,INFO;WAVE,INFO;WORKFLOW,INFO
Execute Anonymous: 
Execute Anonymous: Person fred = new Person('Freddy', 'fred@email.com');
Execute Anonymous: fred.setisHuman(false);
Execute Anonymous: fred.print();
Execute Anonymous: 
Execute Anonymous: Person betty = new Person('Betty Boop');
Execute Anonymous: betty.print();
Execute Anonymous: 
Execute Anonymous: Person johnny = new Person('Johnny 5', 'Johnny@email.com', True);
Execute Anonymous: johnny.print();
16:43:07.1 (1063778)|USER_INFO|[EXTERNAL]|0051I000001HhoW|mark.hausknecht@atginfo.com.apexbootcamp|Pacific Standard Time|GMT-08:00
16:43:07.1 (1087903)|EXECUTION_STARTED
16:43:07.1 (1092860)|CODE_UNIT_STARTED|[EXTERNAL]|execute_anonymous_apex
16:43:07.1 (2362291)|VARIABLE_SCOPE_BEGIN|[12]|Person.isHuman|Boolean|false|true
16:43:07.1 (2412366)|VARIABLE_SCOPE_BEGIN|[6]|betty|Person|true|false
16:43:07.1 (2422696)|VARIABLE_SCOPE_BEGIN|[2]|fred|Person|true|false
16:43:07.1 (2429587)|VARIABLE_SCOPE_BEGIN|[9]|johnny|Person|true|false
16:43:07.1 (2546977)|HEAP_ALLOCATE|[72]|Bytes:3
16:43:07.1 (2587377)|HEAP_ALLOCATE|[77]|Bytes:152
16:43:07.1 (2602524)|HEAP_ALLOCATE|[342]|Bytes:408
16:43:07.1 (2617146)|HEAP_ALLOCATE|[355]|Bytes:408
16:43:07.1 (2630405)|HEAP_ALLOCATE|[467]|Bytes:48
16:43:07.1 (2658996)|HEAP_ALLOCATE|[139]|Bytes:6
16:43:07.1 (2675339)|HEAP_ALLOCATE|[EXTERNAL]|Bytes:14
16:43:07.1 (2718249)|STATEMENT_EXECUTE|[1]
16:43:07.1 (2720374)|STATEMENT_EXECUTE|[2]
16:43:07.1 (2723900)|HEAP_ALLOCATE|[2]|Bytes:14
16:43:07.1 (2729614)|HEAP_ALLOCATE|[2]|Bytes:20
16:43:07.1 (2761535)|METHOD_ENTRY|[10]|01p1I00000AyVFl|Person.Person()
16:43:07.1 (2766777)|STATEMENT_EXECUTE|[10]
16:43:07.1 (2769295)|STATEMENT_EXECUTE|[10]
16:43:07.1 (2770235)|STATEMENT_EXECUTE|[12]
16:43:07.1 (2799482)|HEAP_ALLOCATE|[50]|Bytes:5
16:43:07.1 (2822840)|HEAP_ALLOCATE|[56]|Bytes:5
16:43:07.1 (2830331)|HEAP_ALLOCATE|[64]|Bytes:7
16:43:07.1 (2849330)|HEAP_ALLOCATE|[12]|Bytes:5
16:43:07.1 (2869111)|VARIABLE_ASSIGNMENT|[12]|Person.isHuman|true
16:43:07.1 (2876659)|METHOD_EXIT|[10]|Person
16:43:07.1 (2892055)|HEAP_ALLOCATE|[2]|Bytes:28
16:43:07.1 (2896429)|HEAP_ALLOCATE|[2]|Bytes:6
16:43:07.1 (2899156)|HEAP_ALLOCATE|[2]|Bytes:14
16:43:07.1 (2932509)|SYSTEM_MODE_ENTER|false
16:43:07.1 (2942687)|HEAP_ALLOCATE|[2]|Bytes:5
16:43:07.1 (2957737)|CONSTRUCTOR_ENTRY|[2]|01p1I00000AyVFl|<init>(String,String)
16:43:07.1 (2980921)|VARIABLE_SCOPE_BEGIN|[32]|this|Person|true|false
16:43:07.1 (3022989)|VARIABLE_ASSIGNMENT|[32]|this|{}|0x5539cc4c
16:43:07.1 (3031097)|VARIABLE_SCOPE_BEGIN|[32]|defaultName|String|false|false
16:43:07.1 (3041688)|VARIABLE_ASSIGNMENT|[32]|defaultName|"Freddy"
16:43:07.1 (3045539)|VARIABLE_SCOPE_BEGIN|[32]|defaultEmail|String|false|false
16:43:07.1 (3053144)|VARIABLE_ASSIGNMENT|[32]|defaultEmail|"fred@email.com"
16:43:07.1 (3058610)|STATEMENT_EXECUTE|[10]
16:43:07.1 (3059750)|STATEMENT_EXECUTE|[14]
16:43:07.1 (3060753)|STATEMENT_EXECUTE|[15]
16:43:07.1 (3061580)|STATEMENT_EXECUTE|[16]
16:43:07.1 (3062421)|STATEMENT_EXECUTE|[17]
16:43:07.1 (3063242)|STATEMENT_EXECUTE|[18]
16:43:07.1 (3064042)|STATEMENT_EXECUTE|[19]
16:43:07.1 (3068572)|HEAP_ALLOCATE|[33]|Bytes:6
16:43:07.1 (3096923)|STATEMENT_EXECUTE|[32]
16:43:07.1 (3098300)|STATEMENT_EXECUTE|[33]
16:43:07.1 (3107383)|VARIABLE_ASSIGNMENT|[33]|this.name|"Freddy"|0x5539cc4c
16:43:07.1 (3113206)|STATEMENT_EXECUTE|[34]
16:43:07.1 (3116777)|VARIABLE_ASSIGNMENT|[34]|this.email|"fred@email.com"|0x5539cc4c
16:43:07.1 (3127393)|CONSTRUCTOR_EXIT|[2]|01p1I00000AyVFl|<init>(String,String)
16:43:07.1 (3137770)|SYSTEM_MODE_EXIT|false
16:43:07.1 (3161750)|VARIABLE_ASSIGNMENT|[2]|fred|{"email":"fred@email.com","name":"Freddy"}|0x5539cc4c
16:43:07.1 (3167867)|STATEMENT_EXECUTE|[3]
16:43:07.1 (3193263)|SYSTEM_MODE_ENTER|false
16:43:07.1 (3200264)|HEAP_ALLOCATE|[3]|Bytes:5
16:43:07.1 (3227875)|METHOD_ENTRY|[3]|01p1I00000AyVFl|Person.setIsHuman(Boolean)
16:43:07.1 (3248331)|VARIABLE_SCOPE_BEGIN|[54]|this|Person|true|false
16:43:07.1 (3264887)|VARIABLE_ASSIGNMENT|[54]|this|{"email":"fred@email.com","name":"Freddy"}|0x5539cc4c
16:43:07.1 (3272348)|VARIABLE_SCOPE_BEGIN|[54]|isHumanVal|Boolean|false|false
16:43:07.1 (3279249)|VARIABLE_ASSIGNMENT|[54]|isHumanVal|false
16:43:07.1 (3285925)|STATEMENT_EXECUTE|[54]
16:43:07.1 (3287023)|STATEMENT_EXECUTE|[55]
16:43:07.1 (3290353)|HEAP_ALLOCATE|[55]|Bytes:5
16:43:07.1 (3296282)|VARIABLE_ASSIGNMENT|[55]|Person.isHuman|false
16:43:07.1 (3303972)|METHOD_EXIT|[3]|01p1I00000AyVFl|Person.setIsHuman(Boolean)
16:43:07.1 (3311108)|SYSTEM_MODE_EXIT|false
16:43:07.1 (3315494)|STATEMENT_EXECUTE|[4]
16:43:07.1 (3333173)|SYSTEM_MODE_ENTER|false
16:43:07.1 (3338853)|HEAP_ALLOCATE|[4]|Bytes:5
16:43:07.1 (3348287)|METHOD_ENTRY|[4]|01p1I00000AyVFl|Person.print()
16:43:07.1 (3364241)|VARIABLE_SCOPE_BEGIN|[43]|this|Person|true|false
16:43:07.1 (3380359)|VARIABLE_ASSIGNMENT|[43]|this|{"email":"fred@email.com","name":"Freddy"}|0x5539cc4c
16:43:07.1 (3386787)|STATEMENT_EXECUTE|[43]
16:43:07.1 (3388060)|STATEMENT_EXECUTE|[44]
16:43:07.1 (3390236)|HEAP_ALLOCATE|[44]|Bytes:13
16:43:07.1 (3412663)|HEAP_ALLOCATE|[44]|Bytes:19
16:43:07.1 (3467428)|USER_DEBUG|[44]|DEBUG|Person name: Freddy
16:43:07.1 (3475875)|STATEMENT_EXECUTE|[45]
16:43:07.1 (3478090)|HEAP_ALLOCATE|[45]|Bytes:14
16:43:07.1 (3485083)|HEAP_ALLOCATE|[45]|Bytes:28
16:43:07.1 (3496326)|USER_DEBUG|[45]|DEBUG|Person email: fred@email.com
16:43:07.1 (3502239)|STATEMENT_EXECUTE|[46]
16:43:07.1 (3503756)|HEAP_ALLOCATE|[46]|Bytes:15
16:43:07.1 (3508701)|HEAP_ALLOCATE|[46]|Bytes:19
16:43:07.1 (3517116)|USER_DEBUG|[46]|DEBUG|Person gender: null
16:43:07.1 (3522669)|STATEMENT_EXECUTE|[47]
16:43:07.1 (3524074)|HEAP_ALLOCATE|[47]|Bytes:15
16:43:07.1 (3565846)|HEAP_ALLOCATE|[47]|Bytes:19
16:43:07.1 (3573085)|USER_DEBUG|[47]|DEBUG|Person weight: null
16:43:07.1 (3577933)|STATEMENT_EXECUTE|[48]
16:43:07.1 (3579607)|HEAP_ALLOCATE|[48]|Bytes:12
16:43:07.1 (3600016)|HEAP_ALLOCATE|[48]|Bytes:16
16:43:07.1 (3606725)|USER_DEBUG|[48]|DEBUG|Person age: null
16:43:07.1 (3611403)|STATEMENT_EXECUTE|[49]
16:43:07.1 (3613036)|HEAP_ALLOCATE|[49]|Bytes:15
16:43:07.1 (3631699)|HEAP_ALLOCATE|[49]|Bytes:19
16:43:07.1 (3637481)|USER_DEBUG|[49]|DEBUG|Person isDead: null
16:43:07.1 (3642170)|STATEMENT_EXECUTE|[50]
16:43:07.1 (3643672)|HEAP_ALLOCATE|[50]|Bytes:16
16:43:07.1 (3659058)|HEAP_ALLOCATE|[50]|Bytes:5
16:43:07.1 (3667682)|HEAP_ALLOCATE|[50]|Bytes:21
16:43:07.1 (3673187)|USER_DEBUG|[50]|DEBUG|Person isHuman: false
16:43:07.1 (3679549)|METHOD_EXIT|[4]|01p1I00000AyVFl|Person.print()
16:43:07.1 (3686053)|SYSTEM_MODE_EXIT|false
16:43:07.1 (3690618)|STATEMENT_EXECUTE|[6]
16:43:07.1 (3693974)|HEAP_ALLOCATE|[6]|Bytes:28
16:43:07.1 (3698018)|HEAP_ALLOCATE|[6]|Bytes:10
16:43:07.1 (3718717)|SYSTEM_MODE_ENTER|false
16:43:07.1 (3724921)|HEAP_ALLOCATE|[6]|Bytes:5
16:43:07.1 (3735216)|CONSTRUCTOR_ENTRY|[6]|01p1I00000AyVFl|<init>(String)
16:43:07.1 (3748478)|VARIABLE_SCOPE_BEGIN|[21]|this|Person|true|false
16:43:07.1 (3764771)|VARIABLE_ASSIGNMENT|[21]|this|{}|0x21d4676d
16:43:07.1 (3770784)|VARIABLE_SCOPE_BEGIN|[21]|defaultName|String|false|false
16:43:07.1 (3778559)|VARIABLE_ASSIGNMENT|[21]|defaultName|"Betty Boop"
16:43:07.1 (3783799)|STATEMENT_EXECUTE|[10]
16:43:07.1 (3784845)|STATEMENT_EXECUTE|[14]
16:43:07.1 (3785749)|STATEMENT_EXECUTE|[15]
16:43:07.1 (3786552)|STATEMENT_EXECUTE|[16]
16:43:07.1 (3787369)|STATEMENT_EXECUTE|[17]
16:43:07.1 (3788173)|STATEMENT_EXECUTE|[18]
16:43:07.1 (3788995)|STATEMENT_EXECUTE|[19]
16:43:07.1 (3797973)|STATEMENT_EXECUTE|[21]
16:43:07.1 (3798935)|STATEMENT_EXECUTE|[22]
16:43:07.1 (3804861)|VARIABLE_ASSIGNMENT|[22]|this.name|"Betty Boop"|0x21d4676d
16:43:07.1 (3810083)|STATEMENT_EXECUTE|[25]
16:43:07.1 (3822173)|HEAP_ALLOCATE|[25]|Bytes:5
16:43:07.1 (3828415)|VARIABLE_ASSIGNMENT|[25]|this.IS_DEAD|false|0x21d4676d
16:43:07.1 (3836044)|CONSTRUCTOR_EXIT|[6]|01p1I00000AyVFl|<init>(String)
16:43:07.1 (3843072)|SYSTEM_MODE_EXIT|false
16:43:07.1 (3858953)|VARIABLE_ASSIGNMENT|[6]|betty|{"IS_DEAD":false,"name":"Betty Boop"}|0x21d4676d
16:43:07.1 (3864134)|STATEMENT_EXECUTE|[7]
16:43:07.1 (3883042)|SYSTEM_MODE_ENTER|false
16:43:07.1 (3888656)|HEAP_ALLOCATE|[7]|Bytes:5
16:43:07.1 (3896575)|METHOD_ENTRY|[7]|01p1I00000AyVFl|Person.print()
16:43:07.1 (3906231)|VARIABLE_SCOPE_BEGIN|[43]|this|Person|true|false
16:43:07.1 (3921810)|VARIABLE_ASSIGNMENT|[43]|this|{"IS_DEAD":false,"name":"Betty Boop"}|0x21d4676d
16:43:07.1 (3928566)|STATEMENT_EXECUTE|[43]
16:43:07.1 (3929623)|STATEMENT_EXECUTE|[44]
16:43:07.1 (3934044)|HEAP_ALLOCATE|[44]|Bytes:23
16:43:07.1 (3941990)|USER_DEBUG|[44]|DEBUG|Person name: Betty Boop
16:43:07.1 (3947280)|STATEMENT_EXECUTE|[45]
16:43:07.1 (3949799)|HEAP_ALLOCATE|[45]|Bytes:18
16:43:07.1 (3954289)|USER_DEBUG|[45]|DEBUG|Person email: null
16:43:07.1 (3958573)|STATEMENT_EXECUTE|[46]
16:43:07.1 (3960794)|HEAP_ALLOCATE|[46]|Bytes:19
16:43:07.1 (3964911)|USER_DEBUG|[46]|DEBUG|Person gender: null
16:43:07.1 (3968906)|STATEMENT_EXECUTE|[47]
16:43:07.1 (3982574)|HEAP_ALLOCATE|[47]|Bytes:19
16:43:07.1 (3987369)|USER_DEBUG|[47]|DEBUG|Person weight: null
16:43:07.1 (3991571)|STATEMENT_EXECUTE|[48]
16:43:07.1 (4001456)|HEAP_ALLOCATE|[48]|Bytes:16
16:43:07.1 (4006709)|USER_DEBUG|[48]|DEBUG|Person age: null
16:43:07.1 (4010517)|STATEMENT_EXECUTE|[49]
16:43:07.1 (4016941)|HEAP_ALLOCATE|[49]|Bytes:5
16:43:07.1 (4025127)|HEAP_ALLOCATE|[49]|Bytes:20
16:43:07.1 (4029676)|USER_DEBUG|[49]|DEBUG|Person isDead: false
16:43:07.1 (4033842)|STATEMENT_EXECUTE|[50]
16:43:07.1 (4039939)|HEAP_ALLOCATE|[50]|Bytes:5
16:43:07.1 (4047491)|HEAP_ALLOCATE|[50]|Bytes:21
16:43:07.1 (4051627)|USER_DEBUG|[50]|DEBUG|Person isHuman: false
16:43:07.1 (4057127)|METHOD_EXIT|[7]|01p1I00000AyVFl|Person.print()
16:43:07.1 (4063797)|SYSTEM_MODE_EXIT|false
16:43:07.1 (4067355)|STATEMENT_EXECUTE|[9]
16:43:07.1 (4070585)|HEAP_ALLOCATE|[9]|Bytes:28
16:43:07.1 (4074530)|HEAP_ALLOCATE|[9]|Bytes:8
16:43:07.1 (4077414)|HEAP_ALLOCATE|[9]|Bytes:16
16:43:07.1 (4096986)|SYSTEM_MODE_ENTER|false
16:43:07.1 (4102605)|HEAP_ALLOCATE|[9]|Bytes:5
16:43:07.1 (4113325)|CONSTRUCTOR_ENTRY|[9]|01p1I00000AyVFl|<init>(String,String,Boolean)
16:43:07.1 (4128188)|VARIABLE_SCOPE_BEGIN|[37]|this|Person|true|false
16:43:07.1 (4142796)|VARIABLE_ASSIGNMENT|[37]|this|{}|0x1f96e06f
16:43:07.1 (4154844)|VARIABLE_SCOPE_BEGIN|[37]|defaultName|String|false|false
16:43:07.1 (4162946)|VARIABLE_ASSIGNMENT|[37]|defaultName|"Johnny 5"
16:43:07.1 (4166485)|VARIABLE_SCOPE_BEGIN|[37]|defaultEmail|String|false|false
16:43:07.1 (4173737)|VARIABLE_ASSIGNMENT|[37]|defaultEmail|"Johnny@email.com"
16:43:07.1 (4178974)|VARIABLE_SCOPE_BEGIN|[37]|defaultIsDead|Boolean|false|false
16:43:07.1 (4185726)|VARIABLE_ASSIGNMENT|[37]|defaultIsDead|true
16:43:07.1 (4190335)|STATEMENT_EXECUTE|[10]
16:43:07.1 (4191429)|STATEMENT_EXECUTE|[14]
16:43:07.1 (4192385)|STATEMENT_EXECUTE|[15]
16:43:07.1 (4193296)|STATEMENT_EXECUTE|[16]
16:43:07.1 (4194116)|STATEMENT_EXECUTE|[17]
16:43:07.1 (4194925)|STATEMENT_EXECUTE|[18]
16:43:07.1 (4195746)|STATEMENT_EXECUTE|[19]
16:43:07.1 (4204798)|STATEMENT_EXECUTE|[37]
16:43:07.1 (4205795)|STATEMENT_EXECUTE|[38]
16:43:07.1 (4211415)|VARIABLE_ASSIGNMENT|[38]|this.name|"Johnny 5"|0x1f96e06f
16:43:07.1 (4216984)|STATEMENT_EXECUTE|[39]
16:43:07.1 (4220452)|VARIABLE_ASSIGNMENT|[39]|this.email|"Johnny@email.com"|0x1f96e06f
16:43:07.1 (4224812)|STATEMENT_EXECUTE|[40]
16:43:07.1 (4231423)|HEAP_ALLOCATE|[40]|Bytes:5
16:43:07.1 (4236628)|VARIABLE_ASSIGNMENT|[40]|this.IS_DEAD|true|0x1f96e06f
16:43:07.1 (4246379)|CONSTRUCTOR_EXIT|[9]|01p1I00000AyVFl|<init>(String,String,Boolean)
16:43:07.1 (4253191)|SYSTEM_MODE_EXIT|false
16:43:07.1 (4270513)|VARIABLE_ASSIGNMENT|[9]|johnny|{"email":"Johnny@email.com","IS_DEAD":true,"name":"Johnny 5"}|0x1f96e06f
16:43:07.1 (4276545)|STATEMENT_EXECUTE|[10]
16:43:07.1 (4295620)|SYSTEM_MODE_ENTER|false
16:43:07.1 (4301532)|HEAP_ALLOCATE|[10]|Bytes:5
16:43:07.1 (4309391)|METHOD_ENTRY|[10]|01p1I00000AyVFl|Person.print()
16:43:07.1 (4319033)|VARIABLE_SCOPE_BEGIN|[43]|this|Person|true|false
16:43:07.1 (4334547)|VARIABLE_ASSIGNMENT|[43]|this|{"email":"Johnny@email.com","IS_DEAD":true,"name":"Johnny 5"}|0x1f96e06f
16:43:07.1 (4340937)|STATEMENT_EXECUTE|[43]
16:43:07.1 (4341928)|STATEMENT_EXECUTE|[44]
16:43:07.1 (4345834)|HEAP_ALLOCATE|[44]|Bytes:21
16:43:07.1 (4353053)|USER_DEBUG|[44]|DEBUG|Person name: Johnny 5
16:43:07.1 (4358796)|STATEMENT_EXECUTE|[45]
16:43:07.1 (4361184)|HEAP_ALLOCATE|[45]|Bytes:30
16:43:07.1 (4365917)|USER_DEBUG|[45]|DEBUG|Person email: Johnny@email.com
16:43:07.1 (4370640)|STATEMENT_EXECUTE|[46]
16:43:07.1 (4373071)|HEAP_ALLOCATE|[46]|Bytes:19
16:43:07.1 (4376888)|USER_DEBUG|[46]|DEBUG|Person gender: null
16:43:07.1 (4381221)|STATEMENT_EXECUTE|[47]
16:43:07.1 (4395465)|HEAP_ALLOCATE|[47]|Bytes:19
16:43:07.1 (4400398)|USER_DEBUG|[47]|DEBUG|Person weight: null
16:43:07.1 (4405098)|STATEMENT_EXECUTE|[48]
16:43:07.1 (4414254)|HEAP_ALLOCATE|[48]|Bytes:16
16:43:07.1 (4418718)|USER_DEBUG|[48]|DEBUG|Person age: null
16:43:07.1 (4422960)|STATEMENT_EXECUTE|[49]
16:43:07.1 (4428934)|HEAP_ALLOCATE|[49]|Bytes:4
16:43:07.1 (4436078)|HEAP_ALLOCATE|[49]|Bytes:19
16:43:07.1 (4440340)|USER_DEBUG|[49]|DEBUG|Person isDead: true
16:43:07.1 (4444408)|STATEMENT_EXECUTE|[50]
16:43:07.1 (4450176)|HEAP_ALLOCATE|[50]|Bytes:5
16:43:07.1 (4457169)|HEAP_ALLOCATE|[50]|Bytes:21
16:43:07.1 (4461418)|USER_DEBUG|[50]|DEBUG|Person isHuman: false
16:43:07.1 (4466556)|METHOD_EXIT|[10]|01p1I00000AyVFl|Person.print()
16:43:07.1 (4473045)|SYSTEM_MODE_EXIT|false
16:43:07.4 (4496312)|CUMULATIVE_LIMIT_USAGE
16:43:07.4 (4496312)|LIMIT_USAGE_FOR_NS|(default)|
  Number of SOQL queries: 0 out of 100
  Number of query rows: 0 out of 50000
  Number of SOSL queries: 0 out of 20
  Number of DML statements: 0 out of 150
  Number of DML rows: 0 out of 10000
  Maximum CPU time: 0 out of 10000
  Maximum heap size: 0 out of 6000000
  Number of callouts: 0 out of 100
  Number of Email Invocations: 0 out of 10
  Number of future calls: 0 out of 50
  Number of queueable jobs added to the queue: 0 out of 50
  Number of Mobile Apex push calls: 0 out of 10

16:43:07.4 (4496312)|CUMULATIVE_LIMIT_USAGE_END

16:43:07.1 (4531083)|CODE_UNIT_FINISHED|execute_anonymous_apex
16:43:07.1 (5299075)|EXECUTION_FINISHED
