41.0 APEX_CODE,FINEST;APEX_PROFILING,INFO;CALLOUT,INFO;DB,INFO;SYSTEM,DEBUG;VALIDATION,INFO;VISUALFORCE,INFO;WAVE,INFO;WORKFLOW,INFO
Execute Anonymous: Day3ListsAndLoops.updateAccountTypeOnEveryAccount();
Execute Anonymous: 
Execute Anonymous: 
17:01:04.1 (1336120)|USER_INFO|[EXTERNAL]|0051I000001HhoW|mark.hausknecht@atginfo.com.apexbootcamp|Pacific Standard Time|GMT-07:00
17:01:04.1 (1361687)|EXECUTION_STARTED
17:01:04.1 (1366015)|CODE_UNIT_STARTED|[EXTERNAL]|execute_anonymous_apex
17:01:04.1 (1567639)|HEAP_ALLOCATE|[72]|Bytes:3
17:01:04.1 (1607212)|HEAP_ALLOCATE|[77]|Bytes:152
17:01:04.1 (1622384)|HEAP_ALLOCATE|[342]|Bytes:408
17:01:04.1 (1636841)|HEAP_ALLOCATE|[355]|Bytes:408
17:01:04.1 (1650712)|HEAP_ALLOCATE|[467]|Bytes:48
17:01:04.1 (1679032)|HEAP_ALLOCATE|[139]|Bytes:6
17:01:04.1 (1693989)|HEAP_ALLOCATE|[EXTERNAL]|Bytes:1
17:01:04.1 (1772276)|STATEMENT_EXECUTE|[1]
17:01:04.1 (1774974)|STATEMENT_EXECUTE|[1]
17:01:04.1 (1827871)|HEAP_ALLOCATE|[50]|Bytes:5
17:01:04.1 (1848964)|HEAP_ALLOCATE|[56]|Bytes:5
17:01:04.1 (1856267)|HEAP_ALLOCATE|[64]|Bytes:7
17:01:04.1 (1876800)|SYSTEM_MODE_ENTER|false
17:01:04.1 (1952767)|HEAP_ALLOCATE|[1]|Bytes:5
17:01:04.1 (10310190)|HEAP_ALLOCATE|[1]|Bytes:15
17:01:04.1 (10326584)|HEAP_ALLOCATE|[1]|Bytes:58
17:01:04.1 (10345937)|METHOD_ENTRY|[2]|01p1I000008LWEw|Day3ListsAndLoops.Day3ListsAndLoops()
17:01:04.1 (10353232)|STATEMENT_EXECUTE|[2]
17:01:04.1 (10359770)|STATEMENT_EXECUTE|[2]
17:01:04.1 (10371784)|HEAP_ALLOCATE|[1]|Bytes:5
17:01:04.1 (10382589)|METHOD_EXIT|[2]|Day3ListsAndLoops
17:01:04.1 (10412067)|METHOD_ENTRY|[1]|01p1I000008LWEw|Day3ListsAndLoops.updateAccountTypeOnEveryAccount()
17:01:04.1 (10458690)|HEAP_ALLOCATE|[144]|Bytes:5
17:01:04.1 (10464219)|STATEMENT_EXECUTE|[136]
17:01:04.1 (10465425)|STATEMENT_EXECUTE|[144]
17:01:04.1 (10467912)|HEAP_ALLOCATE|[144]|Bytes:34
17:01:04.1 (10482568)|HEAP_ALLOCATE|[144]|Bytes:4
17:01:04.1 (10688954)|SOQL_EXECUTE_BEGIN|[144]|Aggregations:0|SELECT Id, Name, Type FROM Account
17:01:04.1 (20378637)|SOQL_EXECUTE_END|[144]|Rows:15
17:01:04.1 (20409038)|HEAP_ALLOCATE|[144]|Bytes:64
17:01:04.1 (20440134)|HEAP_ALLOCATE|[144]|Bytes:1135
17:01:04.1 (20551704)|HEAP_ALLOCATE|[144]|Bytes:64
17:01:04.1 (20572081)|VARIABLE_SCOPE_BEGIN|[144]|queriedAccounts|List<Account>|true|false
17:01:04.1 (20603361)|VARIABLE_ASSIGNMENT|[144]|queriedAccounts|"List of size 15 too large to display"|0x2281b4c7
17:01:04.1 (20611198)|STATEMENT_EXECUTE|[149]
17:01:04.1 (20770733)|USER_DEBUG|[149]|DEBUG|(Account:{Id=0011I000006HajNQAS, Name=GenePoint, Type=Other}, Account:{Id=0011I000006HajLQAS, Name=United Oil & Gas, UK, Type=Customer - Direct}, Account:{Id=0011I000006HajMQAS, Name=United Oil & Gas, Singapore, Type=Customer - Direct}, Account:{Id=0011I000006HajDQAS, Name=Edge Communications, Type=Customer - Direct}, Account:{Id=0011I000006HajEQAS, Name=Burlington Textiles Corp of America, Type=Customer - Direct}, Account:{Id=0011I000006HajFQAS, Name=Pyramid Construction Inc., Type=Customer - Channel}, Account:{Id=0011I000006HajHQAS, Name=Grand Hotels & Resorts Ltd, Type=Customer - Direct}, Account:{Id=0011I000006HajJQAS, Name=Express Logistics and Transport, Type=Customer - Channel}, Account:{Id=0011I000006HajKQAS, Name=University of Arizona, Type=Customer - Direct}, Account:{Id=0011I000006HajIQAS, Name=United Oil & Gas Corp., Type=Customer - Direct}, ...)
17:01:04.1 (20801138)|STATEMENT_EXECUTE|[151]
17:01:04.1 (20808578)|VARIABLE_SCOPE_BEGIN|[151]|i|Integer|false|false
17:01:04.1 (20821533)|HEAP_ALLOCATE|[151]|Bytes:4
17:01:04.1 (20833410)|VARIABLE_ASSIGNMENT|[151]|i|0
17:01:04.1 (20893640)|STATEMENT_EXECUTE|[151]
17:01:04.1 (20895205)|STATEMENT_EXECUTE|[152]
17:01:04.1 (20904010)|HEAP_ALLOCATE|[152]|Bytes:16
17:01:04.1 (20942927)|USER_DEBUG|[152]|DEBUG|Account:{Id=0011I000006HajNQAS, Name=GenePoint, Type=Other}
17:01:04.1 (20950939)|STATEMENT_EXECUTE|[153]
17:01:04.1 (20954583)|HEAP_ALLOCATE|[153]|Bytes:5
17:01:04.1 (20962560)|HEAP_ALLOCATE|[153]|Bytes:16
17:01:04.1 (21007566)|VARIABLE_ASSIGNMENT|[153]|this.Type|"Other"|0x4e15e3f6
17:01:04.1 (21015543)|HEAP_ALLOCATE|[151]|Bytes:4
17:01:04.1 (21021978)|VARIABLE_ASSIGNMENT|[151]|i|1
17:01:04.1 (21034256)|STATEMENT_EXECUTE|[151]
17:01:04.1 (21035303)|STATEMENT_EXECUTE|[152]
17:01:04.1 (21039198)|HEAP_ALLOCATE|[152]|Bytes:16
17:01:04.1 (21061292)|USER_DEBUG|[152]|DEBUG|Account:{Id=0011I000006HajLQAS, Name=United Oil & Gas, UK, Type=Customer - Direct}
17:01:04.1 (21067720)|STATEMENT_EXECUTE|[153]
17:01:04.1 (21071602)|HEAP_ALLOCATE|[153]|Bytes:16
17:01:04.1 (21089179)|VARIABLE_ASSIGNMENT|[153]|this.Type|"Other"|0x3235e158
17:01:04.1 (21095044)|HEAP_ALLOCATE|[151]|Bytes:4
17:01:04.1 (21099714)|VARIABLE_ASSIGNMENT|[151]|i|2
17:01:04.1 (21109585)|STATEMENT_EXECUTE|[151]
17:01:04.1 (21110533)|STATEMENT_EXECUTE|[152]
17:01:04.1 (21113401)|HEAP_ALLOCATE|[152]|Bytes:16
17:01:04.1 (21132492)|USER_DEBUG|[152]|DEBUG|Account:{Id=0011I000006HajMQAS, Name=United Oil & Gas, Singapore, Type=Customer - Direct}
17:01:04.1 (21138998)|STATEMENT_EXECUTE|[153]
17:01:04.1 (21142341)|HEAP_ALLOCATE|[153]|Bytes:16
17:01:04.1 (21157296)|VARIABLE_ASSIGNMENT|[153]|this.Type|"Other"|0x8d99dbc
17:01:04.1 (21162857)|HEAP_ALLOCATE|[151]|Bytes:4
17:01:04.1 (21167499)|VARIABLE_ASSIGNMENT|[151]|i|3
17:01:04.1 (21175600)|STATEMENT_EXECUTE|[151]
17:01:04.1 (21176889)|STATEMENT_EXECUTE|[152]
17:01:04.1 (21179624)|HEAP_ALLOCATE|[152]|Bytes:16
17:01:04.1 (21197145)|USER_DEBUG|[152]|DEBUG|Account:{Id=0011I000006HajDQAS, Name=Edge Communications, Type=Customer - Direct}
17:01:04.1 (21202516)|STATEMENT_EXECUTE|[153]
17:01:04.1 (21205354)|HEAP_ALLOCATE|[153]|Bytes:16
17:01:04.1 (21218883)|VARIABLE_ASSIGNMENT|[153]|this.Type|"Other"|0x4bb4c752
17:01:04.1 (21224535)|HEAP_ALLOCATE|[151]|Bytes:4
17:01:04.1 (21228982)|VARIABLE_ASSIGNMENT|[151]|i|4
17:01:04.1 (21237857)|STATEMENT_EXECUTE|[151]
17:01:04.1 (21238829)|STATEMENT_EXECUTE|[152]
17:01:04.1 (21241868)|HEAP_ALLOCATE|[152]|Bytes:16
17:01:04.1 (21259333)|USER_DEBUG|[152]|DEBUG|Account:{Id=0011I000006HajEQAS, Name=Burlington Textiles Corp of America, Type=Customer - Direct}
17:01:04.1 (21265038)|STATEMENT_EXECUTE|[153]
17:01:04.1 (21268608)|HEAP_ALLOCATE|[153]|Bytes:16
17:01:04.1 (21282395)|VARIABLE_ASSIGNMENT|[153]|this.Type|"Other"|0x2adf8781
17:01:04.1 (21287813)|HEAP_ALLOCATE|[151]|Bytes:4
17:01:04.1 (21292721)|VARIABLE_ASSIGNMENT|[151]|i|5
17:01:04.1 (21301331)|STATEMENT_EXECUTE|[151]
17:01:04.1 (21302301)|STATEMENT_EXECUTE|[152]
17:01:04.1 (21305015)|HEAP_ALLOCATE|[152]|Bytes:16
17:01:04.1 (21321713)|USER_DEBUG|[152]|DEBUG|Account:{Id=0011I000006HajFQAS, Name=Pyramid Construction Inc., Type=Customer - Channel}
17:01:04.1 (21327757)|STATEMENT_EXECUTE|[153]
17:01:04.1 (21330855)|HEAP_ALLOCATE|[153]|Bytes:16
17:01:04.1 (21344586)|VARIABLE_ASSIGNMENT|[153]|this.Type|"Other"|0x37fd8ca3
17:01:04.1 (21349512)|HEAP_ALLOCATE|[151]|Bytes:4
17:01:04.1 (21353603)|VARIABLE_ASSIGNMENT|[151]|i|6
17:01:04.1 (21361588)|STATEMENT_EXECUTE|[151]
17:01:04.1 (21362820)|STATEMENT_EXECUTE|[152]
17:01:04.1 (21365820)|HEAP_ALLOCATE|[152]|Bytes:16
17:01:04.1 (21383774)|USER_DEBUG|[152]|DEBUG|Account:{Id=0011I000006HajHQAS, Name=Grand Hotels & Resorts Ltd, Type=Customer - Direct}
17:01:04.1 (21390595)|STATEMENT_EXECUTE|[153]
17:01:04.1 (21393505)|HEAP_ALLOCATE|[153]|Bytes:16
17:01:04.1 (21406667)|VARIABLE_ASSIGNMENT|[153]|this.Type|"Other"|0x730dd39d
17:01:04.1 (21411455)|HEAP_ALLOCATE|[151]|Bytes:4
17:01:04.1 (21415377)|VARIABLE_ASSIGNMENT|[151]|i|7
17:01:04.1 (21423326)|STATEMENT_EXECUTE|[151]
17:01:04.1 (21424281)|STATEMENT_EXECUTE|[152]
17:01:04.1 (21426754)|HEAP_ALLOCATE|[152]|Bytes:16
17:01:04.1 (21443301)|USER_DEBUG|[152]|DEBUG|Account:{Id=0011I000006HajJQAS, Name=Express Logistics and Transport, Type=Customer - Channel}
17:01:04.1 (21449889)|STATEMENT_EXECUTE|[153]
17:01:04.1 (21453309)|HEAP_ALLOCATE|[153]|Bytes:16
17:01:04.1 (21466229)|VARIABLE_ASSIGNMENT|[153]|this.Type|"Other"|0x1eee04f9
17:01:04.1 (21471900)|HEAP_ALLOCATE|[151]|Bytes:4
17:01:04.1 (21476946)|VARIABLE_ASSIGNMENT|[151]|i|8
17:01:04.1 (21485257)|STATEMENT_EXECUTE|[151]
17:01:04.1 (21486231)|STATEMENT_EXECUTE|[152]
17:01:04.1 (21488874)|HEAP_ALLOCATE|[152]|Bytes:16
17:01:04.1 (21504927)|USER_DEBUG|[152]|DEBUG|Account:{Id=0011I000006HajKQAS, Name=University of Arizona, Type=Customer - Direct}
17:01:04.1 (21510939)|STATEMENT_EXECUTE|[153]
17:01:04.1 (21514418)|HEAP_ALLOCATE|[153]|Bytes:16
17:01:04.1 (21533236)|VARIABLE_ASSIGNMENT|[153]|this.Type|"Other"|0x485b6b2a
17:01:04.1 (21539292)|HEAP_ALLOCATE|[151]|Bytes:4
17:01:04.1 (21544020)|VARIABLE_ASSIGNMENT|[151]|i|9
17:01:04.1 (21553065)|STATEMENT_EXECUTE|[151]
17:01:04.1 (21554039)|STATEMENT_EXECUTE|[152]
17:01:04.1 (21556816)|HEAP_ALLOCATE|[152]|Bytes:16
17:01:04.1 (21574891)|USER_DEBUG|[152]|DEBUG|Account:{Id=0011I000006HajIQAS, Name=United Oil & Gas Corp., Type=Customer - Direct}
17:01:04.1 (21580589)|STATEMENT_EXECUTE|[153]
17:01:04.1 (21583872)|HEAP_ALLOCATE|[153]|Bytes:16
17:01:04.1 (21597426)|VARIABLE_ASSIGNMENT|[153]|this.Type|"Other"|0x13986e16
17:01:04.1 (21603213)|HEAP_ALLOCATE|[151]|Bytes:4
17:01:04.1 (21607377)|VARIABLE_ASSIGNMENT|[151]|i|10
17:01:04.1 (21615487)|STATEMENT_EXECUTE|[151]
17:01:04.1 (21616470)|STATEMENT_EXECUTE|[152]
17:01:04.1 (21619062)|HEAP_ALLOCATE|[152]|Bytes:12
17:01:04.1 (21633902)|USER_DEBUG|[152]|DEBUG|Account:{Id=0011I000006HajOQAS, Name=sForce}
17:01:04.1 (21639397)|STATEMENT_EXECUTE|[153]
17:01:04.1 (21642450)|HEAP_ALLOCATE|[153]|Bytes:12
17:01:04.1 (21654539)|HEAP_ALLOCATE|[153]|Bytes:-4
17:01:04.1 (21663945)|VARIABLE_ASSIGNMENT|[153]|this.Type|"Other"|0xe14c6c3
17:01:04.1 (21669192)|HEAP_ALLOCATE|[151]|Bytes:4
17:01:04.1 (21673976)|VARIABLE_ASSIGNMENT|[151]|i|11
17:01:04.1 (21682841)|STATEMENT_EXECUTE|[151]
17:01:04.1 (21683823)|STATEMENT_EXECUTE|[152]
17:01:04.1 (21686767)|HEAP_ALLOCATE|[152]|Bytes:16
17:01:04.1 (21704347)|USER_DEBUG|[152]|DEBUG|Account:{Id=0011I000006HajGQAS, Name=Dickenson plc, Type=Customer - Channel}
17:01:04.1 (21710258)|STATEMENT_EXECUTE|[153]
17:01:04.1 (21713815)|HEAP_ALLOCATE|[153]|Bytes:16
17:01:04.1 (21727797)|VARIABLE_ASSIGNMENT|[153]|this.Type|"Other"|0x60b3c234
17:01:04.1 (21733555)|HEAP_ALLOCATE|[151]|Bytes:4
17:01:04.1 (21738311)|VARIABLE_ASSIGNMENT|[151]|i|12
17:01:04.1 (21746855)|STATEMENT_EXECUTE|[151]
17:01:04.1 (21747796)|STATEMENT_EXECUTE|[152]
17:01:04.1 (21750333)|HEAP_ALLOCATE|[152]|Bytes:16
17:01:04.1 (21767216)|USER_DEBUG|[152]|DEBUG|Account:{Id=0011I000007SliwQAC, Name=Mark Account, Type=Customer - Direct}
17:01:04.1 (21773518)|STATEMENT_EXECUTE|[153]
17:01:04.1 (21776705)|HEAP_ALLOCATE|[153]|Bytes:16
17:01:04.1 (21792898)|VARIABLE_ASSIGNMENT|[153]|this.Type|"Other"|0x7322f733
17:01:04.1 (21797962)|HEAP_ALLOCATE|[151]|Bytes:4
17:01:04.1 (21802498)|VARIABLE_ASSIGNMENT|[151]|i|13
17:01:04.1 (21810893)|STATEMENT_EXECUTE|[151]
17:01:04.1 (21811817)|STATEMENT_EXECUTE|[152]
17:01:04.1 (21814743)|HEAP_ALLOCATE|[152]|Bytes:12
17:01:04.1 (21829741)|USER_DEBUG|[152]|DEBUG|Account:{Id=0011I000007SlivQAC, Name=Changed Account Name}
17:01:04.1 (21835020)|STATEMENT_EXECUTE|[153]
17:01:04.1 (21838583)|HEAP_ALLOCATE|[153]|Bytes:12
17:01:04.1 (21849371)|HEAP_ALLOCATE|[153]|Bytes:-4
17:01:04.1 (21855615)|VARIABLE_ASSIGNMENT|[153]|this.Type|"Other"|0x231adf9f
17:01:04.1 (21860482)|HEAP_ALLOCATE|[151]|Bytes:4
17:01:04.1 (21864306)|VARIABLE_ASSIGNMENT|[151]|i|14
17:01:04.1 (21872518)|STATEMENT_EXECUTE|[151]
17:01:04.1 (21873467)|STATEMENT_EXECUTE|[152]
17:01:04.1 (21875964)|HEAP_ALLOCATE|[152]|Bytes:12
17:01:04.1 (21890955)|USER_DEBUG|[152]|DEBUG|Account:{Id=0011I000007SlghQAC, Name=atg}
17:01:04.1 (21896455)|STATEMENT_EXECUTE|[153]
17:01:04.1 (21899654)|HEAP_ALLOCATE|[153]|Bytes:12
17:01:04.1 (21910522)|HEAP_ALLOCATE|[153]|Bytes:-4
17:01:04.1 (21916164)|VARIABLE_ASSIGNMENT|[153]|this.Type|"Other"|0xb9027e1
17:01:04.1 (21921354)|HEAP_ALLOCATE|[151]|Bytes:4
17:01:04.1 (21925750)|VARIABLE_ASSIGNMENT|[151]|i|15
17:01:04.1 (21934818)|STATEMENT_EXECUTE|[156]
17:01:04.1 (21969875)|DML_BEGIN|[156]|Op:Update|Type:Account|Rows:15
17:01:04.1 (21996540)|HEAP_ALLOCATE|[EXTERNAL]|Bytes:64
17:01:04.1 (67683873)|CODE_UNIT_STARTED|[EXTERNAL]|DuplicateDetector
17:01:04.1 (67714116)|DUPLICATE_DETECTION_BEGIN
17:01:04.1 (68427316)|DUPLICATE_DETECTION_RULE_INVOCATION|DuplicateRuleId:0Bm1I000002PDEh|DuplicateRuleName:Standard Account Duplicate Rule|DmlType:UPDATE
17:01:04.1 (68482524)|DUPLICATE_DETECTION_END
17:01:04.1 (68489354)|CODE_UNIT_FINISHED|DuplicateDetector
17:01:04.1 (136308303)|DML_END|[156]
17:01:04.1 (136361862)|HEAP_ALLOCATE|[EXTERNAL]|Bytes:64
17:01:04.1 (136383919)|STATEMENT_EXECUTE|[158]
17:01:04.1 (136533818)|USER_DEBUG|[158]|DEBUG|(Account:{Id=0011I000006HajNQAS, Name=GenePoint, Type=Other}, Account:{Id=0011I000006HajLQAS, Name=United Oil & Gas, UK, Type=Other}, Account:{Id=0011I000006HajMQAS, Name=United Oil & Gas, Singapore, Type=Other}, Account:{Id=0011I000006HajDQAS, Name=Edge Communications, Type=Other}, Account:{Id=0011I000006HajEQAS, Name=Burlington Textiles Corp of America, Type=Other}, Account:{Id=0011I000006HajFQAS, Name=Pyramid Construction Inc., Type=Other}, Account:{Id=0011I000006HajHQAS, Name=Grand Hotels & Resorts Ltd, Type=Other}, Account:{Id=0011I000006HajJQAS, Name=Express Logistics and Transport, Type=Other}, Account:{Id=0011I000006HajKQAS, Name=University of Arizona, Type=Other}, Account:{Id=0011I000006HajIQAS, Name=United Oil & Gas Corp., Type=Other}, ...)
17:01:04.1 (136563777)|METHOD_EXIT|[1]|01p1I000008LWEw|Day3ListsAndLoops.updateAccountTypeOnEveryAccount()
17:01:04.1 (136571436)|SYSTEM_MODE_EXIT|false
17:01:04.1 (141442754)|CODE_UNIT_STARTED|[EXTERNAL]|DuplicateDetector
17:01:04.1 (141464822)|DUPLICATE_DETECTION_BEGIN
17:01:04.1 (141507641)|DUPLICATE_DETECTION_RULE_INVOCATION|DuplicateRuleId:0Bm1I000002PDEh|DuplicateRuleName:Standard Account Duplicate Rule|DmlType:UPDATE
17:01:04.1 (156173298)|DUPLICATE_DETECTION_END
17:01:04.1 (156193043)|CODE_UNIT_FINISHED|DuplicateDetector
17:01:04.156 (156250533)|CUMULATIVE_LIMIT_USAGE
17:01:04.156 (156250533)|LIMIT_USAGE_FOR_NS|(default)|
  Number of SOQL queries: 1 out of 100
  Number of query rows: 15 out of 50000
  Number of SOSL queries: 0 out of 20
  Number of DML statements: 1 out of 150
  Number of DML rows: 15 out of 10000
  Maximum CPU time: 0 out of 10000
  Maximum heap size: 0 out of 6000000
  Number of callouts: 0 out of 100
  Number of Email Invocations: 0 out of 10
  Number of future calls: 0 out of 50
  Number of queueable jobs added to the queue: 0 out of 50
  Number of Mobile Apex push calls: 0 out of 10

17:01:04.156 (156250533)|CUMULATIVE_LIMIT_USAGE_END

17:01:04.1 (156310259)|CODE_UNIT_FINISHED|execute_anonymous_apex
17:01:04.1 (157221838)|EXECUTION_FINISHED
