41.0 APEX_CODE,FINEST;APEX_PROFILING,INFO;CALLOUT,INFO;DB,INFO;SYSTEM,DEBUG;VALIDATION,INFO;VISUALFORCE,INFO;WAVE,INFO;WORKFLOW,INFO
Execute Anonymous: Day3ListsAndLoops.execute();
15:09:48.1 (1024532)|USER_INFO|[EXTERNAL]|0051I000001HhoW|mark.hausknecht@atginfo.com.apexbootcamp|Pacific Standard Time|GMT-07:00
15:09:48.1 (1044164)|EXECUTION_STARTED
15:09:48.1 (1048343)|CODE_UNIT_STARTED|[EXTERNAL]|execute_anonymous_apex
15:09:48.1 (1254245)|HEAP_ALLOCATE|[72]|Bytes:3
15:09:48.1 (1320957)|HEAP_ALLOCATE|[77]|Bytes:152
15:09:48.1 (1338478)|HEAP_ALLOCATE|[342]|Bytes:408
15:09:48.1 (1352309)|HEAP_ALLOCATE|[355]|Bytes:408
15:09:48.1 (1365704)|HEAP_ALLOCATE|[467]|Bytes:48
15:09:48.1 (1400463)|HEAP_ALLOCATE|[139]|Bytes:6
15:09:48.1 (1416634)|HEAP_ALLOCATE|[EXTERNAL]|Bytes:1
15:09:48.1 (17452868)|STATEMENT_EXECUTE|[1]
15:09:48.1 (17460753)|STATEMENT_EXECUTE|[1]
15:09:48.1 (17542959)|HEAP_ALLOCATE|[50]|Bytes:5
15:09:48.1 (17581868)|HEAP_ALLOCATE|[56]|Bytes:5
15:09:48.1 (17593255)|HEAP_ALLOCATE|[64]|Bytes:7
15:09:48.1 (17649836)|SYSTEM_MODE_ENTER|false
15:09:48.1 (17809264)|HEAP_ALLOCATE|[1]|Bytes:5
15:09:48.1 (25708830)|HEAP_ALLOCATE|[1]|Bytes:1
15:09:48.1 (25720098)|HEAP_ALLOCATE|[1]|Bytes:8
15:09:48.1 (25735147)|METHOD_ENTRY|[2]|01p1I000008LWEw|Day3ListsAndLoops.Day3ListsAndLoops()
15:09:48.1 (25742709)|STATEMENT_EXECUTE|[2]
15:09:48.1 (25748382)|STATEMENT_EXECUTE|[2]
15:09:48.1 (25760936)|HEAP_ALLOCATE|[1]|Bytes:5
15:09:48.1 (25773545)|METHOD_EXIT|[2]|Day3ListsAndLoops
15:09:48.1 (25800680)|METHOD_ENTRY|[1]|01p1I000008LWEw|Day3ListsAndLoops.execute()
15:09:48.1 (25857883)|HEAP_ALLOCATE|[7]|Bytes:5
15:09:48.1 (25865856)|STATEMENT_EXECUTE|[4]
15:09:48.1 (25867212)|STATEMENT_EXECUTE|[7]
15:09:48.1 (25869829)|HEAP_ALLOCATE|[7]|Bytes:4
15:09:48.1 (25878734)|VARIABLE_SCOPE_BEGIN|[7]|myName|String|false|false
15:09:48.1 (25905716)|VARIABLE_ASSIGNMENT|[7]|myName|"Mark"
15:09:48.1 (25910087)|STATEMENT_EXECUTE|[11]
15:09:48.1 (25952894)|HEAP_ALLOCATE|[11]|Bytes:4
15:09:48.1 (26007165)|VARIABLE_SCOPE_BEGIN|[11]|names|List<String>|true|false
15:09:48.1 (26046153)|HEAP_ALLOCATE|[EXTERNAL]|Bytes:4
15:09:48.1 (26060041)|VARIABLE_ASSIGNMENT|[11]|names|[]|0x482236a9
15:09:48.1 (26065189)|STATEMENT_EXECUTE|[14]
15:09:48.1 (26071406)|HEAP_ALLOCATE|[14]|Bytes:4
15:09:48.1 (26085285)|HEAP_ALLOCATE|[14]|Bytes:9
15:09:48.1 (26096628)|HEAP_ALLOCATE|[14]|Bytes:9
15:09:48.1 (26100948)|VARIABLE_SCOPE_BEGIN|[14]|students|List<String>|true|false
15:09:48.1 (26117801)|HEAP_ALLOCATE|[EXTERNAL]|Bytes:12
15:09:48.1 (26126047)|VARIABLE_ASSIGNMENT|[14]|students|["Student 1","Student 2"]|0x56bcb203
15:09:48.1 (26130395)|STATEMENT_EXECUTE|[17]
15:09:48.1 (26134969)|HEAP_ALLOCATE|[17]|Bytes:4
15:09:48.1 (26157014)|VARIABLE_SCOPE_BEGIN|[17]|employees|List<String>|true|false
15:09:48.1 (26171296)|HEAP_ALLOCATE|[EXTERNAL]|Bytes:84
15:09:48.1 (26179815)|VARIABLE_ASSIGNMENT|[17]|employees|"List of size 20 too large to display"|0x2c20e617
15:09:48.1 (26184379)|STATEMENT_EXECUTE|[19]
15:09:48.1 (26213524)|HEAP_ALLOCATE|[EXTERNAL]|Bytes:4
15:09:48.1 (26221921)|STATEMENT_EXECUTE|[20]
15:09:48.1 (26224514)|HEAP_ALLOCATE|[20]|Bytes:6
15:09:48.1 (26238338)|HEAP_ALLOCATE|[EXTERNAL]|Bytes:4
15:09:48.1 (26243568)|STATEMENT_EXECUTE|[21]
15:09:48.1 (26245344)|HEAP_ALLOCATE|[21]|Bytes:4
15:09:48.1 (26256920)|HEAP_ALLOCATE|[EXTERNAL]|Bytes:4
15:09:48.1 (26261206)|STATEMENT_EXECUTE|[22]
15:09:48.1 (26262817)|HEAP_ALLOCATE|[22]|Bytes:4
15:09:48.1 (26273799)|HEAP_ALLOCATE|[EXTERNAL]|Bytes:4
15:09:48.1 (26278264)|STATEMENT_EXECUTE|[24]
15:09:48.1 (26279814)|HEAP_ALLOCATE|[24]|Bytes:7
15:09:48.1 (26326547)|HEAP_ALLOCATE|[24]|Bytes:26
15:09:48.1 (26342521)|HEAP_ALLOCATE|[24]|Bytes:33
15:09:48.1 (26367209)|USER_DEBUG|[24]|DEBUG|names: (Mark, Mathew, Luke, John)
15:09:48.1 (26374286)|STATEMENT_EXECUTE|[27]
15:09:48.1 (26397573)|HEAP_ALLOCATE|[27]|Bytes:4
15:09:48.1 (26403748)|STATEMENT_EXECUTE|[29]
15:09:48.1 (26405645)|HEAP_ALLOCATE|[29]|Bytes:34
15:09:48.1 (26423758)|HEAP_ALLOCATE|[29]|Bytes:20
15:09:48.1 (26432734)|HEAP_ALLOCATE|[29]|Bytes:54
15:09:48.1 (26439220)|USER_DEBUG|[29]|DEBUG|names after last element removed: (Mark, Mathew, Luke)
15:09:48.1 (26444452)|STATEMENT_EXECUTE|[32]
15:09:48.1 (26461474)|HEAP_ALLOCATE|[32]|Bytes:4
15:09:48.1 (26465942)|STATEMENT_EXECUTE|[34]
15:09:48.1 (26467630)|HEAP_ALLOCATE|[34]|Bytes:35
15:09:48.1 (26482871)|HEAP_ALLOCATE|[34]|Bytes:14
15:09:48.1 (26491218)|HEAP_ALLOCATE|[34]|Bytes:49
15:09:48.1 (26497161)|USER_DEBUG|[34]|DEBUG|names after removing names.size(): (Mark, Mathew)
15:09:48.1 (26507510)|METHOD_EXIT|[1]|01p1I000008LWEw|Day3ListsAndLoops.execute()
15:09:48.1 (26512955)|SYSTEM_MODE_EXIT|false
15:09:48.26 (26537963)|CUMULATIVE_LIMIT_USAGE
15:09:48.26 (26537963)|LIMIT_USAGE_FOR_NS|(default)|
  Number of SOQL queries: 0 out of 100
  Number of query rows: 0 out of 50000
  Number of SOSL queries: 0 out of 20
  Number of DML statements: 0 out of 150
  Number of DML rows: 0 out of 10000
  Maximum CPU time: 0 out of 10000
  Maximum heap size: 0 out of 6000000
  Number of callouts: 0 out of 100
  Number of Email Invocations: 0 out of 10
  Number of future calls: 0 out of 50
  Number of queueable jobs added to the queue: 0 out of 50
  Number of Mobile Apex push calls: 0 out of 10

15:09:48.26 (26537963)|CUMULATIVE_LIMIT_USAGE_END

15:09:48.1 (26575265)|CODE_UNIT_FINISHED|execute_anonymous_apex
15:09:48.1 (27677599)|EXECUTION_FINISHED
