41.0 APEX_CODE,FINEST;APEX_PROFILING,INFO;CALLOUT,INFO;DB,INFO;SYSTEM,DEBUG;VALIDATION,INFO;VISUALFORCE,INFO;WAVE,INFO;WORKFLOW,INFO
Execute Anonymous: Day3ListsAndLoops.updateExistingAccount();
Execute Anonymous: 
Execute Anonymous: 
16:35:08.1 (1118362)|USER_INFO|[EXTERNAL]|0051I000001HhoW|mark.hausknecht@atginfo.com.apexbootcamp|Pacific Standard Time|GMT-07:00
16:35:08.1 (1158059)|EXECUTION_STARTED
16:35:08.1 (1163022)|CODE_UNIT_STARTED|[EXTERNAL]|execute_anonymous_apex
16:35:08.1 (1427831)|HEAP_ALLOCATE|[72]|Bytes:3
16:35:08.1 (1505290)|HEAP_ALLOCATE|[77]|Bytes:152
16:35:08.1 (1535059)|HEAP_ALLOCATE|[342]|Bytes:408
16:35:08.1 (1552542)|HEAP_ALLOCATE|[355]|Bytes:408
16:35:08.1 (1565811)|HEAP_ALLOCATE|[467]|Bytes:48
16:35:08.1 (1621129)|HEAP_ALLOCATE|[139]|Bytes:6
16:35:08.1 (1638542)|HEAP_ALLOCATE|[EXTERNAL]|Bytes:1
16:35:08.1 (1753018)|STATEMENT_EXECUTE|[1]
16:35:08.1 (1755742)|STATEMENT_EXECUTE|[1]
16:35:08.1 (1811407)|HEAP_ALLOCATE|[50]|Bytes:5
16:35:08.1 (1835260)|HEAP_ALLOCATE|[56]|Bytes:5
16:35:08.1 (1842475)|HEAP_ALLOCATE|[64]|Bytes:7
16:35:08.1 (1868285)|SYSTEM_MODE_ENTER|false
16:35:08.1 (1887262)|HEAP_ALLOCATE|[1]|Bytes:5
16:35:08.1 (9159701)|HEAP_ALLOCATE|[1]|Bytes:11
16:35:08.1 (9170866)|HEAP_ALLOCATE|[1]|Bytes:46
16:35:08.1 (9205183)|METHOD_ENTRY|[2]|01p1I000008LWEw|Day3ListsAndLoops.Day3ListsAndLoops()
16:35:08.1 (9212480)|STATEMENT_EXECUTE|[2]
16:35:08.1 (9217625)|STATEMENT_EXECUTE|[2]
16:35:08.1 (9230824)|HEAP_ALLOCATE|[1]|Bytes:5
16:35:08.1 (9252848)|METHOD_EXIT|[2]|Day3ListsAndLoops
16:35:08.1 (9285844)|METHOD_ENTRY|[1]|01p1I000008LWEw|Day3ListsAndLoops.updateExistingAccount()
16:35:08.1 (9350551)|HEAP_ALLOCATE|[119]|Bytes:5
16:35:08.1 (9356866)|STATEMENT_EXECUTE|[118]
16:35:08.1 (9358484)|STATEMENT_EXECUTE|[119]
16:35:08.1 (9360942)|HEAP_ALLOCATE|[119]|Bytes:61
16:35:08.1 (9386271)|HEAP_ALLOCATE|[119]|Bytes:4
16:35:08.1 (9695807)|SOQL_EXECUTE_BEGIN|[119]|Aggregations:0|SELECT Id, Name, Type FROM Account WHERE Name = 'atg' LIMIT 1
16:35:08.1 (17299092)|SOQL_EXECUTE_END|[119]|Rows:1
16:35:08.1 (17326968)|HEAP_ALLOCATE|[119]|Bytes:8
16:35:08.1 (17343235)|HEAP_ALLOCATE|[119]|Bytes:40
16:35:08.1 (17448197)|HEAP_ALLOCATE|[119]|Bytes:8
16:35:08.1 (17463346)|VARIABLE_SCOPE_BEGIN|[119]|queriedAccounts|List<Account>|true|false
16:35:08.1 (17506212)|VARIABLE_ASSIGNMENT|[119]|queriedAccounts|[{"Id":"0011I000007SlivQAC","Name":"atg"}]|0x48b14c6c
16:35:08.1 (17513160)|STATEMENT_EXECUTE|[126]
16:35:08.1 (17813877)|USER_DEBUG|[126]|DEBUG|(Account:{Id=0011I000007SlivQAC, Name=atg})
16:35:08.1 (17941821)|STATEMENT_EXECUTE|[128]
16:35:08.1 (17944784)|STATEMENT_EXECUTE|[129]
16:35:08.1 (17960581)|HEAP_ALLOCATE|[129]|Bytes:12
16:35:08.1 (17973645)|VARIABLE_SCOPE_BEGIN|[129]|myAccount|Account|true|false
16:35:08.1 (17995844)|VARIABLE_ASSIGNMENT|[129]|myAccount|{"Id":"0011I000007SlivQAC","Name":"atg"}|0x6f8ed45d
16:35:08.1 (18006479)|STATEMENT_EXECUTE|[130]
16:35:08.1 (18012299)|HEAP_ALLOCATE|[130]|Bytes:20
16:35:08.1 (18080714)|VARIABLE_ASSIGNMENT|[130]|this.Name|"Changed Account Name"|0x6f8ed45d
16:35:08.1 (18097343)|METHOD_EXIT|[1]|01p1I000008LWEw|Day3ListsAndLoops.updateExistingAccount()
16:35:08.1 (18104713)|SYSTEM_MODE_EXIT|false
16:35:08.18 (18140694)|CUMULATIVE_LIMIT_USAGE
16:35:08.18 (18140694)|LIMIT_USAGE_FOR_NS|(default)|
  Number of SOQL queries: 1 out of 100
  Number of query rows: 1 out of 50000
  Number of SOSL queries: 0 out of 20
  Number of DML statements: 0 out of 150
  Number of DML rows: 0 out of 10000
  Maximum CPU time: 0 out of 10000
  Maximum heap size: 0 out of 6000000
  Number of callouts: 0 out of 100
  Number of Email Invocations: 0 out of 10
  Number of future calls: 0 out of 50
  Number of queueable jobs added to the queue: 0 out of 50
  Number of Mobile Apex push calls: 0 out of 10

16:35:08.18 (18140694)|CUMULATIVE_LIMIT_USAGE_END

16:35:08.1 (18175433)|CODE_UNIT_FINISHED|execute_anonymous_apex
16:35:08.1 (19245126)|EXECUTION_FINISHED
