41.0 APEX_CODE,FINEST;APEX_PROFILING,INFO;CALLOUT,INFO;DB,INFO;SYSTEM,DEBUG;VALIDATION,INFO;VISUALFORCE,INFO;WAVE,INFO;WORKFLOW,INFO
Execute Anonymous: Day3ListsAndLoops.execute();
15:20:06.1 (1635871)|USER_INFO|[EXTERNAL]|0051I000001HhoW|mark.hausknecht@atginfo.com.apexbootcamp|Pacific Standard Time|GMT-07:00
15:20:06.1 (1658687)|EXECUTION_STARTED
15:20:06.1 (1662032)|CODE_UNIT_STARTED|[EXTERNAL]|execute_anonymous_apex
15:20:06.1 (1811638)|HEAP_ALLOCATE|[72]|Bytes:3
15:20:06.1 (1840828)|HEAP_ALLOCATE|[77]|Bytes:152
15:20:06.1 (1856709)|HEAP_ALLOCATE|[342]|Bytes:408
15:20:06.1 (1870267)|HEAP_ALLOCATE|[355]|Bytes:408
15:20:06.1 (1882811)|HEAP_ALLOCATE|[467]|Bytes:48
15:20:06.1 (1906734)|HEAP_ALLOCATE|[139]|Bytes:6
15:20:06.1 (1921118)|HEAP_ALLOCATE|[EXTERNAL]|Bytes:1
15:20:06.1 (1973370)|STATEMENT_EXECUTE|[1]
15:20:06.1 (1975537)|STATEMENT_EXECUTE|[1]
15:20:06.1 (2011899)|HEAP_ALLOCATE|[50]|Bytes:5
15:20:06.1 (2029795)|HEAP_ALLOCATE|[56]|Bytes:5
15:20:06.1 (2036397)|HEAP_ALLOCATE|[64]|Bytes:7
15:20:06.1 (2056430)|SYSTEM_MODE_ENTER|false
15:20:06.1 (2068119)|HEAP_ALLOCATE|[1]|Bytes:5
15:20:06.1 (8639891)|HEAP_ALLOCATE|[1]|Bytes:1
15:20:06.1 (8650640)|HEAP_ALLOCATE|[1]|Bytes:14
15:20:06.1 (8665195)|METHOD_ENTRY|[2]|01p1I000008LWEw|Day3ListsAndLoops.Day3ListsAndLoops()
15:20:06.1 (8670684)|STATEMENT_EXECUTE|[2]
15:20:06.1 (8675632)|STATEMENT_EXECUTE|[2]
15:20:06.1 (8685019)|HEAP_ALLOCATE|[1]|Bytes:5
15:20:06.1 (8694459)|METHOD_EXIT|[2]|Day3ListsAndLoops
15:20:06.1 (8717105)|METHOD_ENTRY|[1]|01p1I000008LWEw|Day3ListsAndLoops.execute()
15:20:06.1 (8759152)|HEAP_ALLOCATE|[7]|Bytes:5
15:20:06.1 (8763729)|STATEMENT_EXECUTE|[4]
15:20:06.1 (8765204)|STATEMENT_EXECUTE|[7]
15:20:06.1 (8767774)|HEAP_ALLOCATE|[7]|Bytes:4
15:20:06.1 (8774714)|VARIABLE_SCOPE_BEGIN|[7]|myName|String|false|false
15:20:06.1 (8796688)|VARIABLE_ASSIGNMENT|[7]|myName|"Mark"
15:20:06.1 (8800657)|STATEMENT_EXECUTE|[11]
15:20:06.1 (8834030)|HEAP_ALLOCATE|[11]|Bytes:4
15:20:06.1 (8906874)|VARIABLE_SCOPE_BEGIN|[11]|names|List<String>|true|false
15:20:06.1 (8954380)|HEAP_ALLOCATE|[EXTERNAL]|Bytes:4
15:20:06.1 (8972926)|VARIABLE_ASSIGNMENT|[11]|names|[]|0x14c400f9
15:20:06.1 (8979308)|STATEMENT_EXECUTE|[14]
15:20:06.1 (8987992)|HEAP_ALLOCATE|[14]|Bytes:4
15:20:06.1 (9010066)|HEAP_ALLOCATE|[14]|Bytes:9
15:20:06.1 (9020815)|HEAP_ALLOCATE|[14]|Bytes:9
15:20:06.1 (9025510)|VARIABLE_SCOPE_BEGIN|[14]|students|List<String>|true|false
15:20:06.1 (9046026)|HEAP_ALLOCATE|[EXTERNAL]|Bytes:12
15:20:06.1 (9056514)|VARIABLE_ASSIGNMENT|[14]|students|["Student 1","Student 2"]|0x49d0c358
15:20:06.1 (9061792)|STATEMENT_EXECUTE|[17]
15:20:06.1 (9067343)|HEAP_ALLOCATE|[17]|Bytes:4
15:20:06.1 (9089701)|VARIABLE_SCOPE_BEGIN|[17]|employees|List<String>|true|false
15:20:06.1 (9107087)|HEAP_ALLOCATE|[EXTERNAL]|Bytes:84
15:20:06.1 (9116082)|VARIABLE_ASSIGNMENT|[17]|employees|"List of size 20 too large to display"|0x307f3c3f
15:20:06.1 (9120891)|STATEMENT_EXECUTE|[19]
15:20:06.1 (9152315)|HEAP_ALLOCATE|[EXTERNAL]|Bytes:4
15:20:06.1 (9161079)|STATEMENT_EXECUTE|[20]
15:20:06.1 (9163756)|HEAP_ALLOCATE|[20]|Bytes:6
15:20:06.1 (9177615)|HEAP_ALLOCATE|[EXTERNAL]|Bytes:4
15:20:06.1 (9182686)|STATEMENT_EXECUTE|[21]
15:20:06.1 (9184374)|HEAP_ALLOCATE|[21]|Bytes:4
15:20:06.1 (9196095)|HEAP_ALLOCATE|[EXTERNAL]|Bytes:4
15:20:06.1 (9200564)|STATEMENT_EXECUTE|[22]
15:20:06.1 (9202044)|HEAP_ALLOCATE|[22]|Bytes:4
15:20:06.1 (9212603)|HEAP_ALLOCATE|[EXTERNAL]|Bytes:4
15:20:06.1 (9216654)|STATEMENT_EXECUTE|[24]
15:20:06.1 (9218155)|HEAP_ALLOCATE|[24]|Bytes:7
15:20:06.1 (9255252)|HEAP_ALLOCATE|[24]|Bytes:26
15:20:06.1 (9270197)|HEAP_ALLOCATE|[24]|Bytes:33
15:20:06.1 (9286714)|USER_DEBUG|[24]|DEBUG|names: (Mark, Mathew, Luke, John)
15:20:06.1 (9293326)|STATEMENT_EXECUTE|[27]
15:20:06.1 (9311092)|HEAP_ALLOCATE|[27]|Bytes:4
15:20:06.1 (9316606)|STATEMENT_EXECUTE|[29]
15:20:06.1 (9318209)|HEAP_ALLOCATE|[29]|Bytes:34
15:20:06.1 (9335799)|HEAP_ALLOCATE|[29]|Bytes:20
15:20:06.1 (9344828)|HEAP_ALLOCATE|[29]|Bytes:54
15:20:06.1 (9351366)|USER_DEBUG|[29]|DEBUG|names after last element removed: (Mark, Mathew, Luke)
15:20:06.1 (9356356)|STATEMENT_EXECUTE|[32]
15:20:06.1 (9371378)|HEAP_ALLOCATE|[32]|Bytes:4
15:20:06.1 (9378896)|STATEMENT_EXECUTE|[34]
15:20:06.1 (9380762)|HEAP_ALLOCATE|[34]|Bytes:35
15:20:06.1 (9397093)|HEAP_ALLOCATE|[34]|Bytes:14
15:20:06.1 (9405949)|HEAP_ALLOCATE|[34]|Bytes:49
15:20:06.1 (9411566)|USER_DEBUG|[34]|DEBUG|names after removing names.size(): (Mark, Mathew)
15:20:06.1 (9416172)|STATEMENT_EXECUTE|[37]
15:20:06.1 (9430075)|HEAP_ALLOCATE|[37]|Bytes:4
15:20:06.1 (9453641)|VARIABLE_SCOPE_BEGIN|[37]|uniqueNames|Set<String>|true|false
15:20:06.1 (9477937)|VARIABLE_ASSIGNMENT|[37]|uniqueNames|[]|0x13dc9746
15:20:06.1 (9483957)|STATEMENT_EXECUTE|[39]
15:20:06.1 (9502782)|HEAP_ALLOCATE|[EXTERNAL]|Bytes:4
15:20:06.1 (9508975)|STATEMENT_EXECUTE|[40]
15:20:06.1 (9520480)|HEAP_ALLOCATE|[EXTERNAL]|Bytes:4
15:20:06.1 (9525316)|STATEMENT_EXECUTE|[41]
15:20:06.1 (9533816)|HEAP_ALLOCATE|[EXTERNAL]|Bytes:4
15:20:06.1 (9537701)|STATEMENT_EXECUTE|[42]
15:20:06.1 (9545769)|HEAP_ALLOCATE|[EXTERNAL]|Bytes:4
15:20:06.1 (9550104)|STATEMENT_EXECUTE|[43]
15:20:06.1 (9552041)|HEAP_ALLOCATE|[43]|Bytes:4
15:20:06.1 (9562422)|HEAP_ALLOCATE|[EXTERNAL]|Bytes:4
15:20:06.1 (9566407)|STATEMENT_EXECUTE|[44]
15:20:06.1 (9567997)|HEAP_ALLOCATE|[44]|Bytes:4
15:20:06.1 (9577708)|HEAP_ALLOCATE|[EXTERNAL]|Bytes:4
15:20:06.1 (9581485)|STATEMENT_EXECUTE|[45]
15:20:06.1 (9589085)|HEAP_ALLOCATE|[EXTERNAL]|Bytes:4
15:20:06.1 (9593028)|STATEMENT_EXECUTE|[46]
15:20:06.1 (9600760)|HEAP_ALLOCATE|[EXTERNAL]|Bytes:4
15:20:06.1 (9604680)|STATEMENT_EXECUTE|[49]
15:20:06.1 (9613661)|VARIABLE_SCOPE_BEGIN|[49]|setSize|Integer|false|false
15:20:06.1 (9620337)|HEAP_ALLOCATE|[49]|Bytes:4
15:20:06.1 (9626633)|VARIABLE_ASSIGNMENT|[49]|setSize|6
15:20:06.1 (9630150)|STATEMENT_EXECUTE|[51]
15:20:06.1 (9631709)|HEAP_ALLOCATE|[51]|Bytes:13
15:20:06.1 (9654414)|HEAP_ALLOCATE|[51]|Bytes:38
15:20:06.1 (9663970)|HEAP_ALLOCATE|[51]|Bytes:51
15:20:06.1 (9670605)|USER_DEBUG|[51]|DEBUG|uniqueNames: {Abel, Cane, John, Luke, Mark, Mathew}
15:20:06.1 (9675747)|STATEMENT_EXECUTE|[52]
15:20:06.1 (9677388)|HEAP_ALLOCATE|[52]|Bytes:11
15:20:06.1 (9692180)|HEAP_ALLOCATE|[52]|Bytes:1
15:20:06.1 (9700820)|HEAP_ALLOCATE|[52]|Bytes:12
15:20:06.1 (9706305)|USER_DEBUG|[52]|DEBUG|setSize(): 6
15:20:06.1 (9717036)|METHOD_EXIT|[1]|01p1I000008LWEw|Day3ListsAndLoops.execute()
15:20:06.1 (9722594)|SYSTEM_MODE_EXIT|false
15:20:06.9 (9741802)|CUMULATIVE_LIMIT_USAGE
15:20:06.9 (9741802)|LIMIT_USAGE_FOR_NS|(default)|
  Number of SOQL queries: 0 out of 100
  Number of query rows: 0 out of 50000
  Number of SOSL queries: 0 out of 20
  Number of DML statements: 0 out of 150
  Number of DML rows: 0 out of 10000
  Maximum CPU time: 0 out of 10000
  Maximum heap size: 0 out of 6000000
  Number of callouts: 0 out of 100
  Number of Email Invocations: 0 out of 10
  Number of future calls: 0 out of 50
  Number of queueable jobs added to the queue: 0 out of 50
  Number of Mobile Apex push calls: 0 out of 10

15:20:06.9 (9741802)|CUMULATIVE_LIMIT_USAGE_END

15:20:06.1 (9793578)|CODE_UNIT_FINISHED|execute_anonymous_apex
15:20:06.1 (10876854)|EXECUTION_FINISHED
