41.0 APEX_CODE,FINEST;APEX_PROFILING,INFO;CALLOUT,INFO;DB,INFO;SYSTEM,DEBUG;VALIDATION,INFO;VISUALFORCE,INFO;WAVE,INFO;WORKFLOW,INFO
Execute Anonymous: 
Execute Anonymous: Person fred = new Person('Freddy', 'fred@email.com');
Execute Anonymous: fred.setisHuman(false);
Execute Anonymous: fred.print();
Execute Anonymous: 
Execute Anonymous: Person betty = new Person('Betty Boop');
Execute Anonymous: betty.print();
Execute Anonymous: 
Execute Anonymous: Person johny = new Person('Johny Five');
Execute Anonymous: johny.print();
16:40:02.1 (1164869)|USER_INFO|[EXTERNAL]|0051I000001HhoW|mark.hausknecht@atginfo.com.apexbootcamp|Pacific Standard Time|GMT-08:00
16:40:02.1 (1185376)|EXECUTION_STARTED
16:40:02.1 (1189021)|CODE_UNIT_STARTED|[EXTERNAL]|execute_anonymous_apex
16:40:02.1 (6701578)|VARIABLE_SCOPE_BEGIN|[12]|Person.isHuman|Boolean|false|true
16:40:02.1 (6758338)|VARIABLE_SCOPE_BEGIN|[6]|betty|Person|true|false
16:40:02.1 (6769080)|VARIABLE_SCOPE_BEGIN|[2]|fred|Person|true|false
16:40:02.1 (6780712)|VARIABLE_SCOPE_BEGIN|[9]|johny|Person|true|false
16:40:02.1 (6886250)|HEAP_ALLOCATE|[72]|Bytes:3
16:40:02.1 (6917987)|HEAP_ALLOCATE|[77]|Bytes:152
16:40:02.1 (6937029)|HEAP_ALLOCATE|[342]|Bytes:408
16:40:02.1 (6951269)|HEAP_ALLOCATE|[355]|Bytes:408
16:40:02.1 (6964569)|HEAP_ALLOCATE|[467]|Bytes:48
16:40:02.1 (6991546)|HEAP_ALLOCATE|[139]|Bytes:6
16:40:02.1 (7010525)|HEAP_ALLOCATE|[EXTERNAL]|Bytes:14
16:40:02.1 (7058080)|STATEMENT_EXECUTE|[1]
16:40:02.1 (7060051)|STATEMENT_EXECUTE|[2]
16:40:02.1 (7063092)|HEAP_ALLOCATE|[2]|Bytes:14
16:40:02.1 (7068391)|HEAP_ALLOCATE|[2]|Bytes:20
16:40:02.1 (7103333)|METHOD_ENTRY|[10]|01p1I00000AyVFl|Person.Person()
16:40:02.1 (7109244)|STATEMENT_EXECUTE|[10]
16:40:02.1 (7111455)|STATEMENT_EXECUTE|[10]
16:40:02.1 (7112605)|STATEMENT_EXECUTE|[12]
16:40:02.1 (7142569)|HEAP_ALLOCATE|[50]|Bytes:5
16:40:02.1 (7164423)|HEAP_ALLOCATE|[56]|Bytes:5
16:40:02.1 (7174149)|HEAP_ALLOCATE|[64]|Bytes:7
16:40:02.1 (7189470)|HEAP_ALLOCATE|[12]|Bytes:5
16:40:02.1 (7213312)|VARIABLE_ASSIGNMENT|[12]|Person.isHuman|true
16:40:02.1 (7220761)|METHOD_EXIT|[10]|Person
16:40:02.1 (7236168)|HEAP_ALLOCATE|[2]|Bytes:28
16:40:02.1 (7240548)|HEAP_ALLOCATE|[2]|Bytes:6
16:40:02.1 (7244274)|HEAP_ALLOCATE|[2]|Bytes:14
16:40:02.1 (7280724)|SYSTEM_MODE_ENTER|false
16:40:02.1 (7294228)|HEAP_ALLOCATE|[2]|Bytes:5
16:40:02.1 (7308050)|CONSTRUCTOR_ENTRY|[2]|01p1I00000AyVFl|<init>(String,String)
16:40:02.1 (7336145)|VARIABLE_SCOPE_BEGIN|[32]|this|Person|true|false
16:40:02.1 (7385740)|VARIABLE_ASSIGNMENT|[32]|this|{}|0x464a4257
16:40:02.1 (7396659)|VARIABLE_SCOPE_BEGIN|[32]|defaultName|String|false|false
16:40:02.1 (7408856)|VARIABLE_ASSIGNMENT|[32]|defaultName|"Freddy"
16:40:02.1 (7413873)|VARIABLE_SCOPE_BEGIN|[32]|defaultEmail|String|false|false
16:40:02.1 (7421657)|VARIABLE_ASSIGNMENT|[32]|defaultEmail|"fred@email.com"
16:40:02.1 (7427759)|STATEMENT_EXECUTE|[10]
16:40:02.1 (7429454)|STATEMENT_EXECUTE|[14]
16:40:02.1 (7430806)|STATEMENT_EXECUTE|[15]
16:40:02.1 (7431994)|STATEMENT_EXECUTE|[16]
16:40:02.1 (7433264)|STATEMENT_EXECUTE|[17]
16:40:02.1 (7434667)|STATEMENT_EXECUTE|[18]
16:40:02.1 (7435815)|STATEMENT_EXECUTE|[19]
16:40:02.1 (7443074)|HEAP_ALLOCATE|[33]|Bytes:6
16:40:02.1 (7484596)|STATEMENT_EXECUTE|[32]
16:40:02.1 (7486113)|STATEMENT_EXECUTE|[33]
16:40:02.1 (7494968)|VARIABLE_ASSIGNMENT|[33]|this.name|"Freddy"|0x464a4257
16:40:02.1 (7501310)|STATEMENT_EXECUTE|[34]
16:40:02.1 (7504920)|VARIABLE_ASSIGNMENT|[34]|this.email|"fred@email.com"|0x464a4257
16:40:02.1 (7515966)|CONSTRUCTOR_EXIT|[2]|01p1I00000AyVFl|<init>(String,String)
16:40:02.1 (7525731)|SYSTEM_MODE_EXIT|false
16:40:02.1 (7553925)|VARIABLE_ASSIGNMENT|[2]|fred|{"email":"fred@email.com","name":"Freddy"}|0x464a4257
16:40:02.1 (7565133)|STATEMENT_EXECUTE|[3]
16:40:02.1 (7598092)|SYSTEM_MODE_ENTER|false
16:40:02.1 (7608352)|HEAP_ALLOCATE|[3]|Bytes:5
16:40:02.1 (7633431)|METHOD_ENTRY|[3]|01p1I00000AyVFl|Person.setIsHuman(Boolean)
16:40:02.1 (7656970)|VARIABLE_SCOPE_BEGIN|[54]|this|Person|true|false
16:40:02.1 (7683392)|VARIABLE_ASSIGNMENT|[54]|this|{"email":"fred@email.com","name":"Freddy"}|0x464a4257
16:40:02.1 (7697007)|VARIABLE_SCOPE_BEGIN|[54]|isHumanVal|Boolean|false|false
16:40:02.1 (7710451)|VARIABLE_ASSIGNMENT|[54]|isHumanVal|false
16:40:02.1 (7719916)|STATEMENT_EXECUTE|[54]
16:40:02.1 (7721733)|STATEMENT_EXECUTE|[55]
16:40:02.1 (7726147)|HEAP_ALLOCATE|[55]|Bytes:5
16:40:02.1 (7734086)|VARIABLE_ASSIGNMENT|[55]|Person.isHuman|false
16:40:02.1 (7741901)|METHOD_EXIT|[3]|01p1I00000AyVFl|Person.setIsHuman(Boolean)
16:40:02.1 (7751591)|SYSTEM_MODE_EXIT|false
16:40:02.1 (7757871)|STATEMENT_EXECUTE|[4]
16:40:02.1 (7788810)|SYSTEM_MODE_ENTER|false
16:40:02.1 (7798085)|HEAP_ALLOCATE|[4]|Bytes:5
16:40:02.1 (7810289)|METHOD_ENTRY|[4]|01p1I00000AyVFl|Person.print()
16:40:02.1 (7831149)|VARIABLE_SCOPE_BEGIN|[43]|this|Person|true|false
16:40:02.1 (7850622)|VARIABLE_ASSIGNMENT|[43]|this|{"email":"fred@email.com","name":"Freddy"}|0x464a4257
16:40:02.1 (7858559)|STATEMENT_EXECUTE|[43]
16:40:02.1 (7860089)|STATEMENT_EXECUTE|[44]
16:40:02.1 (7862725)|HEAP_ALLOCATE|[44]|Bytes:13
16:40:02.1 (7875752)|HEAP_ALLOCATE|[44]|Bytes:19
16:40:02.1 (7926156)|USER_DEBUG|[44]|DEBUG|Person name: Freddy
16:40:02.1 (7940556)|STATEMENT_EXECUTE|[45]
16:40:02.1 (7944444)|HEAP_ALLOCATE|[45]|Bytes:14
16:40:02.1 (7955629)|HEAP_ALLOCATE|[45]|Bytes:28
16:40:02.1 (7970204)|USER_DEBUG|[45]|DEBUG|Person email: fred@email.com
16:40:02.1 (7976826)|STATEMENT_EXECUTE|[46]
16:40:02.1 (7979416)|HEAP_ALLOCATE|[46]|Bytes:15
16:40:02.1 (7985811)|HEAP_ALLOCATE|[46]|Bytes:19
16:40:02.1 (7994656)|USER_DEBUG|[46]|DEBUG|Person gender: null
16:40:02.1 (8000395)|STATEMENT_EXECUTE|[47]
16:40:02.1 (8002855)|HEAP_ALLOCATE|[47]|Bytes:15
16:40:02.1 (8046632)|HEAP_ALLOCATE|[47]|Bytes:19
16:40:02.1 (8054493)|USER_DEBUG|[47]|DEBUG|Person weight: null
16:40:02.1 (8059699)|STATEMENT_EXECUTE|[48]
16:40:02.1 (8061445)|HEAP_ALLOCATE|[48]|Bytes:12
16:40:02.1 (8084351)|HEAP_ALLOCATE|[48]|Bytes:16
16:40:02.1 (8090818)|USER_DEBUG|[48]|DEBUG|Person age: null
16:40:02.1 (8097299)|STATEMENT_EXECUTE|[49]
16:40:02.1 (8098966)|HEAP_ALLOCATE|[49]|Bytes:15
16:40:02.1 (8122741)|HEAP_ALLOCATE|[49]|Bytes:19
16:40:02.1 (8129188)|USER_DEBUG|[49]|DEBUG|Person isDead: null
16:40:02.1 (8134180)|STATEMENT_EXECUTE|[50]
16:40:02.1 (8135709)|HEAP_ALLOCATE|[50]|Bytes:16
16:40:02.1 (8153571)|HEAP_ALLOCATE|[50]|Bytes:5
16:40:02.1 (8163238)|HEAP_ALLOCATE|[50]|Bytes:21
16:40:02.1 (8168990)|USER_DEBUG|[50]|DEBUG|Person isHuman: false
16:40:02.1 (8176711)|METHOD_EXIT|[4]|01p1I00000AyVFl|Person.print()
16:40:02.1 (8184840)|SYSTEM_MODE_EXIT|false
16:40:02.1 (8190208)|STATEMENT_EXECUTE|[6]
16:40:02.1 (8195579)|HEAP_ALLOCATE|[6]|Bytes:28
16:40:02.1 (8202069)|HEAP_ALLOCATE|[6]|Bytes:10
16:40:02.1 (8234333)|SYSTEM_MODE_ENTER|false
16:40:02.1 (8244513)|HEAP_ALLOCATE|[6]|Bytes:5
16:40:02.1 (8256428)|CONSTRUCTOR_ENTRY|[6]|01p1I00000AyVFl|<init>(String)
16:40:02.1 (8272894)|VARIABLE_SCOPE_BEGIN|[21]|this|Person|true|false
16:40:02.1 (8291693)|VARIABLE_ASSIGNMENT|[21]|this|{}|0x2af4fbf5
16:40:02.1 (8298471)|VARIABLE_SCOPE_BEGIN|[21]|defaultName|String|false|false
16:40:02.1 (8326353)|VARIABLE_ASSIGNMENT|[21]|defaultName|"Betty Boop"
16:40:02.1 (8332449)|STATEMENT_EXECUTE|[10]
16:40:02.1 (8333540)|STATEMENT_EXECUTE|[14]
16:40:02.1 (8334438)|STATEMENT_EXECUTE|[15]
16:40:02.1 (8335298)|STATEMENT_EXECUTE|[16]
16:40:02.1 (8336114)|STATEMENT_EXECUTE|[17]
16:40:02.1 (8336894)|STATEMENT_EXECUTE|[18]
16:40:02.1 (8337725)|STATEMENT_EXECUTE|[19]
16:40:02.1 (8349075)|STATEMENT_EXECUTE|[21]
16:40:02.1 (8350231)|STATEMENT_EXECUTE|[22]
16:40:02.1 (8356717)|VARIABLE_ASSIGNMENT|[22]|this.name|"Betty Boop"|0x2af4fbf5
16:40:02.1 (8366987)|STATEMENT_EXECUTE|[25]
16:40:02.1 (8379827)|HEAP_ALLOCATE|[25]|Bytes:5
16:40:02.1 (8387063)|VARIABLE_ASSIGNMENT|[25]|this.IS_DEAD|false|0x2af4fbf5
16:40:02.1 (8396614)|CONSTRUCTOR_EXIT|[6]|01p1I00000AyVFl|<init>(String)
16:40:02.1 (8404881)|SYSTEM_MODE_EXIT|false
16:40:02.1 (8423146)|VARIABLE_ASSIGNMENT|[6]|betty|{"IS_DEAD":false,"name":"Betty Boop"}|0x2af4fbf5
16:40:02.1 (8429545)|STATEMENT_EXECUTE|[7]
16:40:02.1 (8454707)|SYSTEM_MODE_ENTER|false
16:40:02.1 (8462968)|HEAP_ALLOCATE|[7]|Bytes:5
16:40:02.1 (8472059)|METHOD_ENTRY|[7]|01p1I00000AyVFl|Person.print()
16:40:02.1 (8483982)|VARIABLE_SCOPE_BEGIN|[43]|this|Person|true|false
16:40:02.1 (8501352)|VARIABLE_ASSIGNMENT|[43]|this|{"IS_DEAD":false,"name":"Betty Boop"}|0x2af4fbf5
16:40:02.1 (8508446)|STATEMENT_EXECUTE|[43]
16:40:02.1 (8509594)|STATEMENT_EXECUTE|[44]
16:40:02.1 (8514535)|HEAP_ALLOCATE|[44]|Bytes:23
16:40:02.1 (8523257)|USER_DEBUG|[44]|DEBUG|Person name: Betty Boop
16:40:02.1 (8529417)|STATEMENT_EXECUTE|[45]
16:40:02.1 (8532357)|HEAP_ALLOCATE|[45]|Bytes:18
16:40:02.1 (8537421)|USER_DEBUG|[45]|DEBUG|Person email: null
16:40:02.1 (8542315)|STATEMENT_EXECUTE|[46]
16:40:02.1 (8544608)|HEAP_ALLOCATE|[46]|Bytes:19
16:40:02.1 (8549427)|USER_DEBUG|[46]|DEBUG|Person gender: null
16:40:02.1 (8553773)|STATEMENT_EXECUTE|[47]
16:40:02.1 (8570431)|HEAP_ALLOCATE|[47]|Bytes:19
16:40:02.1 (8575515)|USER_DEBUG|[47]|DEBUG|Person weight: null
16:40:02.1 (8580412)|STATEMENT_EXECUTE|[48]
16:40:02.1 (8590610)|HEAP_ALLOCATE|[48]|Bytes:16
16:40:02.1 (8595456)|USER_DEBUG|[48]|DEBUG|Person age: null
16:40:02.1 (8599984)|STATEMENT_EXECUTE|[49]
16:40:02.1 (8606546)|HEAP_ALLOCATE|[49]|Bytes:5
16:40:02.1 (8613959)|HEAP_ALLOCATE|[49]|Bytes:20
16:40:02.1 (8619104)|USER_DEBUG|[49]|DEBUG|Person isDead: false
16:40:02.1 (8623175)|STATEMENT_EXECUTE|[50]
16:40:02.1 (8629875)|HEAP_ALLOCATE|[50]|Bytes:5
16:40:02.1 (8637617)|HEAP_ALLOCATE|[50]|Bytes:21
16:40:02.1 (8642203)|USER_DEBUG|[50]|DEBUG|Person isHuman: false
16:40:02.1 (8648030)|METHOD_EXIT|[7]|01p1I00000AyVFl|Person.print()
16:40:02.1 (8655743)|SYSTEM_MODE_EXIT|false
16:40:02.1 (8660207)|STATEMENT_EXECUTE|[9]
16:40:02.1 (8664315)|HEAP_ALLOCATE|[9]|Bytes:28
16:40:02.1 (8668987)|HEAP_ALLOCATE|[9]|Bytes:10
16:40:02.1 (8691456)|SYSTEM_MODE_ENTER|false
16:40:02.1 (8698428)|HEAP_ALLOCATE|[9]|Bytes:5
16:40:02.1 (8706550)|CONSTRUCTOR_ENTRY|[9]|01p1I00000AyVFl|<init>(String)
16:40:02.1 (8717774)|VARIABLE_SCOPE_BEGIN|[21]|this|Person|true|false
16:40:02.1 (8732893)|VARIABLE_ASSIGNMENT|[21]|this|{}|0x46fc611c
16:40:02.1 (8738542)|VARIABLE_SCOPE_BEGIN|[21]|defaultName|String|false|false
16:40:02.1 (8746031)|VARIABLE_ASSIGNMENT|[21]|defaultName|"Johny Five"
16:40:02.1 (8750561)|STATEMENT_EXECUTE|[10]
16:40:02.1 (8751572)|STATEMENT_EXECUTE|[14]
16:40:02.1 (8752439)|STATEMENT_EXECUTE|[15]
16:40:02.1 (8753250)|STATEMENT_EXECUTE|[16]
16:40:02.1 (8754480)|STATEMENT_EXECUTE|[17]
16:40:02.1 (8755590)|STATEMENT_EXECUTE|[18]
16:40:02.1 (8756383)|STATEMENT_EXECUTE|[19]
16:40:02.1 (8764648)|STATEMENT_EXECUTE|[21]
16:40:02.1 (8765712)|STATEMENT_EXECUTE|[22]
16:40:02.1 (8770918)|VARIABLE_ASSIGNMENT|[22]|this.name|"Johny Five"|0x46fc611c
16:40:02.1 (8776483)|STATEMENT_EXECUTE|[25]
16:40:02.1 (8782286)|HEAP_ALLOCATE|[25]|Bytes:5
16:40:02.1 (8788169)|VARIABLE_ASSIGNMENT|[25]|this.IS_DEAD|false|0x46fc611c
16:40:02.1 (8797003)|CONSTRUCTOR_EXIT|[9]|01p1I00000AyVFl|<init>(String)
16:40:02.1 (8803289)|SYSTEM_MODE_EXIT|false
16:40:02.1 (8819481)|VARIABLE_ASSIGNMENT|[9]|johny|{"IS_DEAD":false,"name":"Johny Five"}|0x46fc611c
16:40:02.1 (8825433)|STATEMENT_EXECUTE|[10]
16:40:02.1 (8845776)|SYSTEM_MODE_ENTER|false
16:40:02.1 (8852592)|HEAP_ALLOCATE|[10]|Bytes:5
16:40:02.1 (8860177)|METHOD_ENTRY|[10]|01p1I00000AyVFl|Person.print()
16:40:02.1 (8870345)|VARIABLE_SCOPE_BEGIN|[43]|this|Person|true|false
16:40:02.1 (8885463)|VARIABLE_ASSIGNMENT|[43]|this|{"IS_DEAD":false,"name":"Johny Five"}|0x46fc611c
16:40:02.1 (8892465)|STATEMENT_EXECUTE|[43]
16:40:02.1 (8893579)|STATEMENT_EXECUTE|[44]
16:40:02.1 (8898034)|HEAP_ALLOCATE|[44]|Bytes:23
16:40:02.1 (8905963)|USER_DEBUG|[44]|DEBUG|Person name: Johny Five
16:40:02.1 (8911950)|STATEMENT_EXECUTE|[45]
16:40:02.1 (8914792)|HEAP_ALLOCATE|[45]|Bytes:18
16:40:02.1 (8920035)|USER_DEBUG|[45]|DEBUG|Person email: null
16:40:02.1 (8941928)|STATEMENT_EXECUTE|[46]
16:40:02.1 (8947906)|HEAP_ALLOCATE|[46]|Bytes:19
16:40:02.1 (8957642)|USER_DEBUG|[46]|DEBUG|Person gender: null
16:40:02.1 (8965433)|STATEMENT_EXECUTE|[47]
16:40:02.1 (8989722)|HEAP_ALLOCATE|[47]|Bytes:19
16:40:02.1 (8999766)|USER_DEBUG|[47]|DEBUG|Person weight: null
16:40:02.1 (9008520)|STATEMENT_EXECUTE|[48]
16:40:02.1 (9025376)|HEAP_ALLOCATE|[48]|Bytes:16
16:40:02.1 (9031096)|USER_DEBUG|[48]|DEBUG|Person age: null
16:40:02.1 (9035571)|STATEMENT_EXECUTE|[49]
16:40:02.1 (9043199)|HEAP_ALLOCATE|[49]|Bytes:5
16:40:02.1 (9051141)|HEAP_ALLOCATE|[49]|Bytes:20
16:40:02.1 (9055772)|USER_DEBUG|[49]|DEBUG|Person isDead: false
16:40:02.1 (9060396)|STATEMENT_EXECUTE|[50]
16:40:02.1 (9067419)|HEAP_ALLOCATE|[50]|Bytes:5
16:40:02.1 (9074878)|HEAP_ALLOCATE|[50]|Bytes:21
16:40:02.1 (9079185)|USER_DEBUG|[50]|DEBUG|Person isHuman: false
16:40:02.1 (9085435)|METHOD_EXIT|[10]|01p1I00000AyVFl|Person.print()
16:40:02.1 (9092463)|SYSTEM_MODE_EXIT|false
16:40:02.9 (9123760)|CUMULATIVE_LIMIT_USAGE
16:40:02.9 (9123760)|LIMIT_USAGE_FOR_NS|(default)|
  Number of SOQL queries: 0 out of 100
  Number of query rows: 0 out of 50000
  Number of SOSL queries: 0 out of 20
  Number of DML statements: 0 out of 150
  Number of DML rows: 0 out of 10000
  Maximum CPU time: 0 out of 10000
  Maximum heap size: 0 out of 6000000
  Number of callouts: 0 out of 100
  Number of Email Invocations: 0 out of 10
  Number of future calls: 0 out of 50
  Number of queueable jobs added to the queue: 0 out of 50
  Number of Mobile Apex push calls: 0 out of 10

16:40:02.9 (9123760)|CUMULATIVE_LIMIT_USAGE_END

16:40:02.1 (9174889)|CODE_UNIT_FINISHED|execute_anonymous_apex
16:40:02.1 (10350201)|EXECUTION_FINISHED
