41.0 APEX_CODE,FINEST;APEX_PROFILING,INFO;CALLOUT,INFO;DB,INFO;SYSTEM,DEBUG;VALIDATION,INFO;VISUALFORCE,INFO;WAVE,INFO;WORKFLOW,INFO
Execute Anonymous: 
Execute Anonymous: Person fred = new Person('Freddy', 'fred@email.com');
Execute Anonymous: fred.setisHuman(false);
Execute Anonymous: fred.print();
Execute Anonymous: 
Execute Anonymous: Person betty = new Person('Betty Boop');
Execute Anonymous: betty.print();
16:22:39.1 (1064441)|USER_INFO|[EXTERNAL]|0051I000001HhoW|mark.hausknecht@atginfo.com.apexbootcamp|Pacific Standard Time|GMT-08:00
16:22:39.1 (1252441)|EXECUTION_STARTED
16:22:39.1 (1257924)|CODE_UNIT_STARTED|[EXTERNAL]|execute_anonymous_apex
16:22:39.1 (7033214)|VARIABLE_SCOPE_BEGIN|[12]|Person.isHuman|Boolean|false|true
16:22:39.1 (7238597)|VARIABLE_SCOPE_BEGIN|[6]|betty|Person|true|false
16:22:39.1 (7248308)|VARIABLE_SCOPE_BEGIN|[2]|fred|Person|true|false
16:22:39.1 (7381791)|HEAP_ALLOCATE|[72]|Bytes:3
16:22:39.1 (7441484)|HEAP_ALLOCATE|[77]|Bytes:152
16:22:39.1 (7456883)|HEAP_ALLOCATE|[342]|Bytes:408
16:22:39.1 (7471071)|HEAP_ALLOCATE|[355]|Bytes:408
16:22:39.1 (7484136)|HEAP_ALLOCATE|[467]|Bytes:48
16:22:39.1 (7538362)|HEAP_ALLOCATE|[139]|Bytes:6
16:22:39.1 (7555493)|HEAP_ALLOCATE|[EXTERNAL]|Bytes:9
16:22:39.1 (7609443)|STATEMENT_EXECUTE|[1]
16:22:39.1 (7611768)|STATEMENT_EXECUTE|[2]
16:22:39.1 (7614533)|HEAP_ALLOCATE|[2]|Bytes:11
16:22:39.1 (7619812)|HEAP_ALLOCATE|[2]|Bytes:20
16:22:39.1 (7662990)|METHOD_ENTRY|[10]|01p1I00000AyVFl|Person.Person()
16:22:39.1 (7670402)|STATEMENT_EXECUTE|[10]
16:22:39.1 (7672695)|STATEMENT_EXECUTE|[10]
16:22:39.1 (7673655)|STATEMENT_EXECUTE|[12]
16:22:39.1 (7700410)|HEAP_ALLOCATE|[50]|Bytes:5
16:22:39.1 (7721393)|HEAP_ALLOCATE|[56]|Bytes:5
16:22:39.1 (7728656)|HEAP_ALLOCATE|[64]|Bytes:7
16:22:39.1 (7750974)|HEAP_ALLOCATE|[12]|Bytes:5
16:22:39.1 (7778609)|VARIABLE_ASSIGNMENT|[12]|Person.isHuman|true
16:22:39.1 (7794949)|METHOD_EXIT|[10]|Person
16:22:39.1 (7810494)|HEAP_ALLOCATE|[2]|Bytes:28
16:22:39.1 (7814758)|HEAP_ALLOCATE|[2]|Bytes:6
16:22:39.1 (7817934)|HEAP_ALLOCATE|[2]|Bytes:14
16:22:39.1 (7853894)|SYSTEM_MODE_ENTER|false
16:22:39.1 (7867052)|HEAP_ALLOCATE|[2]|Bytes:5
16:22:39.1 (7900319)|CONSTRUCTOR_ENTRY|[2]|01p1I00000AyVFl|<init>(String,String)
16:22:39.1 (7936744)|VARIABLE_SCOPE_BEGIN|[31]|this|Person|true|false
16:22:39.1 (7990202)|VARIABLE_ASSIGNMENT|[31]|this|{}|0x667a71fb
16:22:39.1 (7996762)|VARIABLE_SCOPE_BEGIN|[31]|defaultName|String|false|false
16:22:39.1 (8008055)|VARIABLE_ASSIGNMENT|[31]|defaultName|"Freddy"
16:22:39.1 (8012851)|VARIABLE_SCOPE_BEGIN|[31]|defaultEmail|String|false|false
16:22:39.1 (8022556)|VARIABLE_ASSIGNMENT|[31]|defaultEmail|"fred@email.com"
16:22:39.1 (8028322)|STATEMENT_EXECUTE|[10]
16:22:39.1 (8029425)|STATEMENT_EXECUTE|[14]
16:22:39.1 (8030372)|STATEMENT_EXECUTE|[15]
16:22:39.1 (8031173)|STATEMENT_EXECUTE|[16]
16:22:39.1 (8032029)|STATEMENT_EXECUTE|[17]
16:22:39.1 (8032811)|STATEMENT_EXECUTE|[18]
16:22:39.1 (8033598)|STATEMENT_EXECUTE|[19]
16:22:39.1 (8037799)|HEAP_ALLOCATE|[19]|Bytes:5
16:22:39.1 (8047456)|VARIABLE_ASSIGNMENT|[19]|this.isDead|false|0x667a71fb
16:22:39.1 (8056744)|HEAP_ALLOCATE|[19]|Bytes:6
16:22:39.1 (8088308)|STATEMENT_EXECUTE|[31]
16:22:39.1 (8089525)|STATEMENT_EXECUTE|[32]
16:22:39.1 (8095530)|VARIABLE_ASSIGNMENT|[32]|this.name|"Freddy"|0x667a71fb
16:22:39.1 (8100956)|STATEMENT_EXECUTE|[33]
16:22:39.1 (8104318)|VARIABLE_ASSIGNMENT|[33]|this.email|"fred@email.com"|0x667a71fb
16:22:39.1 (8130308)|CONSTRUCTOR_EXIT|[2]|01p1I00000AyVFl|<init>(String,String)
16:22:39.1 (8143911)|SYSTEM_MODE_EXIT|false
16:22:39.1 (8166200)|VARIABLE_ASSIGNMENT|[2]|fred|{"email":"fred@email.com","isDead":false,"name":"Freddy"}|0x667a71fb
16:22:39.1 (8172038)|STATEMENT_EXECUTE|[3]
16:22:39.1 (8198215)|SYSTEM_MODE_ENTER|false
16:22:39.1 (8206398)|HEAP_ALLOCATE|[3]|Bytes:5
16:22:39.1 (8244706)|METHOD_ENTRY|[3]|01p1I00000AyVFl|Person.setIsHuman(Boolean)
16:22:39.1 (8272693)|VARIABLE_SCOPE_BEGIN|[48]|this|Person|true|false
16:22:39.1 (8291755)|VARIABLE_ASSIGNMENT|[48]|this|{"email":"fred@email.com","isDead":false,"name":"Freddy"}|0x667a71fb
16:22:39.1 (8299340)|VARIABLE_SCOPE_BEGIN|[48]|isHumanVal|Boolean|false|false
16:22:39.1 (8305892)|VARIABLE_ASSIGNMENT|[48]|isHumanVal|false
16:22:39.1 (8311626)|STATEMENT_EXECUTE|[48]
16:22:39.1 (8312618)|STATEMENT_EXECUTE|[49]
16:22:39.1 (8315654)|HEAP_ALLOCATE|[49]|Bytes:5
16:22:39.1 (8321870)|VARIABLE_ASSIGNMENT|[49]|Person.isHuman|false
16:22:39.1 (8346202)|METHOD_EXIT|[3]|01p1I00000AyVFl|Person.setIsHuman(Boolean)
16:22:39.1 (8360059)|SYSTEM_MODE_EXIT|false
16:22:39.1 (8364272)|STATEMENT_EXECUTE|[4]
16:22:39.1 (8385186)|SYSTEM_MODE_ENTER|false
16:22:39.1 (8393021)|HEAP_ALLOCATE|[4]|Bytes:5
16:22:39.1 (8403871)|METHOD_ENTRY|[4]|01p1I00000AyVFl|Person.print()
16:22:39.1 (8422459)|VARIABLE_SCOPE_BEGIN|[37]|this|Person|true|false
16:22:39.1 (8439740)|VARIABLE_ASSIGNMENT|[37]|this|{"email":"fred@email.com","isDead":false,"name":"Freddy"}|0x667a71fb
16:22:39.1 (8446886)|STATEMENT_EXECUTE|[37]
16:22:39.1 (8448206)|STATEMENT_EXECUTE|[38]
16:22:39.1 (8450795)|HEAP_ALLOCATE|[38]|Bytes:13
16:22:39.1 (8471150)|HEAP_ALLOCATE|[38]|Bytes:19
16:22:39.1 (8623822)|USER_DEBUG|[38]|DEBUG|Person name: Freddy
16:22:39.1 (8634251)|STATEMENT_EXECUTE|[39]
16:22:39.1 (8636479)|HEAP_ALLOCATE|[39]|Bytes:14
16:22:39.1 (8644357)|HEAP_ALLOCATE|[39]|Bytes:28
16:22:39.1 (8655993)|USER_DEBUG|[39]|DEBUG|Person email: fred@email.com
16:22:39.1 (8662465)|STATEMENT_EXECUTE|[40]
16:22:39.1 (8663935)|HEAP_ALLOCATE|[40]|Bytes:15
16:22:39.1 (8669865)|HEAP_ALLOCATE|[40]|Bytes:19
16:22:39.1 (8677320)|USER_DEBUG|[40]|DEBUG|Person gender: null
16:22:39.1 (8681993)|STATEMENT_EXECUTE|[41]
16:22:39.1 (8683391)|HEAP_ALLOCATE|[41]|Bytes:15
16:22:39.1 (8737243)|HEAP_ALLOCATE|[41]|Bytes:19
16:22:39.1 (8745315)|USER_DEBUG|[41]|DEBUG|Person weight: null
16:22:39.1 (8750914)|STATEMENT_EXECUTE|[42]
16:22:39.1 (8752612)|HEAP_ALLOCATE|[42]|Bytes:12
16:22:39.1 (8773591)|HEAP_ALLOCATE|[42]|Bytes:16
16:22:39.1 (8797847)|USER_DEBUG|[42]|DEBUG|Person age: null
16:22:39.1 (8803300)|STATEMENT_EXECUTE|[43]
16:22:39.1 (8805487)|HEAP_ALLOCATE|[43]|Bytes:15
16:22:39.1 (8824192)|HEAP_ALLOCATE|[43]|Bytes:5
16:22:39.1 (8833583)|HEAP_ALLOCATE|[43]|Bytes:20
16:22:39.1 (8839015)|USER_DEBUG|[43]|DEBUG|Person isDead: false
16:22:39.1 (8844426)|STATEMENT_EXECUTE|[44]
16:22:39.1 (8845919)|HEAP_ALLOCATE|[44]|Bytes:16
16:22:39.1 (8861420)|HEAP_ALLOCATE|[44]|Bytes:5
16:22:39.1 (8869878)|HEAP_ALLOCATE|[44]|Bytes:21
16:22:39.1 (8874996)|USER_DEBUG|[44]|DEBUG|Person isHuman: false
16:22:39.1 (8881278)|METHOD_EXIT|[4]|01p1I00000AyVFl|Person.print()
16:22:39.1 (8888218)|SYSTEM_MODE_EXIT|false
16:22:39.1 (8892918)|STATEMENT_EXECUTE|[6]
16:22:39.1 (8896924)|HEAP_ALLOCATE|[6]|Bytes:28
16:22:39.1 (8901076)|HEAP_ALLOCATE|[6]|Bytes:10
16:22:39.1 (8929913)|SYSTEM_MODE_ENTER|false
16:22:39.1 (8938765)|HEAP_ALLOCATE|[6]|Bytes:5
16:22:39.1 (8949821)|CONSTRUCTOR_ENTRY|[6]|01p1I00000AyVFl|<init>(String)
16:22:39.1 (8964720)|VARIABLE_SCOPE_BEGIN|[21]|this|Person|true|false
16:22:39.1 (8995296)|VARIABLE_ASSIGNMENT|[21]|this|{}|0x798cf544
16:22:39.1 (9002485)|VARIABLE_SCOPE_BEGIN|[21]|defaultName|String|false|false
16:22:39.1 (9011154)|VARIABLE_ASSIGNMENT|[21]|defaultName|"Betty Boop"
16:22:39.1 (9016488)|STATEMENT_EXECUTE|[10]
16:22:39.1 (9017598)|STATEMENT_EXECUTE|[14]
16:22:39.1 (9018530)|STATEMENT_EXECUTE|[15]
16:22:39.1 (9019427)|STATEMENT_EXECUTE|[16]
16:22:39.1 (9020264)|STATEMENT_EXECUTE|[17]
16:22:39.1 (9021066)|STATEMENT_EXECUTE|[18]
16:22:39.1 (9021907)|STATEMENT_EXECUTE|[19]
16:22:39.1 (9025850)|HEAP_ALLOCATE|[19]|Bytes:5
16:22:39.1 (9033657)|VARIABLE_ASSIGNMENT|[19]|this.isDead|false|0x798cf544
16:22:39.1 (9048035)|STATEMENT_EXECUTE|[21]
16:22:39.1 (9049037)|STATEMENT_EXECUTE|[22]
16:22:39.1 (9054536)|VARIABLE_ASSIGNMENT|[22]|this.name|"Betty Boop"|0x798cf544
16:22:39.1 (9062728)|CONSTRUCTOR_EXIT|[6]|01p1I00000AyVFl|<init>(String)
16:22:39.1 (9069172)|SYSTEM_MODE_EXIT|false
16:22:39.1 (9084729)|VARIABLE_ASSIGNMENT|[6]|betty|{"isDead":false,"name":"Betty Boop"}|0x798cf544
16:22:39.1 (9090257)|STATEMENT_EXECUTE|[7]
16:22:39.1 (9121730)|SYSTEM_MODE_ENTER|false
16:22:39.1 (9129320)|HEAP_ALLOCATE|[7]|Bytes:5
16:22:39.1 (9137760)|METHOD_ENTRY|[7]|01p1I00000AyVFl|Person.print()
16:22:39.1 (9148774)|VARIABLE_SCOPE_BEGIN|[37]|this|Person|true|false
16:22:39.1 (9164742)|VARIABLE_ASSIGNMENT|[37]|this|{"isDead":false,"name":"Betty Boop"}|0x798cf544
16:22:39.1 (9172217)|STATEMENT_EXECUTE|[37]
16:22:39.1 (9173240)|STATEMENT_EXECUTE|[38]
16:22:39.1 (9178447)|HEAP_ALLOCATE|[38]|Bytes:23
16:22:39.1 (9188153)|USER_DEBUG|[38]|DEBUG|Person name: Betty Boop
16:22:39.1 (9193898)|STATEMENT_EXECUTE|[39]
16:22:39.1 (9196887)|HEAP_ALLOCATE|[39]|Bytes:18
16:22:39.1 (9201043)|USER_DEBUG|[39]|DEBUG|Person email: null
16:22:39.1 (9205367)|STATEMENT_EXECUTE|[40]
16:22:39.1 (9207355)|HEAP_ALLOCATE|[40]|Bytes:19
16:22:39.1 (9211441)|USER_DEBUG|[40]|DEBUG|Person gender: null
16:22:39.1 (9215859)|STATEMENT_EXECUTE|[41]
16:22:39.1 (9243203)|HEAP_ALLOCATE|[41]|Bytes:19
16:22:39.1 (9248857)|USER_DEBUG|[41]|DEBUG|Person weight: null
16:22:39.1 (9253684)|STATEMENT_EXECUTE|[42]
16:22:39.1 (9263758)|HEAP_ALLOCATE|[42]|Bytes:16
16:22:39.1 (9268073)|USER_DEBUG|[42]|DEBUG|Person age: null
16:22:39.1 (9282770)|STATEMENT_EXECUTE|[43]
16:22:39.1 (9291325)|HEAP_ALLOCATE|[43]|Bytes:5
16:22:39.1 (9300981)|HEAP_ALLOCATE|[43]|Bytes:20
16:22:39.1 (9305927)|USER_DEBUG|[43]|DEBUG|Person isDead: false
16:22:39.1 (9310602)|STATEMENT_EXECUTE|[44]
16:22:39.1 (9316914)|HEAP_ALLOCATE|[44]|Bytes:5
16:22:39.1 (9324003)|HEAP_ALLOCATE|[44]|Bytes:21
16:22:39.1 (9328289)|USER_DEBUG|[44]|DEBUG|Person isHuman: false
16:22:39.1 (9333901)|METHOD_EXIT|[7]|01p1I00000AyVFl|Person.print()
16:22:39.1 (9340443)|SYSTEM_MODE_EXIT|false
16:22:39.9 (9397798)|CUMULATIVE_LIMIT_USAGE
16:22:39.9 (9397798)|LIMIT_USAGE_FOR_NS|(default)|
  Number of SOQL queries: 0 out of 100
  Number of query rows: 0 out of 50000
  Number of SOSL queries: 0 out of 20
  Number of DML statements: 0 out of 150
  Number of DML rows: 0 out of 10000
  Maximum CPU time: 0 out of 10000
  Maximum heap size: 0 out of 6000000
  Number of callouts: 0 out of 100
  Number of Email Invocations: 0 out of 10
  Number of future calls: 0 out of 50
  Number of queueable jobs added to the queue: 0 out of 50
  Number of Mobile Apex push calls: 0 out of 10

16:22:39.9 (9397798)|CUMULATIVE_LIMIT_USAGE_END

16:22:39.1 (9434921)|CODE_UNIT_FINISHED|execute_anonymous_apex
16:22:39.1 (10254297)|EXECUTION_FINISHED
