36.0 APEX_CODE,FINEST;APEX_PROFILING,INFO;CALLOUT,INFO;DB,INFO;SYSTEM,DEBUG;VALIDATION,INFO;VISUALFORCE,INFO;WAVE,INFO;WORKFLOW,INFO
14:32:32.0 (434602)|USER_INFO|[EXTERNAL]|0051I000001HhoW|mark.hausknecht@atginfo.com.apexbootcamp|Pacific Standard Time|GMT-08:00
14:32:32.0 (478971)|EXECUTION_STARTED
14:32:32.0 (483648)|CODE_UNIT_STARTED|[EXTERNAL]|01p1I00000AE871|ApexBootcampUnitTest.test_method_one
14:32:32.0 (807996)|HEAP_ALLOCATE|[72]|Bytes:3
14:32:32.0 (855310)|HEAP_ALLOCATE|[77]|Bytes:152
14:32:32.0 (875633)|HEAP_ALLOCATE|[342]|Bytes:408
14:32:32.0 (892777)|HEAP_ALLOCATE|[355]|Bytes:408
14:32:32.0 (907068)|HEAP_ALLOCATE|[467]|Bytes:48
14:32:32.0 (936932)|HEAP_ALLOCATE|[139]|Bytes:6
14:32:32.0 (1009038)|HEAP_ALLOCATE|[EXTERNAL]|Bytes:3
14:32:32.0 (1022229)|METHOD_ENTRY|[2]|01p1I00000AE871|ApexBootcampUnitTest.ApexBootcampUnitTest()
14:32:32.0 (1028539)|STATEMENT_EXECUTE|[2]
14:32:32.0 (1034639)|STATEMENT_EXECUTE|[2]
14:32:32.0 (1039123)|METHOD_EXIT|[2]|ApexBootcampUnitTest
14:32:32.0 (1081059)|HEAP_ALLOCATE|[50]|Bytes:5
14:32:32.0 (1112845)|HEAP_ALLOCATE|[56]|Bytes:5
14:32:32.0 (1123009)|HEAP_ALLOCATE|[64]|Bytes:7
14:32:32.0 (1175158)|STATEMENT_EXECUTE|[4]
14:32:32.0 (1176920)|STATEMENT_EXECUTE|[6]
14:32:32.0 (1179751)|HEAP_ALLOCATE|[6]|Bytes:40
14:32:32.0 (1205457)|HEAP_ALLOCATE|[6]|Bytes:4
14:32:32.0 (1851902)|SOQL_EXECUTE_BEGIN|[6]|Aggregations:0|SELECT ID FROM Lead WHERE Title = 'King'
14:32:32.0 (3880565)|SOQL_EXECUTE_END|[6]|Rows:0
14:32:32.0 (3903429)|HEAP_ALLOCATE|[6]|Bytes:4
14:32:32.0 (3915194)|HEAP_ALLOCATE|[6]|Bytes:0
14:32:32.0 (4019074)|HEAP_ALLOCATE|[6]|Bytes:4
14:32:32.0 (4034127)|VARIABLE_SCOPE_BEGIN|[6]|leadList|List<Lead>|true|false
14:32:32.0 (4065882)|VARIABLE_ASSIGNMENT|[6]|leadList|[]|0x5053cbc8
14:32:32.0 (4072879)|STATEMENT_EXECUTE|[7]
14:32:32.4 (4117774)|CUMULATIVE_LIMIT_USAGE
14:32:32.4 (4117774)|LIMIT_USAGE_FOR_NS|(default)|
  Number of SOQL queries: 1 out of 100
  Number of query rows: 0 out of 50000
  Number of SOSL queries: 0 out of 20
  Number of DML statements: 0 out of 150
  Number of DML rows: 0 out of 10000
  Maximum CPU time: 0 out of 10000
  Maximum heap size: 0 out of 6000000
  Number of callouts: 0 out of 100
  Number of Email Invocations: 0 out of 10
  Number of future calls: 0 out of 50
  Number of queueable jobs added to the queue: 0 out of 50
  Number of Mobile Apex push calls: 0 out of 10

14:32:32.4 (4117774)|CUMULATIVE_LIMIT_USAGE_END

14:32:32.0 (4148839)|CODE_UNIT_FINISHED|ApexBootcampUnitTest.test_method_one
14:32:32.0 (5528615)|EXECUTION_FINISHED
14:32:32.23 (23165393)|USER_INFO|[EXTERNAL]|0051I000001HhoW|mark.hausknecht@atginfo.com.apexbootcamp|Pacific Standard Time|GMT-08:00
14:32:32.23 (23185457)|EXECUTION_STARTED
14:32:32.23 (23189956)|CODE_UNIT_STARTED|[EXTERNAL]|01p1I00000AE871|ApexBootcampUnitTest.test_method_two
14:32:32.23 (23312761)|HEAP_ALLOCATE|[72]|Bytes:3
14:32:32.23 (23355094)|HEAP_ALLOCATE|[77]|Bytes:152
14:32:32.23 (23374933)|HEAP_ALLOCATE|[342]|Bytes:408
14:32:32.23 (23392219)|HEAP_ALLOCATE|[355]|Bytes:408
14:32:32.23 (23406409)|HEAP_ALLOCATE|[467]|Bytes:48
14:32:32.23 (23438935)|HEAP_ALLOCATE|[139]|Bytes:6
14:32:32.23 (23461528)|HEAP_ALLOCATE|[EXTERNAL]|Bytes:3
14:32:32.23 (23473424)|METHOD_ENTRY|[2]|01p1I00000AE871|ApexBootcampUnitTest.ApexBootcampUnitTest()
14:32:32.23 (23479193)|STATEMENT_EXECUTE|[2]
14:32:32.23 (23484564)|STATEMENT_EXECUTE|[2]
14:32:32.23 (23488891)|METHOD_EXIT|[2]|ApexBootcampUnitTest
14:32:32.23 (23511710)|HEAP_ALLOCATE|[50]|Bytes:5
14:32:32.23 (23535730)|HEAP_ALLOCATE|[56]|Bytes:5
14:32:32.23 (23543172)|HEAP_ALLOCATE|[64]|Bytes:7
14:32:32.23 (23583552)|STATEMENT_EXECUTE|[11]
14:32:32.23 (23589925)|CUMULATIVE_LIMIT_USAGE
14:32:32.23 (23589925)|LIMIT_USAGE_FOR_NS|(default)|
  Number of SOQL queries: 0 out of 100
  Number of query rows: 0 out of 50000
  Number of SOSL queries: 0 out of 20
  Number of DML statements: 0 out of 150
  Number of DML rows: 0 out of 10000
  Maximum CPU time: 0 out of 10000
  Maximum heap size: 0 out of 6000000
  Number of callouts: 0 out of 100
  Number of Email Invocations: 0 out of 10
  Number of future calls: 0 out of 50
  Number of queueable jobs added to the queue: 0 out of 50
  Number of Mobile Apex push calls: 0 out of 10

14:32:32.23 (23589925)|CUMULATIVE_LIMIT_USAGE_END

14:32:32.23 (23618729)|CODE_UNIT_FINISHED|ApexBootcampUnitTest.test_method_two
14:32:32.23 (25133216)|EXECUTION_FINISHED
