41.0 APEX_CODE,FINEST;APEX_PROFILING,INFO;CALLOUT,INFO;DB,INFO;SYSTEM,DEBUG;VALIDATION,INFO;VISUALFORCE,INFO;WAVE,INFO;WORKFLOW,INFO
Execute Anonymous: 
Execute Anonymous: Person fred = new Person('Freddy');
Execute Anonymous: fred.print();
Execute Anonymous: 
Execute Anonymous: Person betty = new Person('Betty Boop');
Execute Anonymous: betty.print();
15:51:20.1 (1997464)|USER_INFO|[EXTERNAL]|0051I000001HhoW|mark.hausknecht@atginfo.com.apexbootcamp|Pacific Standard Time|GMT-08:00
15:51:20.1 (2016083)|EXECUTION_STARTED
15:51:20.1 (2020850)|CODE_UNIT_STARTED|[EXTERNAL]|execute_anonymous_apex
15:51:20.1 (8119433)|VARIABLE_SCOPE_BEGIN|[12]|Person.isHuman|Boolean|false|true
15:51:20.1 (8167986)|VARIABLE_SCOPE_BEGIN|[5]|betty|Person|true|false
15:51:20.1 (8176980)|VARIABLE_SCOPE_BEGIN|[2]|fred|Person|true|false
15:51:20.1 (8302975)|HEAP_ALLOCATE|[72]|Bytes:3
15:51:20.1 (8347182)|HEAP_ALLOCATE|[77]|Bytes:152
15:51:20.1 (8364492)|HEAP_ALLOCATE|[342]|Bytes:408
15:51:20.1 (8382650)|HEAP_ALLOCATE|[355]|Bytes:408
15:51:20.1 (8395454)|HEAP_ALLOCATE|[467]|Bytes:48
15:51:20.1 (8423177)|HEAP_ALLOCATE|[139]|Bytes:6
15:51:20.1 (8439207)|HEAP_ALLOCATE|[EXTERNAL]|Bytes:7
15:51:20.1 (8474164)|STATEMENT_EXECUTE|[1]
15:51:20.1 (8476296)|STATEMENT_EXECUTE|[2]
15:51:20.1 (8479433)|HEAP_ALLOCATE|[2]|Bytes:5
15:51:20.1 (8484515)|HEAP_ALLOCATE|[2]|Bytes:20
15:51:20.1 (8510417)|METHOD_ENTRY|[10]|01p1I00000AyVFl|Person.Person()
15:51:20.1 (8515651)|STATEMENT_EXECUTE|[10]
15:51:20.1 (8518950)|STATEMENT_EXECUTE|[10]
15:51:20.1 (8520554)|STATEMENT_EXECUTE|[12]
15:51:20.1 (8548018)|HEAP_ALLOCATE|[50]|Bytes:5
15:51:20.1 (8570639)|HEAP_ALLOCATE|[56]|Bytes:5
15:51:20.1 (8577363)|HEAP_ALLOCATE|[64]|Bytes:7
15:51:20.1 (8595260)|HEAP_ALLOCATE|[12]|Bytes:5
15:51:20.1 (8615142)|VARIABLE_ASSIGNMENT|[12]|Person.isHuman|true
15:51:20.1 (8622010)|METHOD_EXIT|[10]|Person
15:51:20.1 (8637789)|HEAP_ALLOCATE|[2]|Bytes:28
15:51:20.1 (8641697)|HEAP_ALLOCATE|[2]|Bytes:6
15:51:20.1 (8675459)|SYSTEM_MODE_ENTER|false
15:51:20.1 (8685461)|HEAP_ALLOCATE|[2]|Bytes:5
15:51:20.1 (8698991)|CONSTRUCTOR_ENTRY|[2]|01p1I00000AyVFl|<init>(String)
15:51:20.1 (8723231)|VARIABLE_SCOPE_BEGIN|[21]|this|Person|true|false
15:51:20.1 (8780950)|VARIABLE_ASSIGNMENT|[21]|this|{}|0xeaba856
15:51:20.1 (8787969)|VARIABLE_SCOPE_BEGIN|[21]|defaultName|String|false|false
15:51:20.1 (8797420)|VARIABLE_ASSIGNMENT|[21]|defaultName|"Freddy"
15:51:20.1 (8803184)|STATEMENT_EXECUTE|[10]
15:51:20.1 (8804289)|STATEMENT_EXECUTE|[14]
15:51:20.1 (8805168)|STATEMENT_EXECUTE|[15]
15:51:20.1 (8805966)|STATEMENT_EXECUTE|[16]
15:51:20.1 (8806762)|STATEMENT_EXECUTE|[17]
15:51:20.1 (8807875)|STATEMENT_EXECUTE|[18]
15:51:20.1 (8808771)|STATEMENT_EXECUTE|[19]
15:51:20.1 (8812316)|HEAP_ALLOCATE|[19]|Bytes:5
15:51:20.1 (8821185)|VARIABLE_ASSIGNMENT|[19]|this.isDead|false|0xeaba856
15:51:20.1 (8828819)|HEAP_ALLOCATE|[19]|Bytes:6
15:51:20.1 (8855782)|STATEMENT_EXECUTE|[21]
15:51:20.1 (8857094)|STATEMENT_EXECUTE|[22]
15:51:20.1 (8862633)|VARIABLE_ASSIGNMENT|[22]|this.name|"Freddy"|0xeaba856
15:51:20.1 (8871549)|CONSTRUCTOR_EXIT|[2]|01p1I00000AyVFl|<init>(String)
15:51:20.1 (8881115)|SYSTEM_MODE_EXIT|false
15:51:20.1 (8901305)|VARIABLE_ASSIGNMENT|[2]|fred|{"isDead":false,"name":"Freddy"}|0xeaba856
15:51:20.1 (8906633)|STATEMENT_EXECUTE|[3]
15:51:20.1 (8929924)|SYSTEM_MODE_ENTER|false
15:51:20.1 (8936719)|HEAP_ALLOCATE|[3]|Bytes:5
15:51:20.1 (8958909)|METHOD_ENTRY|[3]|01p1I00000AyVFl|Person.print()
15:51:20.1 (8979989)|VARIABLE_SCOPE_BEGIN|[28]|this|Person|true|false
15:51:20.1 (8996502)|VARIABLE_ASSIGNMENT|[28]|this|{"isDead":false,"name":"Freddy"}|0xeaba856
15:51:20.1 (9005053)|STATEMENT_EXECUTE|[28]
15:51:20.1 (9006783)|STATEMENT_EXECUTE|[29]
15:51:20.1 (9009019)|HEAP_ALLOCATE|[29]|Bytes:13
15:51:20.1 (9029974)|HEAP_ALLOCATE|[29]|Bytes:19
15:51:20.1 (9089419)|USER_DEBUG|[29]|DEBUG|Person name: Freddy
15:51:20.1 (9099586)|STATEMENT_EXECUTE|[30]
15:51:20.1 (9101935)|HEAP_ALLOCATE|[30]|Bytes:14
15:51:20.1 (9109047)|HEAP_ALLOCATE|[30]|Bytes:18
15:51:20.1 (9120315)|USER_DEBUG|[30]|DEBUG|Person email: null
15:51:20.1 (9126113)|STATEMENT_EXECUTE|[31]
15:51:20.1 (9127857)|HEAP_ALLOCATE|[31]|Bytes:15
15:51:20.1 (9132349)|HEAP_ALLOCATE|[31]|Bytes:19
15:51:20.1 (9140592)|USER_DEBUG|[31]|DEBUG|Person gender: null
15:51:20.1 (9145417)|STATEMENT_EXECUTE|[32]
15:51:20.1 (9146998)|HEAP_ALLOCATE|[32]|Bytes:15
15:51:20.1 (9191935)|HEAP_ALLOCATE|[32]|Bytes:19
15:51:20.1 (9198375)|USER_DEBUG|[32]|DEBUG|Person weight: null
15:51:20.1 (9202910)|STATEMENT_EXECUTE|[33]
15:51:20.1 (9204545)|HEAP_ALLOCATE|[33]|Bytes:12
15:51:20.1 (9229958)|HEAP_ALLOCATE|[33]|Bytes:16
15:51:20.1 (9235873)|USER_DEBUG|[33]|DEBUG|Person age: null
15:51:20.1 (9240581)|STATEMENT_EXECUTE|[34]
15:51:20.1 (9242408)|HEAP_ALLOCATE|[34]|Bytes:15
15:51:20.1 (9257550)|HEAP_ALLOCATE|[34]|Bytes:5
15:51:20.1 (9266235)|HEAP_ALLOCATE|[34]|Bytes:20
15:51:20.1 (9271545)|USER_DEBUG|[34]|DEBUG|Person isDead: false
15:51:20.1 (9276220)|STATEMENT_EXECUTE|[35]
15:51:20.1 (9277810)|HEAP_ALLOCATE|[35]|Bytes:16
15:51:20.1 (9291922)|HEAP_ALLOCATE|[35]|Bytes:4
15:51:20.1 (9299380)|HEAP_ALLOCATE|[35]|Bytes:20
15:51:20.1 (9304518)|USER_DEBUG|[35]|DEBUG|Person isHuman: true
15:51:20.1 (9311084)|METHOD_EXIT|[3]|01p1I00000AyVFl|Person.print()
15:51:20.1 (9317337)|SYSTEM_MODE_EXIT|false
15:51:20.1 (9321887)|STATEMENT_EXECUTE|[5]
15:51:20.1 (9325719)|HEAP_ALLOCATE|[5]|Bytes:28
15:51:20.1 (9329318)|HEAP_ALLOCATE|[5]|Bytes:10
15:51:20.1 (9350492)|SYSTEM_MODE_ENTER|false
15:51:20.1 (9357598)|HEAP_ALLOCATE|[5]|Bytes:5
15:51:20.1 (9365441)|CONSTRUCTOR_ENTRY|[5]|01p1I00000AyVFl|<init>(String)
15:51:20.1 (9375607)|VARIABLE_SCOPE_BEGIN|[21]|this|Person|true|false
15:51:20.1 (9392566)|VARIABLE_ASSIGNMENT|[21]|this|{}|0x833b493
15:51:20.1 (9397520)|VARIABLE_SCOPE_BEGIN|[21]|defaultName|String|false|false
15:51:20.1 (9404762)|VARIABLE_ASSIGNMENT|[21]|defaultName|"Betty Boop"
15:51:20.1 (9408659)|STATEMENT_EXECUTE|[10]
15:51:20.1 (9409650)|STATEMENT_EXECUTE|[14]
15:51:20.1 (9410894)|STATEMENT_EXECUTE|[15]
15:51:20.1 (9411855)|STATEMENT_EXECUTE|[16]
15:51:20.1 (9412660)|STATEMENT_EXECUTE|[17]
15:51:20.1 (9413499)|STATEMENT_EXECUTE|[18]
15:51:20.1 (9414292)|STATEMENT_EXECUTE|[19]
15:51:20.1 (9417628)|HEAP_ALLOCATE|[19]|Bytes:5
15:51:20.1 (9423833)|VARIABLE_ASSIGNMENT|[19]|this.isDead|false|0x833b493
15:51:20.1 (9435858)|STATEMENT_EXECUTE|[21]
15:51:20.1 (9436870)|STATEMENT_EXECUTE|[22]
15:51:20.1 (9440943)|VARIABLE_ASSIGNMENT|[22]|this.name|"Betty Boop"|0x833b493
15:51:20.1 (9448469)|CONSTRUCTOR_EXIT|[5]|01p1I00000AyVFl|<init>(String)
15:51:20.1 (9454364)|SYSTEM_MODE_EXIT|false
15:51:20.1 (9470837)|VARIABLE_ASSIGNMENT|[5]|betty|{"isDead":false,"name":"Betty Boop"}|0x833b493
15:51:20.1 (9476118)|STATEMENT_EXECUTE|[6]
15:51:20.1 (9495817)|SYSTEM_MODE_ENTER|false
15:51:20.1 (9502244)|HEAP_ALLOCATE|[6]|Bytes:5
15:51:20.1 (9509693)|METHOD_ENTRY|[6]|01p1I00000AyVFl|Person.print()
15:51:20.1 (9519487)|VARIABLE_SCOPE_BEGIN|[28]|this|Person|true|false
15:51:20.1 (9533936)|VARIABLE_ASSIGNMENT|[28]|this|{"isDead":false,"name":"Betty Boop"}|0x833b493
15:51:20.1 (9539972)|STATEMENT_EXECUTE|[28]
15:51:20.1 (9540965)|STATEMENT_EXECUTE|[29]
15:51:20.1 (9546085)|HEAP_ALLOCATE|[29]|Bytes:23
15:51:20.1 (9553627)|USER_DEBUG|[29]|DEBUG|Person name: Betty Boop
15:51:20.1 (9558811)|STATEMENT_EXECUTE|[30]
15:51:20.1 (9561630)|HEAP_ALLOCATE|[30]|Bytes:18
15:51:20.1 (9565957)|USER_DEBUG|[30]|DEBUG|Person email: null
15:51:20.1 (9570263)|STATEMENT_EXECUTE|[31]
15:51:20.1 (9572316)|HEAP_ALLOCATE|[31]|Bytes:19
15:51:20.1 (9575896)|USER_DEBUG|[31]|DEBUG|Person gender: null
15:51:20.1 (9579591)|STATEMENT_EXECUTE|[32]
15:51:20.1 (9592491)|HEAP_ALLOCATE|[32]|Bytes:19
15:51:20.1 (9596234)|USER_DEBUG|[32]|DEBUG|Person weight: null
15:51:20.1 (9605387)|STATEMENT_EXECUTE|[33]
15:51:20.1 (9615089)|HEAP_ALLOCATE|[33]|Bytes:16
15:51:20.1 (9619209)|USER_DEBUG|[33]|DEBUG|Person age: null
15:51:20.1 (9623243)|STATEMENT_EXECUTE|[34]
15:51:20.1 (9629350)|HEAP_ALLOCATE|[34]|Bytes:5
15:51:20.1 (9636154)|HEAP_ALLOCATE|[34]|Bytes:20
15:51:20.1 (9639973)|USER_DEBUG|[34]|DEBUG|Person isDead: false
15:51:20.1 (9643904)|STATEMENT_EXECUTE|[35]
15:51:20.1 (9649846)|HEAP_ALLOCATE|[35]|Bytes:4
15:51:20.1 (9656530)|HEAP_ALLOCATE|[35]|Bytes:20
15:51:20.1 (9660050)|USER_DEBUG|[35]|DEBUG|Person isHuman: true
15:51:20.1 (9665689)|METHOD_EXIT|[6]|01p1I00000AyVFl|Person.print()
15:51:20.1 (9671957)|SYSTEM_MODE_EXIT|false
15:51:20.9 (9693520)|CUMULATIVE_LIMIT_USAGE
15:51:20.9 (9693520)|LIMIT_USAGE_FOR_NS|(default)|
  Number of SOQL queries: 0 out of 100
  Number of query rows: 0 out of 50000
  Number of SOSL queries: 0 out of 20
  Number of DML statements: 0 out of 150
  Number of DML rows: 0 out of 10000
  Maximum CPU time: 0 out of 10000
  Maximum heap size: 0 out of 6000000
  Number of callouts: 0 out of 100
  Number of Email Invocations: 0 out of 10
  Number of future calls: 0 out of 50
  Number of queueable jobs added to the queue: 0 out of 50
  Number of Mobile Apex push calls: 0 out of 10

15:51:20.9 (9693520)|CUMULATIVE_LIMIT_USAGE_END

15:51:20.1 (9725016)|CODE_UNIT_FINISHED|execute_anonymous_apex
15:51:20.1 (10562455)|EXECUTION_FINISHED
