41.0 APEX_CODE,FINEST;APEX_PROFILING,INFO;CALLOUT,INFO;DB,INFO;SYSTEM,DEBUG;VALIDATION,INFO;VISUALFORCE,INFO;WAVE,INFO;WORKFLOW,INFO
Execute Anonymous: Day3ListsAndLoops.executeLoops();
Execute Anonymous: 
Execute Anonymous: 
15:32:15.0 (982925)|USER_INFO|[EXTERNAL]|0051I000001HhoW|mark.hausknecht@atginfo.com.apexbootcamp|Pacific Standard Time|GMT-07:00
15:32:15.0 (1002106)|EXECUTION_STARTED
15:32:15.0 (1005821)|CODE_UNIT_STARTED|[EXTERNAL]|execute_anonymous_apex
15:32:15.0 (1203187)|HEAP_ALLOCATE|[72]|Bytes:3
15:32:15.0 (1247292)|HEAP_ALLOCATE|[77]|Bytes:152
15:32:15.0 (1263216)|HEAP_ALLOCATE|[342]|Bytes:408
15:32:15.0 (1280052)|HEAP_ALLOCATE|[355]|Bytes:408
15:32:15.0 (1292670)|HEAP_ALLOCATE|[467]|Bytes:48
15:32:15.0 (1318464)|HEAP_ALLOCATE|[139]|Bytes:6
15:32:15.0 (1334507)|HEAP_ALLOCATE|[EXTERNAL]|Bytes:1
15:32:15.0 (1408545)|STATEMENT_EXECUTE|[1]
15:32:15.0 (1411906)|STATEMENT_EXECUTE|[1]
15:32:15.0 (1459260)|HEAP_ALLOCATE|[50]|Bytes:5
15:32:15.0 (1482887)|HEAP_ALLOCATE|[56]|Bytes:5
15:32:15.0 (1490534)|HEAP_ALLOCATE|[64]|Bytes:7
15:32:15.0 (1512956)|SYSTEM_MODE_ENTER|false
15:32:15.0 (1530126)|HEAP_ALLOCATE|[1]|Bytes:5
15:32:15.0 (6288112)|HEAP_ALLOCATE|[1]|Bytes:4
15:32:15.0 (6297750)|HEAP_ALLOCATE|[1]|Bytes:17
15:32:15.0 (6312663)|METHOD_ENTRY|[2]|01p1I000008LWEw|Day3ListsAndLoops.Day3ListsAndLoops()
15:32:15.0 (6318089)|STATEMENT_EXECUTE|[2]
15:32:15.0 (6322275)|STATEMENT_EXECUTE|[2]
15:32:15.0 (6331653)|HEAP_ALLOCATE|[1]|Bytes:5
15:32:15.0 (6341837)|METHOD_EXIT|[2]|Day3ListsAndLoops
15:32:15.0 (6360808)|METHOD_ENTRY|[1]|01p1I000008LWEw|Day3ListsAndLoops.executeLoops()
15:32:15.0 (6395682)|HEAP_ALLOCATE|[66]|Bytes:5
15:32:15.0 (6401270)|STATEMENT_EXECUTE|[58]
15:32:15.0 (6403097)|STATEMENT_EXECUTE|[66]
15:32:15.0 (6408601)|VARIABLE_SCOPE_BEGIN|[66]|i|Integer|false|false
15:32:15.0 (6421653)|HEAP_ALLOCATE|[66]|Bytes:4
15:32:15.0 (6437384)|VARIABLE_ASSIGNMENT|[66]|i|0
15:32:15.0 (6445000)|STATEMENT_EXECUTE|[66]
15:32:15.0 (6445980)|STATEMENT_EXECUTE|[67]
15:32:15.0 (6448679)|HEAP_ALLOCATE|[67]|Bytes:3
15:32:15.0 (6514800)|HEAP_ALLOCATE|[67]|Bytes:1
15:32:15.0 (6534009)|HEAP_ALLOCATE|[67]|Bytes:4
15:32:15.0 (6559437)|USER_DEBUG|[67]|DEBUG|i: 0
15:32:15.0 (6566526)|HEAP_ALLOCATE|[66]|Bytes:4
15:32:15.0 (6572720)|VARIABLE_ASSIGNMENT|[66]|i|1
15:32:15.0 (6578208)|STATEMENT_EXECUTE|[66]
15:32:15.0 (6579222)|STATEMENT_EXECUTE|[67]
15:32:15.0 (6587504)|HEAP_ALLOCATE|[67]|Bytes:1
15:32:15.0 (6594776)|HEAP_ALLOCATE|[67]|Bytes:4
15:32:15.0 (6599911)|USER_DEBUG|[67]|DEBUG|i: 1
15:32:15.0 (6604537)|HEAP_ALLOCATE|[66]|Bytes:4
15:32:15.0 (6608834)|VARIABLE_ASSIGNMENT|[66]|i|2
15:32:15.0 (6613097)|STATEMENT_EXECUTE|[66]
15:32:15.0 (6614320)|STATEMENT_EXECUTE|[67]
15:32:15.0 (6620235)|HEAP_ALLOCATE|[67]|Bytes:1
15:32:15.0 (6626629)|HEAP_ALLOCATE|[67]|Bytes:4
15:32:15.0 (6630616)|USER_DEBUG|[67]|DEBUG|i: 2
15:32:15.0 (6634955)|HEAP_ALLOCATE|[66]|Bytes:4
15:32:15.0 (6638615)|VARIABLE_ASSIGNMENT|[66]|i|3
15:32:15.0 (6642781)|STATEMENT_EXECUTE|[66]
15:32:15.0 (6643639)|STATEMENT_EXECUTE|[67]
15:32:15.0 (6649614)|HEAP_ALLOCATE|[67]|Bytes:1
15:32:15.0 (6655654)|HEAP_ALLOCATE|[67]|Bytes:4
15:32:15.0 (6660577)|USER_DEBUG|[67]|DEBUG|i: 3
15:32:15.0 (6665259)|HEAP_ALLOCATE|[66]|Bytes:4
15:32:15.0 (6668541)|VARIABLE_ASSIGNMENT|[66]|i|4
15:32:15.0 (6671577)|STATEMENT_EXECUTE|[66]
15:32:15.0 (6672503)|STATEMENT_EXECUTE|[67]
15:32:15.0 (6677986)|HEAP_ALLOCATE|[67]|Bytes:1
15:32:15.0 (6684980)|HEAP_ALLOCATE|[67]|Bytes:4
15:32:15.0 (6688794)|USER_DEBUG|[67]|DEBUG|i: 4
15:32:15.0 (6692491)|HEAP_ALLOCATE|[66]|Bytes:4
15:32:15.0 (6695697)|VARIABLE_ASSIGNMENT|[66]|i|5
15:32:15.0 (6699338)|STATEMENT_EXECUTE|[66]
15:32:15.0 (6700201)|STATEMENT_EXECUTE|[67]
15:32:15.0 (6706143)|HEAP_ALLOCATE|[67]|Bytes:1
15:32:15.0 (6712550)|HEAP_ALLOCATE|[67]|Bytes:4
15:32:15.0 (6716810)|USER_DEBUG|[67]|DEBUG|i: 5
15:32:15.0 (6720918)|HEAP_ALLOCATE|[66]|Bytes:4
15:32:15.0 (6724218)|VARIABLE_ASSIGNMENT|[66]|i|6
15:32:15.0 (6727629)|STATEMENT_EXECUTE|[66]
15:32:15.0 (6728458)|STATEMENT_EXECUTE|[67]
15:32:15.0 (6733846)|HEAP_ALLOCATE|[67]|Bytes:1
15:32:15.0 (6740443)|HEAP_ALLOCATE|[67]|Bytes:4
15:32:15.0 (6744642)|USER_DEBUG|[67]|DEBUG|i: 6
15:32:15.0 (6748971)|HEAP_ALLOCATE|[66]|Bytes:4
15:32:15.0 (6752409)|VARIABLE_ASSIGNMENT|[66]|i|7
15:32:15.0 (6755804)|STATEMENT_EXECUTE|[66]
15:32:15.0 (6756666)|STATEMENT_EXECUTE|[67]
15:32:15.0 (6761929)|HEAP_ALLOCATE|[67]|Bytes:1
15:32:15.0 (6768348)|HEAP_ALLOCATE|[67]|Bytes:4
15:32:15.0 (6772510)|USER_DEBUG|[67]|DEBUG|i: 7
15:32:15.0 (6776235)|HEAP_ALLOCATE|[66]|Bytes:4
15:32:15.0 (6779471)|VARIABLE_ASSIGNMENT|[66]|i|8
15:32:15.0 (6784050)|STATEMENT_EXECUTE|[66]
15:32:15.0 (6785195)|STATEMENT_EXECUTE|[67]
15:32:15.0 (6790647)|HEAP_ALLOCATE|[67]|Bytes:1
15:32:15.0 (6797495)|HEAP_ALLOCATE|[67]|Bytes:4
15:32:15.0 (6801744)|USER_DEBUG|[67]|DEBUG|i: 8
15:32:15.0 (6805251)|HEAP_ALLOCATE|[66]|Bytes:4
15:32:15.0 (6808293)|VARIABLE_ASSIGNMENT|[66]|i|9
15:32:15.0 (6812328)|STATEMENT_EXECUTE|[66]
15:32:15.0 (6813183)|STATEMENT_EXECUTE|[67]
15:32:15.0 (6818675)|HEAP_ALLOCATE|[67]|Bytes:1
15:32:15.0 (6824871)|HEAP_ALLOCATE|[67]|Bytes:4
15:32:15.0 (6828614)|USER_DEBUG|[67]|DEBUG|i: 9
15:32:15.0 (6832627)|HEAP_ALLOCATE|[66]|Bytes:4
15:32:15.0 (6836389)|VARIABLE_ASSIGNMENT|[66]|i|10
15:32:15.0 (6845430)|METHOD_EXIT|[1]|01p1I000008LWEw|Day3ListsAndLoops.executeLoops()
15:32:15.0 (6851533)|SYSTEM_MODE_EXIT|false
15:32:15.6 (6869366)|CUMULATIVE_LIMIT_USAGE
15:32:15.6 (6869366)|LIMIT_USAGE_FOR_NS|(default)|
  Number of SOQL queries: 0 out of 100
  Number of query rows: 0 out of 50000
  Number of SOSL queries: 0 out of 20
  Number of DML statements: 0 out of 150
  Number of DML rows: 0 out of 10000
  Maximum CPU time: 0 out of 10000
  Maximum heap size: 0 out of 6000000
  Number of callouts: 0 out of 100
  Number of Email Invocations: 0 out of 10
  Number of future calls: 0 out of 50
  Number of queueable jobs added to the queue: 0 out of 50
  Number of Mobile Apex push calls: 0 out of 10

15:32:15.6 (6869366)|CUMULATIVE_LIMIT_USAGE_END

15:32:15.0 (6901527)|CODE_UNIT_FINISHED|execute_anonymous_apex
15:32:15.0 (7891757)|EXECUTION_FINISHED
