41.0 APEX_CODE,FINEST;APEX_PROFILING,INFO;CALLOUT,INFO;DB,INFO;SYSTEM,DEBUG;VALIDATION,INFO;VISUALFORCE,INFO;WAVE,INFO;WORKFLOW,INFO
Execute Anonymous: Day3ListsAndLoops.executeLoops();
Execute Anonymous: 
Execute Anonymous: 
15:44:22.1 (1004638)|USER_INFO|[EXTERNAL]|0051I000001HhoW|mark.hausknecht@atginfo.com.apexbootcamp|Pacific Standard Time|GMT-07:00
15:44:22.1 (1036459)|EXECUTION_STARTED
15:44:22.1 (1043661)|CODE_UNIT_STARTED|[EXTERNAL]|execute_anonymous_apex
15:44:22.1 (1263838)|HEAP_ALLOCATE|[72]|Bytes:3
15:44:22.1 (1310795)|HEAP_ALLOCATE|[77]|Bytes:152
15:44:22.1 (1329990)|HEAP_ALLOCATE|[342]|Bytes:408
15:44:22.1 (1346409)|HEAP_ALLOCATE|[355]|Bytes:408
15:44:22.1 (1360276)|HEAP_ALLOCATE|[467]|Bytes:48
15:44:22.1 (1387658)|HEAP_ALLOCATE|[139]|Bytes:6
15:44:22.1 (1403324)|HEAP_ALLOCATE|[EXTERNAL]|Bytes:1
15:44:22.1 (1489176)|STATEMENT_EXECUTE|[1]
15:44:22.1 (1491695)|STATEMENT_EXECUTE|[1]
15:44:22.1 (1544852)|HEAP_ALLOCATE|[50]|Bytes:5
15:44:22.1 (1567621)|HEAP_ALLOCATE|[56]|Bytes:5
15:44:22.1 (1574622)|HEAP_ALLOCATE|[64]|Bytes:7
15:44:22.1 (1598634)|SYSTEM_MODE_ENTER|false
15:44:22.1 (1616709)|HEAP_ALLOCATE|[1]|Bytes:5
15:44:22.1 (2677576)|HEAP_ALLOCATE|[1]|Bytes:4
15:44:22.1 (2686270)|HEAP_ALLOCATE|[1]|Bytes:20
15:44:22.1 (2700795)|METHOD_ENTRY|[2]|01p1I000008LWEw|Day3ListsAndLoops.Day3ListsAndLoops()
15:44:22.1 (2706433)|STATEMENT_EXECUTE|[2]
15:44:22.1 (2710248)|STATEMENT_EXECUTE|[2]
15:44:22.1 (2720732)|HEAP_ALLOCATE|[1]|Bytes:5
15:44:22.1 (2732455)|METHOD_EXIT|[2]|Day3ListsAndLoops
15:44:22.1 (2753432)|METHOD_ENTRY|[1]|01p1I000008LWEw|Day3ListsAndLoops.executeLoops()
15:44:22.1 (2791129)|HEAP_ALLOCATE|[66]|Bytes:5
15:44:22.1 (2796534)|STATEMENT_EXECUTE|[58]
15:44:22.1 (2798717)|STATEMENT_EXECUTE|[66]
15:44:22.1 (2805552)|VARIABLE_SCOPE_BEGIN|[66]|i|Integer|false|false
15:44:22.1 (2813180)|HEAP_ALLOCATE|[66]|Bytes:4
15:44:22.1 (2830531)|VARIABLE_ASSIGNMENT|[66]|i|0
15:44:22.1 (2838336)|STATEMENT_EXECUTE|[66]
15:44:22.1 (2839296)|STATEMENT_EXECUTE|[67]
15:44:22.1 (2841650)|HEAP_ALLOCATE|[67]|Bytes:3
15:44:22.1 (2910706)|HEAP_ALLOCATE|[67]|Bytes:1
15:44:22.1 (2931861)|HEAP_ALLOCATE|[67]|Bytes:4
15:44:22.1 (2958249)|USER_DEBUG|[67]|DEBUG|i: 0
15:44:22.1 (2967593)|HEAP_ALLOCATE|[66]|Bytes:4
15:44:22.1 (2974294)|VARIABLE_ASSIGNMENT|[66]|i|1
15:44:22.1 (2979870)|STATEMENT_EXECUTE|[66]
15:44:22.1 (2980877)|STATEMENT_EXECUTE|[67]
15:44:22.1 (2989621)|HEAP_ALLOCATE|[67]|Bytes:1
15:44:22.1 (2997457)|HEAP_ALLOCATE|[67]|Bytes:4
15:44:22.1 (3002669)|USER_DEBUG|[67]|DEBUG|i: 1
15:44:22.1 (3008971)|HEAP_ALLOCATE|[66]|Bytes:4
15:44:22.1 (3013753)|VARIABLE_ASSIGNMENT|[66]|i|2
15:44:22.1 (3018509)|STATEMENT_EXECUTE|[66]
15:44:22.1 (3019658)|STATEMENT_EXECUTE|[67]
15:44:22.1 (3026386)|HEAP_ALLOCATE|[67]|Bytes:1
15:44:22.1 (3034040)|HEAP_ALLOCATE|[67]|Bytes:4
15:44:22.1 (3038748)|USER_DEBUG|[67]|DEBUG|i: 2
15:44:22.1 (3043785)|HEAP_ALLOCATE|[66]|Bytes:4
15:44:22.1 (3047931)|VARIABLE_ASSIGNMENT|[66]|i|3
15:44:22.1 (3051673)|STATEMENT_EXECUTE|[66]
15:44:22.1 (3052575)|STATEMENT_EXECUTE|[67]
15:44:22.1 (3058301)|HEAP_ALLOCATE|[67]|Bytes:1
15:44:22.1 (3065406)|HEAP_ALLOCATE|[67]|Bytes:4
15:44:22.1 (3069837)|USER_DEBUG|[67]|DEBUG|i: 3
15:44:22.1 (3074646)|HEAP_ALLOCATE|[66]|Bytes:4
15:44:22.1 (3078258)|VARIABLE_ASSIGNMENT|[66]|i|4
15:44:22.1 (3081913)|STATEMENT_EXECUTE|[66]
15:44:22.1 (3082827)|STATEMENT_EXECUTE|[67]
15:44:22.1 (3088980)|HEAP_ALLOCATE|[67]|Bytes:1
15:44:22.1 (3095847)|HEAP_ALLOCATE|[67]|Bytes:4
15:44:22.1 (3100691)|USER_DEBUG|[67]|DEBUG|i: 4
15:44:22.1 (3105528)|HEAP_ALLOCATE|[66]|Bytes:4
15:44:22.1 (3109483)|VARIABLE_ASSIGNMENT|[66]|i|5
15:44:22.1 (3113734)|STATEMENT_EXECUTE|[66]
15:44:22.1 (3114626)|STATEMENT_EXECUTE|[67]
15:44:22.1 (3121022)|HEAP_ALLOCATE|[67]|Bytes:1
15:44:22.1 (3128036)|HEAP_ALLOCATE|[67]|Bytes:4
15:44:22.1 (3132369)|USER_DEBUG|[67]|DEBUG|i: 5
15:44:22.1 (3137412)|HEAP_ALLOCATE|[66]|Bytes:4
15:44:22.1 (3141568)|VARIABLE_ASSIGNMENT|[66]|i|6
15:44:22.1 (3146099)|STATEMENT_EXECUTE|[66]
15:44:22.1 (3147044)|STATEMENT_EXECUTE|[67]
15:44:22.1 (3152669)|HEAP_ALLOCATE|[67]|Bytes:1
15:44:22.1 (3159730)|HEAP_ALLOCATE|[67]|Bytes:4
15:44:22.1 (3164305)|USER_DEBUG|[67]|DEBUG|i: 6
15:44:22.1 (3169553)|HEAP_ALLOCATE|[66]|Bytes:4
15:44:22.1 (3173252)|VARIABLE_ASSIGNMENT|[66]|i|7
15:44:22.1 (3177103)|STATEMENT_EXECUTE|[66]
15:44:22.1 (3178051)|STATEMENT_EXECUTE|[67]
15:44:22.1 (3183508)|HEAP_ALLOCATE|[67]|Bytes:1
15:44:22.1 (3190580)|HEAP_ALLOCATE|[67]|Bytes:4
15:44:22.1 (3194982)|USER_DEBUG|[67]|DEBUG|i: 7
15:44:22.1 (3199069)|HEAP_ALLOCATE|[66]|Bytes:4
15:44:22.1 (3202635)|VARIABLE_ASSIGNMENT|[66]|i|8
15:44:22.1 (3206015)|STATEMENT_EXECUTE|[66]
15:44:22.1 (3206975)|STATEMENT_EXECUTE|[67]
15:44:22.1 (3216779)|HEAP_ALLOCATE|[67]|Bytes:1
15:44:22.1 (3225468)|HEAP_ALLOCATE|[67]|Bytes:4
15:44:22.1 (3230074)|USER_DEBUG|[67]|DEBUG|i: 8
15:44:22.1 (3234855)|HEAP_ALLOCATE|[66]|Bytes:4
15:44:22.1 (3238797)|VARIABLE_ASSIGNMENT|[66]|i|9
15:44:22.1 (3242721)|STATEMENT_EXECUTE|[66]
15:44:22.1 (3243621)|STATEMENT_EXECUTE|[67]
15:44:22.1 (3249434)|HEAP_ALLOCATE|[67]|Bytes:1
15:44:22.1 (3256346)|HEAP_ALLOCATE|[67]|Bytes:4
15:44:22.1 (3261379)|USER_DEBUG|[67]|DEBUG|i: 9
15:44:22.1 (3266051)|HEAP_ALLOCATE|[66]|Bytes:4
15:44:22.1 (3270144)|VARIABLE_ASSIGNMENT|[66]|i|10
15:44:22.1 (3275461)|STATEMENT_EXECUTE|[71]
15:44:22.1 (3318904)|HEAP_ALLOCATE|[71]|Bytes:4
15:44:22.1 (3417408)|VARIABLE_SCOPE_BEGIN|[71]|names|List<String>|true|false
15:44:22.1 (3458422)|HEAP_ALLOCATE|[EXTERNAL]|Bytes:4
15:44:22.1 (3474776)|VARIABLE_ASSIGNMENT|[71]|names|[]|0x1f599e71
15:44:22.1 (3480459)|STATEMENT_EXECUTE|[73]
15:44:22.1 (3483117)|HEAP_ALLOCATE|[73]|Bytes:4
15:44:22.1 (3515278)|HEAP_ALLOCATE|[EXTERNAL]|Bytes:4
15:44:22.1 (3522186)|STATEMENT_EXECUTE|[74]
15:44:22.1 (3525063)|HEAP_ALLOCATE|[74]|Bytes:6
15:44:22.1 (3539964)|HEAP_ALLOCATE|[EXTERNAL]|Bytes:4
15:44:22.1 (3545113)|STATEMENT_EXECUTE|[75]
15:44:22.1 (3547011)|HEAP_ALLOCATE|[75]|Bytes:4
15:44:22.1 (3559947)|HEAP_ALLOCATE|[EXTERNAL]|Bytes:4
15:44:22.1 (3564510)|STATEMENT_EXECUTE|[76]
15:44:22.1 (3566388)|HEAP_ALLOCATE|[76]|Bytes:4
15:44:22.1 (3578669)|HEAP_ALLOCATE|[EXTERNAL]|Bytes:4
15:44:22.1 (3584048)|STATEMENT_EXECUTE|[79]
15:44:22.1 (3586778)|VARIABLE_SCOPE_BEGIN|[79]|i|Integer|false|false
15:44:22.1 (3593063)|HEAP_ALLOCATE|[79]|Bytes:4
15:44:22.1 (3597560)|VARIABLE_ASSIGNMENT|[79]|i|0
15:44:22.1 (3615333)|STATEMENT_EXECUTE|[79]
15:44:22.1 (3616614)|STATEMENT_EXECUTE|[80]
15:44:22.1 (3629563)|HEAP_ALLOCATE|[80]|Bytes:4
15:44:22.1 (3640552)|USER_DEBUG|[80]|DEBUG|Mark
15:44:22.1 (3662045)|HEAP_ALLOCATE|[79]|Bytes:4
15:44:22.1 (3671438)|VARIABLE_ASSIGNMENT|[79]|i|1
15:44:22.1 (3685795)|STATEMENT_EXECUTE|[79]
15:44:22.1 (3687582)|STATEMENT_EXECUTE|[80]
15:44:22.1 (3692589)|HEAP_ALLOCATE|[80]|Bytes:6
15:44:22.1 (3700994)|USER_DEBUG|[80]|DEBUG|Mathew
15:44:22.1 (3706590)|HEAP_ALLOCATE|[79]|Bytes:4
15:44:22.1 (3710481)|VARIABLE_ASSIGNMENT|[79]|i|2
15:44:22.1 (3717558)|STATEMENT_EXECUTE|[79]
15:44:22.1 (3718555)|STATEMENT_EXECUTE|[80]
15:44:22.1 (3721180)|HEAP_ALLOCATE|[80]|Bytes:4
15:44:22.1 (3726494)|USER_DEBUG|[80]|DEBUG|Luke
15:44:22.1 (3730895)|HEAP_ALLOCATE|[79]|Bytes:4
15:44:22.1 (3734728)|VARIABLE_ASSIGNMENT|[79]|i|3
15:44:22.1 (3741472)|STATEMENT_EXECUTE|[79]
15:44:22.1 (3742440)|STATEMENT_EXECUTE|[80]
15:44:22.1 (3745429)|HEAP_ALLOCATE|[80]|Bytes:4
15:44:22.1 (3750526)|USER_DEBUG|[80]|DEBUG|John
15:44:22.1 (3755539)|HEAP_ALLOCATE|[79]|Bytes:4
15:44:22.1 (3759385)|VARIABLE_ASSIGNMENT|[79]|i|4
15:44:22.1 (3771549)|METHOD_EXIT|[1]|01p1I000008LWEw|Day3ListsAndLoops.executeLoops()
15:44:22.1 (3778068)|SYSTEM_MODE_EXIT|false
15:44:22.3 (3798681)|CUMULATIVE_LIMIT_USAGE
15:44:22.3 (3798681)|LIMIT_USAGE_FOR_NS|(default)|
  Number of SOQL queries: 0 out of 100
  Number of query rows: 0 out of 50000
  Number of SOSL queries: 0 out of 20
  Number of DML statements: 0 out of 150
  Number of DML rows: 0 out of 10000
  Maximum CPU time: 0 out of 10000
  Maximum heap size: 0 out of 6000000
  Number of callouts: 0 out of 100
  Number of Email Invocations: 0 out of 10
  Number of future calls: 0 out of 50
  Number of queueable jobs added to the queue: 0 out of 50
  Number of Mobile Apex push calls: 0 out of 10

15:44:22.3 (3798681)|CUMULATIVE_LIMIT_USAGE_END

15:44:22.1 (3834913)|CODE_UNIT_FINISHED|execute_anonymous_apex
15:44:22.1 (4683418)|EXECUTION_FINISHED
